[0.019s] Invoking command in '/home/aniketh05/ros2_ws/build/my_ddrobot': CMAKE_PREFIX_PATH=${CMAKE_PREFIX_PATH}:/home/aniketh05/my_ros2_ws/install/turtle_control:/home/aniketh05/my_ros2_ws/install/my_services:/home/aniketh05/my_ros2_ws/install/my_pkg_prac:/home/aniketh05/my_ros2_ws/install/my_pkg_01:/opt/ros/humble /usr/bin/cmake --build /home/aniketh05/ros2_ws/build/my_ddrobot -- -j12 -l12
[0.069s] -- Found ament_cmake: 1.3.12 (/opt/ros/humble/share/ament_cmake/cmake)
[0.221s] -- Override CMake install command with custom implementation using symlinks instead of copying resources
[0.247s] -- Found ament_lint_auto: 0.12.14 (/opt/ros/humble/share/ament_lint_auto/cmake)
[0.339s] -- Added test 'flake8' to check Python code syntax and style conventions
[0.339s] -- Added test 'lint_cmake' to check CMake code style
[0.340s] -- Added test 'pep257' to check Python code against some of the docstring style conventions in PEP 257
[0.341s] -- Added test 'xmllint' to check XML markup files
[0.343s] -- Configuring done
[0.352s] -- Generating done
[0.354s] -- Build files have been written to: /home/aniketh05/ros2_ws/build/my_ddrobot
[0.373s] Invoked command in '/home/aniketh05/ros2_ws/build/my_ddrobot' returned '0': CMAKE_PREFIX_PATH=${CMAKE_PREFIX_PATH}:/home/aniketh05/my_ros2_ws/install/turtle_control:/home/aniketh05/my_ros2_ws/install/my_services:/home/aniketh05/my_ros2_ws/install/my_pkg_prac:/home/aniketh05/my_ros2_ws/install/my_pkg_01:/opt/ros/humble /usr/bin/cmake --build /home/aniketh05/ros2_ws/build/my_ddrobot -- -j12 -l12
[0.381s] Invoking command in '/home/aniketh05/ros2_ws/build/my_ddrobot': CMAKE_PREFIX_PATH=${CMAKE_PREFIX_PATH}:/home/aniketh05/my_ros2_ws/install/turtle_control:/home/aniketh05/my_ros2_ws/install/my_services:/home/aniketh05/my_ros2_ws/install/my_pkg_prac:/home/aniketh05/my_ros2_ws/install/my_pkg_01:/opt/ros/humble /usr/bin/cmake --install /home/aniketh05/ros2_ws/build/my_ddrobot
[0.388s] -- Install configuration: ""
[0.389s] -- Execute custom install script
[0.389s] -- Up-to-date symlink: /home/aniketh05/ros2_ws/install/my_ddrobot/share/my_ddrobot/launch/dd_robot.launch.py
[0.390s] -- Up-to-date symlink: /home/aniketh05/ros2_ws/install/my_ddrobot/share/my_ddrobot/model/my_dd_robot.gazebo
[0.391s] -- Up-to-date symlink: /home/aniketh05/ros2_ws/install/my_ddrobot/share/my_ddrobot/model/my_dd_robot_model.xacro
[0.391s] -- Up-to-date symlink: /home/aniketh05/ros2_ws/install/my_ddrobot/share/my_ddrobot/model/my_robot.urdf
[0.391s] -- Up-to-date symlink: /home/aniketh05/ros2_ws/install/my_ddrobot/share/my_ddrobot/model/robot_box.urdf
[0.392s] -- Up-to-date symlink: /home/aniketh05/ros2_ws/install/my_ddrobot/share/ament_index/resource_index/package_run_dependencies/my_ddrobot
[0.393s] -- Up-to-date symlink: /home/aniketh05/ros2_ws/install/my_ddrobot/share/ament_index/resource_index/parent_prefix_path/my_ddrobot
[0.393s] -- Up-to-date symlink: /home/aniketh05/ros2_ws/install/my_ddrobot/share/my_ddrobot/environment/ament_prefix_path.sh
[0.393s] -- Up-to-date symlink: /home/aniketh05/ros2_ws/install/my_ddrobot/share/my_ddrobot/environment/ament_prefix_path.dsv
[0.394s] -- Up-to-date symlink: /home/aniketh05/ros2_ws/install/my_ddrobot/share/my_ddrobot/environment/path.sh
[0.394s] -- Up-to-date symlink: /home/aniketh05/ros2_ws/install/my_ddrobot/share/my_ddrobot/environment/path.dsv
[0.394s] -- Up-to-date symlink: /home/aniketh05/ros2_ws/install/my_ddrobot/share/my_ddrobot/local_setup.bash
[0.395s] -- Up-to-date symlink: /home/aniketh05/ros2_ws/install/my_ddrobot/share/my_ddrobot/local_setup.sh
[0.395s] -- Up-to-date symlink: /home/aniketh05/ros2_ws/install/my_ddrobot/share/my_ddrobot/local_setup.zsh
[0.395s] -- Up-to-date symlink: /home/aniketh05/ros2_ws/install/my_ddrobot/share/my_ddrobot/local_setup.dsv
[0.396s] -- Symlinking: /home/aniketh05/ros2_ws/install/my_ddrobot/share/my_ddrobot/package.dsv
[0.406s] -- Up-to-date symlink: /home/aniketh05/ros2_ws/install/my_ddrobot/share/ament_index/resource_index/packages/my_ddrobot
[0.406s] -- Up-to-date symlink: /home/aniketh05/ros2_ws/install/my_ddrobot/share/my_ddrobot/cmake/my_ddrobotConfig.cmake
[0.407s] -- Up-to-date symlink: /home/aniketh05/ros2_ws/install/my_ddrobot/share/my_ddrobot/cmake/my_ddrobotConfig-version.cmake
[0.407s] -- Up-to-date symlink: /home/aniketh05/ros2_ws/install/my_ddrobot/share/my_ddrobot/package.xml
[0.409s] Invoked command in '/home/aniketh05/ros2_ws/build/my_ddrobot' returned '0': CMAKE_PREFIX_PATH=${CMAKE_PREFIX_PATH}:/home/aniketh05/my_ros2_ws/install/turtle_control:/home/aniketh05/my_ros2_ws/install/my_services:/home/aniketh05/my_ros2_ws/install/my_pkg_prac:/home/aniketh05/my_ros2_ws/install/my_pkg_01:/opt/ros/humble /usr/bin/cmake --install /home/aniketh05/ros2_ws/build/my_ddrobot
