[0.010s] Invoking command in '/home/aniketh05/ros2_ws/build/my_ddrobot': CMAKE_PREFIX_PATH=/home/aniketh05/ros2_ws/install/navigation_tb3:/home/aniketh05/my_ros2_ws/install/turtle_control:/home/aniketh05/my_ros2_ws/install/my_services:/home/aniketh05/my_ros2_ws/install/my_pkg_prac:/home/aniketh05/my_ros2_ws/install/my_pkg_01:/opt/ros/humble:/home/aniketh05/ros2_ws/install/my_robot:/home/aniketh05/ros2_ws/install/my_ddrobot:/home/aniketh05/my_ros2_ws/install/my_msg_srv:/home/aniketh05/my_ros2_ws/install/my_dd_robot /usr/bin/cmake --build /home/aniketh05/ros2_ws/build/my_ddrobot -- -j12 -l12
[0.049s] -- Found ament_cmake: 1.3.12 (/opt/ros/humble/share/ament_cmake/cmake)
[0.171s] -- Override CMake install command with custom implementation using symlinks instead of copying resources
[0.176s] -- Found ament_lint_auto: 0.12.14 (/opt/ros/humble/share/ament_lint_auto/cmake)
[0.249s] -- Added test 'flake8' to check Python code syntax and style conventions
[0.249s] -- Added test 'lint_cmake' to check CMake code style
[0.250s] -- Added test 'pep257' to check Python code against some of the docstring style conventions in PEP 257
[0.250s] -- Added test 'xmllint' to check XML markup files
[0.251s] -- Configuring done
[0.254s] -- Generating done
[0.256s] -- Build files have been written to: /home/aniketh05/ros2_ws/build/my_ddrobot
[0.271s] Invoked command in '/home/aniketh05/ros2_ws/build/my_ddrobot' returned '0': CMAKE_PREFIX_PATH=/home/aniketh05/ros2_ws/install/navigation_tb3:/home/aniketh05/my_ros2_ws/install/turtle_control:/home/aniketh05/my_ros2_ws/install/my_services:/home/aniketh05/my_ros2_ws/install/my_pkg_prac:/home/aniketh05/my_ros2_ws/install/my_pkg_01:/opt/ros/humble:/home/aniketh05/ros2_ws/install/my_robot:/home/aniketh05/ros2_ws/install/my_ddrobot:/home/aniketh05/my_ros2_ws/install/my_msg_srv:/home/aniketh05/my_ros2_ws/install/my_dd_robot /usr/bin/cmake --build /home/aniketh05/ros2_ws/build/my_ddrobot -- -j12 -l12
[0.280s] Invoking command in '/home/aniketh05/ros2_ws/build/my_ddrobot': CMAKE_PREFIX_PATH=/home/aniketh05/ros2_ws/install/navigation_tb3:/home/aniketh05/my_ros2_ws/install/turtle_control:/home/aniketh05/my_ros2_ws/install/my_services:/home/aniketh05/my_ros2_ws/install/my_pkg_prac:/home/aniketh05/my_ros2_ws/install/my_pkg_01:/opt/ros/humble:/home/aniketh05/ros2_ws/install/my_robot:/home/aniketh05/ros2_ws/install/my_ddrobot:/home/aniketh05/my_ros2_ws/install/my_msg_srv:/home/aniketh05/my_ros2_ws/install/my_dd_robot /usr/bin/cmake --install /home/aniketh05/ros2_ws/build/my_ddrobot
[0.284s] -- Install configuration: ""
[0.284s] -- Execute custom install script
[0.284s] -- Up-to-date symlink: /home/aniketh05/ros2_ws/install/my_ddrobot/share/my_ddrobot/launch/dd_robot.launch.py
[0.285s] -- Up-to-date symlink: /home/aniketh05/ros2_ws/install/my_ddrobot/share/my_ddrobot/model/my_dd_robot.gazebo
[0.285s] -- Up-to-date symlink: /home/aniketh05/ros2_ws/install/my_ddrobot/share/my_ddrobot/model/my_dd_robot_model.xacro
[0.285s] -- Up-to-date symlink: /home/aniketh05/ros2_ws/install/my_ddrobot/share/my_ddrobot/model/my_robot.urdf
[0.286s] -- Up-to-date symlink: /home/aniketh05/ros2_ws/install/my_ddrobot/share/my_ddrobot/model/robot_box.urdf
[0.286s] -- Up-to-date symlink: /home/aniketh05/ros2_ws/install/my_ddrobot/share/ament_index/resource_index/package_run_dependencies/my_ddrobot
[0.286s] -- Up-to-date symlink: /home/aniketh05/ros2_ws/install/my_ddrobot/share/ament_index/resource_index/parent_prefix_path/my_ddrobot
[0.286s] -- Up-to-date symlink: /home/aniketh05/ros2_ws/install/my_ddrobot/share/my_ddrobot/environment/ament_prefix_path.sh
[0.286s] -- Up-to-date symlink: /home/aniketh05/ros2_ws/install/my_ddrobot/share/my_ddrobot/environment/ament_prefix_path.dsv
[0.286s] -- Up-to-date symlink: /home/aniketh05/ros2_ws/install/my_ddrobot/share/my_ddrobot/environment/path.sh
[0.287s] -- Up-to-date symlink: /home/aniketh05/ros2_ws/install/my_ddrobot/share/my_ddrobot/environment/path.dsv
[0.287s] -- Up-to-date symlink: /home/aniketh05/ros2_ws/install/my_ddrobot/share/my_ddrobot/local_setup.bash
[0.287s] -- Up-to-date symlink: /home/aniketh05/ros2_ws/install/my_ddrobot/share/my_ddrobot/local_setup.sh
[0.287s] -- Up-to-date symlink: /home/aniketh05/ros2_ws/install/my_ddrobot/share/my_ddrobot/local_setup.zsh
[0.287s] -- Up-to-date symlink: /home/aniketh05/ros2_ws/install/my_ddrobot/share/my_ddrobot/local_setup.dsv
[0.287s] -- Symlinking: /home/aniketh05/ros2_ws/install/my_ddrobot/share/my_ddrobot/package.dsv
[0.294s] -- Up-to-date symlink: /home/aniketh05/ros2_ws/install/my_ddrobot/share/ament_index/resource_index/packages/my_ddrobot
[0.294s] -- Up-to-date symlink: /home/aniketh05/ros2_ws/install/my_ddrobot/share/my_ddrobot/cmake/my_ddrobotConfig.cmake
[0.294s] -- Up-to-date symlink: /home/aniketh05/ros2_ws/install/my_ddrobot/share/my_ddrobot/cmake/my_ddrobotConfig-version.cmake
[0.295s] -- Up-to-date symlink: /home/aniketh05/ros2_ws/install/my_ddrobot/share/my_ddrobot/package.xml
[0.297s] Invoked command in '/home/aniketh05/ros2_ws/build/my_ddrobot' returned '0': CMAKE_PREFIX_PATH=/home/aniketh05/ros2_ws/install/navigation_tb3:/home/aniketh05/my_ros2_ws/install/turtle_control:/home/aniketh05/my_ros2_ws/install/my_services:/home/aniketh05/my_ros2_ws/install/my_pkg_prac:/home/aniketh05/my_ros2_ws/install/my_pkg_01:/opt/ros/humble:/home/aniketh05/ros2_ws/install/my_robot:/home/aniketh05/ros2_ws/install/my_ddrobot:/home/aniketh05/my_ros2_ws/install/my_msg_srv:/home/aniketh05/my_ros2_ws/install/my_dd_robot /usr/bin/cmake --install /home/aniketh05/ros2_ws/build/my_ddrobot
