[0.184s] DEBUG:colcon:Command line arguments: ['/usr/bin/colcon', 'build']
[0.184s] DEBUG:colcon:Parsed command line arguments: Namespace(log_base=None, log_level=None, verb_name='build', build_base='build', install_base='install', merge_install=False, symlink_install=False, test_result_base=None, continue_on_error=False, executor='parallel', parallel_workers=12, event_handlers=None, ignore_user_meta=False, metas=['./colcon.meta'], base_paths=['.'], packages_ignore=None, packages_ignore_regex=None, paths=None, packages_up_to=None, packages_up_to_regex=None, packages_above=None, packages_above_and_dependencies=None, packages_above_depth=None, packages_select_by_dep=None, packages_skip_by_dep=None, packages_skip_up_to=None, packages_select_build_failed=False, packages_skip_build_finished=False, packages_select_test_failures=False, packages_skip_test_passed=False, packages_select=None, packages_skip=None, packages_select_regex=None, packages_skip_regex=None, packages_start=None, packages_end=None, allow_overriding=[], cmake_args=None, cmake_target=None, cmake_target_skip_unavailable=False, cmake_clean_cache=False, cmake_clean_first=False, cmake_force_configure=False, ament_cmake_args=None, catkin_cmake_args=None, catkin_skip_building_tests=False, mixin_files=None, mixin=None, verb_parser=<colcon_mixin.mixin.mixin_argument.MixinArgumentDecorator object at 0x7fbdca797b80>, verb_extension=<colcon_core.verb.build.BuildVerb object at 0x7fbdca958b80>, main=<bound method BuildVerb.main of <colcon_core.verb.build.BuildVerb object at 0x7fbdca958b80>>, mixin_verb=('build',))
[0.294s] Level 1:colcon.colcon_core.package_discovery:discover_packages(colcon_meta) check parameters
[0.294s] Level 1:colcon.colcon_core.package_discovery:discover_packages(recursive) check parameters
[0.294s] Level 1:colcon.colcon_core.package_discovery:discover_packages(ignore) check parameters
[0.294s] Level 1:colcon.colcon_core.package_discovery:discover_packages(path) check parameters
[0.294s] Level 1:colcon.colcon_core.package_discovery:discover_packages(colcon_meta) discover
[0.294s] Level 1:colcon.colcon_core.package_discovery:discover_packages(recursive) discover
[0.294s] INFO:colcon.colcon_core.package_discovery:Crawling recursively for packages in '/home/aniketh05/ros2_ws'
[0.294s] Level 1:colcon.colcon_core.package_identification:_identify(.) by extensions ['ignore', 'ignore_ament_install']
[0.295s] Level 1:colcon.colcon_core.package_identification:_identify(.) by extension 'ignore'
[0.295s] Level 1:colcon.colcon_core.package_identification:_identify(.) by extension 'ignore_ament_install'
[0.295s] Level 1:colcon.colcon_core.package_identification:_identify(.) by extensions ['colcon_pkg']
[0.295s] Level 1:colcon.colcon_core.package_identification:_identify(.) by extension 'colcon_pkg'
[0.295s] Level 1:colcon.colcon_core.package_identification:_identify(.) by extensions ['colcon_meta']
[0.295s] Level 1:colcon.colcon_core.package_identification:_identify(.) by extension 'colcon_meta'
[0.295s] Level 1:colcon.colcon_core.package_identification:_identify(.) by extensions ['ros']
[0.295s] Level 1:colcon.colcon_core.package_identification:_identify(.) by extension 'ros'
[0.309s] Level 1:colcon.colcon_core.package_identification:_identify(.) by extensions ['cmake', 'python']
[0.309s] Level 1:colcon.colcon_core.package_identification:_identify(.) by extension 'cmake'
[0.309s] Level 1:colcon.colcon_core.package_identification:_identify(.) by extension 'python'
[0.309s] Level 1:colcon.colcon_core.package_identification:_identify(.) by extensions ['python_setup_py']
[0.309s] Level 1:colcon.colcon_core.package_identification:_identify(.) by extension 'python_setup_py'
[0.309s] Level 1:colcon.colcon_core.package_identification:_identify(build) by extensions ['ignore', 'ignore_ament_install']
[0.309s] Level 1:colcon.colcon_core.package_identification:_identify(build) by extension 'ignore'
[0.309s] Level 1:colcon.colcon_core.package_identification:_identify(build) ignored
[0.309s] Level 1:colcon.colcon_core.package_identification:_identify(install) by extensions ['ignore', 'ignore_ament_install']
[0.310s] Level 1:colcon.colcon_core.package_identification:_identify(install) by extension 'ignore'
[0.310s] Level 1:colcon.colcon_core.package_identification:_identify(install) ignored
[0.310s] Level 1:colcon.colcon_core.package_identification:_identify(log) by extensions ['ignore', 'ignore_ament_install']
[0.310s] Level 1:colcon.colcon_core.package_identification:_identify(log) by extension 'ignore'
[0.310s] Level 1:colcon.colcon_core.package_identification:_identify(log) ignored
[0.310s] Level 1:colcon.colcon_core.package_identification:_identify(src) by extensions ['ignore', 'ignore_ament_install']
[0.310s] Level 1:colcon.colcon_core.package_identification:_identify(src) by extension 'ignore'
[0.310s] Level 1:colcon.colcon_core.package_identification:_identify(src) by extension 'ignore_ament_install'
[0.310s] Level 1:colcon.colcon_core.package_identification:_identify(src) by extensions ['colcon_pkg']
[0.310s] Level 1:colcon.colcon_core.package_identification:_identify(src) by extension 'colcon_pkg'
[0.310s] Level 1:colcon.colcon_core.package_identification:_identify(src) by extensions ['colcon_meta']
[0.310s] Level 1:colcon.colcon_core.package_identification:_identify(src) by extension 'colcon_meta'
[0.310s] Level 1:colcon.colcon_core.package_identification:_identify(src) by extensions ['ros']
[0.310s] Level 1:colcon.colcon_core.package_identification:_identify(src) by extension 'ros'
[0.310s] Level 1:colcon.colcon_core.package_identification:_identify(src) by extensions ['cmake', 'python']
[0.311s] Level 1:colcon.colcon_core.package_identification:_identify(src) by extension 'cmake'
[0.311s] Level 1:colcon.colcon_core.package_identification:_identify(src) by extension 'python'
[0.311s] Level 1:colcon.colcon_core.package_identification:_identify(src) by extensions ['python_setup_py']
[0.311s] Level 1:colcon.colcon_core.package_identification:_identify(src) by extension 'python_setup_py'
[0.311s] Level 1:colcon.colcon_core.package_identification:_identify(src/my_gesture_arm) by extensions ['ignore', 'ignore_ament_install']
[0.311s] Level 1:colcon.colcon_core.package_identification:_identify(src/my_gesture_arm) by extension 'ignore'
[0.311s] Level 1:colcon.colcon_core.package_identification:_identify(src/my_gesture_arm) by extension 'ignore_ament_install'
[0.311s] Level 1:colcon.colcon_core.package_identification:_identify(src/my_gesture_arm) by extensions ['colcon_pkg']
[0.311s] Level 1:colcon.colcon_core.package_identification:_identify(src/my_gesture_arm) by extension 'colcon_pkg'
[0.311s] Level 1:colcon.colcon_core.package_identification:_identify(src/my_gesture_arm) by extensions ['colcon_meta']
[0.311s] Level 1:colcon.colcon_core.package_identification:_identify(src/my_gesture_arm) by extension 'colcon_meta'
[0.311s] Level 1:colcon.colcon_core.package_identification:_identify(src/my_gesture_arm) by extensions ['ros']
[0.311s] Level 1:colcon.colcon_core.package_identification:_identify(src/my_gesture_arm) by extension 'ros'
[0.313s] DEBUG:colcon.colcon_core.package_identification:Package 'src/my_gesture_arm' with type 'ros.ament_cmake' and name 'my_gesture_arm'
[0.313s] Level 1:colcon.colcon_core.package_discovery:discover_packages(recursive) using defaults
[0.313s] Level 1:colcon.colcon_core.package_discovery:discover_packages(ignore) discover
[0.313s] Level 1:colcon.colcon_core.package_discovery:discover_packages(ignore) using defaults
[0.313s] Level 1:colcon.colcon_core.package_discovery:discover_packages(path) discover
[0.313s] Level 1:colcon.colcon_core.package_discovery:discover_packages(path) using defaults
[0.325s] Level 1:colcon.colcon_core.package_discovery:discover_packages(prefix_path) check parameters
[0.325s] Level 1:colcon.colcon_core.package_discovery:discover_packages(prefix_path) discover
[0.326s] DEBUG:colcon.colcon_installed_package_information.package_discovery:Found 3 installed packages in /home/aniketh05/ros2_ws/install
[0.326s] DEBUG:colcon.colcon_installed_package_information.package_discovery:Found 7 installed packages in /home/aniketh05/my_ros2_ws/install
[0.327s] DEBUG:colcon.colcon_installed_package_information.package_discovery:Found 359 installed packages in /opt/ros/humble
[0.329s] Level 1:colcon.colcon_core.package_discovery:discover_packages(prefix_path) using defaults
[0.354s] Level 5:colcon.colcon_core.verb:set package 'my_gesture_arm' build argument 'cmake_args' from command line to 'None'
[0.354s] Level 5:colcon.colcon_core.verb:set package 'my_gesture_arm' build argument 'cmake_target' from command line to 'None'
[0.354s] Level 5:colcon.colcon_core.verb:set package 'my_gesture_arm' build argument 'cmake_target_skip_unavailable' from command line to 'False'
[0.354s] Level 5:colcon.colcon_core.verb:set package 'my_gesture_arm' build argument 'cmake_clean_cache' from command line to 'False'
[0.354s] Level 5:colcon.colcon_core.verb:set package 'my_gesture_arm' build argument 'cmake_clean_first' from command line to 'False'
[0.354s] Level 5:colcon.colcon_core.verb:set package 'my_gesture_arm' build argument 'cmake_force_configure' from command line to 'False'
[0.354s] Level 5:colcon.colcon_core.verb:set package 'my_gesture_arm' build argument 'ament_cmake_args' from command line to 'None'
[0.354s] Level 5:colcon.colcon_core.verb:set package 'my_gesture_arm' build argument 'catkin_cmake_args' from command line to 'None'
[0.354s] Level 5:colcon.colcon_core.verb:set package 'my_gesture_arm' build argument 'catkin_skip_building_tests' from command line to 'False'
[0.354s] DEBUG:colcon.colcon_core.verb:Building package 'my_gesture_arm' with the following arguments: {'ament_cmake_args': None, 'build_base': '/home/aniketh05/ros2_ws/build/my_gesture_arm', 'catkin_cmake_args': None, 'catkin_skip_building_tests': False, 'cmake_args': None, 'cmake_clean_cache': False, 'cmake_clean_first': False, 'cmake_force_configure': False, 'cmake_target': None, 'cmake_target_skip_unavailable': False, 'install_base': '/home/aniketh05/ros2_ws/install/my_gesture_arm', 'merge_install': False, 'path': '/home/aniketh05/ros2_ws/src/my_gesture_arm', 'symlink_install': False, 'test_result_base': None}
[0.355s] INFO:colcon.colcon_core.executor:Executing jobs using 'parallel' executor
[0.356s] DEBUG:colcon.colcon_parallel_executor.executor.parallel:run_until_complete
[0.356s] INFO:colcon.colcon_ros.task.ament_cmake.build:Building ROS package in '/home/aniketh05/ros2_ws/src/my_gesture_arm' with build type 'ament_cmake'
[0.356s] INFO:colcon.colcon_cmake.task.cmake.build:Building CMake package in '/home/aniketh05/ros2_ws/src/my_gesture_arm'
[0.358s] INFO:colcon.colcon_core.plugin_system:Skipping extension 'colcon_core.shell.bat': Not used on non-Windows systems
[0.358s] INFO:colcon.colcon_core.shell:Skip shell extension 'powershell' for command environment: Not usable outside of PowerShell
[0.358s] DEBUG:colcon.colcon_core.shell:Skip shell extension 'dsv' for command environment
[0.368s] DEBUG:colcon.colcon_core.event_handler.log_command:Invoking command in '/home/aniketh05/ros2_ws/build/my_gesture_arm': CMAKE_PREFIX_PATH=${CMAKE_PREFIX_PATH}:/home/aniketh05/my_ros2_ws/install/turtle_control:/home/aniketh05/my_ros2_ws/install/my_services:/home/aniketh05/my_ros2_ws/install/my_pkg_prac:/home/aniketh05/my_ros2_ws/install/my_pkg_01:/opt/ros/humble /usr/bin/cmake --build /home/aniketh05/ros2_ws/build/my_gesture_arm -- -j12 -l12
[0.388s] DEBUG:colcon.colcon_core.event_handler.log_command:Invoked command in '/home/aniketh05/ros2_ws/build/my_gesture_arm' returned '0': CMAKE_PREFIX_PATH=${CMAKE_PREFIX_PATH}:/home/aniketh05/my_ros2_ws/install/turtle_control:/home/aniketh05/my_ros2_ws/install/my_services:/home/aniketh05/my_ros2_ws/install/my_pkg_prac:/home/aniketh05/my_ros2_ws/install/my_pkg_01:/opt/ros/humble /usr/bin/cmake --build /home/aniketh05/ros2_ws/build/my_gesture_arm -- -j12 -l12
[0.392s] DEBUG:colcon.colcon_core.event_handler.log_command:Invoking command in '/home/aniketh05/ros2_ws/build/my_gesture_arm': CMAKE_PREFIX_PATH=${CMAKE_PREFIX_PATH}:/home/aniketh05/my_ros2_ws/install/turtle_control:/home/aniketh05/my_ros2_ws/install/my_services:/home/aniketh05/my_ros2_ws/install/my_pkg_prac:/home/aniketh05/my_ros2_ws/install/my_pkg_01:/opt/ros/humble /usr/bin/cmake --install /home/aniketh05/ros2_ws/build/my_gesture_arm
[0.404s] Level 1:colcon.colcon_core.environment:create_environment_scripts_only(my_gesture_arm)
[0.405s] DEBUG:colcon.colcon_core.event_handler.log_command:Invoked command in '/home/aniketh05/ros2_ws/build/my_gesture_arm' returned '0': CMAKE_PREFIX_PATH=${CMAKE_PREFIX_PATH}:/home/aniketh05/my_ros2_ws/install/turtle_control:/home/aniketh05/my_ros2_ws/install/my_services:/home/aniketh05/my_ros2_ws/install/my_pkg_prac:/home/aniketh05/my_ros2_ws/install/my_pkg_01:/opt/ros/humble /usr/bin/cmake --install /home/aniketh05/ros2_ws/build/my_gesture_arm
[0.406s] Level 1:colcon.colcon_core.environment:checking '/home/aniketh05/ros2_ws/install/my_gesture_arm' for CMake module files
[0.406s] Level 1:colcon.colcon_core.environment:checking '/home/aniketh05/ros2_ws/install/my_gesture_arm' for CMake config files
[0.407s] Level 1:colcon.colcon_core.shell:create_environment_hook('my_gesture_arm', 'cmake_prefix_path')
[0.407s] INFO:colcon.colcon_core.shell:Creating environment hook '/home/aniketh05/ros2_ws/install/my_gesture_arm/share/my_gesture_arm/hook/cmake_prefix_path.ps1'
[0.407s] INFO:colcon.colcon_core.shell:Creating environment descriptor '/home/aniketh05/ros2_ws/install/my_gesture_arm/share/my_gesture_arm/hook/cmake_prefix_path.dsv'
[0.408s] INFO:colcon.colcon_core.shell:Creating environment hook '/home/aniketh05/ros2_ws/install/my_gesture_arm/share/my_gesture_arm/hook/cmake_prefix_path.sh'
[0.408s] Level 1:colcon.colcon_core.environment:checking '/home/aniketh05/ros2_ws/install/my_gesture_arm/bin'
[0.408s] Level 1:colcon.colcon_core.environment:checking '/home/aniketh05/ros2_ws/install/my_gesture_arm/lib/pkgconfig/my_gesture_arm.pc'
[0.408s] Level 1:colcon.colcon_core.environment:checking '/home/aniketh05/ros2_ws/install/my_gesture_arm/lib/python3.10/site-packages'
[0.408s] Level 1:colcon.colcon_core.environment:checking '/home/aniketh05/ros2_ws/install/my_gesture_arm/bin'
[0.409s] INFO:colcon.colcon_core.shell:Creating package script '/home/aniketh05/ros2_ws/install/my_gesture_arm/share/my_gesture_arm/package.ps1'
[0.409s] INFO:colcon.colcon_core.shell:Creating package descriptor '/home/aniketh05/ros2_ws/install/my_gesture_arm/share/my_gesture_arm/package.dsv'
[0.409s] INFO:colcon.colcon_core.shell:Creating package script '/home/aniketh05/ros2_ws/install/my_gesture_arm/share/my_gesture_arm/package.sh'
[0.410s] INFO:colcon.colcon_core.shell:Creating package script '/home/aniketh05/ros2_ws/install/my_gesture_arm/share/my_gesture_arm/package.bash'
[0.410s] INFO:colcon.colcon_core.shell:Creating package script '/home/aniketh05/ros2_ws/install/my_gesture_arm/share/my_gesture_arm/package.zsh'
[0.411s] Level 1:colcon.colcon_core.environment:create_file_with_runtime_dependencies(/home/aniketh05/ros2_ws/install/my_gesture_arm/share/colcon-core/packages/my_gesture_arm)
[0.411s] Level 1:colcon.colcon_core.environment:create_environment_scripts_only(my_gesture_arm)
[0.411s] Level 1:colcon.colcon_core.environment:checking '/home/aniketh05/ros2_ws/install/my_gesture_arm' for CMake module files
[0.412s] Level 1:colcon.colcon_core.environment:checking '/home/aniketh05/ros2_ws/install/my_gesture_arm' for CMake config files
[0.412s] Level 1:colcon.colcon_core.shell:create_environment_hook('my_gesture_arm', 'cmake_prefix_path')
[0.412s] INFO:colcon.colcon_core.shell:Creating environment hook '/home/aniketh05/ros2_ws/install/my_gesture_arm/share/my_gesture_arm/hook/cmake_prefix_path.ps1'
[0.412s] INFO:colcon.colcon_core.shell:Creating environment descriptor '/home/aniketh05/ros2_ws/install/my_gesture_arm/share/my_gesture_arm/hook/cmake_prefix_path.dsv'
[0.413s] INFO:colcon.colcon_core.shell:Creating environment hook '/home/aniketh05/ros2_ws/install/my_gesture_arm/share/my_gesture_arm/hook/cmake_prefix_path.sh'
[0.413s] Level 1:colcon.colcon_core.environment:checking '/home/aniketh05/ros2_ws/install/my_gesture_arm/bin'
[0.413s] Level 1:colcon.colcon_core.environment:checking '/home/aniketh05/ros2_ws/install/my_gesture_arm/lib/pkgconfig/my_gesture_arm.pc'
[0.413s] Level 1:colcon.colcon_core.environment:checking '/home/aniketh05/ros2_ws/install/my_gesture_arm/lib/python3.10/site-packages'
[0.413s] Level 1:colcon.colcon_core.environment:checking '/home/aniketh05/ros2_ws/install/my_gesture_arm/bin'
[0.415s] INFO:colcon.colcon_core.shell:Creating package script '/home/aniketh05/ros2_ws/install/my_gesture_arm/share/my_gesture_arm/package.ps1'
[0.415s] INFO:colcon.colcon_core.shell:Creating package descriptor '/home/aniketh05/ros2_ws/install/my_gesture_arm/share/my_gesture_arm/package.dsv'
[0.415s] INFO:colcon.colcon_core.shell:Creating package script '/home/aniketh05/ros2_ws/install/my_gesture_arm/share/my_gesture_arm/package.sh'
[0.416s] INFO:colcon.colcon_core.shell:Creating package script '/home/aniketh05/ros2_ws/install/my_gesture_arm/share/my_gesture_arm/package.bash'
[0.416s] INFO:colcon.colcon_core.shell:Creating package script '/home/aniketh05/ros2_ws/install/my_gesture_arm/share/my_gesture_arm/package.zsh'
[0.417s] Level 1:colcon.colcon_core.environment:create_file_with_runtime_dependencies(/home/aniketh05/ros2_ws/install/my_gesture_arm/share/colcon-core/packages/my_gesture_arm)
[0.417s] DEBUG:colcon.colcon_parallel_executor.executor.parallel:closing loop
[0.418s] DEBUG:colcon.colcon_parallel_executor.executor.parallel:loop closed
[0.418s] DEBUG:colcon.colcon_parallel_executor.executor.parallel:run_until_complete finished with '0'
[0.418s] DEBUG:colcon.colcon_core.event_reactor:joining thread
[0.421s] INFO:colcon.colcon_core.plugin_system:Skipping extension 'colcon_notification.desktop_notification.terminal_notifier': Not used on non-Darwin systems
[0.421s] INFO:colcon.colcon_core.plugin_system:Skipping extension 'colcon_notification.desktop_notification.win32': Not used on non-Windows systems
[0.421s] INFO:colcon.colcon_notification.desktop_notification:Sending desktop notification using 'notify2'
[0.423s] DEBUG:colcon.colcon_notification.desktop_notification.notify2:Failed to initialize notify2: org.freedesktop.DBus.Error.ServiceUnknown: The name org.freedesktop.Notifications was not provided by any .service files
[0.423s] DEBUG:colcon.colcon_core.event_reactor:joined thread
[0.423s] INFO:colcon.colcon_core.shell:Creating prefix script '/home/aniketh05/ros2_ws/install/local_setup.ps1'
[0.424s] INFO:colcon.colcon_core.shell:Creating prefix util module '/home/aniketh05/ros2_ws/install/_local_setup_util_ps1.py'
[0.425s] INFO:colcon.colcon_core.shell:Creating prefix chain script '/home/aniketh05/ros2_ws/install/setup.ps1'
[0.426s] INFO:colcon.colcon_core.shell:Creating prefix script '/home/aniketh05/ros2_ws/install/local_setup.sh'
[0.426s] INFO:colcon.colcon_core.shell:Creating prefix util module '/home/aniketh05/ros2_ws/install/_local_setup_util_sh.py'
[0.427s] INFO:colcon.colcon_core.shell:Creating prefix chain script '/home/aniketh05/ros2_ws/install/setup.sh'
[0.427s] INFO:colcon.colcon_core.shell:Creating prefix script '/home/aniketh05/ros2_ws/install/local_setup.bash'
[0.428s] INFO:colcon.colcon_core.shell:Creating prefix chain script '/home/aniketh05/ros2_ws/install/setup.bash'
[0.428s] INFO:colcon.colcon_core.shell:Creating prefix script '/home/aniketh05/ros2_ws/install/local_setup.zsh'
[0.429s] INFO:colcon.colcon_core.shell:Creating prefix chain script '/home/aniketh05/ros2_ws/install/setup.zsh'
