[0.055s] Invoking command in '/home/aniketh05/ros2_ws/build/navigation_tb3': CMAKE_PREFIX_PATH=${CMAKE_PREFIX_PATH}:/home/aniketh05/my_ros2_ws/install/turtle_control:/home/aniketh05/my_ros2_ws/install/my_services:/home/aniketh05/my_ros2_ws/install/my_pkg_prac:/home/aniketh05/my_ros2_ws/install/my_pkg_01:/opt/ros/humble /usr/bin/cmake --build /home/aniketh05/ros2_ws/build/navigation_tb3 -- -j12 -l12
[0.121s] -- Found ament_cmake: 1.3.12 (/opt/ros/humble/share/ament_cmake/cmake)
[0.426s] -- Found rclcpp: 16.0.14 (/opt/ros/humble/share/rclcpp/cmake)
[0.896s] -- Found rosidl_generator_c: 3.1.7 (/opt/ros/humble/share/rosidl_generator_c/cmake)
[0.905s] -- Found rosidl_adapter: 3.1.7 (/opt/ros/humble/share/rosidl_adapter/cmake)
[0.928s] -- Found rosidl_generator_cpp: 3.1.7 (/opt/ros/humble/share/rosidl_generator_cpp/cmake)
[0.979s] -- Using all available rosidl_typesupport_c: rosidl_typesupport_fastrtps_c;rosidl_typesupport_introspection_c
[1.040s] -- Using all available rosidl_typesupport_cpp: rosidl_typesupport_fastrtps_cpp;rosidl_typesupport_introspection_cpp
[1.182s] -- Found rmw_implementation_cmake: 6.1.2 (/opt/ros/humble/share/rmw_implementation_cmake/cmake)
[1.193s] -- Found rmw_cyclonedds_cpp: 1.3.4 (/opt/ros/humble/share/rmw_cyclonedds_cpp/cmake)
[1.269s] -- Using RMW implementation 'rmw_cyclonedds_cpp' as default
[1.450s] -- Found nav_msgs: 4.9.0 (/opt/ros/humble/share/nav_msgs/cmake)
[1.526s] -- Found rclpy: 3.3.17 (/opt/ros/humble/share/rclpy/cmake)
[1.771s] -- Configuring done
[1.803s] -- Generating done
[1.811s] -- Build files have been written to: /home/aniketh05/ros2_ws/build/navigation_tb3
[1.857s] [35m[1mConsolidate compiler generated dependencies of target pub_occupancy_grid[0m
[1.882s] [ 50%] [32mBuilding CXX object CMakeFiles/pub_occupancy_grid.dir/src/pub_occupancy_grid.cpp.o[0m
[1.887s] [ 50%] Built target ament_cmake_python_copy_navigation_tb3
[2.487s] running egg_info
[2.488s] writing navigation_tb3.egg-info/PKG-INFO
[2.489s] writing dependency_links to navigation_tb3.egg-info/dependency_links.txt
[2.489s] writing top-level names to navigation_tb3.egg-info/top_level.txt
[2.494s] reading manifest file 'navigation_tb3.egg-info/SOURCES.txt'
[2.496s] writing manifest file 'navigation_tb3.egg-info/SOURCES.txt'
[2.553s] [ 50%] Built target ament_cmake_python_build_navigation_tb3_egg
[9.010s] [100%] [32m[1mLinking CXX executable pub_occupancy_grid[0m
[9.484s] [100%] Built target pub_occupancy_grid
