[0.199s] DEBUG:colcon:Command line arguments: ['/usr/bin/colcon', 'build']
[0.199s] DEBUG:colcon:Parsed command line arguments: Namespace(log_base=None, log_level=None, verb_name='build', build_base='build', install_base='install', merge_install=False, symlink_install=False, test_result_base=None, continue_on_error=False, executor='parallel', parallel_workers=12, event_handlers=None, ignore_user_meta=False, metas=['./colcon.meta'], base_paths=['.'], packages_ignore=None, packages_ignore_regex=None, paths=None, packages_up_to=None, packages_up_to_regex=None, packages_above=None, packages_above_and_dependencies=None, packages_above_depth=None, packages_select_by_dep=None, packages_skip_by_dep=None, packages_skip_up_to=None, packages_select_build_failed=False, packages_skip_build_finished=False, packages_select_test_failures=False, packages_skip_test_passed=False, packages_select=None, packages_skip=None, packages_select_regex=None, packages_skip_regex=None, packages_start=None, packages_end=None, allow_overriding=[], cmake_args=None, cmake_target=None, cmake_target_skip_unavailable=False, cmake_clean_cache=False, cmake_clean_first=False, cmake_force_configure=False, ament_cmake_args=None, catkin_cmake_args=None, catkin_skip_building_tests=False, mixin_files=None, mixin=None, verb_parser=<colcon_mixin.mixin.mixin_argument.MixinArgumentDecorator object at 0x79deaf737c40>, verb_extension=<colcon_core.verb.build.BuildVerb object at 0x79deaf88cc40>, main=<bound method BuildVerb.main of <colcon_core.verb.build.BuildVerb object at 0x79deaf88cc40>>, mixin_verb=('build',))
[0.353s] Level 1:colcon.colcon_core.package_discovery:discover_packages(colcon_meta) check parameters
[0.354s] Level 1:colcon.colcon_core.package_discovery:discover_packages(recursive) check parameters
[0.354s] Level 1:colcon.colcon_core.package_discovery:discover_packages(ignore) check parameters
[0.354s] Level 1:colcon.colcon_core.package_discovery:discover_packages(path) check parameters
[0.354s] Level 1:colcon.colcon_core.package_discovery:discover_packages(colcon_meta) discover
[0.354s] Level 1:colcon.colcon_core.package_discovery:discover_packages(recursive) discover
[0.354s] INFO:colcon.colcon_core.package_discovery:Crawling recursively for packages in '/home/aniketh05/ros2_ws'
[0.354s] Level 1:colcon.colcon_core.package_identification:_identify(.) by extensions ['ignore', 'ignore_ament_install']
[0.354s] Level 1:colcon.colcon_core.package_identification:_identify(.) by extension 'ignore'
[0.354s] Level 1:colcon.colcon_core.package_identification:_identify(.) by extension 'ignore_ament_install'
[0.354s] Level 1:colcon.colcon_core.package_identification:_identify(.) by extensions ['colcon_pkg']
[0.354s] Level 1:colcon.colcon_core.package_identification:_identify(.) by extension 'colcon_pkg'
[0.354s] Level 1:colcon.colcon_core.package_identification:_identify(.) by extensions ['colcon_meta']
[0.354s] Level 1:colcon.colcon_core.package_identification:_identify(.) by extension 'colcon_meta'
[0.354s] Level 1:colcon.colcon_core.package_identification:_identify(.) by extensions ['ros']
[0.354s] Level 1:colcon.colcon_core.package_identification:_identify(.) by extension 'ros'
[0.372s] Level 1:colcon.colcon_core.package_identification:_identify(.) by extensions ['cmake', 'python']
[0.372s] Level 1:colcon.colcon_core.package_identification:_identify(.) by extension 'cmake'
[0.372s] Level 1:colcon.colcon_core.package_identification:_identify(.) by extension 'python'
[0.372s] Level 1:colcon.colcon_core.package_identification:_identify(.) by extensions ['python_setup_py']
[0.372s] Level 1:colcon.colcon_core.package_identification:_identify(.) by extension 'python_setup_py'
[0.372s] Level 1:colcon.colcon_core.package_identification:_identify(build) by extensions ['ignore', 'ignore_ament_install']
[0.372s] Level 1:colcon.colcon_core.package_identification:_identify(build) by extension 'ignore'
[0.372s] Level 1:colcon.colcon_core.package_identification:_identify(build) ignored
[0.373s] Level 1:colcon.colcon_core.package_identification:_identify(install) by extensions ['ignore', 'ignore_ament_install']
[0.373s] Level 1:colcon.colcon_core.package_identification:_identify(install) by extension 'ignore'
[0.373s] Level 1:colcon.colcon_core.package_identification:_identify(install) ignored
[0.373s] Level 1:colcon.colcon_core.package_identification:_identify(log) by extensions ['ignore', 'ignore_ament_install']
[0.374s] Level 1:colcon.colcon_core.package_identification:_identify(log) by extension 'ignore'
[0.374s] Level 1:colcon.colcon_core.package_identification:_identify(log) ignored
[0.374s] Level 1:colcon.colcon_core.package_identification:_identify(src) by extensions ['ignore', 'ignore_ament_install']
[0.374s] Level 1:colcon.colcon_core.package_identification:_identify(src) by extension 'ignore'
[0.374s] Level 1:colcon.colcon_core.package_identification:_identify(src) by extension 'ignore_ament_install'
[0.374s] Level 1:colcon.colcon_core.package_identification:_identify(src) by extensions ['colcon_pkg']
[0.374s] Level 1:colcon.colcon_core.package_identification:_identify(src) by extension 'colcon_pkg'
[0.374s] Level 1:colcon.colcon_core.package_identification:_identify(src) by extensions ['colcon_meta']
[0.374s] Level 1:colcon.colcon_core.package_identification:_identify(src) by extension 'colcon_meta'
[0.374s] Level 1:colcon.colcon_core.package_identification:_identify(src) by extensions ['ros']
[0.374s] Level 1:colcon.colcon_core.package_identification:_identify(src) by extension 'ros'
[0.374s] Level 1:colcon.colcon_core.package_identification:_identify(src) by extensions ['cmake', 'python']
[0.374s] Level 1:colcon.colcon_core.package_identification:_identify(src) by extension 'cmake'
[0.374s] Level 1:colcon.colcon_core.package_identification:_identify(src) by extension 'python'
[0.374s] Level 1:colcon.colcon_core.package_identification:_identify(src) by extensions ['python_setup_py']
[0.375s] Level 1:colcon.colcon_core.package_identification:_identify(src) by extension 'python_setup_py'
[0.375s] Level 1:colcon.colcon_core.package_identification:_identify(src/my_ddrobot) by extensions ['ignore', 'ignore_ament_install']
[0.375s] Level 1:colcon.colcon_core.package_identification:_identify(src/my_ddrobot) by extension 'ignore'
[0.375s] Level 1:colcon.colcon_core.package_identification:_identify(src/my_ddrobot) by extension 'ignore_ament_install'
[0.375s] Level 1:colcon.colcon_core.package_identification:_identify(src/my_ddrobot) by extensions ['colcon_pkg']
[0.375s] Level 1:colcon.colcon_core.package_identification:_identify(src/my_ddrobot) by extension 'colcon_pkg'
[0.375s] Level 1:colcon.colcon_core.package_identification:_identify(src/my_ddrobot) by extensions ['colcon_meta']
[0.375s] Level 1:colcon.colcon_core.package_identification:_identify(src/my_ddrobot) by extension 'colcon_meta'
[0.375s] Level 1:colcon.colcon_core.package_identification:_identify(src/my_ddrobot) by extensions ['ros']
[0.375s] Level 1:colcon.colcon_core.package_identification:_identify(src/my_ddrobot) by extension 'ros'
[0.378s] DEBUG:colcon.colcon_core.package_identification:Package 'src/my_ddrobot' with type 'ros.ament_cmake' and name 'my_ddrobot'
[0.378s] Level 1:colcon.colcon_core.package_identification:_identify(src/my_gesture_arm) by extensions ['ignore', 'ignore_ament_install']
[0.378s] Level 1:colcon.colcon_core.package_identification:_identify(src/my_gesture_arm) by extension 'ignore'
[0.378s] Level 1:colcon.colcon_core.package_identification:_identify(src/my_gesture_arm) by extension 'ignore_ament_install'
[0.378s] Level 1:colcon.colcon_core.package_identification:_identify(src/my_gesture_arm) by extensions ['colcon_pkg']
[0.378s] Level 1:colcon.colcon_core.package_identification:_identify(src/my_gesture_arm) by extension 'colcon_pkg'
[0.378s] Level 1:colcon.colcon_core.package_identification:_identify(src/my_gesture_arm) by extensions ['colcon_meta']
[0.378s] Level 1:colcon.colcon_core.package_identification:_identify(src/my_gesture_arm) by extension 'colcon_meta'
[0.378s] Level 1:colcon.colcon_core.package_identification:_identify(src/my_gesture_arm) by extensions ['ros']
[0.378s] Level 1:colcon.colcon_core.package_identification:_identify(src/my_gesture_arm) by extension 'ros'
[0.379s] DEBUG:colcon.colcon_core.package_identification:Package 'src/my_gesture_arm' with type 'ros.ament_cmake' and name 'my_gesture_arm'
[0.379s] Level 1:colcon.colcon_core.package_discovery:discover_packages(recursive) using defaults
[0.379s] Level 1:colcon.colcon_core.package_discovery:discover_packages(ignore) discover
[0.379s] Level 1:colcon.colcon_core.package_discovery:discover_packages(ignore) using defaults
[0.379s] Level 1:colcon.colcon_core.package_discovery:discover_packages(path) discover
[0.379s] Level 1:colcon.colcon_core.package_discovery:discover_packages(path) using defaults
[0.397s] Level 1:colcon.colcon_core.package_discovery:discover_packages(prefix_path) check parameters
[0.397s] Level 1:colcon.colcon_core.package_discovery:discover_packages(prefix_path) discover
[0.398s] DEBUG:colcon.colcon_installed_package_information.package_discovery:Found 3 installed packages in /home/aniketh05/ros2_ws/install
[0.399s] DEBUG:colcon.colcon_installed_package_information.package_discovery:Found 7 installed packages in /home/aniketh05/my_ros2_ws/install
[0.400s] DEBUG:colcon.colcon_installed_package_information.package_discovery:Found 398 installed packages in /opt/ros/humble
[0.402s] Level 1:colcon.colcon_core.package_discovery:discover_packages(prefix_path) using defaults
[0.440s] Level 5:colcon.colcon_core.verb:set package 'my_ddrobot' build argument 'cmake_args' from command line to 'None'
[0.440s] Level 5:colcon.colcon_core.verb:set package 'my_ddrobot' build argument 'cmake_target' from command line to 'None'
[0.440s] Level 5:colcon.colcon_core.verb:set package 'my_ddrobot' build argument 'cmake_target_skip_unavailable' from command line to 'False'
[0.440s] Level 5:colcon.colcon_core.verb:set package 'my_ddrobot' build argument 'cmake_clean_cache' from command line to 'False'
[0.440s] Level 5:colcon.colcon_core.verb:set package 'my_ddrobot' build argument 'cmake_clean_first' from command line to 'False'
[0.440s] Level 5:colcon.colcon_core.verb:set package 'my_ddrobot' build argument 'cmake_force_configure' from command line to 'False'
[0.440s] Level 5:colcon.colcon_core.verb:set package 'my_ddrobot' build argument 'ament_cmake_args' from command line to 'None'
[0.440s] Level 5:colcon.colcon_core.verb:set package 'my_ddrobot' build argument 'catkin_cmake_args' from command line to 'None'
[0.440s] Level 5:colcon.colcon_core.verb:set package 'my_ddrobot' build argument 'catkin_skip_building_tests' from command line to 'False'
[0.440s] DEBUG:colcon.colcon_core.verb:Building package 'my_ddrobot' with the following arguments: {'ament_cmake_args': None, 'build_base': '/home/aniketh05/ros2_ws/build/my_ddrobot', 'catkin_cmake_args': None, 'catkin_skip_building_tests': False, 'cmake_args': None, 'cmake_clean_cache': False, 'cmake_clean_first': False, 'cmake_force_configure': False, 'cmake_target': None, 'cmake_target_skip_unavailable': False, 'install_base': '/home/aniketh05/ros2_ws/install/my_ddrobot', 'merge_install': False, 'path': '/home/aniketh05/ros2_ws/src/my_ddrobot', 'symlink_install': False, 'test_result_base': None}
[0.440s] Level 5:colcon.colcon_core.verb:set package 'my_gesture_arm' build argument 'cmake_args' from command line to 'None'
[0.440s] Level 5:colcon.colcon_core.verb:set package 'my_gesture_arm' build argument 'cmake_target' from command line to 'None'
[0.440s] Level 5:colcon.colcon_core.verb:set package 'my_gesture_arm' build argument 'cmake_target_skip_unavailable' from command line to 'False'
[0.440s] Level 5:colcon.colcon_core.verb:set package 'my_gesture_arm' build argument 'cmake_clean_cache' from command line to 'False'
[0.440s] Level 5:colcon.colcon_core.verb:set package 'my_gesture_arm' build argument 'cmake_clean_first' from command line to 'False'
[0.440s] Level 5:colcon.colcon_core.verb:set package 'my_gesture_arm' build argument 'cmake_force_configure' from command line to 'False'
[0.440s] Level 5:colcon.colcon_core.verb:set package 'my_gesture_arm' build argument 'ament_cmake_args' from command line to 'None'
[0.440s] Level 5:colcon.colcon_core.verb:set package 'my_gesture_arm' build argument 'catkin_cmake_args' from command line to 'None'
[0.440s] Level 5:colcon.colcon_core.verb:set package 'my_gesture_arm' build argument 'catkin_skip_building_tests' from command line to 'False'
[0.440s] DEBUG:colcon.colcon_core.verb:Building package 'my_gesture_arm' with the following arguments: {'ament_cmake_args': None, 'build_base': '/home/aniketh05/ros2_ws/build/my_gesture_arm', 'catkin_cmake_args': None, 'catkin_skip_building_tests': False, 'cmake_args': None, 'cmake_clean_cache': False, 'cmake_clean_first': False, 'cmake_force_configure': False, 'cmake_target': None, 'cmake_target_skip_unavailable': False, 'install_base': '/home/aniketh05/ros2_ws/install/my_gesture_arm', 'merge_install': False, 'path': '/home/aniketh05/ros2_ws/src/my_gesture_arm', 'symlink_install': False, 'test_result_base': None}
[0.441s] INFO:colcon.colcon_core.executor:Executing jobs using 'parallel' executor
[0.442s] DEBUG:colcon.colcon_parallel_executor.executor.parallel:run_until_complete
[0.442s] INFO:colcon.colcon_ros.task.ament_cmake.build:Building ROS package in '/home/aniketh05/ros2_ws/src/my_ddrobot' with build type 'ament_cmake'
[0.442s] INFO:colcon.colcon_cmake.task.cmake.build:Building CMake package in '/home/aniketh05/ros2_ws/src/my_ddrobot'
[0.446s] INFO:colcon.colcon_core.plugin_system:Skipping extension 'colcon_core.shell.bat': Not used on non-Windows systems
[0.446s] INFO:colcon.colcon_core.shell:Skip shell extension 'powershell' for command environment: Not usable outside of PowerShell
[0.446s] DEBUG:colcon.colcon_core.shell:Skip shell extension 'dsv' for command environment
[0.451s] INFO:colcon.colcon_ros.task.ament_cmake.build:Building ROS package in '/home/aniketh05/ros2_ws/src/my_gesture_arm' with build type 'ament_cmake'
[0.451s] INFO:colcon.colcon_cmake.task.cmake.build:Building CMake package in '/home/aniketh05/ros2_ws/src/my_gesture_arm'
[0.451s] INFO:colcon.colcon_core.shell:Skip shell extension 'powershell' for command environment: Not usable outside of PowerShell
[0.451s] DEBUG:colcon.colcon_core.shell:Skip shell extension 'dsv' for command environment
[0.466s] DEBUG:colcon.colcon_core.event_handler.log_command:Invoking command in '/home/aniketh05/ros2_ws/build/my_ddrobot': CMAKE_PREFIX_PATH=${CMAKE_PREFIX_PATH}:/home/aniketh05/my_ros2_ws/install/turtle_control:/home/aniketh05/my_ros2_ws/install/my_services:/home/aniketh05/my_ros2_ws/install/my_pkg_prac:/home/aniketh05/my_ros2_ws/install/my_pkg_01:/opt/ros/humble /usr/bin/cmake --build /home/aniketh05/ros2_ws/build/my_ddrobot -- -j12 -l12
[0.475s] DEBUG:colcon.colcon_core.event_handler.log_command:Invoking command in '/home/aniketh05/ros2_ws/build/my_gesture_arm': CMAKE_PREFIX_PATH=${CMAKE_PREFIX_PATH}:/home/aniketh05/my_ros2_ws/install/turtle_control:/home/aniketh05/my_ros2_ws/install/my_services:/home/aniketh05/my_ros2_ws/install/my_pkg_prac:/home/aniketh05/my_ros2_ws/install/my_pkg_01:/opt/ros/humble /usr/bin/cmake --build /home/aniketh05/ros2_ws/build/my_gesture_arm -- -j12 -l12
[0.503s] DEBUG:colcon.colcon_core.event_handler.log_command:Invoked command in '/home/aniketh05/ros2_ws/build/my_ddrobot' returned '0': CMAKE_PREFIX_PATH=${CMAKE_PREFIX_PATH}:/home/aniketh05/my_ros2_ws/install/turtle_control:/home/aniketh05/my_ros2_ws/install/my_services:/home/aniketh05/my_ros2_ws/install/my_pkg_prac:/home/aniketh05/my_ros2_ws/install/my_pkg_01:/opt/ros/humble /usr/bin/cmake --build /home/aniketh05/ros2_ws/build/my_ddrobot -- -j12 -l12
[0.517s] DEBUG:colcon.colcon_core.event_handler.log_command:Invoking command in '/home/aniketh05/ros2_ws/build/my_ddrobot': CMAKE_PREFIX_PATH=${CMAKE_PREFIX_PATH}:/home/aniketh05/my_ros2_ws/install/turtle_control:/home/aniketh05/my_ros2_ws/install/my_services:/home/aniketh05/my_ros2_ws/install/my_pkg_prac:/home/aniketh05/my_ros2_ws/install/my_pkg_01:/opt/ros/humble /usr/bin/cmake --install /home/aniketh05/ros2_ws/build/my_ddrobot
[0.519s] DEBUG:colcon.colcon_core.event_handler.log_command:Invoked command in '/home/aniketh05/ros2_ws/build/my_gesture_arm' returned '0': CMAKE_PREFIX_PATH=${CMAKE_PREFIX_PATH}:/home/aniketh05/my_ros2_ws/install/turtle_control:/home/aniketh05/my_ros2_ws/install/my_services:/home/aniketh05/my_ros2_ws/install/my_pkg_prac:/home/aniketh05/my_ros2_ws/install/my_pkg_01:/opt/ros/humble /usr/bin/cmake --build /home/aniketh05/ros2_ws/build/my_gesture_arm -- -j12 -l12
[0.521s] DEBUG:colcon.colcon_core.event_handler.log_command:Invoking command in '/home/aniketh05/ros2_ws/build/my_gesture_arm': CMAKE_PREFIX_PATH=${CMAKE_PREFIX_PATH}:/home/aniketh05/my_ros2_ws/install/turtle_control:/home/aniketh05/my_ros2_ws/install/my_services:/home/aniketh05/my_ros2_ws/install/my_pkg_prac:/home/aniketh05/my_ros2_ws/install/my_pkg_01:/opt/ros/humble /usr/bin/cmake --install /home/aniketh05/ros2_ws/build/my_gesture_arm
[0.535s] Level 1:colcon.colcon_core.environment:create_environment_scripts_only(my_ddrobot)
[0.547s] Level 1:colcon.colcon_core.environment:checking '/home/aniketh05/ros2_ws/install/my_ddrobot' for CMake module files
[0.550s] DEBUG:colcon.colcon_core.event_handler.log_command:Invoked command in '/home/aniketh05/ros2_ws/build/my_ddrobot' returned '0': CMAKE_PREFIX_PATH=${CMAKE_PREFIX_PATH}:/home/aniketh05/my_ros2_ws/install/turtle_control:/home/aniketh05/my_ros2_ws/install/my_services:/home/aniketh05/my_ros2_ws/install/my_pkg_prac:/home/aniketh05/my_ros2_ws/install/my_pkg_01:/opt/ros/humble /usr/bin/cmake --install /home/aniketh05/ros2_ws/build/my_ddrobot
[0.551s] Level 1:colcon.colcon_core.environment:checking '/home/aniketh05/ros2_ws/install/my_ddrobot' for CMake config files
[0.551s] Level 1:colcon.colcon_core.shell:create_environment_hook('my_ddrobot', 'cmake_prefix_path')
[0.552s] INFO:colcon.colcon_core.shell:Creating environment hook '/home/aniketh05/ros2_ws/install/my_ddrobot/share/my_ddrobot/hook/cmake_prefix_path.ps1'
[0.552s] INFO:colcon.colcon_core.shell:Creating environment descriptor '/home/aniketh05/ros2_ws/install/my_ddrobot/share/my_ddrobot/hook/cmake_prefix_path.dsv'
[0.553s] INFO:colcon.colcon_core.shell:Creating environment hook '/home/aniketh05/ros2_ws/install/my_ddrobot/share/my_ddrobot/hook/cmake_prefix_path.sh'
[0.554s] Level 1:colcon.colcon_core.environment:checking '/home/aniketh05/ros2_ws/install/my_ddrobot/bin'
[0.554s] Level 1:colcon.colcon_core.environment:checking '/home/aniketh05/ros2_ws/install/my_ddrobot/lib/pkgconfig/my_ddrobot.pc'
[0.555s] Level 1:colcon.colcon_core.environment:checking '/home/aniketh05/ros2_ws/install/my_ddrobot/lib/python3.10/site-packages'
[0.555s] Level 1:colcon.colcon_core.environment:checking '/home/aniketh05/ros2_ws/install/my_ddrobot/bin'
[0.555s] INFO:colcon.colcon_core.shell:Creating package script '/home/aniketh05/ros2_ws/install/my_ddrobot/share/my_ddrobot/package.ps1'
[0.556s] INFO:colcon.colcon_core.shell:Creating package descriptor '/home/aniketh05/ros2_ws/install/my_ddrobot/share/my_ddrobot/package.dsv'
[0.556s] INFO:colcon.colcon_core.shell:Creating package script '/home/aniketh05/ros2_ws/install/my_ddrobot/share/my_ddrobot/package.sh'
[0.557s] INFO:colcon.colcon_core.shell:Creating package script '/home/aniketh05/ros2_ws/install/my_ddrobot/share/my_ddrobot/package.bash'
[0.557s] INFO:colcon.colcon_core.shell:Creating package script '/home/aniketh05/ros2_ws/install/my_ddrobot/share/my_ddrobot/package.zsh'
[0.558s] Level 1:colcon.colcon_core.environment:create_file_with_runtime_dependencies(/home/aniketh05/ros2_ws/install/my_ddrobot/share/colcon-core/packages/my_ddrobot)
[0.559s] Level 1:colcon.colcon_core.environment:create_environment_scripts_only(my_ddrobot)
[0.559s] Level 1:colcon.colcon_core.environment:checking '/home/aniketh05/ros2_ws/install/my_ddrobot' for CMake module files
[0.559s] Level 1:colcon.colcon_core.environment:checking '/home/aniketh05/ros2_ws/install/my_ddrobot' for CMake config files
[0.559s] Level 1:colcon.colcon_core.shell:create_environment_hook('my_ddrobot', 'cmake_prefix_path')
[0.560s] INFO:colcon.colcon_core.shell:Creating environment hook '/home/aniketh05/ros2_ws/install/my_ddrobot/share/my_ddrobot/hook/cmake_prefix_path.ps1'
[0.560s] INFO:colcon.colcon_core.shell:Creating environment descriptor '/home/aniketh05/ros2_ws/install/my_ddrobot/share/my_ddrobot/hook/cmake_prefix_path.dsv'
[0.561s] INFO:colcon.colcon_core.shell:Creating environment hook '/home/aniketh05/ros2_ws/install/my_ddrobot/share/my_ddrobot/hook/cmake_prefix_path.sh'
[0.561s] Level 1:colcon.colcon_core.environment:checking '/home/aniketh05/ros2_ws/install/my_ddrobot/bin'
[0.562s] Level 1:colcon.colcon_core.environment:checking '/home/aniketh05/ros2_ws/install/my_ddrobot/lib/pkgconfig/my_ddrobot.pc'
[0.562s] Level 1:colcon.colcon_core.environment:checking '/home/aniketh05/ros2_ws/install/my_ddrobot/lib/python3.10/site-packages'
[0.562s] Level 1:colcon.colcon_core.environment:checking '/home/aniketh05/ros2_ws/install/my_ddrobot/bin'
[0.562s] INFO:colcon.colcon_core.shell:Creating package script '/home/aniketh05/ros2_ws/install/my_ddrobot/share/my_ddrobot/package.ps1'
[0.563s] INFO:colcon.colcon_core.shell:Creating package descriptor '/home/aniketh05/ros2_ws/install/my_ddrobot/share/my_ddrobot/package.dsv'
[0.563s] INFO:colcon.colcon_core.shell:Creating package script '/home/aniketh05/ros2_ws/install/my_ddrobot/share/my_ddrobot/package.sh'
[0.564s] INFO:colcon.colcon_core.shell:Creating package script '/home/aniketh05/ros2_ws/install/my_ddrobot/share/my_ddrobot/package.bash'
[0.565s] INFO:colcon.colcon_core.shell:Creating package script '/home/aniketh05/ros2_ws/install/my_ddrobot/share/my_ddrobot/package.zsh'
[0.566s] Level 1:colcon.colcon_core.environment:create_file_with_runtime_dependencies(/home/aniketh05/ros2_ws/install/my_ddrobot/share/colcon-core/packages/my_ddrobot)
[0.569s] Level 1:colcon.colcon_core.environment:create_environment_scripts_only(my_gesture_arm)
[0.570s] Level 1:colcon.colcon_core.environment:checking '/home/aniketh05/ros2_ws/install/my_gesture_arm' for CMake module files
[0.570s] DEBUG:colcon.colcon_core.event_handler.log_command:Invoked command in '/home/aniketh05/ros2_ws/build/my_gesture_arm' returned '0': CMAKE_PREFIX_PATH=${CMAKE_PREFIX_PATH}:/home/aniketh05/my_ros2_ws/install/turtle_control:/home/aniketh05/my_ros2_ws/install/my_services:/home/aniketh05/my_ros2_ws/install/my_pkg_prac:/home/aniketh05/my_ros2_ws/install/my_pkg_01:/opt/ros/humble /usr/bin/cmake --install /home/aniketh05/ros2_ws/build/my_gesture_arm
[0.571s] Level 1:colcon.colcon_core.environment:checking '/home/aniketh05/ros2_ws/install/my_gesture_arm' for CMake config files
[0.571s] Level 1:colcon.colcon_core.shell:create_environment_hook('my_gesture_arm', 'cmake_prefix_path')
[0.572s] INFO:colcon.colcon_core.shell:Creating environment hook '/home/aniketh05/ros2_ws/install/my_gesture_arm/share/my_gesture_arm/hook/cmake_prefix_path.ps1'
[0.572s] INFO:colcon.colcon_core.shell:Creating environment descriptor '/home/aniketh05/ros2_ws/install/my_gesture_arm/share/my_gesture_arm/hook/cmake_prefix_path.dsv'
[0.573s] INFO:colcon.colcon_core.shell:Creating environment hook '/home/aniketh05/ros2_ws/install/my_gesture_arm/share/my_gesture_arm/hook/cmake_prefix_path.sh'
[0.573s] Level 1:colcon.colcon_core.environment:checking '/home/aniketh05/ros2_ws/install/my_gesture_arm/lib'
[0.573s] Level 1:colcon.colcon_core.environment:checking '/home/aniketh05/ros2_ws/install/my_gesture_arm/bin'
[0.573s] Level 1:colcon.colcon_core.environment:checking '/home/aniketh05/ros2_ws/install/my_gesture_arm/lib/pkgconfig/my_gesture_arm.pc'
[0.574s] Level 1:colcon.colcon_core.environment:checking '/home/aniketh05/ros2_ws/install/my_gesture_arm/lib/python3.10/site-packages'
[0.574s] Level 1:colcon.colcon_core.environment:checking '/home/aniketh05/ros2_ws/install/my_gesture_arm/bin'
[0.574s] INFO:colcon.colcon_core.shell:Creating package script '/home/aniketh05/ros2_ws/install/my_gesture_arm/share/my_gesture_arm/package.ps1'
[0.576s] INFO:colcon.colcon_core.shell:Creating package descriptor '/home/aniketh05/ros2_ws/install/my_gesture_arm/share/my_gesture_arm/package.dsv'
[0.577s] INFO:colcon.colcon_core.shell:Creating package script '/home/aniketh05/ros2_ws/install/my_gesture_arm/share/my_gesture_arm/package.sh'
[0.577s] INFO:colcon.colcon_core.shell:Creating package script '/home/aniketh05/ros2_ws/install/my_gesture_arm/share/my_gesture_arm/package.bash'
[0.578s] INFO:colcon.colcon_core.shell:Creating package script '/home/aniketh05/ros2_ws/install/my_gesture_arm/share/my_gesture_arm/package.zsh'
[0.578s] Level 1:colcon.colcon_core.environment:create_file_with_runtime_dependencies(/home/aniketh05/ros2_ws/install/my_gesture_arm/share/colcon-core/packages/my_gesture_arm)
[0.579s] Level 1:colcon.colcon_core.environment:create_environment_scripts_only(my_gesture_arm)
[0.580s] Level 1:colcon.colcon_core.environment:checking '/home/aniketh05/ros2_ws/install/my_gesture_arm' for CMake module files
[0.580s] Level 1:colcon.colcon_core.environment:checking '/home/aniketh05/ros2_ws/install/my_gesture_arm' for CMake config files
[0.580s] Level 1:colcon.colcon_core.shell:create_environment_hook('my_gesture_arm', 'cmake_prefix_path')
[0.580s] INFO:colcon.colcon_core.shell:Creating environment hook '/home/aniketh05/ros2_ws/install/my_gesture_arm/share/my_gesture_arm/hook/cmake_prefix_path.ps1'
[0.581s] INFO:colcon.colcon_core.shell:Creating environment descriptor '/home/aniketh05/ros2_ws/install/my_gesture_arm/share/my_gesture_arm/hook/cmake_prefix_path.dsv'
[0.581s] INFO:colcon.colcon_core.shell:Creating environment hook '/home/aniketh05/ros2_ws/install/my_gesture_arm/share/my_gesture_arm/hook/cmake_prefix_path.sh'
[0.582s] Level 1:colcon.colcon_core.environment:checking '/home/aniketh05/ros2_ws/install/my_gesture_arm/lib'
[0.582s] Level 1:colcon.colcon_core.environment:checking '/home/aniketh05/ros2_ws/install/my_gesture_arm/bin'
[0.582s] Level 1:colcon.colcon_core.environment:checking '/home/aniketh05/ros2_ws/install/my_gesture_arm/lib/pkgconfig/my_gesture_arm.pc'
[0.582s] Level 1:colcon.colcon_core.environment:checking '/home/aniketh05/ros2_ws/install/my_gesture_arm/lib/python3.10/site-packages'
[0.582s] Level 1:colcon.colcon_core.environment:checking '/home/aniketh05/ros2_ws/install/my_gesture_arm/bin'
[0.583s] INFO:colcon.colcon_core.shell:Creating package script '/home/aniketh05/ros2_ws/install/my_gesture_arm/share/my_gesture_arm/package.ps1'
[0.583s] INFO:colcon.colcon_core.shell:Creating package descriptor '/home/aniketh05/ros2_ws/install/my_gesture_arm/share/my_gesture_arm/package.dsv'
[0.584s] INFO:colcon.colcon_core.shell:Creating package script '/home/aniketh05/ros2_ws/install/my_gesture_arm/share/my_gesture_arm/package.sh'
[0.584s] INFO:colcon.colcon_core.shell:Creating package script '/home/aniketh05/ros2_ws/install/my_gesture_arm/share/my_gesture_arm/package.bash'
[0.584s] INFO:colcon.colcon_core.shell:Creating package script '/home/aniketh05/ros2_ws/install/my_gesture_arm/share/my_gesture_arm/package.zsh'
[0.585s] Level 1:colcon.colcon_core.environment:create_file_with_runtime_dependencies(/home/aniketh05/ros2_ws/install/my_gesture_arm/share/colcon-core/packages/my_gesture_arm)
[0.586s] DEBUG:colcon.colcon_parallel_executor.executor.parallel:closing loop
[0.587s] DEBUG:colcon.colcon_parallel_executor.executor.parallel:loop closed
[0.587s] DEBUG:colcon.colcon_parallel_executor.executor.parallel:run_until_complete finished with '0'
[0.587s] DEBUG:colcon.colcon_core.event_reactor:joining thread
[0.593s] INFO:colcon.colcon_core.plugin_system:Skipping extension 'colcon_notification.desktop_notification.terminal_notifier': Not used on non-Darwin systems
[0.594s] INFO:colcon.colcon_core.plugin_system:Skipping extension 'colcon_notification.desktop_notification.win32': Not used on non-Windows systems
[0.594s] INFO:colcon.colcon_notification.desktop_notification:Sending desktop notification using 'notify2'
[0.596s] DEBUG:colcon.colcon_notification.desktop_notification.notify2:Failed to initialize notify2: org.freedesktop.DBus.Error.ServiceUnknown: The name org.freedesktop.Notifications was not provided by any .service files
[0.596s] DEBUG:colcon.colcon_core.event_reactor:joined thread
[0.596s] INFO:colcon.colcon_core.shell:Creating prefix script '/home/aniketh05/ros2_ws/install/local_setup.ps1'
[0.598s] INFO:colcon.colcon_core.shell:Creating prefix util module '/home/aniketh05/ros2_ws/install/_local_setup_util_ps1.py'
[0.600s] INFO:colcon.colcon_core.shell:Creating prefix chain script '/home/aniketh05/ros2_ws/install/setup.ps1'
[0.601s] INFO:colcon.colcon_core.shell:Creating prefix script '/home/aniketh05/ros2_ws/install/local_setup.sh'
[0.602s] INFO:colcon.colcon_core.shell:Creating prefix util module '/home/aniketh05/ros2_ws/install/_local_setup_util_sh.py'
[0.602s] INFO:colcon.colcon_core.shell:Creating prefix chain script '/home/aniketh05/ros2_ws/install/setup.sh'
[0.604s] INFO:colcon.colcon_core.shell:Creating prefix script '/home/aniketh05/ros2_ws/install/local_setup.bash'
[0.604s] INFO:colcon.colcon_core.shell:Creating prefix chain script '/home/aniketh05/ros2_ws/install/setup.bash'
[0.606s] INFO:colcon.colcon_core.shell:Creating prefix script '/home/aniketh05/ros2_ws/install/local_setup.zsh'
[0.606s] INFO:colcon.colcon_core.shell:Creating prefix chain script '/home/aniketh05/ros2_ws/install/setup.zsh'
