[0.014s] Invoking command in '/home/aniketh05/ros2_ws/build/my_robot': CMAKE_PREFIX_PATH=${CMAKE_PREFIX_PATH}:/home/aniketh05/my_ros2_ws/install/turtle_control:/home/aniketh05/my_ros2_ws/install/my_services:/home/aniketh05/my_ros2_ws/install/my_pkg_prac:/home/aniketh05/my_ros2_ws/install/my_pkg_01:/opt/ros/humble /usr/bin/cmake --build /home/aniketh05/ros2_ws/build/my_robot -- -j12 -l12
[0.052s] Invoked command in '/home/aniketh05/ros2_ws/build/my_robot' returned '0': CMAKE_PREFIX_PATH=${CMAKE_PREFIX_PATH}:/home/aniketh05/my_ros2_ws/install/turtle_control:/home/aniketh05/my_ros2_ws/install/my_services:/home/aniketh05/my_ros2_ws/install/my_pkg_prac:/home/aniketh05/my_ros2_ws/install/my_pkg_01:/opt/ros/humble /usr/bin/cmake --build /home/aniketh05/ros2_ws/build/my_robot -- -j12 -l12
[0.060s] Invoking command in '/home/aniketh05/ros2_ws/build/my_robot': CMAKE_PREFIX_PATH=${CMAKE_PREFIX_PATH}:/home/aniketh05/my_ros2_ws/install/turtle_control:/home/aniketh05/my_ros2_ws/install/my_services:/home/aniketh05/my_ros2_ws/install/my_pkg_prac:/home/aniketh05/my_ros2_ws/install/my_pkg_01:/opt/ros/humble /usr/bin/cmake --install /home/aniketh05/ros2_ws/build/my_robot
[0.065s] -- Install configuration: ""
[0.067s] -- Execute custom install script
[0.068s] -- Up-to-date symlink: /home/aniketh05/ros2_ws/install/my_robot/share/my_robot/launch/gazebo_sim.launch.py
[0.068s] -- Up-to-date symlink: /home/aniketh05/ros2_ws/install/my_robot/share/my_robot/launch/nav2.launch.py
[0.068s] -- Up-to-date symlink: /home/aniketh05/ros2_ws/install/my_robot/share/my_robot/launch/slam.launch.py
[0.068s] -- Up-to-date symlink: /home/aniketh05/ros2_ws/install/my_robot/share/my_robot/config/nav2_params.yaml
[0.068s] -- Up-to-date symlink: /home/aniketh05/ros2_ws/install/my_robot/share/my_robot/config/slam_toolbox.yaml
[0.068s] -- Up-to-date symlink: /home/aniketh05/ros2_ws/install/my_robot/share/my_robot/config/slam_view.rviz
[0.068s] -- Up-to-date symlink: /home/aniketh05/ros2_ws/install/my_robot/share/my_robot/urdf/my_robot.urdf.xacro
[0.068s] -- Up-to-date symlink: /home/aniketh05/ros2_ws/install/my_robot/share/my_robot/world/my_world.world
[0.068s] -- Up-to-date symlink: /home/aniketh05/ros2_ws/install/my_robot/share/ament_index/resource_index/package_run_dependencies/my_robot
[0.069s] -- Up-to-date symlink: /home/aniketh05/ros2_ws/install/my_robot/share/ament_index/resource_index/parent_prefix_path/my_robot
[0.069s] -- Up-to-date symlink: /home/aniketh05/ros2_ws/install/my_robot/share/my_robot/environment/ament_prefix_path.sh
[0.069s] -- Up-to-date symlink: /home/aniketh05/ros2_ws/install/my_robot/share/my_robot/environment/ament_prefix_path.dsv
[0.070s] -- Up-to-date symlink: /home/aniketh05/ros2_ws/install/my_robot/share/my_robot/environment/path.sh
[0.070s] -- Up-to-date symlink: /home/aniketh05/ros2_ws/install/my_robot/share/my_robot/environment/path.dsv
[0.070s] -- Up-to-date symlink: /home/aniketh05/ros2_ws/install/my_robot/share/my_robot/local_setup.bash
[0.070s] -- Up-to-date symlink: /home/aniketh05/ros2_ws/install/my_robot/share/my_robot/local_setup.sh
[0.071s] -- Up-to-date symlink: /home/aniketh05/ros2_ws/install/my_robot/share/my_robot/local_setup.zsh
[0.071s] -- Up-to-date symlink: /home/aniketh05/ros2_ws/install/my_robot/share/my_robot/local_setup.dsv
[0.071s] -- Symlinking: /home/aniketh05/ros2_ws/install/my_robot/share/my_robot/package.dsv
[0.078s] -- Up-to-date symlink: /home/aniketh05/ros2_ws/install/my_robot/share/ament_index/resource_index/packages/my_robot
[0.078s] -- Up-to-date symlink: /home/aniketh05/ros2_ws/install/my_robot/share/my_robot/cmake/my_robotConfig.cmake
[0.079s] -- Up-to-date symlink: /home/aniketh05/ros2_ws/install/my_robot/share/my_robot/cmake/my_robotConfig-version.cmake
[0.079s] -- Up-to-date symlink: /home/aniketh05/ros2_ws/install/my_robot/share/my_robot/package.xml
[0.081s] Invoked command in '/home/aniketh05/ros2_ws/build/my_robot' returned '0': CMAKE_PREFIX_PATH=${CMAKE_PREFIX_PATH}:/home/aniketh05/my_ros2_ws/install/turtle_control:/home/aniketh05/my_ros2_ws/install/my_services:/home/aniketh05/my_ros2_ws/install/my_pkg_prac:/home/aniketh05/my_ros2_ws/install/my_pkg_01:/opt/ros/humble /usr/bin/cmake --install /home/aniketh05/ros2_ws/build/my_robot
