[0.011s] Invoking command in '/home/aniketh05/ros2_ws/build/my_dd_robot': CMAKE_PREFIX_PATH=${CMAKE_PREFIX_PATH}:/home/aniketh05/my_ros2_ws/install/turtle_control:/home/aniketh05/my_ros2_ws/install/my_services:/home/aniketh05/my_ros2_ws/install/my_pkg_prac:/home/aniketh05/my_ros2_ws/install/my_pkg_01:/opt/ros/humble /usr/bin/cmake --build /home/aniketh05/ros2_ws/build/my_dd_robot -- -j12 -l12
[0.033s] Invoked command in '/home/aniketh05/ros2_ws/build/my_dd_robot' returned '0': CMAKE_PREFIX_PATH=${CMAKE_PREFIX_PATH}:/home/aniketh05/my_ros2_ws/install/turtle_control:/home/aniketh05/my_ros2_ws/install/my_services:/home/aniketh05/my_ros2_ws/install/my_pkg_prac:/home/aniketh05/my_ros2_ws/install/my_pkg_01:/opt/ros/humble /usr/bin/cmake --build /home/aniketh05/ros2_ws/build/my_dd_robot -- -j12 -l12
[0.040s] Invoking command in '/home/aniketh05/ros2_ws/build/my_dd_robot': CMAKE_PREFIX_PATH=${CMAKE_PREFIX_PATH}:/home/aniketh05/my_ros2_ws/install/turtle_control:/home/aniketh05/my_ros2_ws/install/my_services:/home/aniketh05/my_ros2_ws/install/my_pkg_prac:/home/aniketh05/my_ros2_ws/install/my_pkg_01:/opt/ros/humble /usr/bin/cmake --install /home/aniketh05/ros2_ws/build/my_dd_robot
[0.045s] -- Install configuration: ""
[0.045s] -- Up-to-date: /home/aniketh05/ros2_ws/install/my_dd_robot/share/my_dd_robot/launch
[0.045s] -- Up-to-date: /home/aniketh05/ros2_ws/install/my_dd_robot/share/my_dd_robot/launch/dd_robot.launch.py
[0.045s] -- Up-to-date: /home/aniketh05/ros2_ws/install/my_dd_robot/share/my_dd_robot/model
[0.045s] -- Installing: /home/aniketh05/ros2_ws/install/my_dd_robot/share/my_dd_robot/model/my_dd_robot_model.xacro
[0.045s] -- Installing: /home/aniketh05/ros2_ws/install/my_dd_robot/share/my_dd_robot/model/my_robot.urdf
[0.046s] -- Up-to-date: /home/aniketh05/ros2_ws/install/my_dd_robot/share/my_dd_robot/model/my_dd_robot.gazebo
[0.046s] -- Up-to-date: /home/aniketh05/ros2_ws/install/my_dd_robot/share/ament_index/resource_index/package_run_dependencies/my_dd_robot
[0.046s] -- Up-to-date: /home/aniketh05/ros2_ws/install/my_dd_robot/share/ament_index/resource_index/parent_prefix_path/my_dd_robot
[0.046s] -- Up-to-date: /home/aniketh05/ros2_ws/install/my_dd_robot/share/my_dd_robot/environment/ament_prefix_path.sh
[0.046s] -- Up-to-date: /home/aniketh05/ros2_ws/install/my_dd_robot/share/my_dd_robot/environment/ament_prefix_path.dsv
[0.046s] -- Up-to-date: /home/aniketh05/ros2_ws/install/my_dd_robot/share/my_dd_robot/environment/path.sh
[0.046s] -- Up-to-date: /home/aniketh05/ros2_ws/install/my_dd_robot/share/my_dd_robot/environment/path.dsv
[0.046s] -- Up-to-date: /home/aniketh05/ros2_ws/install/my_dd_robot/share/my_dd_robot/local_setup.bash
[0.047s] -- Up-to-date: /home/aniketh05/ros2_ws/install/my_dd_robot/share/my_dd_robot/local_setup.sh
[0.047s] -- Up-to-date: /home/aniketh05/ros2_ws/install/my_dd_robot/share/my_dd_robot/local_setup.zsh
[0.047s] -- Up-to-date: /home/aniketh05/ros2_ws/install/my_dd_robot/share/my_dd_robot/local_setup.dsv
[0.047s] -- Installing: /home/aniketh05/ros2_ws/install/my_dd_robot/share/my_dd_robot/package.dsv
[0.047s] -- Up-to-date: /home/aniketh05/ros2_ws/install/my_dd_robot/share/ament_index/resource_index/packages/my_dd_robot
[0.047s] -- Up-to-date: /home/aniketh05/ros2_ws/install/my_dd_robot/share/my_dd_robot/cmake/my_dd_robotConfig.cmake
[0.047s] -- Up-to-date: /home/aniketh05/ros2_ws/install/my_dd_robot/share/my_dd_robot/cmake/my_dd_robotConfig-version.cmake
[0.047s] -- Up-to-date: /home/aniketh05/ros2_ws/install/my_dd_robot/share/my_dd_robot/package.xml
[0.049s] Invoked command in '/home/aniketh05/ros2_ws/build/my_dd_robot' returned '0': CMAKE_PREFIX_PATH=${CMAKE_PREFIX_PATH}:/home/aniketh05/my_ros2_ws/install/turtle_control:/home/aniketh05/my_ros2_ws/install/my_services:/home/aniketh05/my_ros2_ws/install/my_pkg_prac:/home/aniketh05/my_ros2_ws/install/my_pkg_01:/opt/ros/humble /usr/bin/cmake --install /home/aniketh05/ros2_ws/build/my_dd_robot
