[0.249s] DEBUG:colcon:Command line arguments: ['/usr/bin/colcon', 'build']
[0.249s] DEBUG:colcon:Parsed command line arguments: Namespace(log_base=None, log_level=None, verb_name='build', build_base='build', install_base='install', merge_install=False, symlink_install=False, test_result_base=None, continue_on_error=False, executor='parallel', parallel_workers=12, event_handlers=None, ignore_user_meta=False, metas=['./colcon.meta'], base_paths=['.'], packages_ignore=None, packages_ignore_regex=None, paths=None, packages_up_to=None, packages_up_to_regex=None, packages_above=None, packages_above_and_dependencies=None, packages_above_depth=None, packages_select_by_dep=None, packages_skip_by_dep=None, packages_skip_up_to=None, packages_select_build_failed=False, packages_skip_build_finished=False, packages_select_test_failures=False, packages_skip_test_passed=False, packages_select=None, packages_skip=None, packages_select_regex=None, packages_skip_regex=None, packages_start=None, packages_end=None, allow_overriding=[], cmake_args=None, cmake_target=None, cmake_target_skip_unavailable=False, cmake_clean_cache=False, cmake_clean_first=False, cmake_force_configure=False, ament_cmake_args=None, catkin_cmake_args=None, catkin_skip_building_tests=False, mixin_files=None, mixin=None, verb_parser=<colcon_mixin.mixin.mixin_argument.MixinArgumentDecorator object at 0x7f4d6bd97c10>, verb_extension=<colcon_core.verb.build.BuildVerb object at 0x7f4d6bf50c10>, main=<bound method BuildVerb.main of <colcon_core.verb.build.BuildVerb object at 0x7f4d6bf50c10>>, mixin_verb=('build',))
[0.408s] Level 1:colcon.colcon_core.package_discovery:discover_packages(colcon_meta) check parameters
[0.409s] Level 1:colcon.colcon_core.package_discovery:discover_packages(recursive) check parameters
[0.409s] Level 1:colcon.colcon_core.package_discovery:discover_packages(ignore) check parameters
[0.409s] Level 1:colcon.colcon_core.package_discovery:discover_packages(path) check parameters
[0.409s] Level 1:colcon.colcon_core.package_discovery:discover_packages(colcon_meta) discover
[0.409s] Level 1:colcon.colcon_core.package_discovery:discover_packages(recursive) discover
[0.409s] INFO:colcon.colcon_core.package_discovery:Crawling recursively for packages in '/home/aniketh05/ros2_ws'
[0.409s] Level 1:colcon.colcon_core.package_identification:_identify(.) by extensions ['ignore', 'ignore_ament_install']
[0.409s] Level 1:colcon.colcon_core.package_identification:_identify(.) by extension 'ignore'
[0.409s] Level 1:colcon.colcon_core.package_identification:_identify(.) by extension 'ignore_ament_install'
[0.409s] Level 1:colcon.colcon_core.package_identification:_identify(.) by extensions ['colcon_pkg']
[0.409s] Level 1:colcon.colcon_core.package_identification:_identify(.) by extension 'colcon_pkg'
[0.409s] Level 1:colcon.colcon_core.package_identification:_identify(.) by extensions ['colcon_meta']
[0.409s] Level 1:colcon.colcon_core.package_identification:_identify(.) by extension 'colcon_meta'
[0.409s] Level 1:colcon.colcon_core.package_identification:_identify(.) by extensions ['ros']
[0.409s] Level 1:colcon.colcon_core.package_identification:_identify(.) by extension 'ros'
[0.431s] Level 1:colcon.colcon_core.package_identification:_identify(.) by extensions ['cmake', 'python']
[0.431s] Level 1:colcon.colcon_core.package_identification:_identify(.) by extension 'cmake'
[0.431s] Level 1:colcon.colcon_core.package_identification:_identify(.) by extension 'python'
[0.431s] Level 1:colcon.colcon_core.package_identification:_identify(.) by extensions ['python_setup_py']
[0.431s] Level 1:colcon.colcon_core.package_identification:_identify(.) by extension 'python_setup_py'
[0.431s] Level 1:colcon.colcon_core.package_identification:_identify(build) by extensions ['ignore', 'ignore_ament_install']
[0.432s] Level 1:colcon.colcon_core.package_identification:_identify(build) by extension 'ignore'
[0.432s] Level 1:colcon.colcon_core.package_identification:_identify(build) ignored
[0.432s] Level 1:colcon.colcon_core.package_identification:_identify(install) by extensions ['ignore', 'ignore_ament_install']
[0.432s] Level 1:colcon.colcon_core.package_identification:_identify(install) by extension 'ignore'
[0.432s] Level 1:colcon.colcon_core.package_identification:_identify(install) ignored
[0.432s] Level 1:colcon.colcon_core.package_identification:_identify(log) by extensions ['ignore', 'ignore_ament_install']
[0.432s] Level 1:colcon.colcon_core.package_identification:_identify(log) by extension 'ignore'
[0.432s] Level 1:colcon.colcon_core.package_identification:_identify(log) ignored
[0.432s] Level 1:colcon.colcon_core.package_identification:_identify(src) by extensions ['ignore', 'ignore_ament_install']
[0.433s] Level 1:colcon.colcon_core.package_identification:_identify(src) by extension 'ignore'
[0.433s] Level 1:colcon.colcon_core.package_identification:_identify(src) by extension 'ignore_ament_install'
[0.433s] Level 1:colcon.colcon_core.package_identification:_identify(src) by extensions ['colcon_pkg']
[0.433s] Level 1:colcon.colcon_core.package_identification:_identify(src) by extension 'colcon_pkg'
[0.433s] Level 1:colcon.colcon_core.package_identification:_identify(src) by extensions ['colcon_meta']
[0.433s] Level 1:colcon.colcon_core.package_identification:_identify(src) by extension 'colcon_meta'
[0.433s] Level 1:colcon.colcon_core.package_identification:_identify(src) by extensions ['ros']
[0.433s] Level 1:colcon.colcon_core.package_identification:_identify(src) by extension 'ros'
[0.433s] Level 1:colcon.colcon_core.package_identification:_identify(src) by extensions ['cmake', 'python']
[0.433s] Level 1:colcon.colcon_core.package_identification:_identify(src) by extension 'cmake'
[0.433s] Level 1:colcon.colcon_core.package_identification:_identify(src) by extension 'python'
[0.433s] Level 1:colcon.colcon_core.package_identification:_identify(src) by extensions ['python_setup_py']
[0.433s] Level 1:colcon.colcon_core.package_identification:_identify(src) by extension 'python_setup_py'
[0.433s] Level 1:colcon.colcon_core.package_identification:_identify(src/my_ddrobot) by extensions ['ignore', 'ignore_ament_install']
[0.433s] Level 1:colcon.colcon_core.package_identification:_identify(src/my_ddrobot) by extension 'ignore'
[0.433s] Level 1:colcon.colcon_core.package_identification:_identify(src/my_ddrobot) by extension 'ignore_ament_install'
[0.433s] Level 1:colcon.colcon_core.package_identification:_identify(src/my_ddrobot) by extensions ['colcon_pkg']
[0.433s] Level 1:colcon.colcon_core.package_identification:_identify(src/my_ddrobot) by extension 'colcon_pkg'
[0.433s] Level 1:colcon.colcon_core.package_identification:_identify(src/my_ddrobot) by extensions ['colcon_meta']
[0.433s] Level 1:colcon.colcon_core.package_identification:_identify(src/my_ddrobot) by extension 'colcon_meta'
[0.433s] Level 1:colcon.colcon_core.package_identification:_identify(src/my_ddrobot) by extensions ['ros']
[0.433s] Level 1:colcon.colcon_core.package_identification:_identify(src/my_ddrobot) by extension 'ros'
[0.436s] DEBUG:colcon.colcon_core.package_identification:Package 'src/my_ddrobot' with type 'ros.ament_cmake' and name 'my_ddrobot'
[0.436s] Level 1:colcon.colcon_core.package_identification:_identify(src/my_gesture_arm) by extensions ['ignore', 'ignore_ament_install']
[0.436s] Level 1:colcon.colcon_core.package_identification:_identify(src/my_gesture_arm) by extension 'ignore'
[0.436s] Level 1:colcon.colcon_core.package_identification:_identify(src/my_gesture_arm) by extension 'ignore_ament_install'
[0.436s] Level 1:colcon.colcon_core.package_identification:_identify(src/my_gesture_arm) by extensions ['colcon_pkg']
[0.436s] Level 1:colcon.colcon_core.package_identification:_identify(src/my_gesture_arm) by extension 'colcon_pkg'
[0.437s] Level 1:colcon.colcon_core.package_identification:_identify(src/my_gesture_arm) by extensions ['colcon_meta']
[0.437s] Level 1:colcon.colcon_core.package_identification:_identify(src/my_gesture_arm) by extension 'colcon_meta'
[0.437s] Level 1:colcon.colcon_core.package_identification:_identify(src/my_gesture_arm) by extensions ['ros']
[0.437s] Level 1:colcon.colcon_core.package_identification:_identify(src/my_gesture_arm) by extension 'ros'
[0.438s] DEBUG:colcon.colcon_core.package_identification:Package 'src/my_gesture_arm' with type 'ros.ament_cmake' and name 'my_gesture_arm'
[0.438s] Level 1:colcon.colcon_core.package_discovery:discover_packages(recursive) using defaults
[0.438s] Level 1:colcon.colcon_core.package_discovery:discover_packages(ignore) discover
[0.439s] Level 1:colcon.colcon_core.package_discovery:discover_packages(ignore) using defaults
[0.439s] Level 1:colcon.colcon_core.package_discovery:discover_packages(path) discover
[0.439s] Level 1:colcon.colcon_core.package_discovery:discover_packages(path) using defaults
[0.457s] Level 1:colcon.colcon_core.package_discovery:discover_packages(prefix_path) check parameters
[0.457s] Level 1:colcon.colcon_core.package_discovery:discover_packages(prefix_path) discover
[0.458s] DEBUG:colcon.colcon_installed_package_information.package_discovery:Found 3 installed packages in /home/aniketh05/ros2_ws/install
[0.459s] DEBUG:colcon.colcon_installed_package_information.package_discovery:Found 7 installed packages in /home/aniketh05/my_ros2_ws/install
[0.461s] DEBUG:colcon.colcon_installed_package_information.package_discovery:Found 398 installed packages in /opt/ros/humble
[0.463s] Level 1:colcon.colcon_core.package_discovery:discover_packages(prefix_path) using defaults
[0.499s] Level 5:colcon.colcon_core.verb:set package 'my_ddrobot' build argument 'cmake_args' from command line to 'None'
[0.500s] Level 5:colcon.colcon_core.verb:set package 'my_ddrobot' build argument 'cmake_target' from command line to 'None'
[0.500s] Level 5:colcon.colcon_core.verb:set package 'my_ddrobot' build argument 'cmake_target_skip_unavailable' from command line to 'False'
[0.500s] Level 5:colcon.colcon_core.verb:set package 'my_ddrobot' build argument 'cmake_clean_cache' from command line to 'False'
[0.500s] Level 5:colcon.colcon_core.verb:set package 'my_ddrobot' build argument 'cmake_clean_first' from command line to 'False'
[0.500s] Level 5:colcon.colcon_core.verb:set package 'my_ddrobot' build argument 'cmake_force_configure' from command line to 'False'
[0.500s] Level 5:colcon.colcon_core.verb:set package 'my_ddrobot' build argument 'ament_cmake_args' from command line to 'None'
[0.500s] Level 5:colcon.colcon_core.verb:set package 'my_ddrobot' build argument 'catkin_cmake_args' from command line to 'None'
[0.500s] Level 5:colcon.colcon_core.verb:set package 'my_ddrobot' build argument 'catkin_skip_building_tests' from command line to 'False'
[0.500s] DEBUG:colcon.colcon_core.verb:Building package 'my_ddrobot' with the following arguments: {'ament_cmake_args': None, 'build_base': '/home/aniketh05/ros2_ws/build/my_ddrobot', 'catkin_cmake_args': None, 'catkin_skip_building_tests': False, 'cmake_args': None, 'cmake_clean_cache': False, 'cmake_clean_first': False, 'cmake_force_configure': False, 'cmake_target': None, 'cmake_target_skip_unavailable': False, 'install_base': '/home/aniketh05/ros2_ws/install/my_ddrobot', 'merge_install': False, 'path': '/home/aniketh05/ros2_ws/src/my_ddrobot', 'symlink_install': False, 'test_result_base': None}
[0.500s] Level 5:colcon.colcon_core.verb:set package 'my_gesture_arm' build argument 'cmake_args' from command line to 'None'
[0.500s] Level 5:colcon.colcon_core.verb:set package 'my_gesture_arm' build argument 'cmake_target' from command line to 'None'
[0.500s] Level 5:colcon.colcon_core.verb:set package 'my_gesture_arm' build argument 'cmake_target_skip_unavailable' from command line to 'False'
[0.500s] Level 5:colcon.colcon_core.verb:set package 'my_gesture_arm' build argument 'cmake_clean_cache' from command line to 'False'
[0.500s] Level 5:colcon.colcon_core.verb:set package 'my_gesture_arm' build argument 'cmake_clean_first' from command line to 'False'
[0.500s] Level 5:colcon.colcon_core.verb:set package 'my_gesture_arm' build argument 'cmake_force_configure' from command line to 'False'
[0.500s] Level 5:colcon.colcon_core.verb:set package 'my_gesture_arm' build argument 'ament_cmake_args' from command line to 'None'
[0.500s] Level 5:colcon.colcon_core.verb:set package 'my_gesture_arm' build argument 'catkin_cmake_args' from command line to 'None'
[0.500s] Level 5:colcon.colcon_core.verb:set package 'my_gesture_arm' build argument 'catkin_skip_building_tests' from command line to 'False'
[0.500s] DEBUG:colcon.colcon_core.verb:Building package 'my_gesture_arm' with the following arguments: {'ament_cmake_args': None, 'build_base': '/home/aniketh05/ros2_ws/build/my_gesture_arm', 'catkin_cmake_args': None, 'catkin_skip_building_tests': False, 'cmake_args': None, 'cmake_clean_cache': False, 'cmake_clean_first': False, 'cmake_force_configure': False, 'cmake_target': None, 'cmake_target_skip_unavailable': False, 'install_base': '/home/aniketh05/ros2_ws/install/my_gesture_arm', 'merge_install': False, 'path': '/home/aniketh05/ros2_ws/src/my_gesture_arm', 'symlink_install': False, 'test_result_base': None}
[0.500s] INFO:colcon.colcon_core.executor:Executing jobs using 'parallel' executor
[0.501s] DEBUG:colcon.colcon_parallel_executor.executor.parallel:run_until_complete
[0.502s] INFO:colcon.colcon_ros.task.ament_cmake.build:Building ROS package in '/home/aniketh05/ros2_ws/src/my_ddrobot' with build type 'ament_cmake'
[0.502s] INFO:colcon.colcon_cmake.task.cmake.build:Building CMake package in '/home/aniketh05/ros2_ws/src/my_ddrobot'
[0.505s] INFO:colcon.colcon_core.plugin_system:Skipping extension 'colcon_core.shell.bat': Not used on non-Windows systems
[0.505s] INFO:colcon.colcon_core.shell:Skip shell extension 'powershell' for command environment: Not usable outside of PowerShell
[0.506s] DEBUG:colcon.colcon_core.shell:Skip shell extension 'dsv' for command environment
[0.512s] INFO:colcon.colcon_ros.task.ament_cmake.build:Building ROS package in '/home/aniketh05/ros2_ws/src/my_gesture_arm' with build type 'ament_cmake'
[0.513s] INFO:colcon.colcon_cmake.task.cmake.build:Building CMake package in '/home/aniketh05/ros2_ws/src/my_gesture_arm'
[0.513s] INFO:colcon.colcon_core.shell:Skip shell extension 'powershell' for command environment: Not usable outside of PowerShell
[0.513s] DEBUG:colcon.colcon_core.shell:Skip shell extension 'dsv' for command environment
[0.527s] DEBUG:colcon.colcon_core.event_handler.log_command:Invoking command in '/home/aniketh05/ros2_ws/build/my_ddrobot': CMAKE_PREFIX_PATH=${CMAKE_PREFIX_PATH}:/home/aniketh05/my_ros2_ws/install/turtle_control:/home/aniketh05/my_ros2_ws/install/my_services:/home/aniketh05/my_ros2_ws/install/my_pkg_prac:/home/aniketh05/my_ros2_ws/install/my_pkg_01:/opt/ros/humble /usr/bin/cmake --build /home/aniketh05/ros2_ws/build/my_ddrobot -- -j12 -l12
[0.533s] DEBUG:colcon.colcon_core.event_handler.log_command:Invoking command in '/home/aniketh05/ros2_ws/build/my_gesture_arm': CMAKE_PREFIX_PATH=${CMAKE_PREFIX_PATH}:/home/aniketh05/my_ros2_ws/install/turtle_control:/home/aniketh05/my_ros2_ws/install/my_services:/home/aniketh05/my_ros2_ws/install/my_pkg_prac:/home/aniketh05/my_ros2_ws/install/my_pkg_01:/opt/ros/humble /usr/bin/cmake --build /home/aniketh05/ros2_ws/build/my_gesture_arm -- -j12 -l12
[0.558s] DEBUG:colcon.colcon_core.event_handler.log_command:Invoked command in '/home/aniketh05/ros2_ws/build/my_ddrobot' returned '0': CMAKE_PREFIX_PATH=${CMAKE_PREFIX_PATH}:/home/aniketh05/my_ros2_ws/install/turtle_control:/home/aniketh05/my_ros2_ws/install/my_services:/home/aniketh05/my_ros2_ws/install/my_pkg_prac:/home/aniketh05/my_ros2_ws/install/my_pkg_01:/opt/ros/humble /usr/bin/cmake --build /home/aniketh05/ros2_ws/build/my_ddrobot -- -j12 -l12
[0.567s] DEBUG:colcon.colcon_core.event_handler.log_command:Invoking command in '/home/aniketh05/ros2_ws/build/my_ddrobot': CMAKE_PREFIX_PATH=${CMAKE_PREFIX_PATH}:/home/aniketh05/my_ros2_ws/install/turtle_control:/home/aniketh05/my_ros2_ws/install/my_services:/home/aniketh05/my_ros2_ws/install/my_pkg_prac:/home/aniketh05/my_ros2_ws/install/my_pkg_01:/opt/ros/humble /usr/bin/cmake --install /home/aniketh05/ros2_ws/build/my_ddrobot
[0.577s] Level 1:colcon.colcon_core.environment:create_environment_scripts_only(my_ddrobot)
[0.577s] DEBUG:colcon.colcon_core.event_handler.log_command:Invoked command in '/home/aniketh05/ros2_ws/build/my_ddrobot' returned '0': CMAKE_PREFIX_PATH=${CMAKE_PREFIX_PATH}:/home/aniketh05/my_ros2_ws/install/turtle_control:/home/aniketh05/my_ros2_ws/install/my_services:/home/aniketh05/my_ros2_ws/install/my_pkg_prac:/home/aniketh05/my_ros2_ws/install/my_pkg_01:/opt/ros/humble /usr/bin/cmake --install /home/aniketh05/ros2_ws/build/my_ddrobot
[0.579s] Level 1:colcon.colcon_core.environment:checking '/home/aniketh05/ros2_ws/install/my_ddrobot' for CMake module files
[0.580s] Level 1:colcon.colcon_core.environment:checking '/home/aniketh05/ros2_ws/install/my_ddrobot' for CMake config files
[0.580s] Level 1:colcon.colcon_core.shell:create_environment_hook('my_ddrobot', 'cmake_prefix_path')
[0.580s] INFO:colcon.colcon_core.shell:Creating environment hook '/home/aniketh05/ros2_ws/install/my_ddrobot/share/my_ddrobot/hook/cmake_prefix_path.ps1'
[0.581s] INFO:colcon.colcon_core.shell:Creating environment descriptor '/home/aniketh05/ros2_ws/install/my_ddrobot/share/my_ddrobot/hook/cmake_prefix_path.dsv'
[0.581s] INFO:colcon.colcon_core.shell:Creating environment hook '/home/aniketh05/ros2_ws/install/my_ddrobot/share/my_ddrobot/hook/cmake_prefix_path.sh'
[0.582s] Level 1:colcon.colcon_core.environment:checking '/home/aniketh05/ros2_ws/install/my_ddrobot/bin'
[0.582s] Level 1:colcon.colcon_core.environment:checking '/home/aniketh05/ros2_ws/install/my_ddrobot/lib/pkgconfig/my_ddrobot.pc'
[0.582s] Level 1:colcon.colcon_core.environment:checking '/home/aniketh05/ros2_ws/install/my_ddrobot/lib/python3.10/site-packages'
[0.583s] Level 1:colcon.colcon_core.environment:checking '/home/aniketh05/ros2_ws/install/my_ddrobot/bin'
[0.583s] INFO:colcon.colcon_core.shell:Creating package script '/home/aniketh05/ros2_ws/install/my_ddrobot/share/my_ddrobot/package.ps1'
[0.584s] INFO:colcon.colcon_core.shell:Creating package descriptor '/home/aniketh05/ros2_ws/install/my_ddrobot/share/my_ddrobot/package.dsv'
[0.584s] INFO:colcon.colcon_core.shell:Creating package script '/home/aniketh05/ros2_ws/install/my_ddrobot/share/my_ddrobot/package.sh'
[0.585s] INFO:colcon.colcon_core.shell:Creating package script '/home/aniketh05/ros2_ws/install/my_ddrobot/share/my_ddrobot/package.bash'
[0.587s] INFO:colcon.colcon_core.shell:Creating package script '/home/aniketh05/ros2_ws/install/my_ddrobot/share/my_ddrobot/package.zsh'
[0.588s] Level 1:colcon.colcon_core.environment:create_file_with_runtime_dependencies(/home/aniketh05/ros2_ws/install/my_ddrobot/share/colcon-core/packages/my_ddrobot)
[0.589s] Level 1:colcon.colcon_core.environment:create_environment_scripts_only(my_ddrobot)
[0.590s] Level 1:colcon.colcon_core.environment:checking '/home/aniketh05/ros2_ws/install/my_ddrobot' for CMake module files
[0.590s] Level 1:colcon.colcon_core.environment:checking '/home/aniketh05/ros2_ws/install/my_ddrobot' for CMake config files
[0.590s] Level 1:colcon.colcon_core.shell:create_environment_hook('my_ddrobot', 'cmake_prefix_path')
[0.591s] INFO:colcon.colcon_core.shell:Creating environment hook '/home/aniketh05/ros2_ws/install/my_ddrobot/share/my_ddrobot/hook/cmake_prefix_path.ps1'
[0.591s] INFO:colcon.colcon_core.shell:Creating environment descriptor '/home/aniketh05/ros2_ws/install/my_ddrobot/share/my_ddrobot/hook/cmake_prefix_path.dsv'
[0.592s] INFO:colcon.colcon_core.shell:Creating environment hook '/home/aniketh05/ros2_ws/install/my_ddrobot/share/my_ddrobot/hook/cmake_prefix_path.sh'
[0.592s] Level 1:colcon.colcon_core.environment:checking '/home/aniketh05/ros2_ws/install/my_ddrobot/bin'
[0.592s] Level 1:colcon.colcon_core.environment:checking '/home/aniketh05/ros2_ws/install/my_ddrobot/lib/pkgconfig/my_ddrobot.pc'
[0.593s] Level 1:colcon.colcon_core.environment:checking '/home/aniketh05/ros2_ws/install/my_ddrobot/lib/python3.10/site-packages'
[0.593s] Level 1:colcon.colcon_core.environment:checking '/home/aniketh05/ros2_ws/install/my_ddrobot/bin'
[0.593s] INFO:colcon.colcon_core.shell:Creating package script '/home/aniketh05/ros2_ws/install/my_ddrobot/share/my_ddrobot/package.ps1'
[0.593s] INFO:colcon.colcon_core.shell:Creating package descriptor '/home/aniketh05/ros2_ws/install/my_ddrobot/share/my_ddrobot/package.dsv'
[0.594s] INFO:colcon.colcon_core.shell:Creating package script '/home/aniketh05/ros2_ws/install/my_ddrobot/share/my_ddrobot/package.sh'
[0.594s] INFO:colcon.colcon_core.shell:Creating package script '/home/aniketh05/ros2_ws/install/my_ddrobot/share/my_ddrobot/package.bash'
[0.595s] INFO:colcon.colcon_core.shell:Creating package script '/home/aniketh05/ros2_ws/install/my_ddrobot/share/my_ddrobot/package.zsh'
[0.595s] Level 1:colcon.colcon_core.environment:create_file_with_runtime_dependencies(/home/aniketh05/ros2_ws/install/my_ddrobot/share/colcon-core/packages/my_ddrobot)
[36.248s] DEBUG:colcon.colcon_core.event_handler.log_command:Invoked command in '/home/aniketh05/ros2_ws/build/my_gesture_arm' returned '0': CMAKE_PREFIX_PATH=${CMAKE_PREFIX_PATH}:/home/aniketh05/my_ros2_ws/install/turtle_control:/home/aniketh05/my_ros2_ws/install/my_services:/home/aniketh05/my_ros2_ws/install/my_pkg_prac:/home/aniketh05/my_ros2_ws/install/my_pkg_01:/opt/ros/humble /usr/bin/cmake --build /home/aniketh05/ros2_ws/build/my_gesture_arm -- -j12 -l12
[36.250s] DEBUG:colcon.colcon_core.event_handler.log_command:Invoking command in '/home/aniketh05/ros2_ws/build/my_gesture_arm': CMAKE_PREFIX_PATH=${CMAKE_PREFIX_PATH}:/home/aniketh05/my_ros2_ws/install/turtle_control:/home/aniketh05/my_ros2_ws/install/my_services:/home/aniketh05/my_ros2_ws/install/my_pkg_prac:/home/aniketh05/my_ros2_ws/install/my_pkg_01:/opt/ros/humble /usr/bin/cmake --install /home/aniketh05/ros2_ws/build/my_gesture_arm
[36.264s] Level 1:colcon.colcon_core.environment:create_environment_scripts_only(my_gesture_arm)
[36.265s] DEBUG:colcon.colcon_core.event_handler.log_command:Invoked command in '/home/aniketh05/ros2_ws/build/my_gesture_arm' returned '0': CMAKE_PREFIX_PATH=${CMAKE_PREFIX_PATH}:/home/aniketh05/my_ros2_ws/install/turtle_control:/home/aniketh05/my_ros2_ws/install/my_services:/home/aniketh05/my_ros2_ws/install/my_pkg_prac:/home/aniketh05/my_ros2_ws/install/my_pkg_01:/opt/ros/humble /usr/bin/cmake --install /home/aniketh05/ros2_ws/build/my_gesture_arm
[36.265s] Level 1:colcon.colcon_core.environment:checking '/home/aniketh05/ros2_ws/install/my_gesture_arm' for CMake module files
[36.265s] Level 1:colcon.colcon_core.environment:checking '/home/aniketh05/ros2_ws/install/my_gesture_arm' for CMake config files
[36.266s] Level 1:colcon.colcon_core.shell:create_environment_hook('my_gesture_arm', 'cmake_prefix_path')
[36.266s] INFO:colcon.colcon_core.shell:Creating environment hook '/home/aniketh05/ros2_ws/install/my_gesture_arm/share/my_gesture_arm/hook/cmake_prefix_path.ps1'
[36.266s] INFO:colcon.colcon_core.shell:Creating environment descriptor '/home/aniketh05/ros2_ws/install/my_gesture_arm/share/my_gesture_arm/hook/cmake_prefix_path.dsv'
[36.267s] INFO:colcon.colcon_core.shell:Creating environment hook '/home/aniketh05/ros2_ws/install/my_gesture_arm/share/my_gesture_arm/hook/cmake_prefix_path.sh'
[36.267s] Level 1:colcon.colcon_core.environment:checking '/home/aniketh05/ros2_ws/install/my_gesture_arm/lib'
[36.267s] Level 1:colcon.colcon_core.environment:checking '/home/aniketh05/ros2_ws/install/my_gesture_arm/bin'
[36.267s] Level 1:colcon.colcon_core.environment:checking '/home/aniketh05/ros2_ws/install/my_gesture_arm/lib/pkgconfig/my_gesture_arm.pc'
[36.267s] Level 1:colcon.colcon_core.environment:checking '/home/aniketh05/ros2_ws/install/my_gesture_arm/lib/python3.10/site-packages'
[36.268s] Level 1:colcon.colcon_core.environment:checking '/home/aniketh05/ros2_ws/install/my_gesture_arm/bin'
[36.268s] INFO:colcon.colcon_core.shell:Creating package script '/home/aniketh05/ros2_ws/install/my_gesture_arm/share/my_gesture_arm/package.ps1'
[36.268s] INFO:colcon.colcon_core.shell:Creating package descriptor '/home/aniketh05/ros2_ws/install/my_gesture_arm/share/my_gesture_arm/package.dsv'
[36.268s] INFO:colcon.colcon_core.shell:Creating package script '/home/aniketh05/ros2_ws/install/my_gesture_arm/share/my_gesture_arm/package.sh'
[36.269s] INFO:colcon.colcon_core.shell:Creating package script '/home/aniketh05/ros2_ws/install/my_gesture_arm/share/my_gesture_arm/package.bash'
[36.269s] INFO:colcon.colcon_core.shell:Creating package script '/home/aniketh05/ros2_ws/install/my_gesture_arm/share/my_gesture_arm/package.zsh'
[36.269s] Level 1:colcon.colcon_core.environment:create_file_with_runtime_dependencies(/home/aniketh05/ros2_ws/install/my_gesture_arm/share/colcon-core/packages/my_gesture_arm)
[36.270s] Level 1:colcon.colcon_core.environment:create_environment_scripts_only(my_gesture_arm)
[36.270s] Level 1:colcon.colcon_core.environment:checking '/home/aniketh05/ros2_ws/install/my_gesture_arm' for CMake module files
[36.270s] Level 1:colcon.colcon_core.environment:checking '/home/aniketh05/ros2_ws/install/my_gesture_arm' for CMake config files
[36.270s] Level 1:colcon.colcon_core.shell:create_environment_hook('my_gesture_arm', 'cmake_prefix_path')
[36.271s] INFO:colcon.colcon_core.shell:Creating environment hook '/home/aniketh05/ros2_ws/install/my_gesture_arm/share/my_gesture_arm/hook/cmake_prefix_path.ps1'
[36.271s] INFO:colcon.colcon_core.shell:Creating environment descriptor '/home/aniketh05/ros2_ws/install/my_gesture_arm/share/my_gesture_arm/hook/cmake_prefix_path.dsv'
[36.271s] INFO:colcon.colcon_core.shell:Creating environment hook '/home/aniketh05/ros2_ws/install/my_gesture_arm/share/my_gesture_arm/hook/cmake_prefix_path.sh'
[36.272s] Level 1:colcon.colcon_core.environment:checking '/home/aniketh05/ros2_ws/install/my_gesture_arm/lib'
[36.272s] Level 1:colcon.colcon_core.environment:checking '/home/aniketh05/ros2_ws/install/my_gesture_arm/bin'
[36.272s] Level 1:colcon.colcon_core.environment:checking '/home/aniketh05/ros2_ws/install/my_gesture_arm/lib/pkgconfig/my_gesture_arm.pc'
[36.272s] Level 1:colcon.colcon_core.environment:checking '/home/aniketh05/ros2_ws/install/my_gesture_arm/lib/python3.10/site-packages'
[36.273s] Level 1:colcon.colcon_core.environment:checking '/home/aniketh05/ros2_ws/install/my_gesture_arm/bin'
[36.273s] INFO:colcon.colcon_core.shell:Creating package script '/home/aniketh05/ros2_ws/install/my_gesture_arm/share/my_gesture_arm/package.ps1'
[36.273s] INFO:colcon.colcon_core.shell:Creating package descriptor '/home/aniketh05/ros2_ws/install/my_gesture_arm/share/my_gesture_arm/package.dsv'
[36.274s] INFO:colcon.colcon_core.shell:Creating package script '/home/aniketh05/ros2_ws/install/my_gesture_arm/share/my_gesture_arm/package.sh'
[36.274s] INFO:colcon.colcon_core.shell:Creating package script '/home/aniketh05/ros2_ws/install/my_gesture_arm/share/my_gesture_arm/package.bash'
[36.274s] INFO:colcon.colcon_core.shell:Creating package script '/home/aniketh05/ros2_ws/install/my_gesture_arm/share/my_gesture_arm/package.zsh'
[36.274s] Level 1:colcon.colcon_core.environment:create_file_with_runtime_dependencies(/home/aniketh05/ros2_ws/install/my_gesture_arm/share/colcon-core/packages/my_gesture_arm)
[36.275s] DEBUG:colcon.colcon_parallel_executor.executor.parallel:closing loop
[36.275s] DEBUG:colcon.colcon_parallel_executor.executor.parallel:loop closed
[36.275s] DEBUG:colcon.colcon_parallel_executor.executor.parallel:run_until_complete finished with '0'
[36.275s] DEBUG:colcon.colcon_core.event_reactor:joining thread
[36.284s] INFO:colcon.colcon_core.plugin_system:Skipping extension 'colcon_notification.desktop_notification.terminal_notifier': Not used on non-Darwin systems
[36.284s] INFO:colcon.colcon_core.plugin_system:Skipping extension 'colcon_notification.desktop_notification.win32': Not used on non-Windows systems
[36.284s] INFO:colcon.colcon_notification.desktop_notification:Sending desktop notification using 'notify2'
[36.286s] DEBUG:colcon.colcon_notification.desktop_notification.notify2:Failed to initialize notify2: org.freedesktop.DBus.Error.ServiceUnknown: The name org.freedesktop.Notifications was not provided by any .service files
[36.286s] DEBUG:colcon.colcon_core.event_reactor:joined thread
[36.287s] INFO:colcon.colcon_core.shell:Creating prefix script '/home/aniketh05/ros2_ws/install/local_setup.ps1'
[36.288s] INFO:colcon.colcon_core.shell:Creating prefix util module '/home/aniketh05/ros2_ws/install/_local_setup_util_ps1.py'
[36.289s] INFO:colcon.colcon_core.shell:Creating prefix chain script '/home/aniketh05/ros2_ws/install/setup.ps1'
[36.289s] INFO:colcon.colcon_core.shell:Creating prefix script '/home/aniketh05/ros2_ws/install/local_setup.sh'
[36.290s] INFO:colcon.colcon_core.shell:Creating prefix util module '/home/aniketh05/ros2_ws/install/_local_setup_util_sh.py'
[36.290s] INFO:colcon.colcon_core.shell:Creating prefix chain script '/home/aniketh05/ros2_ws/install/setup.sh'
[36.291s] INFO:colcon.colcon_core.shell:Creating prefix script '/home/aniketh05/ros2_ws/install/local_setup.bash'
[36.291s] INFO:colcon.colcon_core.shell:Creating prefix chain script '/home/aniketh05/ros2_ws/install/setup.bash'
[36.292s] INFO:colcon.colcon_core.shell:Creating prefix script '/home/aniketh05/ros2_ws/install/local_setup.zsh'
[36.292s] INFO:colcon.colcon_core.shell:Creating prefix chain script '/home/aniketh05/ros2_ws/install/setup.zsh'
