[0.011s] Invoking command in '/home/aniketh05/ros2_ws/build/my_ddrobot': CMAKE_PREFIX_PATH=/home/aniketh05/ros2_ws/install/navigation_tb3:/home/aniketh05/my_ros2_ws/install/turtle_control:/home/aniketh05/my_ros2_ws/install/my_services:/home/aniketh05/my_ros2_ws/install/my_pkg_prac:/home/aniketh05/my_ros2_ws/install/my_pkg_01:/opt/ros/humble:/home/aniketh05/ros2_ws/install/my_robot:/home/aniketh05/ros2_ws/install/my_gesture_arm:/home/aniketh05/ros2_ws/install/my_ddrobot:/home/aniketh05/my_ros2_ws/install/my_msg_srv:/home/aniketh05/my_ros2_ws/install/my_dd_robot /usr/bin/cmake --build /home/aniketh05/ros2_ws/build/my_ddrobot -- -j12 -l12
[0.051s] Invoked command in '/home/aniketh05/ros2_ws/build/my_ddrobot' returned '0': CMAKE_PREFIX_PATH=/home/aniketh05/ros2_ws/install/navigation_tb3:/home/aniketh05/my_ros2_ws/install/turtle_control:/home/aniketh05/my_ros2_ws/install/my_services:/home/aniketh05/my_ros2_ws/install/my_pkg_prac:/home/aniketh05/my_ros2_ws/install/my_pkg_01:/opt/ros/humble:/home/aniketh05/ros2_ws/install/my_robot:/home/aniketh05/ros2_ws/install/my_gesture_arm:/home/aniketh05/ros2_ws/install/my_ddrobot:/home/aniketh05/my_ros2_ws/install/my_msg_srv:/home/aniketh05/my_ros2_ws/install/my_dd_robot /usr/bin/cmake --build /home/aniketh05/ros2_ws/build/my_ddrobot -- -j12 -l12
[0.059s] Invoking command in '/home/aniketh05/ros2_ws/build/my_ddrobot': CMAKE_PREFIX_PATH=/home/aniketh05/ros2_ws/install/navigation_tb3:/home/aniketh05/my_ros2_ws/install/turtle_control:/home/aniketh05/my_ros2_ws/install/my_services:/home/aniketh05/my_ros2_ws/install/my_pkg_prac:/home/aniketh05/my_ros2_ws/install/my_pkg_01:/opt/ros/humble:/home/aniketh05/ros2_ws/install/my_robot:/home/aniketh05/ros2_ws/install/my_gesture_arm:/home/aniketh05/ros2_ws/install/my_ddrobot:/home/aniketh05/my_ros2_ws/install/my_msg_srv:/home/aniketh05/my_ros2_ws/install/my_dd_robot /usr/bin/cmake --install /home/aniketh05/ros2_ws/build/my_ddrobot
[0.066s] -- Install configuration: ""
[0.066s] -- Execute custom install script
[0.066s] -- Up-to-date symlink: /home/aniketh05/ros2_ws/install/my_ddrobot/share/my_ddrobot/launch/dd_robot.launch.py
[0.067s] -- Up-to-date symlink: /home/aniketh05/ros2_ws/install/my_ddrobot/share/my_ddrobot/model/my_dd_robot.gazebo
[0.067s] -- Up-to-date symlink: /home/aniketh05/ros2_ws/install/my_ddrobot/share/my_ddrobot/model/my_dd_robot_model.xacro
[0.067s] -- Up-to-date symlink: /home/aniketh05/ros2_ws/install/my_ddrobot/share/my_ddrobot/model/my_robot.urdf
[0.067s] -- Up-to-date symlink: /home/aniketh05/ros2_ws/install/my_ddrobot/share/my_ddrobot/model/robot_box.urdf
[0.067s] -- Up-to-date symlink: /home/aniketh05/ros2_ws/install/my_ddrobot/share/ament_index/resource_index/package_run_dependencies/my_ddrobot
[0.067s] -- Up-to-date symlink: /home/aniketh05/ros2_ws/install/my_ddrobot/share/ament_index/resource_index/parent_prefix_path/my_ddrobot
[0.068s] -- Up-to-date symlink: /home/aniketh05/ros2_ws/install/my_ddrobot/share/my_ddrobot/environment/ament_prefix_path.sh
[0.068s] -- Up-to-date symlink: /home/aniketh05/ros2_ws/install/my_ddrobot/share/my_ddrobot/environment/ament_prefix_path.dsv
[0.068s] -- Up-to-date symlink: /home/aniketh05/ros2_ws/install/my_ddrobot/share/my_ddrobot/environment/path.sh
[0.068s] -- Up-to-date symlink: /home/aniketh05/ros2_ws/install/my_ddrobot/share/my_ddrobot/environment/path.dsv
[0.068s] -- Up-to-date symlink: /home/aniketh05/ros2_ws/install/my_ddrobot/share/my_ddrobot/local_setup.bash
[0.068s] -- Up-to-date symlink: /home/aniketh05/ros2_ws/install/my_ddrobot/share/my_ddrobot/local_setup.sh
[0.068s] -- Up-to-date symlink: /home/aniketh05/ros2_ws/install/my_ddrobot/share/my_ddrobot/local_setup.zsh
[0.069s] -- Up-to-date symlink: /home/aniketh05/ros2_ws/install/my_ddrobot/share/my_ddrobot/local_setup.dsv
[0.069s] -- Symlinking: /home/aniketh05/ros2_ws/install/my_ddrobot/share/my_ddrobot/package.dsv
[0.076s] -- Up-to-date symlink: /home/aniketh05/ros2_ws/install/my_ddrobot/share/ament_index/resource_index/packages/my_ddrobot
[0.077s] -- Up-to-date symlink: /home/aniketh05/ros2_ws/install/my_ddrobot/share/my_ddrobot/cmake/my_ddrobotConfig.cmake
[0.077s] -- Up-to-date symlink: /home/aniketh05/ros2_ws/install/my_ddrobot/share/my_ddrobot/cmake/my_ddrobotConfig-version.cmake
[0.077s] -- Up-to-date symlink: /home/aniketh05/ros2_ws/install/my_ddrobot/share/my_ddrobot/package.xml
[0.079s] Invoked command in '/home/aniketh05/ros2_ws/build/my_ddrobot' returned '0': CMAKE_PREFIX_PATH=/home/aniketh05/ros2_ws/install/navigation_tb3:/home/aniketh05/my_ros2_ws/install/turtle_control:/home/aniketh05/my_ros2_ws/install/my_services:/home/aniketh05/my_ros2_ws/install/my_pkg_prac:/home/aniketh05/my_ros2_ws/install/my_pkg_01:/opt/ros/humble:/home/aniketh05/ros2_ws/install/my_robot:/home/aniketh05/ros2_ws/install/my_gesture_arm:/home/aniketh05/ros2_ws/install/my_ddrobot:/home/aniketh05/my_ros2_ws/install/my_msg_srv:/home/aniketh05/my_ros2_ws/install/my_dd_robot /usr/bin/cmake --install /home/aniketh05/ros2_ws/build/my_ddrobot
