[0.024s] Invoking command in '/home/aniketh05/ros2_ws/build/my_gesture_arm': CMAKE_PREFIX_PATH=${CMAKE_PREFIX_PATH}:/home/aniketh05/my_ros2_ws/install/turtle_control:/home/aniketh05/my_ros2_ws/install/my_services:/home/aniketh05/my_ros2_ws/install/my_pkg_prac:/home/aniketh05/my_ros2_ws/install/my_pkg_01:/opt/ros/humble /usr/bin/cmake --build /home/aniketh05/ros2_ws/build/my_gesture_arm -- -j12 -l12
[0.052s] -- Found ament_cmake: 1.3.11 (/opt/ros/humble/share/ament_cmake/cmake)
[0.205s] -- Found rclpy: 3.3.16 (/opt/ros/humble/share/rclpy/cmake)
[0.206s] -- Found geometry_msgs: 4.8.0 (/opt/ros/humble/share/geometry_msgs/cmake)
[0.515s] -- Found rosidl_generator_c: 3.1.6 (/opt/ros/humble/share/rosidl_generator_c/cmake)
[0.521s] -- Found rosidl_adapter: 3.1.6 (/opt/ros/humble/share/rosidl_adapter/cmake)
[0.535s] -- Found rosidl_generator_cpp: 3.1.6 (/opt/ros/humble/share/rosidl_generator_cpp/cmake)
[0.555s] -- Using all available rosidl_typesupport_c: rosidl_typesupport_fastrtps_c;rosidl_typesupport_introspection_c
[0.575s] -- Using all available rosidl_typesupport_cpp: rosidl_typesupport_fastrtps_cpp;rosidl_typesupport_introspection_cpp
[0.627s] -- Found sensor_msgs: 4.8.0 (/opt/ros/humble/share/sensor_msgs/cmake)
[0.647s] -- Found gazebo_ros: 3.9.0 (/opt/ros/humble/share/gazebo_ros/cmake)
[0.701s] -- Found rmw_implementation_cmake: 6.1.2 (/opt/ros/humble/share/rmw_implementation_cmake/cmake)
[0.705s] -- Found rmw_fastrtps_cpp: 6.2.7 (/opt/ros/humble/share/rmw_fastrtps_cpp/cmake)
[7.441s] -- Using RMW implementation 'rmw_fastrtps_cpp' as default
[7.541s] -- Found DART: /usr/include (Required is at least version "6.6") found components: dart 
[7.598s] -- Found Protobuf: /usr/lib/x86_64-linux-gnu/libprotobuf.so (found version "3.12.4") 
[7.603s] -- Looking for ignition-math6 -- found version 6.15.1
[7.613s] -- Searching for dependencies of ignition-math6
[7.615s] -- Looking for OGRE...
[7.622s] -- Found Ogre Ghadamon (1.9.0)
[7.623s] -- Found OGRE: optimized;/usr/lib/x86_64-linux-gnu/libOgreMain.so;debug;/usr/lib/x86_64-linux-gnu/libOgreMain.so
[7.631s] -- Looking for OGRE_Paging...
[7.631s] -- Found OGRE_Paging: optimized;/usr/lib/x86_64-linux-gnu/libOgrePaging.so;debug;/usr/lib/x86_64-linux-gnu/libOgrePaging.so
[7.631s] -- Looking for OGRE_Terrain...
[7.631s] -- Found OGRE_Terrain: optimized;/usr/lib/x86_64-linux-gnu/libOgreTerrain.so;debug;/usr/lib/x86_64-linux-gnu/libOgreTerrain.so
[7.631s] -- Looking for OGRE_Property...
[7.632s] -- Found OGRE_Property: optimized;/usr/lib/x86_64-linux-gnu/libOgreProperty.so;debug;/usr/lib/x86_64-linux-gnu/libOgreProperty.so
[7.632s] -- Looking for OGRE_RTShaderSystem...
[7.632s] -- Found OGRE_RTShaderSystem: optimized;/usr/lib/x86_64-linux-gnu/libOgreRTShaderSystem.so;debug;/usr/lib/x86_64-linux-gnu/libOgreRTShaderSystem.so
[7.632s] -- Looking for OGRE_Volume...
[7.632s] -- Found OGRE_Volume: optimized;/usr/lib/x86_64-linux-gnu/libOgreVolume.so;debug;/usr/lib/x86_64-linux-gnu/libOgreVolume.so
[7.632s] -- Looking for OGRE_Overlay...
[7.632s] -- Found OGRE_Overlay: optimized;/usr/lib/x86_64-linux-gnu/libOgreOverlay.so;debug;/usr/lib/x86_64-linux-gnu/libOgreOverlay.so
[21.940s] -- Looking for ignition-math6 -- found version 6.15.1
[21.962s] -- Looking for ignition-transport8 -- found version 8.2.1
[21.963s] -- Searching for dependencies of ignition-transport8
[23.078s] -- Found Protobuf: /usr/lib/x86_64-linux-gnu/libprotobuf.so (found suitable version "3.12.4", minimum required is "3") 
[23.951s] -- Config-file not installed for ZeroMQ -- checking for pkg-config
[23.955s] -- Checking for module 'libzmq >= 4'
[23.989s] --   Found libzmq , version 4.3.4
[24.011s] -- Checking for module 'uuid'
[24.018s] --   Found uuid, version 2.37.2
[24.037s] -- Looking for ignition-msgs5 -- found version 5.8.1
[24.037s] -- Searching for dependencies of ignition-msgs5
[24.893s] -- Looking for ignition-math6 -- found version 6.15.1
[24.898s] -- Checking for module 'tinyxml2'
[24.906s] --   Found tinyxml2, version 9.0.0
[24.928s] -- Looking for ignition-msgs5 -- found version 5.8.1
[24.930s] -- Looking for ignition-common3 -- found version 3.14.0
[24.930s] -- Searching for dependencies of ignition-common3
[24.931s] -- Looking for dlfcn.h - found
[24.931s] -- Looking for libdl - found
[24.994s] -- Searching for <ignition-common3> component [graphics]
[24.995s] -- Looking for ignition-common3-graphics -- found version 3.14.0
[24.995s] -- Searching for dependencies of ignition-common3-graphics
[24.996s] -- Looking for ignition-math6 -- found version 6.15.1
[24.998s] -- Looking for ignition-fuel_tools4 -- found version 4.4.0
[24.998s] -- Searching for dependencies of ignition-fuel_tools4
[26.208s] -- Checking for module 'jsoncpp'
[26.215s] --   Found jsoncpp, version 1.9.5
[26.236s] -- Checking for module 'libzip'
[26.243s] --   Found libzip, version 1.7.3
[26.260s] -- Looking for ignition-common3 -- found version 3.14.0
[26.260s] -- Looking for ignition-math6 -- found version 6.15.1
[26.261s] -- Looking for ignition-msgs5 -- found version 5.8.1
[26.263s] -- Gazebo version: 11.10
[26.264s] -- Found robot_state_publisher: 3.0.3 (/opt/ros/humble/share/robot_state_publisher/cmake)
[26.271s] -- Found eigen3_cmake_module: 0.1.1 (/opt/ros/humble/share/eigen3_cmake_module/cmake)
[26.272s] -- Ensuring Eigen3 include directory is part of orocos-kdl CMake target
[27.271s] -- Found rviz2: 11.2.16 (/opt/ros/humble/share/rviz2/cmake)
[27.272s] -- Found controller_manager: 2.49.0 (/opt/ros/humble/share/controller_manager/cmake)
[27.364s] -- Found ros2_control: 2.49.0 (/opt/ros/humble/share/ros2_control/cmake)
[27.365s] -- Found position_controllers: 2.43.0 (/opt/ros/humble/share/position_controllers/cmake)
[27.393s] -- Found joint_state_broadcaster: 2.43.0 (/opt/ros/humble/share/joint_state_broadcaster/cmake)
[27.403s] -- Found moveit_ros_move_group: 2.5.9 (/opt/ros/humble/share/moveit_ros_move_group/cmake)
[27.410s] -- Found Boost: /usr/lib/x86_64-linux-gnu/cmake/Boost-1.74.0/BoostConfig.cmake (found version "1.74.0") found components: system filesystem date_time program_options thread 
[27.442s] -- Found Boost: /usr/lib/x86_64-linux-gnu/cmake/Boost-1.74.0/BoostConfig.cmake (found version "1.74.0") found components: chrono date_time filesystem iostreams program_options regex serialization system thread 
[28.246s] -- Found Boost: /usr/lib/x86_64-linux-gnu/cmake/Boost-1.74.0/BoostConfig.cmake (found version "1.74.0") found components: filesystem 
[29.071s] -- library: /usr/lib/x86_64-linux-gnu/libcurl.so
[29.250s] -- Found Boost: /usr/lib/x86_64-linux-gnu/cmake/Boost-1.74.0/BoostConfig.cmake (found version "1.74.0") found components: system filesystem date_time program_options thread chrono 
[29.266s] -- Found ament_lint_auto: 0.12.12 (/opt/ros/humble/share/ament_lint_auto/cmake)
[29.345s] -- Added test 'flake8' to check Python code syntax and style conventions
[29.346s] -- Added test 'lint_cmake' to check CMake code style
[29.346s] -- Added test 'pep257' to check Python code against some of the docstring style conventions in PEP 257
[29.349s] -- Added test 'xmllint' to check XML markup files
[29.352s] -- Configuring done
[29.365s] -- Generating done
[29.368s] -- Build files have been written to: /home/aniketh05/ros2_ws/build/my_gesture_arm
[29.394s] Invoked command in '/home/aniketh05/ros2_ws/build/my_gesture_arm' returned '0': CMAKE_PREFIX_PATH=${CMAKE_PREFIX_PATH}:/home/aniketh05/my_ros2_ws/install/turtle_control:/home/aniketh05/my_ros2_ws/install/my_services:/home/aniketh05/my_ros2_ws/install/my_pkg_prac:/home/aniketh05/my_ros2_ws/install/my_pkg_01:/opt/ros/humble /usr/bin/cmake --build /home/aniketh05/ros2_ws/build/my_gesture_arm -- -j12 -l12
[29.396s] Invoking command in '/home/aniketh05/ros2_ws/build/my_gesture_arm': CMAKE_PREFIX_PATH=${CMAKE_PREFIX_PATH}:/home/aniketh05/my_ros2_ws/install/turtle_control:/home/aniketh05/my_ros2_ws/install/my_services:/home/aniketh05/my_ros2_ws/install/my_pkg_prac:/home/aniketh05/my_ros2_ws/install/my_pkg_01:/opt/ros/humble /usr/bin/cmake --install /home/aniketh05/ros2_ws/build/my_gesture_arm
[29.400s] -- Install configuration: ""
[29.400s] -- Up-to-date: /home/aniketh05/ros2_ws/install/my_gesture_arm/share/my_gesture_arm/launch
[29.400s] -- Up-to-date: /home/aniketh05/ros2_ws/install/my_gesture_arm/share/my_gesture_arm/launch/autonomous_robot.launch.py
[29.401s] -- Up-to-date: /home/aniketh05/ros2_ws/install/my_gesture_arm/share/my_gesture_arm/launch/dd_robot.launch.py
[29.401s] -- Up-to-date: /home/aniketh05/ros2_ws/install/my_gesture_arm/share/my_gesture_arm/model
[29.401s] -- Up-to-date: /home/aniketh05/ros2_ws/install/my_gesture_arm/share/my_gesture_arm/model/gesture_arm.gazebo
[29.401s] -- Up-to-date: /home/aniketh05/ros2_ws/install/my_gesture_arm/share/my_gesture_arm/model/my_gesture_arm.xacro
[29.401s] -- Up-to-date: /home/aniketh05/ros2_ws/install/my_gesture_arm/share/my_gesture_arm/model/log
[29.401s] -- Up-to-date: /home/aniketh05/ros2_ws/install/my_gesture_arm/share/my_gesture_arm/model/log/latest
[29.401s] -- Up-to-date: /home/aniketh05/ros2_ws/install/my_gesture_arm/share/my_gesture_arm/model/log/build_2025-04-07_01-31-33
[29.401s] -- Up-to-date: /home/aniketh05/ros2_ws/install/my_gesture_arm/share/my_gesture_arm/model/log/build_2025-04-07_01-31-33/events.log
[29.401s] -- Up-to-date: /home/aniketh05/ros2_ws/install/my_gesture_arm/share/my_gesture_arm/model/log/build_2025-04-07_01-31-33/logger_all.log
[29.402s] -- Up-to-date: /home/aniketh05/ros2_ws/install/my_gesture_arm/share/my_gesture_arm/model/log/latest_build
[29.402s] -- Up-to-date: /home/aniketh05/ros2_ws/install/my_gesture_arm/share/my_gesture_arm/model/log/COLCON_IGNORE
[29.402s] -- Up-to-date: /home/aniketh05/ros2_ws/install/my_gesture_arm/share/my_gesture_arm/model/empty_world.world
[29.402s] -- Up-to-date: /home/aniketh05/ros2_ws/install/my_gesture_arm/share/my_gesture_arm/model/gesture_arm.urdf
[29.402s] -- Up-to-date: /home/aniketh05/ros2_ws/install/my_gesture_arm/share/my_gesture_arm/model/task_world.world
[29.402s] -- Up-to-date: /home/aniketh05/ros2_ws/install/my_gesture_arm/share/my_gesture_arm/model/build
[29.402s] -- Up-to-date: /home/aniketh05/ros2_ws/install/my_gesture_arm/share/my_gesture_arm/model/build/.built_by
[29.402s] -- Up-to-date: /home/aniketh05/ros2_ws/install/my_gesture_arm/share/my_gesture_arm/model/build/COLCON_IGNORE
[29.403s] -- Up-to-date: /home/aniketh05/ros2_ws/install/my_gesture_arm/share/my_gesture_arm/model/install
[29.403s] -- Up-to-date: /home/aniketh05/ros2_ws/install/my_gesture_arm/share/my_gesture_arm/model/install/_local_setup_util_ps1.py
[29.403s] -- Up-to-date: /home/aniketh05/ros2_ws/install/my_gesture_arm/share/my_gesture_arm/model/install/setup.zsh
[29.403s] -- Up-to-date: /home/aniketh05/ros2_ws/install/my_gesture_arm/share/my_gesture_arm/model/install/.colcon_install_layout
[29.403s] -- Up-to-date: /home/aniketh05/ros2_ws/install/my_gesture_arm/share/my_gesture_arm/model/install/_local_setup_util_sh.py
[29.403s] -- Up-to-date: /home/aniketh05/ros2_ws/install/my_gesture_arm/share/my_gesture_arm/model/install/local_setup.sh
[29.403s] -- Up-to-date: /home/aniketh05/ros2_ws/install/my_gesture_arm/share/my_gesture_arm/model/install/local_setup.bash
[29.403s] -- Up-to-date: /home/aniketh05/ros2_ws/install/my_gesture_arm/share/my_gesture_arm/model/install/local_setup.zsh
[29.403s] -- Up-to-date: /home/aniketh05/ros2_ws/install/my_gesture_arm/share/my_gesture_arm/model/install/local_setup.ps1
[29.403s] -- Up-to-date: /home/aniketh05/ros2_ws/install/my_gesture_arm/share/my_gesture_arm/model/install/setup.sh
[29.403s] -- Up-to-date: /home/aniketh05/ros2_ws/install/my_gesture_arm/share/my_gesture_arm/model/install/setup.ps1
[29.403s] -- Up-to-date: /home/aniketh05/ros2_ws/install/my_gesture_arm/share/my_gesture_arm/model/install/COLCON_IGNORE
[29.404s] -- Up-to-date: /home/aniketh05/ros2_ws/install/my_gesture_arm/share/my_gesture_arm/model/install/setup.bash
[29.404s] -- Up-to-date: /home/aniketh05/ros2_ws/install/my_gesture_arm/lib/my_gesture_arm/teleop_controller.py
[29.405s] -- Installing: /home/aniketh05/ros2_ws/install/my_gesture_arm/lib/my_gesture_arm/autonomous_robot.py
[29.405s] -- Up-to-date: /home/aniketh05/ros2_ws/install/my_gesture_arm/share/ament_index/resource_index/package_run_dependencies/my_gesture_arm
[29.406s] -- Installing: /home/aniketh05/ros2_ws/install/my_gesture_arm/share/ament_index/resource_index/parent_prefix_path/my_gesture_arm
[29.406s] -- Up-to-date: /home/aniketh05/ros2_ws/install/my_gesture_arm/share/my_gesture_arm/environment/ament_prefix_path.sh
[29.406s] -- Installing: /home/aniketh05/ros2_ws/install/my_gesture_arm/share/my_gesture_arm/environment/ament_prefix_path.dsv
[29.406s] -- Up-to-date: /home/aniketh05/ros2_ws/install/my_gesture_arm/share/my_gesture_arm/environment/path.sh
[29.406s] -- Installing: /home/aniketh05/ros2_ws/install/my_gesture_arm/share/my_gesture_arm/environment/path.dsv
[29.406s] -- Up-to-date: /home/aniketh05/ros2_ws/install/my_gesture_arm/share/my_gesture_arm/local_setup.bash
[29.407s] -- Up-to-date: /home/aniketh05/ros2_ws/install/my_gesture_arm/share/my_gesture_arm/local_setup.sh
[29.407s] -- Up-to-date: /home/aniketh05/ros2_ws/install/my_gesture_arm/share/my_gesture_arm/local_setup.zsh
[29.407s] -- Installing: /home/aniketh05/ros2_ws/install/my_gesture_arm/share/my_gesture_arm/local_setup.dsv
[29.407s] -- Installing: /home/aniketh05/ros2_ws/install/my_gesture_arm/share/my_gesture_arm/package.dsv
[29.407s] -- Up-to-date: /home/aniketh05/ros2_ws/install/my_gesture_arm/share/ament_index/resource_index/packages/my_gesture_arm
[29.407s] -- Up-to-date: /home/aniketh05/ros2_ws/install/my_gesture_arm/share/my_gesture_arm/cmake/my_gesture_armConfig.cmake
[29.407s] -- Up-to-date: /home/aniketh05/ros2_ws/install/my_gesture_arm/share/my_gesture_arm/cmake/my_gesture_armConfig-version.cmake
[29.407s] -- Up-to-date: /home/aniketh05/ros2_ws/install/my_gesture_arm/share/my_gesture_arm/package.xml
[29.408s] Invoked command in '/home/aniketh05/ros2_ws/build/my_gesture_arm' returned '0': CMAKE_PREFIX_PATH=${CMAKE_PREFIX_PATH}:/home/aniketh05/my_ros2_ws/install/turtle_control:/home/aniketh05/my_ros2_ws/install/my_services:/home/aniketh05/my_ros2_ws/install/my_pkg_prac:/home/aniketh05/my_ros2_ws/install/my_pkg_01:/opt/ros/humble /usr/bin/cmake --install /home/aniketh05/ros2_ws/build/my_gesture_arm
