[0.043s] Invoking command in '/home/aniketh05/ros2_ws/build/my_gesture_arm': CMAKE_PREFIX_PATH=${CMAKE_PREFIX_PATH}:/home/aniketh05/my_ros2_ws/install/turtle_control:/home/aniketh05/my_ros2_ws/install/my_services:/home/aniketh05/my_ros2_ws/install/my_pkg_prac:/home/aniketh05/my_ros2_ws/install/my_pkg_01:/opt/ros/humble /usr/bin/cmake /home/aniketh05/ros2_ws/src/my_gesture_arm -DCMAKE_INSTALL_PREFIX=/home/aniketh05/ros2_ws/install/my_gesture_arm
[0.401s] -- The C compiler identification is GNU 11.4.0
[1.094s] -- The CXX compiler identification is GNU 11.4.0
[1.498s] -- Detecting C compiler ABI info
[1.644s] -- Detecting C compiler ABI info - done
[1.651s] -- Check for working C compiler: /usr/bin/cc - skipped
[1.673s] -- Detecting C compile features
[1.674s] -- Detecting C compile features - done
[1.678s] -- Detecting CXX compiler ABI info
[1.940s] -- Detecting CXX compiler ABI info - done
[1.946s] -- Check for working CXX compiler: /usr/bin/c++ - skipped
[1.947s] -- Detecting CXX compile features
[1.947s] -- Detecting CXX compile features - done
[1.977s] -- Found ament_cmake: 1.3.11 (/opt/ros/humble/share/ament_cmake/cmake)
[2.158s] -- Found Python3: /usr/bin/python3 (found version "3.10.12") found components: Interpreter 
[2.289s] -- Found rclpy: 3.3.16 (/opt/ros/humble/share/rclpy/cmake)
[2.291s] -- Found geometry_msgs: 4.8.0 (/opt/ros/humble/share/geometry_msgs/cmake)
[2.491s] -- Found rosidl_generator_c: 3.1.6 (/opt/ros/humble/share/rosidl_generator_c/cmake)
[2.499s] -- Found rosidl_adapter: 3.1.6 (/opt/ros/humble/share/rosidl_adapter/cmake)
[2.507s] -- Found rosidl_generator_cpp: 3.1.6 (/opt/ros/humble/share/rosidl_generator_cpp/cmake)
[2.526s] -- Using all available rosidl_typesupport_c: rosidl_typesupport_fastrtps_c;rosidl_typesupport_introspection_c
[2.544s] -- Using all available rosidl_typesupport_cpp: rosidl_typesupport_fastrtps_cpp;rosidl_typesupport_introspection_cpp
[2.587s] -- Found sensor_msgs: 4.8.0 (/opt/ros/humble/share/sensor_msgs/cmake)
[2.607s] -- Found nav_msgs: 4.8.0 (/opt/ros/humble/share/nav_msgs/cmake)
[2.634s] -- Found visualization_msgs: 4.8.0 (/opt/ros/humble/share/visualization_msgs/cmake)
[2.654s] -- Found moveit_msgs: 2.2.1 (/opt/ros/humble/share/moveit_msgs/cmake)
[2.801s] -- Found tf2_ros: 0.25.12 (/opt/ros/humble/share/tf2_ros/cmake)
[2.898s] -- Found rmw_implementation_cmake: 6.1.2 (/opt/ros/humble/share/rmw_implementation_cmake/cmake)
[2.902s] -- Found rmw_fastrtps_cpp: 6.2.7 (/opt/ros/humble/share/rmw_fastrtps_cpp/cmake)
[4.486s] -- Found OpenSSL: /usr/lib/x86_64-linux-gnu/libcrypto.so (found version "3.0.2")  
[6.196s] -- Found FastRTPS: /opt/ros/humble/include  
[10.050s] -- Using RMW implementation 'rmw_fastrtps_cpp' as default
[10.084s] -- Looking for pthread.h
[10.340s] -- Looking for pthread.h - found
[10.340s] -- Performing Test CMAKE_HAVE_LIBC_PTHREAD
[10.584s] -- Performing Test CMAKE_HAVE_LIBC_PTHREAD - Success
[10.585s] -- Found Threads: TRUE  
[10.699s] -- Found gazebo_ros: 3.9.0 (/opt/ros/humble/share/gazebo_ros/cmake)
[10.713s] -- Found PkgConfig: /usr/bin/pkg-config (found version "0.29.2") 
[10.713s] -- Checking for module 'bullet>=2.82'
[10.723s] --   Found bullet, version 3.05
[10.883s] -- Found fcl: /usr/include (found suitable version "0.7.0", minimum required is "0.5.0") 
[10.922s] -- Found assimp: /usr/include (found version "5.2.0") 
[10.953s] -- Found DART: /usr/include (Required is at least version "6.6") found components: dart 
[10.983s] -- Found Boost: /usr/lib/x86_64-linux-gnu/cmake/Boost-1.74.0/BoostConfig.cmake (found suitable version "1.74.0", minimum required is "1.40.0") found components: thread system filesystem program_options regex iostreams date_time 
[11.462s] -- Found Protobuf: /usr/lib/x86_64-linux-gnu/libprotobuf.so (found version "3.12.4") 
[11.468s] -- Looking for ignition-math6 -- found version 6.15.1
[11.475s] -- Searching for dependencies of ignition-math6
[11.477s] -- Looking for OGRE...
[11.477s] -- OGRE_PREFIX_WATCH changed.
[11.482s] -- Checking for module 'OGRE'
[11.493s] --   Found OGRE, version 1.9.0
[11.526s] -- Found Ogre Ghadamon (1.9.0)
[11.946s] -- Found OGRE: optimized;/usr/lib/x86_64-linux-gnu/libOgreMain.so;debug;/usr/lib/x86_64-linux-gnu/libOgreMain.so
[11.957s] -- Looking for OGRE_Paging...
[12.552s] -- Found OGRE_Paging: optimized;/usr/lib/x86_64-linux-gnu/libOgrePaging.so;debug;/usr/lib/x86_64-linux-gnu/libOgrePaging.so
[12.552s] -- Looking for OGRE_Terrain...
[12.839s] -- Found OGRE_Terrain: optimized;/usr/lib/x86_64-linux-gnu/libOgreTerrain.so;debug;/usr/lib/x86_64-linux-gnu/libOgreTerrain.so
[12.839s] -- Looking for OGRE_Property...
[13.126s] -- Found OGRE_Property: optimized;/usr/lib/x86_64-linux-gnu/libOgreProperty.so;debug;/usr/lib/x86_64-linux-gnu/libOgreProperty.so
[13.126s] -- Looking for OGRE_RTShaderSystem...
[13.427s] -- Found OGRE_RTShaderSystem: optimized;/usr/lib/x86_64-linux-gnu/libOgreRTShaderSystem.so;debug;/usr/lib/x86_64-linux-gnu/libOgreRTShaderSystem.so
[13.427s] -- Looking for OGRE_Volume...
[13.877s] -- Found OGRE_Volume: optimized;/usr/lib/x86_64-linux-gnu/libOgreVolume.so;debug;/usr/lib/x86_64-linux-gnu/libOgreVolume.so
[13.877s] -- Looking for OGRE_Overlay...
[14.418s] -- Found OGRE_Overlay: optimized;/usr/lib/x86_64-linux-gnu/libOgreOverlay.so;debug;/usr/lib/x86_64-linux-gnu/libOgreOverlay.so
[37.101s] -- Looking for ignition-math6 -- found version 6.15.1
[37.127s] -- Looking for ignition-transport8 -- found version 8.2.1
[37.127s] -- Searching for dependencies of ignition-transport8
[38.208s] -- Found Protobuf: /usr/lib/x86_64-linux-gnu/libprotobuf.so (found suitable version "3.12.4", minimum required is "3") 
[39.619s] -- Config-file not installed for ZeroMQ -- checking for pkg-config
[39.623s] -- Checking for module 'libzmq >= 4'
[39.634s] --   Found libzmq , version 4.3.4
[39.686s] -- Found ZeroMQ: TRUE (Required is at least version "4") 
[39.715s] -- Checking for module 'uuid'
[39.725s] --   Found uuid, version 2.37.2
[39.750s] -- Found UUID: TRUE  
[39.752s] -- Looking for ignition-msgs5 -- found version 5.8.1
[39.753s] -- Searching for dependencies of ignition-msgs5
[40.913s] -- Looking for ignition-math6 -- found version 6.15.1
[40.918s] -- Checking for module 'tinyxml2'
[40.928s] --   Found tinyxml2, version 9.0.0
[40.956s] -- Looking for ignition-msgs5 -- found version 5.8.1
[40.980s] -- Looking for ignition-common3 -- found version 3.14.0
[40.981s] -- Searching for dependencies of ignition-common3
[41.021s] -- Looking for dlfcn.h - found
[41.049s] -- Looking for libdl - found
[41.051s] -- Found DL: TRUE  
[41.148s] -- Found tinyobjloader: /usr/lib/x86_64-linux-gnu/cmake/tinyobjloader/tinyobjloader-config.cmake (found version "2.0.0") 
[41.149s] -- Searching for <ignition-common3> component [graphics]
[41.151s] -- Looking for ignition-common3-graphics -- found version 3.14.0
[41.151s] -- Searching for dependencies of ignition-common3-graphics
[41.151s] -- Looking for ignition-math6 -- found version 6.15.1
[41.176s] -- Looking for ignition-fuel_tools4 -- found version 4.4.0
[41.176s] -- Searching for dependencies of ignition-fuel_tools4
[42.526s] -- Found CURL: /usr/lib/x86_64-linux-gnu/libcurl.so (found version "7.81.0")  
[42.535s] -- Checking for module 'jsoncpp'
[42.547s] --   Found jsoncpp, version 1.9.5
[42.573s] -- Found JSONCPP: TRUE  
[42.581s] -- Checking for module 'libzip'
[42.592s] --   Found libzip, version 1.7.3
[42.617s] -- Found ZIP: TRUE  
[42.617s] -- Looking for ignition-common3 -- found version 3.14.0
[42.617s] -- Looking for ignition-math6 -- found version 6.15.1
[42.618s] -- Looking for ignition-msgs5 -- found version 5.8.1
[42.621s] -- Gazebo version: 11.10
[42.621s] -- Checking for module 'tbb'
[42.658s] --   Found tbb, version 2021.5.0
[42.694s] -- Found gazebo_ros2_control: 0.4.10 (/opt/ros/humble/share/gazebo_ros2_control/cmake)
[44.289s] -- Found robot_state_publisher: 3.0.3 (/opt/ros/humble/share/robot_state_publisher/cmake)
[44.357s] -- Found eigen3_cmake_module: 0.1.1 (/opt/ros/humble/share/eigen3_cmake_module/cmake)
[44.359s] -- Found Eigen3: TRUE (found version "3.4.0") 
[44.359s] -- Ensuring Eigen3 include directory is part of orocos-kdl CMake target
[45.507s] [31mCMake Error at CMakeLists.txt:21 (find_package):
[45.507s]   By not providing "Findjoint_state_publisher.cmake" in CMAKE_MODULE_PATH
[45.507s]   this project has asked CMake to find a package configuration file provided
[45.507s]   by "joint_state_publisher", but CMake did not find one.
[45.507s] 
[45.507s]   Could not find a package configuration file provided by
[45.507s]   "joint_state_publisher" with any of the following names:
[45.507s] 
[45.507s]     joint_state_publisherConfig.cmake
[45.507s]     joint_state_publisher-config.cmake
[45.507s] 
[45.507s]   Add the installation prefix of "joint_state_publisher" to CMAKE_PREFIX_PATH
[45.507s]   or set "joint_state_publisher_DIR" to a directory containing one of the
[45.507s]   above files.  If "joint_state_publisher" provides a separate development
[45.507s]   package or SDK, be sure it has been installed.
[45.507s] 
[45.508s] [0m
[45.508s] -- Configuring incomplete, errors occurred!
[45.508s] See also "/home/aniketh05/ros2_ws/build/my_gesture_arm/CMakeFiles/CMakeOutput.log".
[45.522s] Invoked command in '/home/aniketh05/ros2_ws/build/my_gesture_arm' returned '1': CMAKE_PREFIX_PATH=${CMAKE_PREFIX_PATH}:/home/aniketh05/my_ros2_ws/install/turtle_control:/home/aniketh05/my_ros2_ws/install/my_services:/home/aniketh05/my_ros2_ws/install/my_pkg_prac:/home/aniketh05/my_ros2_ws/install/my_pkg_01:/opt/ros/humble /usr/bin/cmake /home/aniketh05/ros2_ws/src/my_gesture_arm -DCMAKE_INSTALL_PREFIX=/home/aniketh05/ros2_ws/install/my_gesture_arm
