[0.004s] Invoking command in '/home/aniketh05/ros2_ws/build/my_ddrobot': CMAKE_PREFIX_PATH=${CMAKE_PREFIX_PATH}:/home/aniketh05/my_ros2_ws/install/turtle_control:/home/aniketh05/my_ros2_ws/install/my_services:/home/aniketh05/my_ros2_ws/install/my_pkg_prac:/home/aniketh05/my_ros2_ws/install/my_pkg_01:/opt/ros/humble /usr/bin/cmake --build /home/aniketh05/ros2_ws/build/my_ddrobot -- -j12 -l12
[0.029s] Invoked command in '/home/aniketh05/ros2_ws/build/my_ddrobot' returned '0': CMAKE_PREFIX_PATH=${CMAKE_PREFIX_PATH}:/home/aniketh05/my_ros2_ws/install/turtle_control:/home/aniketh05/my_ros2_ws/install/my_services:/home/aniketh05/my_ros2_ws/install/my_pkg_prac:/home/aniketh05/my_ros2_ws/install/my_pkg_01:/opt/ros/humble /usr/bin/cmake --build /home/aniketh05/ros2_ws/build/my_ddrobot -- -j12 -l12
[0.035s] Invoking command in '/home/aniketh05/ros2_ws/build/my_ddrobot': CMAKE_PREFIX_PATH=${CMAKE_PREFIX_PATH}:/home/aniketh05/my_ros2_ws/install/turtle_control:/home/aniketh05/my_ros2_ws/install/my_services:/home/aniketh05/my_ros2_ws/install/my_pkg_prac:/home/aniketh05/my_ros2_ws/install/my_pkg_01:/opt/ros/humble /usr/bin/cmake --install /home/aniketh05/ros2_ws/build/my_ddrobot
[0.041s] -- Install configuration: ""
[0.043s] -- Up-to-date: /home/aniketh05/ros2_ws/install/my_ddrobot/share/my_ddrobot/launch
[0.043s] -- Up-to-date: /home/aniketh05/ros2_ws/install/my_ddrobot/share/my_ddrobot/launch/dd_robot.launch.py
[0.043s] -- Up-to-date: /home/aniketh05/ros2_ws/install/my_ddrobot/share/my_ddrobot/model
[0.043s] -- Up-to-date: /home/aniketh05/ros2_ws/install/my_ddrobot/share/my_ddrobot/model/my_dd_robot_model.xacro
[0.043s] -- Up-to-date: /home/aniketh05/ros2_ws/install/my_ddrobot/share/my_ddrobot/model/my_robot.urdf
[0.043s] -- Up-to-date: /home/aniketh05/ros2_ws/install/my_ddrobot/share/my_ddrobot/model/my_dd_robot.gazebo
[0.043s] -- Up-to-date: /home/aniketh05/ros2_ws/install/my_ddrobot/share/my_ddrobot/model/robot_box.urdf
[0.043s] -- Up-to-date: /home/aniketh05/ros2_ws/install/my_ddrobot/share/ament_index/resource_index/package_run_dependencies/my_ddrobot
[0.043s] -- Up-to-date: /home/aniketh05/ros2_ws/install/my_ddrobot/share/ament_index/resource_index/parent_prefix_path/my_ddrobot
[0.043s] -- Up-to-date: /home/aniketh05/ros2_ws/install/my_ddrobot/share/my_ddrobot/environment/ament_prefix_path.sh
[0.043s] -- Up-to-date: /home/aniketh05/ros2_ws/install/my_ddrobot/share/my_ddrobot/environment/ament_prefix_path.dsv
[0.043s] -- Up-to-date: /home/aniketh05/ros2_ws/install/my_ddrobot/share/my_ddrobot/environment/path.sh
[0.043s] -- Up-to-date: /home/aniketh05/ros2_ws/install/my_ddrobot/share/my_ddrobot/environment/path.dsv
[0.043s] -- Up-to-date: /home/aniketh05/ros2_ws/install/my_ddrobot/share/my_ddrobot/local_setup.bash
[0.043s] -- Up-to-date: /home/aniketh05/ros2_ws/install/my_ddrobot/share/my_ddrobot/local_setup.sh
[0.044s] -- Up-to-date: /home/aniketh05/ros2_ws/install/my_ddrobot/share/my_ddrobot/local_setup.zsh
[0.044s] -- Up-to-date: /home/aniketh05/ros2_ws/install/my_ddrobot/share/my_ddrobot/local_setup.dsv
[0.044s] -- Installing: /home/aniketh05/ros2_ws/install/my_ddrobot/share/my_ddrobot/package.dsv
[0.044s] -- Up-to-date: /home/aniketh05/ros2_ws/install/my_ddrobot/share/ament_index/resource_index/packages/my_ddrobot
[0.044s] -- Up-to-date: /home/aniketh05/ros2_ws/install/my_ddrobot/share/my_ddrobot/cmake/my_ddrobotConfig.cmake
[0.044s] -- Up-to-date: /home/aniketh05/ros2_ws/install/my_ddrobot/share/my_ddrobot/cmake/my_ddrobotConfig-version.cmake
[0.044s] -- Up-to-date: /home/aniketh05/ros2_ws/install/my_ddrobot/share/my_ddrobot/package.xml
[0.054s] Invoked command in '/home/aniketh05/ros2_ws/build/my_ddrobot' returned '0': CMAKE_PREFIX_PATH=${CMAKE_PREFIX_PATH}:/home/aniketh05/my_ros2_ws/install/turtle_control:/home/aniketh05/my_ros2_ws/install/my_services:/home/aniketh05/my_ros2_ws/install/my_pkg_prac:/home/aniketh05/my_ros2_ws/install/my_pkg_01:/opt/ros/humble /usr/bin/cmake --install /home/aniketh05/ros2_ws/build/my_ddrobot
