[0.013s] Invoking command in '/home/aniketh05/ros2_ws/build/my_gesture_arm': CMAKE_PREFIX_PATH=${CMAKE_PREFIX_PATH}:/home/aniketh05/my_ros2_ws/install/turtle_control:/home/aniketh05/my_ros2_ws/install/my_services:/home/aniketh05/my_ros2_ws/install/my_pkg_prac:/home/aniketh05/my_ros2_ws/install/my_pkg_01:/opt/ros/humble /usr/bin/cmake --build /home/aniketh05/ros2_ws/build/my_gesture_arm -- -j12 -l12
[0.027s] -- Found ament_cmake: 1.3.11 (/opt/ros/humble/share/ament_cmake/cmake)
[0.132s] -- Found rclpy: 3.3.16 (/opt/ros/humble/share/rclpy/cmake)
[0.135s] -- Found geometry_msgs: 4.8.0 (/opt/ros/humble/share/geometry_msgs/cmake)
[0.351s] -- Found rosidl_generator_c: 3.1.6 (/opt/ros/humble/share/rosidl_generator_c/cmake)
[0.358s] -- Found rosidl_adapter: 3.1.6 (/opt/ros/humble/share/rosidl_adapter/cmake)
[0.369s] -- Found rosidl_generator_cpp: 3.1.6 (/opt/ros/humble/share/rosidl_generator_cpp/cmake)
[0.386s] -- Using all available rosidl_typesupport_c: rosidl_typesupport_fastrtps_c;rosidl_typesupport_introspection_c
[0.406s] -- Using all available rosidl_typesupport_cpp: rosidl_typesupport_fastrtps_cpp;rosidl_typesupport_introspection_cpp
[0.451s] -- Found sensor_msgs: 4.8.0 (/opt/ros/humble/share/sensor_msgs/cmake)
[0.476s] -- Found gazebo_ros: 3.9.0 (/opt/ros/humble/share/gazebo_ros/cmake)
[0.533s] -- Found rmw_implementation_cmake: 6.1.2 (/opt/ros/humble/share/rmw_implementation_cmake/cmake)
[0.536s] -- Found rmw_fastrtps_cpp: 6.2.7 (/opt/ros/humble/share/rmw_fastrtps_cpp/cmake)
[1.901s] -- Found OpenSSL: /usr/lib/x86_64-linux-gnu/libcrypto.so (found version "3.0.2")  
[3.439s] -- Found FastRTPS: /opt/ros/humble/include  
[6.186s] -- Using RMW implementation 'rmw_fastrtps_cpp' as default
[6.197s] -- Looking for pthread.h
[6.425s] -- Looking for pthread.h - found
[6.425s] -- Performing Test CMAKE_HAVE_LIBC_PTHREAD
[6.552s] -- Performing Test CMAKE_HAVE_LIBC_PTHREAD - Success
[6.553s] -- Found Threads: TRUE  
[6.606s] -- Found PkgConfig: /usr/bin/pkg-config (found version "0.29.2") 
[6.607s] -- Checking for module 'bullet>=2.82'
[6.616s] --   Found bullet, version 3.05
[6.728s] -- Found fcl: /usr/include (found suitable version "0.7.0", minimum required is "0.5.0") 
[6.758s] -- Found assimp: /usr/include (found version "5.2.0") 
[6.786s] -- Found DART: /usr/include (Required is at least version "6.6") found components: dart 
[6.815s] -- Found Boost: /usr/lib/x86_64-linux-gnu/cmake/Boost-1.74.0/BoostConfig.cmake (found suitable version "1.74.0", minimum required is "1.40.0") found components: thread system filesystem program_options regex iostreams date_time 
[7.282s] -- Found Protobuf: /usr/lib/x86_64-linux-gnu/libprotobuf.so (found version "3.12.4") 
[7.288s] -- Looking for ignition-math6 -- found version 6.15.1
[7.297s] -- Searching for dependencies of ignition-math6
[7.299s] -- Looking for OGRE...
[7.300s] -- OGRE_PREFIX_WATCH changed.
[7.303s] -- Checking for module 'OGRE'
[7.311s] --   Found OGRE, version 1.9.0
[7.331s] -- Found Ogre Ghadamon (1.9.0)
[7.716s] -- Found OGRE: optimized;/usr/lib/x86_64-linux-gnu/libOgreMain.so;debug;/usr/lib/x86_64-linux-gnu/libOgreMain.so
[7.725s] -- Looking for OGRE_Paging...
[8.066s] -- Found OGRE_Paging: optimized;/usr/lib/x86_64-linux-gnu/libOgrePaging.so;debug;/usr/lib/x86_64-linux-gnu/libOgrePaging.so
[8.066s] -- Looking for OGRE_Terrain...
[8.445s] -- Found OGRE_Terrain: optimized;/usr/lib/x86_64-linux-gnu/libOgreTerrain.so;debug;/usr/lib/x86_64-linux-gnu/libOgreTerrain.so
[8.446s] -- Looking for OGRE_Property...
[8.788s] -- Found OGRE_Property: optimized;/usr/lib/x86_64-linux-gnu/libOgreProperty.so;debug;/usr/lib/x86_64-linux-gnu/libOgreProperty.so
[8.788s] -- Looking for OGRE_RTShaderSystem...
[9.149s] -- Found OGRE_RTShaderSystem: optimized;/usr/lib/x86_64-linux-gnu/libOgreRTShaderSystem.so;debug;/usr/lib/x86_64-linux-gnu/libOgreRTShaderSystem.so
[9.149s] -- Looking for OGRE_Volume...
[9.528s] -- Found OGRE_Volume: optimized;/usr/lib/x86_64-linux-gnu/libOgreVolume.so;debug;/usr/lib/x86_64-linux-gnu/libOgreVolume.so
[9.528s] -- Looking for OGRE_Overlay...
[9.896s] -- Found OGRE_Overlay: optimized;/usr/lib/x86_64-linux-gnu/libOgreOverlay.so;debug;/usr/lib/x86_64-linux-gnu/libOgreOverlay.so
[28.911s] -- Looking for ignition-math6 -- found version 6.15.1
[28.914s] -- Looking for ignition-transport8 -- found version 8.2.1
[28.915s] -- Searching for dependencies of ignition-transport8
[30.214s] -- Found Protobuf: /usr/lib/x86_64-linux-gnu/libprotobuf.so (found suitable version "3.12.4", minimum required is "3") 
[31.523s] -- Config-file not installed for ZeroMQ -- checking for pkg-config
[31.527s] -- Checking for module 'libzmq >= 4'
[31.538s] --   Found libzmq , version 4.3.4
[31.557s] -- Found ZeroMQ: TRUE (Required is at least version "4") 
[31.594s] -- Checking for module 'uuid'
[31.601s] --   Found uuid, version 2.37.2
[31.618s] -- Found UUID: TRUE  
[31.621s] -- Looking for ignition-msgs5 -- found version 5.8.1
[31.621s] -- Searching for dependencies of ignition-msgs5
[32.807s] -- Looking for ignition-math6 -- found version 6.15.1
[32.812s] -- Checking for module 'tinyxml2'
[32.819s] --   Found tinyxml2, version 9.0.0
[32.838s] -- Looking for ignition-msgs5 -- found version 5.8.1
[32.841s] -- Looking for ignition-common3 -- found version 3.14.0
[32.841s] -- Searching for dependencies of ignition-common3
[32.877s] -- Looking for dlfcn.h - found
[32.921s] -- Looking for libdl - found
[32.922s] -- Found DL: TRUE  
[32.996s] -- Found tinyobjloader: /usr/lib/x86_64-linux-gnu/cmake/tinyobjloader/tinyobjloader-config.cmake (found version "2.0.0") 
[32.997s] -- Searching for <ignition-common3> component [graphics]
[33.000s] -- Looking for ignition-common3-graphics -- found version 3.14.0
[33.000s] -- Searching for dependencies of ignition-common3-graphics
[33.001s] -- Looking for ignition-math6 -- found version 6.15.1
[33.007s] -- Looking for ignition-fuel_tools4 -- found version 4.4.0
[33.007s] -- Searching for dependencies of ignition-fuel_tools4
[34.589s] -- Found CURL: /usr/lib/x86_64-linux-gnu/libcurl.so (found version "7.81.0")  
[34.597s] -- Checking for module 'jsoncpp'
[34.606s] --   Found jsoncpp, version 1.9.5
[34.627s] -- Found JSONCPP: TRUE  
[34.631s] -- Checking for module 'libzip'
[34.639s] --   Found libzip, version 1.7.3
[34.659s] -- Found ZIP: TRUE  
[34.659s] -- Looking for ignition-common3 -- found version 3.14.0
[34.659s] -- Looking for ignition-math6 -- found version 6.15.1
[34.660s] -- Looking for ignition-msgs5 -- found version 5.8.1
[34.663s] -- Gazebo version: 11.10
[34.664s] -- Checking for module 'tbb'
[34.672s] --   Found tbb, version 2021.5.0
[34.694s] -- Found robot_state_publisher: 3.0.3 (/opt/ros/humble/share/robot_state_publisher/cmake)
[34.740s] -- Found eigen3_cmake_module: 0.1.1 (/opt/ros/humble/share/eigen3_cmake_module/cmake)
[34.742s] -- Found Eigen3: TRUE (found version "3.4.0") 
[34.743s] -- Ensuring Eigen3 include directory is part of orocos-kdl CMake target
[37.535s] [31mCMake Error at CMakeLists.txt:16 (find_package):
[37.536s]   By not providing "Findjoint_state_publisher_gui.cmake" in CMAKE_MODULE_PATH
[37.536s]   this project has asked CMake to find a package configuration file provided
[37.536s]   by "joint_state_publisher_gui", but CMake did not find one.
[37.536s] 
[37.536s]   Could not find a package configuration file provided by
[37.536s]   "joint_state_publisher_gui" with any of the following names:
[37.536s] 
[37.536s]     joint_state_publisher_guiConfig.cmake
[37.536s]     joint_state_publisher_gui-config.cmake
[37.536s] 
[37.536s]   Add the installation prefix of "joint_state_publisher_gui" to
[37.536s]   CMAKE_PREFIX_PATH or set "joint_state_publisher_gui_DIR" to a directory
[37.536s]   containing one of the above files.  If "joint_state_publisher_gui" provides
[37.536s]   a separate development package or SDK, be sure it has been installed.
[37.536s] 
[37.536s] [0m
[37.536s] -- Configuring incomplete, errors occurred!
[37.536s] See also "/home/aniketh05/ros2_ws/build/my_gesture_arm/CMakeFiles/CMakeOutput.log".
[37.544s] gmake: *** [Makefile:226: cmake_check_build_system] Error 1
[37.545s] Invoked command in '/home/aniketh05/ros2_ws/build/my_gesture_arm' returned '2': CMAKE_PREFIX_PATH=${CMAKE_PREFIX_PATH}:/home/aniketh05/my_ros2_ws/install/turtle_control:/home/aniketh05/my_ros2_ws/install/my_services:/home/aniketh05/my_ros2_ws/install/my_pkg_prac:/home/aniketh05/my_ros2_ws/install/my_pkg_01:/opt/ros/humble /usr/bin/cmake --build /home/aniketh05/ros2_ws/build/my_gesture_arm -- -j12 -l12
