-- Found ament_cmake: 1.3.11 (/opt/ros/humble/share/ament_cmake/cmake)
-- Found rclpy: 3.3.16 (/opt/ros/humble/share/rclpy/cmake)
-- Found geometry_msgs: 4.8.0 (/opt/ros/humble/share/geometry_msgs/cmake)
-- Found rosidl_generator_c: 3.1.6 (/opt/ros/humble/share/rosidl_generator_c/cmake)
-- Found rosidl_adapter: 3.1.6 (/opt/ros/humble/share/rosidl_adapter/cmake)
-- Found rosidl_generator_cpp: 3.1.6 (/opt/ros/humble/share/rosidl_generator_cpp/cmake)
-- Using all available rosidl_typesupport_c: rosidl_typesupport_fastrtps_c;rosidl_typesupport_introspection_c
-- Using all available rosidl_typesupport_cpp: rosidl_typesupport_fastrtps_cpp;rosidl_typesupport_introspection_cpp
-- Found sensor_msgs: 4.8.0 (/opt/ros/humble/share/sensor_msgs/cmake)
-- Found nav_msgs: 4.8.0 (/opt/ros/humble/share/nav_msgs/cmake)
-- Found visualization_msgs: 4.8.0 (/opt/ros/humble/share/visualization_msgs/cmake)
-- Found moveit_msgs: 2.2.1 (/opt/ros/humble/share/moveit_msgs/cmake)
-- Found tf2_ros: 0.25.12 (/opt/ros/humble/share/tf2_ros/cmake)
-- Found rmw_implementation_cmake: 6.1.2 (/opt/ros/humble/share/rmw_implementation_cmake/cmake)
-- Found rmw_fastrtps_cpp: 6.2.7 (/opt/ros/humble/share/rmw_fastrtps_cpp/cmake)
-- Using RMW implementation 'rmw_fastrtps_cpp' as default
-- Found gazebo_ros: 3.9.0 (/opt/ros/humble/share/gazebo_ros/cmake)
-- Found DART: /usr/include (Required is at least version "6.6") found components: dart 
-- Found Protobuf: /usr/lib/x86_64-linux-gnu/libprotobuf.so (found version "3.12.4") 
-- Looking for ignition-math6 -- found version 6.15.1
-- Searching for dependencies of ignition-math6
-- Looking for OGRE...
-- Found Ogre Ghadamon (1.9.0)
-- Found OGRE: optimized;/usr/lib/x86_64-linux-gnu/libOgreMain.so;debug;/usr/lib/x86_64-linux-gnu/libOgreMain.so
-- Looking for OGRE_Paging...
-- Found OGRE_Paging: optimized;/usr/lib/x86_64-linux-gnu/libOgrePaging.so;debug;/usr/lib/x86_64-linux-gnu/libOgrePaging.so
-- Looking for OGRE_Terrain...
-- Found OGRE_Terrain: optimized;/usr/lib/x86_64-linux-gnu/libOgreTerrain.so;debug;/usr/lib/x86_64-linux-gnu/libOgreTerrain.so
-- Looking for OGRE_Property...
-- Found OGRE_Property: optimized;/usr/lib/x86_64-linux-gnu/libOgreProperty.so;debug;/usr/lib/x86_64-linux-gnu/libOgreProperty.so
-- Looking for OGRE_RTShaderSystem...
-- Found OGRE_RTShaderSystem: optimized;/usr/lib/x86_64-linux-gnu/libOgreRTShaderSystem.so;debug;/usr/lib/x86_64-linux-gnu/libOgreRTShaderSystem.so
-- Looking for OGRE_Volume...
-- Found OGRE_Volume: optimized;/usr/lib/x86_64-linux-gnu/libOgreVolume.so;debug;/usr/lib/x86_64-linux-gnu/libOgreVolume.so
-- Looking for OGRE_Overlay...
-- Found OGRE_Overlay: optimized;/usr/lib/x86_64-linux-gnu/libOgreOverlay.so;debug;/usr/lib/x86_64-linux-gnu/libOgreOverlay.so
-- Looking for ignition-math6 -- found version 6.15.1
-- Looking for ignition-transport8 -- found version 8.2.1
-- Searching for dependencies of ignition-transport8
-- Found Protobuf: /usr/lib/x86_64-linux-gnu/libprotobuf.so (found suitable version "3.12.4", minimum required is "3") 
-- Config-file not installed for ZeroMQ -- checking for pkg-config
-- Checking for module 'libzmq >= 4'
--   Found libzmq , version 4.3.4
-- Checking for module 'uuid'
--   Found uuid, version 2.37.2
-- Looking for ignition-msgs5 -- found version 5.8.1
-- Searching for dependencies of ignition-msgs5
-- Looking for ignition-math6 -- found version 6.15.1
-- Checking for module 'tinyxml2'
--   Found tinyxml2, version 9.0.0
-- Looking for ignition-msgs5 -- found version 5.8.1
-- Looking for ignition-common3 -- found version 3.14.0
-- Searching for dependencies of ignition-common3
-- Looking for dlfcn.h - found
-- Looking for libdl - found
-- Searching for <ignition-common3> component [graphics]
-- Looking for ignition-common3-graphics -- found version 3.14.0
-- Searching for dependencies of ignition-common3-graphics
-- Looking for ignition-math6 -- found version 6.15.1
-- Looking for ignition-fuel_tools4 -- found version 4.4.0
-- Searching for dependencies of ignition-fuel_tools4
-- Checking for module 'jsoncpp'
--   Found jsoncpp, version 1.9.5
-- Checking for module 'libzip'
--   Found libzip, version 1.7.3
-- Looking for ignition-common3 -- found version 3.14.0
-- Looking for ignition-math6 -- found version 6.15.1
-- Looking for ignition-msgs5 -- found version 5.8.1
-- Gazebo version: 11.10
-- Found gazebo_ros2_control: 0.4.10 (/opt/ros/humble/share/gazebo_ros2_control/cmake)
-- Found robot_state_publisher: 3.0.3 (/opt/ros/humble/share/robot_state_publisher/cmake)
-- Found eigen3_cmake_module: 0.1.1 (/opt/ros/humble/share/eigen3_cmake_module/cmake)
-- Ensuring Eigen3 include directory is part of orocos-kdl CMake target
-- Found rviz2: 11.2.17 (/opt/ros/humble/share/rviz2/cmake)
-- Found ros2_control: 2.50.0 (/opt/ros/humble/share/ros2_control/cmake)
-- Found position_controllers: 2.45.0 (/opt/ros/humble/share/position_controllers/cmake)
-- Found joint_state_broadcaster: 2.45.0 (/opt/ros/humble/share/joint_state_broadcaster/cmake)
-- Found moveit_ros_move_group: 2.5.9 (/opt/ros/humble/share/moveit_ros_move_group/cmake)
-- Found Boost: /usr/lib/x86_64-linux-gnu/cmake/Boost-1.74.0/BoostConfig.cmake (found version "1.74.0") found components: system filesystem date_time program_options thread 
-- Found Boost: /usr/lib/x86_64-linux-gnu/cmake/Boost-1.74.0/BoostConfig.cmake (found version "1.74.0") found components: chrono date_time filesystem iostreams program_options regex serialization system thread 
-- Found Boost: /usr/lib/x86_64-linux-gnu/cmake/Boost-1.74.0/BoostConfig.cmake (found version "1.74.0") found components: filesystem 
-- library: /usr/lib/x86_64-linux-gnu/libcurl.so
-- Found Boost: /usr/lib/x86_64-linux-gnu/cmake/Boost-1.74.0/BoostConfig.cmake (found version "1.74.0") found components: system filesystem date_time program_options thread chrono 
-- Found ament_lint_auto: 0.12.12 (/opt/ros/humble/share/ament_lint_auto/cmake)
-- Added test 'flake8' to check Python code syntax and style conventions
-- Added test 'lint_cmake' to check CMake code style
-- Added test 'pep257' to check Python code against some of the docstring style conventions in PEP 257
-- Added test 'xmllint' to check XML markup files
-- Configuring done
-- Generating done
-- Build files have been written to: /home/aniketh05/ros2_ws/build/my_gesture_arm
-- Install configuration: ""
-- Installing: /home/aniketh05/ros2_ws/install/my_gesture_arm/share/my_gesture_arm/launch
-- Installing: /home/aniketh05/ros2_ws/install/my_gesture_arm/share/my_gesture_arm/launch/moveit.launch.py
-- Installing: /home/aniketh05/ros2_ws/install/my_gesture_arm/share/my_gesture_arm/launch/autonomous_robot.launch.py
-- Installing: /home/aniketh05/ros2_ws/install/my_gesture_arm/share/my_gesture_arm/launch/dd_robot.launch.py
-- Installing: /home/aniketh05/ros2_ws/install/my_gesture_arm/share/my_gesture_arm/config
-- Installing: /home/aniketh05/ros2_ws/install/my_gesture_arm/share/my_gesture_arm/config/robot_config.rviz
-- Installing: /home/aniketh05/ros2_ws/install/my_gesture_arm/share/my_gesture_arm/config/controllers.yaml
-- Installing: /home/aniketh05/ros2_ws/install/my_gesture_arm/share/my_gesture_arm/model
-- Installing: /home/aniketh05/ros2_ws/install/my_gesture_arm/share/my_gesture_arm/model/gesture_arm.gazebo
-- Installing: /home/aniketh05/ros2_ws/install/my_gesture_arm/share/my_gesture_arm/model/my_gesture_arm.xacro
-- Installing: /home/aniketh05/ros2_ws/install/my_gesture_arm/share/my_gesture_arm/model/log
-- Installing: /home/aniketh05/ros2_ws/install/my_gesture_arm/share/my_gesture_arm/model/log/latest
-- Installing: /home/aniketh05/ros2_ws/install/my_gesture_arm/share/my_gesture_arm/model/log/build_2025-04-07_01-31-33
-- Installing: /home/aniketh05/ros2_ws/install/my_gesture_arm/share/my_gesture_arm/model/log/build_2025-04-07_01-31-33/events.log
-- Installing: /home/aniketh05/ros2_ws/install/my_gesture_arm/share/my_gesture_arm/model/log/build_2025-04-07_01-31-33/logger_all.log
-- Installing: /home/aniketh05/ros2_ws/install/my_gesture_arm/share/my_gesture_arm/model/log/latest_build
-- Installing: /home/aniketh05/ros2_ws/install/my_gesture_arm/share/my_gesture_arm/model/log/COLCON_IGNORE
-- Installing: /home/aniketh05/ros2_ws/install/my_gesture_arm/share/my_gesture_arm/model/empty_world.world
-- Installing: /home/aniketh05/ros2_ws/install/my_gesture_arm/share/my_gesture_arm/model/gesture_arm.urdf
-- Installing: /home/aniketh05/ros2_ws/install/my_gesture_arm/share/my_gesture_arm/model/task_world.world
-- Installing: /home/aniketh05/ros2_ws/install/my_gesture_arm/share/my_gesture_arm/model/build
-- Installing: /home/aniketh05/ros2_ws/install/my_gesture_arm/share/my_gesture_arm/model/build/.built_by
-- Installing: /home/aniketh05/ros2_ws/install/my_gesture_arm/share/my_gesture_arm/model/build/COLCON_IGNORE
-- Installing: /home/aniketh05/ros2_ws/install/my_gesture_arm/share/my_gesture_arm/model/install
-- Installing: /home/aniketh05/ros2_ws/install/my_gesture_arm/share/my_gesture_arm/model/install/_local_setup_util_ps1.py
-- Installing: /home/aniketh05/ros2_ws/install/my_gesture_arm/share/my_gesture_arm/model/install/setup.zsh
-- Installing: /home/aniketh05/ros2_ws/install/my_gesture_arm/share/my_gesture_arm/model/install/.colcon_install_layout
-- Installing: /home/aniketh05/ros2_ws/install/my_gesture_arm/share/my_gesture_arm/model/install/_local_setup_util_sh.py
-- Installing: /home/aniketh05/ros2_ws/install/my_gesture_arm/share/my_gesture_arm/model/install/local_setup.sh
-- Installing: /home/aniketh05/ros2_ws/install/my_gesture_arm/share/my_gesture_arm/model/install/local_setup.bash
-- Installing: /home/aniketh05/ros2_ws/install/my_gesture_arm/share/my_gesture_arm/model/install/local_setup.zsh
-- Installing: /home/aniketh05/ros2_ws/install/my_gesture_arm/share/my_gesture_arm/model/install/local_setup.ps1
-- Installing: /home/aniketh05/ros2_ws/install/my_gesture_arm/share/my_gesture_arm/model/install/setup.sh
-- Installing: /home/aniketh05/ros2_ws/install/my_gesture_arm/share/my_gesture_arm/model/install/setup.ps1
-- Installing: /home/aniketh05/ros2_ws/install/my_gesture_arm/share/my_gesture_arm/model/install/COLCON_IGNORE
-- Installing: /home/aniketh05/ros2_ws/install/my_gesture_arm/share/my_gesture_arm/model/install/setup.bash
-- Installing: /home/aniketh05/ros2_ws/install/my_gesture_arm/lib/my_gesture_arm/teleop_controller.py
-- Installing: /home/aniketh05/ros2_ws/install/my_gesture_arm/lib/my_gesture_arm/autonomous_robot_controller.py
-- Installing: /home/aniketh05/ros2_ws/install/my_gesture_arm/share/ament_index/resource_index/package_run_dependencies/my_gesture_arm
-- Installing: /home/aniketh05/ros2_ws/install/my_gesture_arm/share/ament_index/resource_index/parent_prefix_path/my_gesture_arm
-- Installing: /home/aniketh05/ros2_ws/install/my_gesture_arm/share/my_gesture_arm/environment/ament_prefix_path.sh
-- Installing: /home/aniketh05/ros2_ws/install/my_gesture_arm/share/my_gesture_arm/environment/ament_prefix_path.dsv
-- Installing: /home/aniketh05/ros2_ws/install/my_gesture_arm/share/my_gesture_arm/environment/path.sh
-- Installing: /home/aniketh05/ros2_ws/install/my_gesture_arm/share/my_gesture_arm/environment/path.dsv
-- Installing: /home/aniketh05/ros2_ws/install/my_gesture_arm/share/my_gesture_arm/local_setup.bash
-- Installing: /home/aniketh05/ros2_ws/install/my_gesture_arm/share/my_gesture_arm/local_setup.sh
-- Installing: /home/aniketh05/ros2_ws/install/my_gesture_arm/share/my_gesture_arm/local_setup.zsh
-- Installing: /home/aniketh05/ros2_ws/install/my_gesture_arm/share/my_gesture_arm/local_setup.dsv
-- Installing: /home/aniketh05/ros2_ws/install/my_gesture_arm/share/my_gesture_arm/package.dsv
-- Installing: /home/aniketh05/ros2_ws/install/my_gesture_arm/share/ament_index/resource_index/packages/my_gesture_arm
-- Installing: /home/aniketh05/ros2_ws/install/my_gesture_arm/share/my_gesture_arm/cmake/my_gesture_armConfig.cmake
-- Installing: /home/aniketh05/ros2_ws/install/my_gesture_arm/share/my_gesture_arm/cmake/my_gesture_armConfig-version.cmake
-- Installing: /home/aniketh05/ros2_ws/install/my_gesture_arm/share/my_gesture_arm/package.xml
