[0.488s] DEBUG:colcon:Command line arguments: ['/usr/bin/colcon', 'build']
[0.488s] DEBUG:colcon:Parsed command line arguments: Namespace(log_base=None, log_level=None, verb_name='build', build_base='build', install_base='install', merge_install=False, symlink_install=False, test_result_base=None, continue_on_error=False, executor='parallel', parallel_workers=12, event_handlers=None, ignore_user_meta=False, metas=['./colcon.meta'], base_paths=['.'], packages_ignore=None, packages_ignore_regex=None, paths=None, packages_up_to=None, packages_up_to_regex=None, packages_above=None, packages_above_and_dependencies=None, packages_above_depth=None, packages_select_by_dep=None, packages_skip_by_dep=None, packages_skip_up_to=None, packages_select_build_failed=False, packages_skip_build_finished=False, packages_select_test_failures=False, packages_skip_test_passed=False, packages_select=None, packages_skip=None, packages_select_regex=None, packages_skip_regex=None, packages_start=None, packages_end=None, allow_overriding=[], cmake_args=None, cmake_target=None, cmake_target_skip_unavailable=False, cmake_clean_cache=False, cmake_clean_first=False, cmake_force_configure=False, ament_cmake_args=None, catkin_cmake_args=None, catkin_skip_building_tests=False, mixin_files=None, mixin=None, verb_parser=<colcon_mixin.mixin.mixin_argument.MixinArgumentDecorator object at 0x7f7efc263c10>, verb_extension=<colcon_core.verb.build.BuildVerb object at 0x7f7efc41cc10>, main=<bound method BuildVerb.main of <colcon_core.verb.build.BuildVerb object at 0x7f7efc41cc10>>, mixin_verb=('build',))
[1.320s] Level 1:colcon.colcon_core.package_discovery:discover_packages(colcon_meta) check parameters
[1.320s] Level 1:colcon.colcon_core.package_discovery:discover_packages(recursive) check parameters
[1.320s] Level 1:colcon.colcon_core.package_discovery:discover_packages(ignore) check parameters
[1.320s] Level 1:colcon.colcon_core.package_discovery:discover_packages(path) check parameters
[1.320s] Level 1:colcon.colcon_core.package_discovery:discover_packages(colcon_meta) discover
[1.320s] Level 1:colcon.colcon_core.package_discovery:discover_packages(recursive) discover
[1.320s] INFO:colcon.colcon_core.package_discovery:Crawling recursively for packages in '/home/aniketh05/ros2_ws'
[1.321s] Level 1:colcon.colcon_core.package_identification:_identify(.) by extensions ['ignore', 'ignore_ament_install']
[1.321s] Level 1:colcon.colcon_core.package_identification:_identify(.) by extension 'ignore'
[1.321s] Level 1:colcon.colcon_core.package_identification:_identify(.) by extension 'ignore_ament_install'
[1.321s] Level 1:colcon.colcon_core.package_identification:_identify(.) by extensions ['colcon_pkg']
[1.321s] Level 1:colcon.colcon_core.package_identification:_identify(.) by extension 'colcon_pkg'
[1.321s] Level 1:colcon.colcon_core.package_identification:_identify(.) by extensions ['colcon_meta']
[1.321s] Level 1:colcon.colcon_core.package_identification:_identify(.) by extension 'colcon_meta'
[1.321s] Level 1:colcon.colcon_core.package_identification:_identify(.) by extensions ['ros']
[1.321s] Level 1:colcon.colcon_core.package_identification:_identify(.) by extension 'ros'
[1.356s] Level 1:colcon.colcon_core.package_identification:_identify(.) by extensions ['cmake', 'python']
[1.356s] Level 1:colcon.colcon_core.package_identification:_identify(.) by extension 'cmake'
[1.356s] Level 1:colcon.colcon_core.package_identification:_identify(.) by extension 'python'
[1.356s] Level 1:colcon.colcon_core.package_identification:_identify(.) by extensions ['python_setup_py']
[1.356s] Level 1:colcon.colcon_core.package_identification:_identify(.) by extension 'python_setup_py'
[1.356s] Level 1:colcon.colcon_core.package_identification:_identify(build) by extensions ['ignore', 'ignore_ament_install']
[1.356s] Level 1:colcon.colcon_core.package_identification:_identify(build) by extension 'ignore'
[1.357s] Level 1:colcon.colcon_core.package_identification:_identify(build) ignored
[1.357s] Level 1:colcon.colcon_core.package_identification:_identify(install) by extensions ['ignore', 'ignore_ament_install']
[1.357s] Level 1:colcon.colcon_core.package_identification:_identify(install) by extension 'ignore'
[1.357s] Level 1:colcon.colcon_core.package_identification:_identify(install) ignored
[1.357s] Level 1:colcon.colcon_core.package_identification:_identify(log) by extensions ['ignore', 'ignore_ament_install']
[1.357s] Level 1:colcon.colcon_core.package_identification:_identify(log) by extension 'ignore'
[1.357s] Level 1:colcon.colcon_core.package_identification:_identify(log) ignored
[1.358s] Level 1:colcon.colcon_core.package_identification:_identify(src) by extensions ['ignore', 'ignore_ament_install']
[1.358s] Level 1:colcon.colcon_core.package_identification:_identify(src) by extension 'ignore'
[1.358s] Level 1:colcon.colcon_core.package_identification:_identify(src) by extension 'ignore_ament_install'
[1.359s] Level 1:colcon.colcon_core.package_identification:_identify(src) by extensions ['colcon_pkg']
[1.359s] Level 1:colcon.colcon_core.package_identification:_identify(src) by extension 'colcon_pkg'
[1.359s] Level 1:colcon.colcon_core.package_identification:_identify(src) by extensions ['colcon_meta']
[1.359s] Level 1:colcon.colcon_core.package_identification:_identify(src) by extension 'colcon_meta'
[1.359s] Level 1:colcon.colcon_core.package_identification:_identify(src) by extensions ['ros']
[1.359s] Level 1:colcon.colcon_core.package_identification:_identify(src) by extension 'ros'
[1.359s] Level 1:colcon.colcon_core.package_identification:_identify(src) by extensions ['cmake', 'python']
[1.359s] Level 1:colcon.colcon_core.package_identification:_identify(src) by extension 'cmake'
[1.359s] Level 1:colcon.colcon_core.package_identification:_identify(src) by extension 'python'
[1.359s] Level 1:colcon.colcon_core.package_identification:_identify(src) by extensions ['python_setup_py']
[1.359s] Level 1:colcon.colcon_core.package_identification:_identify(src) by extension 'python_setup_py'
[1.360s] Level 1:colcon.colcon_core.package_identification:_identify(src/my_ddrobot) by extensions ['ignore', 'ignore_ament_install']
[1.360s] Level 1:colcon.colcon_core.package_identification:_identify(src/my_ddrobot) by extension 'ignore'
[1.360s] Level 1:colcon.colcon_core.package_identification:_identify(src/my_ddrobot) by extension 'ignore_ament_install'
[1.360s] Level 1:colcon.colcon_core.package_identification:_identify(src/my_ddrobot) by extensions ['colcon_pkg']
[1.360s] Level 1:colcon.colcon_core.package_identification:_identify(src/my_ddrobot) by extension 'colcon_pkg'
[1.360s] Level 1:colcon.colcon_core.package_identification:_identify(src/my_ddrobot) by extensions ['colcon_meta']
[1.360s] Level 1:colcon.colcon_core.package_identification:_identify(src/my_ddrobot) by extension 'colcon_meta'
[1.360s] Level 1:colcon.colcon_core.package_identification:_identify(src/my_ddrobot) by extensions ['ros']
[1.360s] Level 1:colcon.colcon_core.package_identification:_identify(src/my_ddrobot) by extension 'ros'
[1.366s] DEBUG:colcon.colcon_core.package_identification:Package 'src/my_ddrobot' with type 'ros.ament_cmake' and name 'my_ddrobot'
[1.366s] Level 1:colcon.colcon_core.package_identification:_identify(src/my_gesture_arm) by extensions ['ignore', 'ignore_ament_install']
[1.366s] Level 1:colcon.colcon_core.package_identification:_identify(src/my_gesture_arm) by extension 'ignore'
[1.366s] Level 1:colcon.colcon_core.package_identification:_identify(src/my_gesture_arm) by extension 'ignore_ament_install'
[1.366s] Level 1:colcon.colcon_core.package_identification:_identify(src/my_gesture_arm) by extensions ['colcon_pkg']
[1.366s] Level 1:colcon.colcon_core.package_identification:_identify(src/my_gesture_arm) by extension 'colcon_pkg'
[1.366s] Level 1:colcon.colcon_core.package_identification:_identify(src/my_gesture_arm) by extensions ['colcon_meta']
[1.366s] Level 1:colcon.colcon_core.package_identification:_identify(src/my_gesture_arm) by extension 'colcon_meta'
[1.366s] Level 1:colcon.colcon_core.package_identification:_identify(src/my_gesture_arm) by extensions ['ros']
[1.366s] Level 1:colcon.colcon_core.package_identification:_identify(src/my_gesture_arm) by extension 'ros'
[1.368s] DEBUG:colcon.colcon_core.package_identification:Package 'src/my_gesture_arm' with type 'ros.ament_cmake' and name 'my_gesture_arm'
[1.368s] Level 1:colcon.colcon_core.package_discovery:discover_packages(recursive) using defaults
[1.369s] Level 1:colcon.colcon_core.package_discovery:discover_packages(ignore) discover
[1.369s] Level 1:colcon.colcon_core.package_discovery:discover_packages(ignore) using defaults
[1.369s] Level 1:colcon.colcon_core.package_discovery:discover_packages(path) discover
[1.369s] Level 1:colcon.colcon_core.package_discovery:discover_packages(path) using defaults
[1.421s] Level 1:colcon.colcon_core.package_discovery:discover_packages(prefix_path) check parameters
[1.421s] Level 1:colcon.colcon_core.package_discovery:discover_packages(prefix_path) discover
[1.434s] DEBUG:colcon.colcon_installed_package_information.package_discovery:Found 3 installed packages in /home/aniketh05/ros2_ws/install
[1.435s] DEBUG:colcon.colcon_installed_package_information.package_discovery:Found 7 installed packages in /home/aniketh05/my_ros2_ws/install
[1.437s] DEBUG:colcon.colcon_installed_package_information.package_discovery:Found 398 installed packages in /opt/ros/humble
[1.444s] Level 1:colcon.colcon_core.package_discovery:discover_packages(prefix_path) using defaults
[1.549s] Level 5:colcon.colcon_core.verb:set package 'my_ddrobot' build argument 'cmake_args' from command line to 'None'
[1.549s] Level 5:colcon.colcon_core.verb:set package 'my_ddrobot' build argument 'cmake_target' from command line to 'None'
[1.549s] Level 5:colcon.colcon_core.verb:set package 'my_ddrobot' build argument 'cmake_target_skip_unavailable' from command line to 'False'
[1.549s] Level 5:colcon.colcon_core.verb:set package 'my_ddrobot' build argument 'cmake_clean_cache' from command line to 'False'
[1.549s] Level 5:colcon.colcon_core.verb:set package 'my_ddrobot' build argument 'cmake_clean_first' from command line to 'False'
[1.549s] Level 5:colcon.colcon_core.verb:set package 'my_ddrobot' build argument 'cmake_force_configure' from command line to 'False'
[1.549s] Level 5:colcon.colcon_core.verb:set package 'my_ddrobot' build argument 'ament_cmake_args' from command line to 'None'
[1.549s] Level 5:colcon.colcon_core.verb:set package 'my_ddrobot' build argument 'catkin_cmake_args' from command line to 'None'
[1.549s] Level 5:colcon.colcon_core.verb:set package 'my_ddrobot' build argument 'catkin_skip_building_tests' from command line to 'False'
[1.549s] DEBUG:colcon.colcon_core.verb:Building package 'my_ddrobot' with the following arguments: {'ament_cmake_args': None, 'build_base': '/home/aniketh05/ros2_ws/build/my_ddrobot', 'catkin_cmake_args': None, 'catkin_skip_building_tests': False, 'cmake_args': None, 'cmake_clean_cache': False, 'cmake_clean_first': False, 'cmake_force_configure': False, 'cmake_target': None, 'cmake_target_skip_unavailable': False, 'install_base': '/home/aniketh05/ros2_ws/install/my_ddrobot', 'merge_install': False, 'path': '/home/aniketh05/ros2_ws/src/my_ddrobot', 'symlink_install': False, 'test_result_base': None}
[1.551s] Level 5:colcon.colcon_core.verb:set package 'my_gesture_arm' build argument 'cmake_args' from command line to 'None'
[1.551s] Level 5:colcon.colcon_core.verb:set package 'my_gesture_arm' build argument 'cmake_target' from command line to 'None'
[1.551s] Level 5:colcon.colcon_core.verb:set package 'my_gesture_arm' build argument 'cmake_target_skip_unavailable' from command line to 'False'
[1.551s] Level 5:colcon.colcon_core.verb:set package 'my_gesture_arm' build argument 'cmake_clean_cache' from command line to 'False'
[1.551s] Level 5:colcon.colcon_core.verb:set package 'my_gesture_arm' build argument 'cmake_clean_first' from command line to 'False'
[1.551s] Level 5:colcon.colcon_core.verb:set package 'my_gesture_arm' build argument 'cmake_force_configure' from command line to 'False'
[1.551s] Level 5:colcon.colcon_core.verb:set package 'my_gesture_arm' build argument 'ament_cmake_args' from command line to 'None'
[1.551s] Level 5:colcon.colcon_core.verb:set package 'my_gesture_arm' build argument 'catkin_cmake_args' from command line to 'None'
[1.551s] Level 5:colcon.colcon_core.verb:set package 'my_gesture_arm' build argument 'catkin_skip_building_tests' from command line to 'False'
[1.551s] DEBUG:colcon.colcon_core.verb:Building package 'my_gesture_arm' with the following arguments: {'ament_cmake_args': None, 'build_base': '/home/aniketh05/ros2_ws/build/my_gesture_arm', 'catkin_cmake_args': None, 'catkin_skip_building_tests': False, 'cmake_args': None, 'cmake_clean_cache': False, 'cmake_clean_first': False, 'cmake_force_configure': False, 'cmake_target': None, 'cmake_target_skip_unavailable': False, 'install_base': '/home/aniketh05/ros2_ws/install/my_gesture_arm', 'merge_install': False, 'path': '/home/aniketh05/ros2_ws/src/my_gesture_arm', 'symlink_install': False, 'test_result_base': None}
[1.551s] INFO:colcon.colcon_core.executor:Executing jobs using 'parallel' executor
[1.553s] DEBUG:colcon.colcon_parallel_executor.executor.parallel:run_until_complete
[1.554s] INFO:colcon.colcon_ros.task.ament_cmake.build:Building ROS package in '/home/aniketh05/ros2_ws/src/my_ddrobot' with build type 'ament_cmake'
[1.554s] INFO:colcon.colcon_cmake.task.cmake.build:Building CMake package in '/home/aniketh05/ros2_ws/src/my_ddrobot'
[1.566s] INFO:colcon.colcon_core.plugin_system:Skipping extension 'colcon_core.shell.bat': Not used on non-Windows systems
[1.566s] INFO:colcon.colcon_core.shell:Skip shell extension 'powershell' for command environment: Not usable outside of PowerShell
[1.567s] DEBUG:colcon.colcon_core.shell:Skip shell extension 'dsv' for command environment
[1.575s] INFO:colcon.colcon_ros.task.ament_cmake.build:Building ROS package in '/home/aniketh05/ros2_ws/src/my_gesture_arm' with build type 'ament_cmake'
[1.575s] INFO:colcon.colcon_cmake.task.cmake.build:Building CMake package in '/home/aniketh05/ros2_ws/src/my_gesture_arm'
[1.575s] INFO:colcon.colcon_core.shell:Skip shell extension 'powershell' for command environment: Not usable outside of PowerShell
[1.575s] DEBUG:colcon.colcon_core.shell:Skip shell extension 'dsv' for command environment
[1.593s] DEBUG:colcon.colcon_core.event_handler.log_command:Invoking command in '/home/aniketh05/ros2_ws/build/my_ddrobot': CMAKE_PREFIX_PATH=${CMAKE_PREFIX_PATH}:/home/aniketh05/my_ros2_ws/install/turtle_control:/home/aniketh05/my_ros2_ws/install/my_services:/home/aniketh05/my_ros2_ws/install/my_pkg_prac:/home/aniketh05/my_ros2_ws/install/my_pkg_01:/opt/ros/humble /usr/bin/cmake --build /home/aniketh05/ros2_ws/build/my_ddrobot -- -j12 -l12
[1.610s] DEBUG:colcon.colcon_core.event_handler.log_command:Invoking command in '/home/aniketh05/ros2_ws/build/my_gesture_arm': CMAKE_PREFIX_PATH=${CMAKE_PREFIX_PATH}:/home/aniketh05/my_ros2_ws/install/turtle_control:/home/aniketh05/my_ros2_ws/install/my_services:/home/aniketh05/my_ros2_ws/install/my_pkg_prac:/home/aniketh05/my_ros2_ws/install/my_pkg_01:/opt/ros/humble /usr/bin/cmake --build /home/aniketh05/ros2_ws/build/my_gesture_arm -- -j12 -l12
[1.702s] DEBUG:colcon.colcon_core.event_handler.log_command:Invoked command in '/home/aniketh05/ros2_ws/build/my_ddrobot' returned '0': CMAKE_PREFIX_PATH=${CMAKE_PREFIX_PATH}:/home/aniketh05/my_ros2_ws/install/turtle_control:/home/aniketh05/my_ros2_ws/install/my_services:/home/aniketh05/my_ros2_ws/install/my_pkg_prac:/home/aniketh05/my_ros2_ws/install/my_pkg_01:/opt/ros/humble /usr/bin/cmake --build /home/aniketh05/ros2_ws/build/my_ddrobot -- -j12 -l12
[1.717s] DEBUG:colcon.colcon_core.event_handler.log_command:Invoking command in '/home/aniketh05/ros2_ws/build/my_ddrobot': CMAKE_PREFIX_PATH=${CMAKE_PREFIX_PATH}:/home/aniketh05/my_ros2_ws/install/turtle_control:/home/aniketh05/my_ros2_ws/install/my_services:/home/aniketh05/my_ros2_ws/install/my_pkg_prac:/home/aniketh05/my_ros2_ws/install/my_pkg_01:/opt/ros/humble /usr/bin/cmake --install /home/aniketh05/ros2_ws/build/my_ddrobot
[1.719s] DEBUG:colcon.colcon_core.event_handler.log_command:Invoked command in '/home/aniketh05/ros2_ws/build/my_gesture_arm' returned '0': CMAKE_PREFIX_PATH=${CMAKE_PREFIX_PATH}:/home/aniketh05/my_ros2_ws/install/turtle_control:/home/aniketh05/my_ros2_ws/install/my_services:/home/aniketh05/my_ros2_ws/install/my_pkg_prac:/home/aniketh05/my_ros2_ws/install/my_pkg_01:/opt/ros/humble /usr/bin/cmake --build /home/aniketh05/ros2_ws/build/my_gesture_arm -- -j12 -l12
[1.722s] DEBUG:colcon.colcon_core.event_handler.log_command:Invoking command in '/home/aniketh05/ros2_ws/build/my_gesture_arm': CMAKE_PREFIX_PATH=${CMAKE_PREFIX_PATH}:/home/aniketh05/my_ros2_ws/install/turtle_control:/home/aniketh05/my_ros2_ws/install/my_services:/home/aniketh05/my_ros2_ws/install/my_pkg_prac:/home/aniketh05/my_ros2_ws/install/my_pkg_01:/opt/ros/humble /usr/bin/cmake --install /home/aniketh05/ros2_ws/build/my_gesture_arm
[1.741s] Level 1:colcon.colcon_core.environment:create_environment_scripts_only(my_ddrobot)
[1.751s] DEBUG:colcon.colcon_core.event_handler.log_command:Invoked command in '/home/aniketh05/ros2_ws/build/my_ddrobot' returned '0': CMAKE_PREFIX_PATH=${CMAKE_PREFIX_PATH}:/home/aniketh05/my_ros2_ws/install/turtle_control:/home/aniketh05/my_ros2_ws/install/my_services:/home/aniketh05/my_ros2_ws/install/my_pkg_prac:/home/aniketh05/my_ros2_ws/install/my_pkg_01:/opt/ros/humble /usr/bin/cmake --install /home/aniketh05/ros2_ws/build/my_ddrobot
[1.761s] Level 1:colcon.colcon_core.environment:checking '/home/aniketh05/ros2_ws/install/my_ddrobot' for CMake module files
[1.762s] Level 1:colcon.colcon_core.environment:checking '/home/aniketh05/ros2_ws/install/my_ddrobot' for CMake config files
[1.770s] Level 1:colcon.colcon_core.shell:create_environment_hook('my_ddrobot', 'cmake_prefix_path')
[1.770s] INFO:colcon.colcon_core.shell:Creating environment hook '/home/aniketh05/ros2_ws/install/my_ddrobot/share/my_ddrobot/hook/cmake_prefix_path.ps1'
[1.771s] INFO:colcon.colcon_core.shell:Creating environment descriptor '/home/aniketh05/ros2_ws/install/my_ddrobot/share/my_ddrobot/hook/cmake_prefix_path.dsv'
[1.772s] INFO:colcon.colcon_core.shell:Creating environment hook '/home/aniketh05/ros2_ws/install/my_ddrobot/share/my_ddrobot/hook/cmake_prefix_path.sh'
[1.774s] Level 1:colcon.colcon_core.environment:checking '/home/aniketh05/ros2_ws/install/my_ddrobot/bin'
[1.774s] Level 1:colcon.colcon_core.environment:checking '/home/aniketh05/ros2_ws/install/my_ddrobot/lib/pkgconfig/my_ddrobot.pc'
[1.774s] Level 1:colcon.colcon_core.environment:checking '/home/aniketh05/ros2_ws/install/my_ddrobot/lib/python3.10/site-packages'
[1.775s] Level 1:colcon.colcon_core.environment:checking '/home/aniketh05/ros2_ws/install/my_ddrobot/bin'
[1.775s] INFO:colcon.colcon_core.shell:Creating package script '/home/aniketh05/ros2_ws/install/my_ddrobot/share/my_ddrobot/package.ps1'
[1.777s] INFO:colcon.colcon_core.shell:Creating package descriptor '/home/aniketh05/ros2_ws/install/my_ddrobot/share/my_ddrobot/package.dsv'
[1.779s] INFO:colcon.colcon_core.shell:Creating package script '/home/aniketh05/ros2_ws/install/my_ddrobot/share/my_ddrobot/package.sh'
[1.781s] INFO:colcon.colcon_core.shell:Creating package script '/home/aniketh05/ros2_ws/install/my_ddrobot/share/my_ddrobot/package.bash'
[1.785s] INFO:colcon.colcon_core.shell:Creating package script '/home/aniketh05/ros2_ws/install/my_ddrobot/share/my_ddrobot/package.zsh'
[1.786s] Level 1:colcon.colcon_core.environment:create_file_with_runtime_dependencies(/home/aniketh05/ros2_ws/install/my_ddrobot/share/colcon-core/packages/my_ddrobot)
[1.787s] Level 1:colcon.colcon_core.environment:create_environment_scripts_only(my_ddrobot)
[1.788s] Level 1:colcon.colcon_core.environment:checking '/home/aniketh05/ros2_ws/install/my_ddrobot' for CMake module files
[1.788s] Level 1:colcon.colcon_core.environment:checking '/home/aniketh05/ros2_ws/install/my_ddrobot' for CMake config files
[1.788s] Level 1:colcon.colcon_core.shell:create_environment_hook('my_ddrobot', 'cmake_prefix_path')
[1.789s] INFO:colcon.colcon_core.shell:Creating environment hook '/home/aniketh05/ros2_ws/install/my_ddrobot/share/my_ddrobot/hook/cmake_prefix_path.ps1'
[1.789s] INFO:colcon.colcon_core.shell:Creating environment descriptor '/home/aniketh05/ros2_ws/install/my_ddrobot/share/my_ddrobot/hook/cmake_prefix_path.dsv'
[1.790s] INFO:colcon.colcon_core.shell:Creating environment hook '/home/aniketh05/ros2_ws/install/my_ddrobot/share/my_ddrobot/hook/cmake_prefix_path.sh'
[1.790s] Level 1:colcon.colcon_core.environment:checking '/home/aniketh05/ros2_ws/install/my_ddrobot/bin'
[1.790s] Level 1:colcon.colcon_core.environment:checking '/home/aniketh05/ros2_ws/install/my_ddrobot/lib/pkgconfig/my_ddrobot.pc'
[1.791s] Level 1:colcon.colcon_core.environment:checking '/home/aniketh05/ros2_ws/install/my_ddrobot/lib/python3.10/site-packages'
[1.791s] Level 1:colcon.colcon_core.environment:checking '/home/aniketh05/ros2_ws/install/my_ddrobot/bin'
[1.791s] INFO:colcon.colcon_core.shell:Creating package script '/home/aniketh05/ros2_ws/install/my_ddrobot/share/my_ddrobot/package.ps1'
[1.792s] INFO:colcon.colcon_core.shell:Creating package descriptor '/home/aniketh05/ros2_ws/install/my_ddrobot/share/my_ddrobot/package.dsv'
[1.793s] INFO:colcon.colcon_core.shell:Creating package script '/home/aniketh05/ros2_ws/install/my_ddrobot/share/my_ddrobot/package.sh'
[1.794s] INFO:colcon.colcon_core.shell:Creating package script '/home/aniketh05/ros2_ws/install/my_ddrobot/share/my_ddrobot/package.bash'
[1.795s] INFO:colcon.colcon_core.shell:Creating package script '/home/aniketh05/ros2_ws/install/my_ddrobot/share/my_ddrobot/package.zsh'
[1.796s] Level 1:colcon.colcon_core.environment:create_file_with_runtime_dependencies(/home/aniketh05/ros2_ws/install/my_ddrobot/share/colcon-core/packages/my_ddrobot)
[1.798s] Level 1:colcon.colcon_core.environment:create_environment_scripts_only(my_gesture_arm)
[1.799s] Level 1:colcon.colcon_core.environment:checking '/home/aniketh05/ros2_ws/install/my_gesture_arm' for CMake module files
[1.801s] Level 1:colcon.colcon_core.environment:checking '/home/aniketh05/ros2_ws/install/my_gesture_arm' for CMake config files
[1.802s] DEBUG:colcon.colcon_core.event_handler.log_command:Invoked command in '/home/aniketh05/ros2_ws/build/my_gesture_arm' returned '0': CMAKE_PREFIX_PATH=${CMAKE_PREFIX_PATH}:/home/aniketh05/my_ros2_ws/install/turtle_control:/home/aniketh05/my_ros2_ws/install/my_services:/home/aniketh05/my_ros2_ws/install/my_pkg_prac:/home/aniketh05/my_ros2_ws/install/my_pkg_01:/opt/ros/humble /usr/bin/cmake --install /home/aniketh05/ros2_ws/build/my_gesture_arm
[1.803s] Level 1:colcon.colcon_core.shell:create_environment_hook('my_gesture_arm', 'cmake_prefix_path')
[1.803s] INFO:colcon.colcon_core.shell:Creating environment hook '/home/aniketh05/ros2_ws/install/my_gesture_arm/share/my_gesture_arm/hook/cmake_prefix_path.ps1'
[1.804s] INFO:colcon.colcon_core.shell:Creating environment descriptor '/home/aniketh05/ros2_ws/install/my_gesture_arm/share/my_gesture_arm/hook/cmake_prefix_path.dsv'
[1.805s] INFO:colcon.colcon_core.shell:Creating environment hook '/home/aniketh05/ros2_ws/install/my_gesture_arm/share/my_gesture_arm/hook/cmake_prefix_path.sh'
[1.805s] Level 1:colcon.colcon_core.environment:checking '/home/aniketh05/ros2_ws/install/my_gesture_arm/lib'
[1.806s] Level 1:colcon.colcon_core.environment:checking '/home/aniketh05/ros2_ws/install/my_gesture_arm/bin'
[1.806s] Level 1:colcon.colcon_core.environment:checking '/home/aniketh05/ros2_ws/install/my_gesture_arm/lib/pkgconfig/my_gesture_arm.pc'
[1.807s] Level 1:colcon.colcon_core.environment:checking '/home/aniketh05/ros2_ws/install/my_gesture_arm/lib/python3.10/site-packages'
[1.807s] Level 1:colcon.colcon_core.environment:checking '/home/aniketh05/ros2_ws/install/my_gesture_arm/bin'
[1.808s] INFO:colcon.colcon_core.shell:Creating package script '/home/aniketh05/ros2_ws/install/my_gesture_arm/share/my_gesture_arm/package.ps1'
[1.809s] INFO:colcon.colcon_core.shell:Creating package descriptor '/home/aniketh05/ros2_ws/install/my_gesture_arm/share/my_gesture_arm/package.dsv'
[1.809s] INFO:colcon.colcon_core.shell:Creating package script '/home/aniketh05/ros2_ws/install/my_gesture_arm/share/my_gesture_arm/package.sh'
[1.810s] INFO:colcon.colcon_core.shell:Creating package script '/home/aniketh05/ros2_ws/install/my_gesture_arm/share/my_gesture_arm/package.bash'
[1.810s] INFO:colcon.colcon_core.shell:Creating package script '/home/aniketh05/ros2_ws/install/my_gesture_arm/share/my_gesture_arm/package.zsh'
[1.811s] Level 1:colcon.colcon_core.environment:create_file_with_runtime_dependencies(/home/aniketh05/ros2_ws/install/my_gesture_arm/share/colcon-core/packages/my_gesture_arm)
[1.812s] Level 1:colcon.colcon_core.environment:create_environment_scripts_only(my_gesture_arm)
[1.812s] Level 1:colcon.colcon_core.environment:checking '/home/aniketh05/ros2_ws/install/my_gesture_arm' for CMake module files
[1.813s] Level 1:colcon.colcon_core.environment:checking '/home/aniketh05/ros2_ws/install/my_gesture_arm' for CMake config files
[1.813s] Level 1:colcon.colcon_core.shell:create_environment_hook('my_gesture_arm', 'cmake_prefix_path')
[1.813s] INFO:colcon.colcon_core.shell:Creating environment hook '/home/aniketh05/ros2_ws/install/my_gesture_arm/share/my_gesture_arm/hook/cmake_prefix_path.ps1'
[1.814s] INFO:colcon.colcon_core.shell:Creating environment descriptor '/home/aniketh05/ros2_ws/install/my_gesture_arm/share/my_gesture_arm/hook/cmake_prefix_path.dsv'
[1.815s] INFO:colcon.colcon_core.shell:Creating environment hook '/home/aniketh05/ros2_ws/install/my_gesture_arm/share/my_gesture_arm/hook/cmake_prefix_path.sh'
[1.816s] Level 1:colcon.colcon_core.environment:checking '/home/aniketh05/ros2_ws/install/my_gesture_arm/lib'
[1.817s] Level 1:colcon.colcon_core.environment:checking '/home/aniketh05/ros2_ws/install/my_gesture_arm/bin'
[1.817s] Level 1:colcon.colcon_core.environment:checking '/home/aniketh05/ros2_ws/install/my_gesture_arm/lib/pkgconfig/my_gesture_arm.pc'
[1.818s] Level 1:colcon.colcon_core.environment:checking '/home/aniketh05/ros2_ws/install/my_gesture_arm/lib/python3.10/site-packages'
[1.818s] Level 1:colcon.colcon_core.environment:checking '/home/aniketh05/ros2_ws/install/my_gesture_arm/bin'
[1.819s] INFO:colcon.colcon_core.shell:Creating package script '/home/aniketh05/ros2_ws/install/my_gesture_arm/share/my_gesture_arm/package.ps1'
[1.819s] INFO:colcon.colcon_core.shell:Creating package descriptor '/home/aniketh05/ros2_ws/install/my_gesture_arm/share/my_gesture_arm/package.dsv'
[1.820s] INFO:colcon.colcon_core.shell:Creating package script '/home/aniketh05/ros2_ws/install/my_gesture_arm/share/my_gesture_arm/package.sh'
[1.820s] INFO:colcon.colcon_core.shell:Creating package script '/home/aniketh05/ros2_ws/install/my_gesture_arm/share/my_gesture_arm/package.bash'
[1.820s] INFO:colcon.colcon_core.shell:Creating package script '/home/aniketh05/ros2_ws/install/my_gesture_arm/share/my_gesture_arm/package.zsh'
[1.821s] Level 1:colcon.colcon_core.environment:create_file_with_runtime_dependencies(/home/aniketh05/ros2_ws/install/my_gesture_arm/share/colcon-core/packages/my_gesture_arm)
[1.821s] DEBUG:colcon.colcon_parallel_executor.executor.parallel:closing loop
[1.823s] DEBUG:colcon.colcon_parallel_executor.executor.parallel:loop closed
[1.824s] DEBUG:colcon.colcon_parallel_executor.executor.parallel:run_until_complete finished with '0'
[1.825s] DEBUG:colcon.colcon_core.event_reactor:joining thread
[1.847s] INFO:colcon.colcon_core.plugin_system:Skipping extension 'colcon_notification.desktop_notification.terminal_notifier': Not used on non-Darwin systems
[1.847s] INFO:colcon.colcon_core.plugin_system:Skipping extension 'colcon_notification.desktop_notification.win32': Not used on non-Windows systems
[1.847s] INFO:colcon.colcon_notification.desktop_notification:Sending desktop notification using 'notify2'
[1.850s] DEBUG:colcon.colcon_notification.desktop_notification.notify2:Failed to initialize notify2: org.freedesktop.DBus.Error.ServiceUnknown: The name org.freedesktop.Notifications was not provided by any .service files
[1.850s] DEBUG:colcon.colcon_core.event_reactor:joined thread
[1.850s] INFO:colcon.colcon_core.shell:Creating prefix script '/home/aniketh05/ros2_ws/install/local_setup.ps1'
[1.852s] INFO:colcon.colcon_core.shell:Creating prefix util module '/home/aniketh05/ros2_ws/install/_local_setup_util_ps1.py'
[1.854s] INFO:colcon.colcon_core.shell:Creating prefix chain script '/home/aniketh05/ros2_ws/install/setup.ps1'
[1.857s] INFO:colcon.colcon_core.shell:Creating prefix script '/home/aniketh05/ros2_ws/install/local_setup.sh'
[1.858s] INFO:colcon.colcon_core.shell:Creating prefix util module '/home/aniketh05/ros2_ws/install/_local_setup_util_sh.py'
[1.860s] INFO:colcon.colcon_core.shell:Creating prefix chain script '/home/aniketh05/ros2_ws/install/setup.sh'
[1.862s] INFO:colcon.colcon_core.shell:Creating prefix script '/home/aniketh05/ros2_ws/install/local_setup.bash'
[1.865s] INFO:colcon.colcon_core.shell:Creating prefix chain script '/home/aniketh05/ros2_ws/install/setup.bash'
[1.867s] INFO:colcon.colcon_core.shell:Creating prefix script '/home/aniketh05/ros2_ws/install/local_setup.zsh'
[1.867s] INFO:colcon.colcon_core.shell:Creating prefix chain script '/home/aniketh05/ros2_ws/install/setup.zsh'
