[0.031s] Invoking command in '/home/aniketh05/ros2_ws/build/my_robot': CMAKE_PREFIX_PATH=${CMAKE_PREFIX_PATH}:/home/aniketh05/my_ros2_ws/install/turtle_control:/home/aniketh05/my_ros2_ws/install/my_services:/home/aniketh05/my_ros2_ws/install/my_pkg_prac:/home/aniketh05/my_ros2_ws/install/my_pkg_01:/opt/ros/humble /usr/bin/cmake /home/aniketh05/ros2_ws/src/my_robot -DAMENT_CMAKE_SYMLINK_INSTALL=1 -DCMAKE_INSTALL_PREFIX=/home/aniketh05/ros2_ws/install/my_robot
[0.330s] -- The C compiler identification is GNU 11.4.0
[0.748s] -- The CXX compiler identification is GNU 11.4.0
[1.306s] -- Detecting C compiler ABI info
[1.494s] -- Detecting C compiler ABI info - done
[1.499s] -- Check for working C compiler: /usr/bin/cc - skipped
[1.500s] -- Detecting C compile features
[1.500s] -- Detecting C compile features - done
[1.501s] -- Detecting CXX compiler ABI info
[1.681s] -- Detecting CXX compiler ABI info - done
[1.686s] -- Check for working CXX compiler: /usr/bin/c++ - skipped
[1.686s] -- Detecting CXX compile features
[1.687s] -- Detecting CXX compile features - done
[1.692s] -- Found ament_cmake: 1.3.11 (/opt/ros/humble/share/ament_cmake/cmake)
[1.832s] -- Found Python3: /usr/bin/python3 (found version "3.10.12") found components: Interpreter 
[1.894s] -- Override CMake install command with custom implementation using symlinks instead of copying resources
[1.931s] -- Found ament_lint_auto: 0.12.12 (/opt/ros/humble/share/ament_lint_auto/cmake)
[2.027s] -- Added test 'flake8' to check Python code syntax and style conventions
[2.028s] -- Added test 'lint_cmake' to check CMake code style
[2.030s] -- Added test 'pep257' to check Python code against some of the docstring style conventions in PEP 257
[2.032s] -- Added test 'xmllint' to check XML markup files
[2.034s] -- Configuring done
[2.037s] -- Generating done
[2.039s] -- Build files have been written to: /home/aniketh05/ros2_ws/build/my_robot
[2.043s] Invoked command in '/home/aniketh05/ros2_ws/build/my_robot' returned '0': CMAKE_PREFIX_PATH=${CMAKE_PREFIX_PATH}:/home/aniketh05/my_ros2_ws/install/turtle_control:/home/aniketh05/my_ros2_ws/install/my_services:/home/aniketh05/my_ros2_ws/install/my_pkg_prac:/home/aniketh05/my_ros2_ws/install/my_pkg_01:/opt/ros/humble /usr/bin/cmake /home/aniketh05/ros2_ws/src/my_robot -DAMENT_CMAKE_SYMLINK_INSTALL=1 -DCMAKE_INSTALL_PREFIX=/home/aniketh05/ros2_ws/install/my_robot
[2.046s] Invoking command in '/home/aniketh05/ros2_ws/build/my_robot': CMAKE_PREFIX_PATH=${CMAKE_PREFIX_PATH}:/home/aniketh05/my_ros2_ws/install/turtle_control:/home/aniketh05/my_ros2_ws/install/my_services:/home/aniketh05/my_ros2_ws/install/my_pkg_prac:/home/aniketh05/my_ros2_ws/install/my_pkg_01:/opt/ros/humble /usr/bin/cmake --build /home/aniketh05/ros2_ws/build/my_robot -- -j12 -l12
[2.081s] Invoked command in '/home/aniketh05/ros2_ws/build/my_robot' returned '0': CMAKE_PREFIX_PATH=${CMAKE_PREFIX_PATH}:/home/aniketh05/my_ros2_ws/install/turtle_control:/home/aniketh05/my_ros2_ws/install/my_services:/home/aniketh05/my_ros2_ws/install/my_pkg_prac:/home/aniketh05/my_ros2_ws/install/my_pkg_01:/opt/ros/humble /usr/bin/cmake --build /home/aniketh05/ros2_ws/build/my_robot -- -j12 -l12
[2.091s] Invoking command in '/home/aniketh05/ros2_ws/build/my_robot': CMAKE_PREFIX_PATH=${CMAKE_PREFIX_PATH}:/home/aniketh05/my_ros2_ws/install/turtle_control:/home/aniketh05/my_ros2_ws/install/my_services:/home/aniketh05/my_ros2_ws/install/my_pkg_prac:/home/aniketh05/my_ros2_ws/install/my_pkg_01:/opt/ros/humble /usr/bin/cmake --install /home/aniketh05/ros2_ws/build/my_robot
[2.097s] -- Install configuration: ""
[2.097s] -- Execute custom install script
[2.098s] -- Symlinking: /home/aniketh05/ros2_ws/install/my_robot/share/ament_index/resource_index/package_run_dependencies/my_robot
[2.107s] -- Symlinking: /home/aniketh05/ros2_ws/install/my_robot/share/ament_index/resource_index/parent_prefix_path/my_robot
[2.114s] -- Symlinking: /home/aniketh05/ros2_ws/install/my_robot/share/my_robot/environment/ament_prefix_path.sh
[2.121s] -- Symlinking: /home/aniketh05/ros2_ws/install/my_robot/share/my_robot/environment/ament_prefix_path.dsv
[2.127s] -- Symlinking: /home/aniketh05/ros2_ws/install/my_robot/share/my_robot/environment/path.sh
[2.135s] -- Symlinking: /home/aniketh05/ros2_ws/install/my_robot/share/my_robot/environment/path.dsv
[2.141s] -- Symlinking: /home/aniketh05/ros2_ws/install/my_robot/share/my_robot/local_setup.bash
[2.147s] -- Symlinking: /home/aniketh05/ros2_ws/install/my_robot/share/my_robot/local_setup.sh
[2.155s] -- Symlinking: /home/aniketh05/ros2_ws/install/my_robot/share/my_robot/local_setup.zsh
[2.162s] -- Symlinking: /home/aniketh05/ros2_ws/install/my_robot/share/my_robot/local_setup.dsv
[2.170s] -- Symlinking: /home/aniketh05/ros2_ws/install/my_robot/share/my_robot/package.dsv
[2.178s] -- Symlinking: /home/aniketh05/ros2_ws/install/my_robot/share/ament_index/resource_index/packages/my_robot
[2.185s] -- Symlinking: /home/aniketh05/ros2_ws/install/my_robot/share/my_robot/cmake/my_robotConfig.cmake
[2.193s] -- Symlinking: /home/aniketh05/ros2_ws/install/my_robot/share/my_robot/cmake/my_robotConfig-version.cmake
[2.201s] -- Symlinking: /home/aniketh05/ros2_ws/install/my_robot/share/my_robot/package.xml
[2.211s] Invoked command in '/home/aniketh05/ros2_ws/build/my_robot' returned '0': CMAKE_PREFIX_PATH=${CMAKE_PREFIX_PATH}:/home/aniketh05/my_ros2_ws/install/turtle_control:/home/aniketh05/my_ros2_ws/install/my_services:/home/aniketh05/my_ros2_ws/install/my_pkg_prac:/home/aniketh05/my_ros2_ws/install/my_pkg_01:/opt/ros/humble /usr/bin/cmake --install /home/aniketh05/ros2_ws/build/my_robot
