[0.028s] Invoking command in '/home/aniketh05/ros2_ws/build/config': /usr/bin/cmake /home/aniketh05/ros2_ws/~/ros2_ws/src/my_gesture_arm/config -DCMAKE_INSTALL_PREFIX=/home/aniketh05/ros2_ws/install/config
[0.050s] -- Found ament_cmake: 1.3.11 (/opt/ros/humble/share/ament_cmake/cmake)
[0.263s] Error parsing '/home/aniketh05/ros2_ws/~/ros2_ws/src/my_gesture_arm/config/package.xml':
[0.318s] Traceback (most recent call last):
[0.318s]   File "/opt/ros/humble/share/ament_cmake_core/cmake/core/package_xml_2_cmake.py", line 150, in <module>
[0.318s]     main()
[0.318s]   File "/opt/ros/humble/share/ament_cmake_core/cmake/core/package_xml_2_cmake.py", line 53, in main
[0.318s]     raise e
[0.318s]   File "/opt/ros/humble/share/ament_cmake_core/cmake/core/package_xml_2_cmake.py", line 49, in main
[0.318s]     package = parse_package_string(
[0.318s]   File "/usr/lib/python3/dist-packages/catkin_pkg/package.py", line 788, in parse_package_string
[0.318s]     pkg.validate(warnings=warnings)
[0.318s]   File "/usr/lib/python3/dist-packages/catkin_pkg/package.py", line 330, in validate
[0.319s]     raise InvalidPackage('\n'.join(errors), self.filename)
[0.319s] catkin_pkg.package.InvalidPackage: Error(s) in package '/home/aniketh05/ros2_ws/~/ros2_ws/src/my_gesture_arm/config/package.xml':
[0.319s] Invalid email "" for person ""
[0.319s] Maintainers must have an email address
[0.319s] Invalid email "" for person ""
[0.333s] [31mCMake Error at /opt/ros/humble/share/ament_cmake_core/cmake/core/ament_package_xml.cmake:95 (message):
[0.334s]   execute_process(/usr/bin/python3
[0.334s]   /opt/ros/humble/share/ament_cmake_core/cmake/core/package_xml_2_cmake.py
[0.334s]   /home/aniketh05/ros2_ws/~/ros2_ws/src/my_gesture_arm/config/package.xml
[0.334s]   /home/aniketh05/ros2_ws/build/config/ament_cmake_core/package.cmake)
[0.334s]   returned error code 1
[0.334s] Call Stack (most recent call first):
[0.334s]   /opt/ros/humble/share/ament_cmake_core/cmake/core/ament_package_xml.cmake:49 (_ament_package_xml)
[0.334s]   /opt/ros/humble/share/ament_cmake_core/cmake/core/ament_package.cmake:63 (ament_package_xml)
[0.335s]   CMakeLists.txt:6 (ament_package)
[0.335s] 
[0.335s] [0m
[0.335s] -- Configuring incomplete, errors occurred!
[0.335s] See also "/home/aniketh05/ros2_ws/build/config/CMakeFiles/CMakeOutput.log".
[0.337s] Invoked command in '/home/aniketh05/ros2_ws/build/config' returned '1': /usr/bin/cmake /home/aniketh05/ros2_ws/~/ros2_ws/src/my_gesture_arm/config -DCMAKE_INSTALL_PREFIX=/home/aniketh05/ros2_ws/install/config
