[0.015s] Invoking command in '/home/aniketh05/ros2_ws/build/my_dd_robot': CMAKE_PREFIX_PATH=${CMAKE_PREFIX_PATH}:/home/aniketh05/my_ros2_ws/install/turtle_control:/home/aniketh05/my_ros2_ws/install/my_services:/home/aniketh05/my_ros2_ws/install/my_pkg_prac:/home/aniketh05/my_ros2_ws/install/my_pkg_01:/opt/ros/humble /usr/bin/cmake --build /home/aniketh05/ros2_ws/build/my_dd_robot -- -j12 -l12
[0.039s] Invoked command in '/home/aniketh05/ros2_ws/build/my_dd_robot' returned '0': CMAKE_PREFIX_PATH=${CMAKE_PREFIX_PATH}:/home/aniketh05/my_ros2_ws/install/turtle_control:/home/aniketh05/my_ros2_ws/install/my_services:/home/aniketh05/my_ros2_ws/install/my_pkg_prac:/home/aniketh05/my_ros2_ws/install/my_pkg_01:/opt/ros/humble /usr/bin/cmake --build /home/aniketh05/ros2_ws/build/my_dd_robot -- -j12 -l12
[0.048s] Invoking command in '/home/aniketh05/ros2_ws/build/my_dd_robot': CMAKE_PREFIX_PATH=${CMAKE_PREFIX_PATH}:/home/aniketh05/my_ros2_ws/install/turtle_control:/home/aniketh05/my_ros2_ws/install/my_services:/home/aniketh05/my_ros2_ws/install/my_pkg_prac:/home/aniketh05/my_ros2_ws/install/my_pkg_01:/opt/ros/humble /usr/bin/cmake --install /home/aniketh05/ros2_ws/build/my_dd_robot
[0.052s] -- Install configuration: ""
[0.052s] -- Up-to-date: /home/aniketh05/ros2_ws/install/my_dd_robot/share/my_dd_robot/launch
[0.052s] -- Up-to-date: /home/aniketh05/ros2_ws/install/my_dd_robot/share/my_dd_robot/launch/dd_robot.launch.py
[0.053s] -- Up-to-date: /home/aniketh05/ros2_ws/install/my_dd_robot/share/my_dd_robot/model
[0.053s] -- Up-to-date: /home/aniketh05/ros2_ws/install/my_dd_robot/share/my_dd_robot/model/my_dd_robot_model.xacro
[0.053s] -- Up-to-date: /home/aniketh05/ros2_ws/install/my_dd_robot/share/my_dd_robot/model/log
[0.053s] -- Up-to-date: /home/aniketh05/ros2_ws/install/my_dd_robot/share/my_dd_robot/model/log/latest
[0.054s] -- Up-to-date: /home/aniketh05/ros2_ws/install/my_dd_robot/share/my_dd_robot/model/log/build_2025-04-07_01-31-33
[0.054s] -- Up-to-date: /home/aniketh05/ros2_ws/install/my_dd_robot/share/my_dd_robot/model/log/build_2025-04-07_01-31-33/events.log
[0.054s] -- Up-to-date: /home/aniketh05/ros2_ws/install/my_dd_robot/share/my_dd_robot/model/log/build_2025-04-07_01-31-33/logger_all.log
[0.054s] -- Up-to-date: /home/aniketh05/ros2_ws/install/my_dd_robot/share/my_dd_robot/model/log/latest_build
[0.054s] -- Up-to-date: /home/aniketh05/ros2_ws/install/my_dd_robot/share/my_dd_robot/model/log/COLCON_IGNORE
[0.054s] -- Up-to-date: /home/aniketh05/ros2_ws/install/my_dd_robot/share/my_dd_robot/model/gesture_arm.urdf
[0.054s] -- Up-to-date: /home/aniketh05/ros2_ws/install/my_dd_robot/share/my_dd_robot/model/build
[0.054s] -- Up-to-date: /home/aniketh05/ros2_ws/install/my_dd_robot/share/my_dd_robot/model/build/.built_by
[0.055s] -- Up-to-date: /home/aniketh05/ros2_ws/install/my_dd_robot/share/my_dd_robot/model/build/COLCON_IGNORE
[0.055s] -- Up-to-date: /home/aniketh05/ros2_ws/install/my_dd_robot/share/my_dd_robot/model/my_dd_robot.gazebo
[0.055s] -- Up-to-date: /home/aniketh05/ros2_ws/install/my_dd_robot/share/my_dd_robot/model/install
[0.055s] -- Up-to-date: /home/aniketh05/ros2_ws/install/my_dd_robot/share/my_dd_robot/model/install/_local_setup_util_ps1.py
[0.055s] -- Up-to-date: /home/aniketh05/ros2_ws/install/my_dd_robot/share/my_dd_robot/model/install/setup.zsh
[0.055s] -- Up-to-date: /home/aniketh05/ros2_ws/install/my_dd_robot/share/my_dd_robot/model/install/.colcon_install_layout
[0.055s] -- Up-to-date: /home/aniketh05/ros2_ws/install/my_dd_robot/share/my_dd_robot/model/install/_local_setup_util_sh.py
[0.057s] -- Up-to-date: /home/aniketh05/ros2_ws/install/my_dd_robot/share/my_dd_robot/model/install/local_setup.sh
[0.057s] -- Up-to-date: /home/aniketh05/ros2_ws/install/my_dd_robot/share/my_dd_robot/model/install/local_setup.bash
[0.058s] -- Up-to-date: /home/aniketh05/ros2_ws/install/my_dd_robot/share/my_dd_robot/model/install/local_setup.zsh
[0.058s] -- Up-to-date: /home/aniketh05/ros2_ws/install/my_dd_robot/share/my_dd_robot/model/install/local_setup.ps1
[0.058s] -- Up-to-date: /home/aniketh05/ros2_ws/install/my_dd_robot/share/my_dd_robot/model/install/setup.sh
[0.058s] -- Up-to-date: /home/aniketh05/ros2_ws/install/my_dd_robot/share/my_dd_robot/model/install/setup.ps1
[0.059s] -- Up-to-date: /home/aniketh05/ros2_ws/install/my_dd_robot/share/my_dd_robot/model/install/COLCON_IGNORE
[0.059s] -- Up-to-date: /home/aniketh05/ros2_ws/install/my_dd_robot/share/my_dd_robot/model/install/setup.bash
[0.059s] -- Up-to-date: /home/aniketh05/ros2_ws/install/my_dd_robot/share/ament_index/resource_index/package_run_dependencies/my_dd_robot
[0.059s] -- Up-to-date: /home/aniketh05/ros2_ws/install/my_dd_robot/share/ament_index/resource_index/parent_prefix_path/my_dd_robot
[0.059s] -- Up-to-date: /home/aniketh05/ros2_ws/install/my_dd_robot/share/my_dd_robot/environment/ament_prefix_path.sh
[0.059s] -- Up-to-date: /home/aniketh05/ros2_ws/install/my_dd_robot/share/my_dd_robot/environment/ament_prefix_path.dsv
[0.059s] -- Up-to-date: /home/aniketh05/ros2_ws/install/my_dd_robot/share/my_dd_robot/environment/path.sh
[0.060s] -- Up-to-date: /home/aniketh05/ros2_ws/install/my_dd_robot/share/my_dd_robot/environment/path.dsv
[0.060s] -- Up-to-date: /home/aniketh05/ros2_ws/install/my_dd_robot/share/my_dd_robot/local_setup.bash
[0.060s] -- Up-to-date: /home/aniketh05/ros2_ws/install/my_dd_robot/share/my_dd_robot/local_setup.sh
[0.060s] -- Up-to-date: /home/aniketh05/ros2_ws/install/my_dd_robot/share/my_dd_robot/local_setup.zsh
[0.060s] -- Up-to-date: /home/aniketh05/ros2_ws/install/my_dd_robot/share/my_dd_robot/local_setup.dsv
[0.061s] -- Installing: /home/aniketh05/ros2_ws/install/my_dd_robot/share/my_dd_robot/package.dsv
[0.064s] -- Up-to-date: /home/aniketh05/ros2_ws/install/my_dd_robot/share/ament_index/resource_index/packages/my_dd_robot
[0.064s] -- Up-to-date: /home/aniketh05/ros2_ws/install/my_dd_robot/share/my_dd_robot/cmake/my_dd_robotConfig.cmake
[0.064s] -- Up-to-date: /home/aniketh05/ros2_ws/install/my_dd_robot/share/my_dd_robot/cmake/my_dd_robotConfig-version.cmake
[0.064s] -- Up-to-date: /home/aniketh05/ros2_ws/install/my_dd_robot/share/my_dd_robot/package.xml
[0.065s] Invoked command in '/home/aniketh05/ros2_ws/build/my_dd_robot' returned '0': CMAKE_PREFIX_PATH=${CMAKE_PREFIX_PATH}:/home/aniketh05/my_ros2_ws/install/turtle_control:/home/aniketh05/my_ros2_ws/install/my_services:/home/aniketh05/my_ros2_ws/install/my_pkg_prac:/home/aniketh05/my_ros2_ws/install/my_pkg_01:/opt/ros/humble /usr/bin/cmake --install /home/aniketh05/ros2_ws/build/my_dd_robot
