-- Install configuration: ""
-- Up-to-date: /home/aniketh05/ros2_ws/install/my_dd_robot/share/my_dd_robot/launch
-- Up-to-date: /home/aniketh05/ros2_ws/install/my_dd_robot/share/my_dd_robot/launch/dd_robot.launch.py
-- Up-to-date: /home/aniketh05/ros2_ws/install/my_dd_robot/share/my_dd_robot/model
-- Installing: /home/aniketh05/ros2_ws/install/my_dd_robot/share/my_dd_robot/model/my_dd_robot_model.xacro
-- Installing: /home/aniketh05/ros2_ws/install/my_dd_robot/share/my_dd_robot/model/my_robot.urdf
-- Up-to-date: /home/aniketh05/ros2_ws/install/my_dd_robot/share/my_dd_robot/model/my_dd_robot.gazebo
-- Up-to-date: /home/aniketh05/ros2_ws/install/my_dd_robot/share/ament_index/resource_index/package_run_dependencies/my_dd_robot
-- Up-to-date: /home/aniketh05/ros2_ws/install/my_dd_robot/share/ament_index/resource_index/parent_prefix_path/my_dd_robot
-- Up-to-date: /home/aniketh05/ros2_ws/install/my_dd_robot/share/my_dd_robot/environment/ament_prefix_path.sh
-- Up-to-date: /home/aniketh05/ros2_ws/install/my_dd_robot/share/my_dd_robot/environment/ament_prefix_path.dsv
-- Up-to-date: /home/aniketh05/ros2_ws/install/my_dd_robot/share/my_dd_robot/environment/path.sh
-- Up-to-date: /home/aniketh05/ros2_ws/install/my_dd_robot/share/my_dd_robot/environment/path.dsv
-- Up-to-date: /home/aniketh05/ros2_ws/install/my_dd_robot/share/my_dd_robot/local_setup.bash
-- Up-to-date: /home/aniketh05/ros2_ws/install/my_dd_robot/share/my_dd_robot/local_setup.sh
-- Up-to-date: /home/aniketh05/ros2_ws/install/my_dd_robot/share/my_dd_robot/local_setup.zsh
-- Up-to-date: /home/aniketh05/ros2_ws/install/my_dd_robot/share/my_dd_robot/local_setup.dsv
-- Installing: /home/aniketh05/ros2_ws/install/my_dd_robot/share/my_dd_robot/package.dsv
-- Up-to-date: /home/aniketh05/ros2_ws/install/my_dd_robot/share/ament_index/resource_index/packages/my_dd_robot
-- Up-to-date: /home/aniketh05/ros2_ws/install/my_dd_robot/share/my_dd_robot/cmake/my_dd_robotConfig.cmake
-- Up-to-date: /home/aniketh05/ros2_ws/install/my_dd_robot/share/my_dd_robot/cmake/my_dd_robotConfig-version.cmake
-- Up-to-date: /home/aniketh05/ros2_ws/install/my_dd_robot/share/my_dd_robot/package.xml
