-- Install configuration: ""
-- Up-to-date: /home/aniketh05/ros2_ws/install/my_ddrobot/share/my_ddrobot/launch
-- Up-to-date: /home/aniketh05/ros2_ws/install/my_ddrobot/share/my_ddrobot/launch/dd_robot.launch.py
-- Up-to-date: /home/aniketh05/ros2_ws/install/my_ddrobot/share/my_ddrobot/model
-- Up-to-date: /home/aniketh05/ros2_ws/install/my_ddrobot/share/my_ddrobot/model/my_dd_robot_model.xacro
-- Up-to-date: /home/aniketh05/ros2_ws/install/my_ddrobot/share/my_ddrobot/model/my_robot.urdf
-- Up-to-date: /home/aniketh05/ros2_ws/install/my_ddrobot/share/my_ddrobot/model/my_dd_robot.gazebo
-- Up-to-date: /home/aniketh05/ros2_ws/install/my_ddrobot/share/my_ddrobot/model/robot_box.urdf
-- Up-to-date: /home/aniketh05/ros2_ws/install/my_ddrobot/share/ament_index/resource_index/package_run_dependencies/my_ddrobot
-- Up-to-date: /home/aniketh05/ros2_ws/install/my_ddrobot/share/ament_index/resource_index/parent_prefix_path/my_ddrobot
-- Up-to-date: /home/aniketh05/ros2_ws/install/my_ddrobot/share/my_ddrobot/environment/ament_prefix_path.sh
-- Up-to-date: /home/aniketh05/ros2_ws/install/my_ddrobot/share/my_ddrobot/environment/ament_prefix_path.dsv
-- Up-to-date: /home/aniketh05/ros2_ws/install/my_ddrobot/share/my_ddrobot/environment/path.sh
-- Up-to-date: /home/aniketh05/ros2_ws/install/my_ddrobot/share/my_ddrobot/environment/path.dsv
-- Up-to-date: /home/aniketh05/ros2_ws/install/my_ddrobot/share/my_ddrobot/local_setup.bash
-- Up-to-date: /home/aniketh05/ros2_ws/install/my_ddrobot/share/my_ddrobot/local_setup.sh
-- Up-to-date: /home/aniketh05/ros2_ws/install/my_ddrobot/share/my_ddrobot/local_setup.zsh
-- Up-to-date: /home/aniketh05/ros2_ws/install/my_ddrobot/share/my_ddrobot/local_setup.dsv
-- Up-to-date: /home/aniketh05/ros2_ws/install/my_ddrobot/share/my_ddrobot/package.dsv
-- Up-to-date: /home/aniketh05/ros2_ws/install/my_ddrobot/share/ament_index/resource_index/packages/my_ddrobot
-- Up-to-date: /home/aniketh05/ros2_ws/install/my_ddrobot/share/my_ddrobot/cmake/my_ddrobotConfig.cmake
-- Up-to-date: /home/aniketh05/ros2_ws/install/my_ddrobot/share/my_ddrobot/cmake/my_ddrobotConfig-version.cmake
-- Up-to-date: /home/aniketh05/ros2_ws/install/my_ddrobot/share/my_ddrobot/package.xml
