[0.021s] Invoking command in '/home/aniketh05/ros2_ws/build/my_gesture_arm': CMAKE_PREFIX_PATH=/home/aniketh05/ros2_ws/install/navigation_tb3:/home/aniketh05/my_ros2_ws/install/turtle_control:/home/aniketh05/my_ros2_ws/install/my_services:/home/aniketh05/my_ros2_ws/install/my_pkg_prac:/home/aniketh05/my_ros2_ws/install/my_pkg_01:/opt/ros/humble:/home/aniketh05/ros2_ws/install/my_robot:/home/aniketh05/ros2_ws/install/my_ddrobot:/home/aniketh05/my_ros2_ws/install/my_msg_srv:/home/aniketh05/my_ros2_ws/install/my_dd_robot /usr/bin/cmake /home/aniketh05/ros2_ws/src/my_gesture_arm -DAMENT_CMAKE_SYMLINK_INSTALL=1 -DCMAKE_INSTALL_PREFIX=/home/aniketh05/ros2_ws/install/my_gesture_arm
[0.311s] -- The C compiler identification is GNU 11.4.0
[1.109s] -- The CXX compiler identification is GNU 11.4.0
[1.648s] -- Detecting C compiler ABI info
[1.899s] -- Detecting C compiler ABI info - done
[1.907s] -- Check for working C compiler: /usr/bin/cc - skipped
[1.908s] -- Detecting C compile features
[1.908s] -- Detecting C compile features - done
[1.912s] -- Detecting CXX compiler ABI info
[2.138s] -- Detecting CXX compiler ABI info - done
[2.146s] -- Check for working CXX compiler: /usr/bin/c++ - skipped
[2.146s] -- Detecting CXX compile features
[2.147s] -- Detecting CXX compile features - done
[2.174s] -- Found ament_cmake: 1.3.12 (/opt/ros/humble/share/ament_cmake/cmake)
[2.364s] -- Found Python3: /usr/bin/python3 (found version "3.10.12") found components: Interpreter 
[2.447s] -- Override CMake install command with custom implementation using symlinks instead of copying resources
[2.487s] -- Found rclpy: 3.3.17 (/opt/ros/humble/share/rclpy/cmake)
[2.489s] -- Found geometry_msgs: 4.9.0 (/opt/ros/humble/share/geometry_msgs/cmake)
[2.772s] -- Found rosidl_generator_c: 3.1.7 (/opt/ros/humble/share/rosidl_generator_c/cmake)
[2.778s] -- Found rosidl_adapter: 3.1.7 (/opt/ros/humble/share/rosidl_adapter/cmake)
[2.791s] -- Found rosidl_generator_cpp: 3.1.7 (/opt/ros/humble/share/rosidl_generator_cpp/cmake)
[2.809s] -- Using all available rosidl_typesupport_c: rosidl_typesupport_fastrtps_c;rosidl_typesupport_introspection_c
[2.832s] -- Using all available rosidl_typesupport_cpp: rosidl_typesupport_fastrtps_cpp;rosidl_typesupport_introspection_cpp
[2.883s] -- Found sensor_msgs: 4.9.0 (/opt/ros/humble/share/sensor_msgs/cmake)
[2.905s] -- Found gazebo_ros: 3.9.0 (/opt/ros/humble/share/gazebo_ros/cmake)
[2.984s] -- Found rmw_implementation_cmake: 6.1.2 (/opt/ros/humble/share/rmw_implementation_cmake/cmake)
[2.989s] -- Found rmw_cyclonedds_cpp: 1.3.4 (/opt/ros/humble/share/rmw_cyclonedds_cpp/cmake)
[3.029s] -- Using RMW implementation 'rmw_cyclonedds_cpp' as default
[3.043s] -- Looking for pthread.h
[3.269s] -- Looking for pthread.h - found
[3.270s] -- Performing Test CMAKE_HAVE_LIBC_PTHREAD
[3.497s] -- Performing Test CMAKE_HAVE_LIBC_PTHREAD - Success
[3.499s] -- Found Threads: TRUE  
[3.559s] -- Found PkgConfig: /usr/bin/pkg-config (found version "0.29.2") 
[3.560s] -- Checking for module 'bullet>=2.82'
[3.576s] --   Found bullet, version 3.05
[3.774s] -- Found fcl: /usr/include (found suitable version "0.7.0", minimum required is "0.5.0") 
[3.834s] -- Found assimp: /usr/include (found version "5.2.0") 
[3.859s] -- Found DART: /usr/include (Required is at least version "6.6") found components: dart 
[3.898s] -- Found Boost: /usr/lib/x86_64-linux-gnu/cmake/Boost-1.74.0/BoostConfig.cmake (found suitable version "1.74.0", minimum required is "1.40.0") found components: thread system filesystem program_options regex iostreams date_time 
[4.511s] -- Found Protobuf: /usr/lib/x86_64-linux-gnu/libprotobuf.so (found version "3.12.4") 
[4.520s] -- Looking for ignition-math6 -- found version 6.15.1
[4.534s] -- Searching for dependencies of ignition-math6
[4.537s] -- Looking for OGRE...
[4.537s] -- OGRE_PREFIX_WATCH changed.
[4.544s] -- Checking for module 'OGRE'
[4.558s] --   Found OGRE, version 1.9.0
[4.595s] -- Found Ogre Ghadamon (1.9.0)
[5.262s] -- Found OGRE: optimized;/usr/lib/x86_64-linux-gnu/libOgreMain.so;debug;/usr/lib/x86_64-linux-gnu/libOgreMain.so
[5.274s] -- Looking for OGRE_Paging...
[6.032s] -- Found OGRE_Paging: optimized;/usr/lib/x86_64-linux-gnu/libOgrePaging.so;debug;/usr/lib/x86_64-linux-gnu/libOgrePaging.so
[6.032s] -- Looking for OGRE_Terrain...
[6.636s] -- Found OGRE_Terrain: optimized;/usr/lib/x86_64-linux-gnu/libOgreTerrain.so;debug;/usr/lib/x86_64-linux-gnu/libOgreTerrain.so
[6.636s] -- Looking for OGRE_Property...
[7.242s] -- Found OGRE_Property: optimized;/usr/lib/x86_64-linux-gnu/libOgreProperty.so;debug;/usr/lib/x86_64-linux-gnu/libOgreProperty.so
[7.243s] -- Looking for OGRE_RTShaderSystem...
[7.924s] -- Found OGRE_RTShaderSystem: optimized;/usr/lib/x86_64-linux-gnu/libOgreRTShaderSystem.so;debug;/usr/lib/x86_64-linux-gnu/libOgreRTShaderSystem.so
[7.926s] -- Looking for OGRE_Volume...
[8.538s] -- Found OGRE_Volume: optimized;/usr/lib/x86_64-linux-gnu/libOgreVolume.so;debug;/usr/lib/x86_64-linux-gnu/libOgreVolume.so
[8.538s] -- Looking for OGRE_Overlay...
[9.402s] -- Found OGRE_Overlay: optimized;/usr/lib/x86_64-linux-gnu/libOgreOverlay.so;debug;/usr/lib/x86_64-linux-gnu/libOgreOverlay.so
[42.247s] -- Looking for ignition-math6 -- found version 6.15.1
[42.250s] -- Looking for ignition-transport8 -- found version 8.2.1
[42.251s] -- Searching for dependencies of ignition-transport8
[44.643s] -- Found Protobuf: /usr/lib/x86_64-linux-gnu/libprotobuf.so (found suitable version "3.12.4", minimum required is "3") 
[46.123s] -- Config-file not installed for ZeroMQ -- checking for pkg-config
[46.129s] -- Checking for module 'libzmq >= 4'
[46.141s] --   Found libzmq , version 4.3.4
[46.173s] -- Found ZeroMQ: TRUE (Required is at least version "4") 
[46.216s] -- Checking for module 'uuid'
[46.227s] --   Found uuid, version 2.37.2
[46.256s] -- Found UUID: TRUE  
[46.258s] -- Looking for ignition-msgs5 -- found version 5.8.1
[46.259s] -- Searching for dependencies of ignition-msgs5
[47.732s] -- Looking for ignition-math6 -- found version 6.15.1
[47.738s] -- Checking for module 'tinyxml2'
[47.752s] --   Found tinyxml2, version 9.0.0
[47.781s] -- Looking for ignition-msgs5 -- found version 5.8.1
[47.784s] -- Looking for ignition-common3 -- found version 3.14.0
[47.784s] -- Searching for dependencies of ignition-common3
[47.829s] -- Looking for dlfcn.h - found
[47.864s] -- Looking for libdl - found
[47.866s] -- Found DL: TRUE  
[47.950s] -- Found tinyobjloader: /usr/lib/x86_64-linux-gnu/cmake/tinyobjloader/tinyobjloader-config.cmake (found version "2.0.0") 
[47.951s] -- Searching for <ignition-common3> component [graphics]
[47.953s] -- Looking for ignition-common3-graphics -- found version 3.14.0
[47.954s] -- Searching for dependencies of ignition-common3-graphics
[47.954s] -- Looking for ignition-math6 -- found version 6.15.1
[47.957s] -- Looking for ignition-fuel_tools4 -- found version 4.4.0
[47.958s] -- Searching for dependencies of ignition-fuel_tools4
[50.274s] -- Found CURL: /usr/lib/x86_64-linux-gnu/libcurl.so (found version "7.81.0")  
[50.302s] -- Checking for module 'jsoncpp'
[50.315s] --   Found jsoncpp, version 1.9.5
[50.343s] -- Found JSONCPP: TRUE  
[50.350s] -- Checking for module 'libzip'
[50.363s] --   Found libzip, version 1.7.3
[50.394s] -- Found ZIP: TRUE  
[50.394s] -- Looking for ignition-common3 -- found version 3.14.0
[50.394s] -- Looking for ignition-math6 -- found version 6.15.1
[50.395s] -- Looking for ignition-msgs5 -- found version 5.8.1
[50.404s] -- Gazebo version: 11.10
[50.404s] -- Checking for module 'tbb'
[50.424s] --   Found tbb, version 2021.5.0
[50.457s] -- Found robot_state_publisher: 3.0.3 (/opt/ros/humble/share/robot_state_publisher/cmake)
[50.595s] -- Found eigen3_cmake_module: 0.1.1 (/opt/ros/humble/share/eigen3_cmake_module/cmake)
[50.598s] -- Found Eigen3: TRUE (found version "3.4.0") 
[50.598s] -- Ensuring Eigen3 include directory is part of orocos-kdl CMake target
[52.351s] -- Found rviz2: 11.2.19 (/opt/ros/humble/share/rviz2/cmake)
[52.354s] -- Found controller_manager: 2.51.0 (/opt/ros/humble/share/controller_manager/cmake)
[52.511s] -- Found ros2_control: 2.51.0 (/opt/ros/humble/share/ros2_control/cmake)
[52.515s] -- Found position_controllers: 2.49.1 (/opt/ros/humble/share/position_controllers/cmake)
[52.571s] -- Found joint_state_broadcaster: 2.49.1 (/opt/ros/humble/share/joint_state_broadcaster/cmake)
[52.585s] -- Found ament_lint_auto: 0.12.14 (/opt/ros/humble/share/ament_lint_auto/cmake)
[52.670s] -- Added test 'flake8' to check Python code syntax and style conventions
[52.671s] -- Added test 'lint_cmake' to check CMake code style
[52.672s] -- Added test 'pep257' to check Python code against some of the docstring style conventions in PEP 257
[52.674s] -- Added test 'xmllint' to check XML markup files
[52.676s] -- Configuring done
[52.682s] -- Generating done
[52.685s] -- Build files have been written to: /home/aniketh05/ros2_ws/build/my_gesture_arm
[52.700s] Invoked command in '/home/aniketh05/ros2_ws/build/my_gesture_arm' returned '0': CMAKE_PREFIX_PATH=/home/aniketh05/ros2_ws/install/navigation_tb3:/home/aniketh05/my_ros2_ws/install/turtle_control:/home/aniketh05/my_ros2_ws/install/my_services:/home/aniketh05/my_ros2_ws/install/my_pkg_prac:/home/aniketh05/my_ros2_ws/install/my_pkg_01:/opt/ros/humble:/home/aniketh05/ros2_ws/install/my_robot:/home/aniketh05/ros2_ws/install/my_ddrobot:/home/aniketh05/my_ros2_ws/install/my_msg_srv:/home/aniketh05/my_ros2_ws/install/my_dd_robot /usr/bin/cmake /home/aniketh05/ros2_ws/src/my_gesture_arm -DAMENT_CMAKE_SYMLINK_INSTALL=1 -DCMAKE_INSTALL_PREFIX=/home/aniketh05/ros2_ws/install/my_gesture_arm
[52.703s] Invoking command in '/home/aniketh05/ros2_ws/build/my_gesture_arm': CMAKE_PREFIX_PATH=/home/aniketh05/ros2_ws/install/navigation_tb3:/home/aniketh05/my_ros2_ws/install/turtle_control:/home/aniketh05/my_ros2_ws/install/my_services:/home/aniketh05/my_ros2_ws/install/my_pkg_prac:/home/aniketh05/my_ros2_ws/install/my_pkg_01:/opt/ros/humble:/home/aniketh05/ros2_ws/install/my_robot:/home/aniketh05/ros2_ws/install/my_ddrobot:/home/aniketh05/my_ros2_ws/install/my_msg_srv:/home/aniketh05/my_ros2_ws/install/my_dd_robot /usr/bin/cmake --build /home/aniketh05/ros2_ws/build/my_gesture_arm -- -j12 -l12
[52.741s] Invoked command in '/home/aniketh05/ros2_ws/build/my_gesture_arm' returned '0': CMAKE_PREFIX_PATH=/home/aniketh05/ros2_ws/install/navigation_tb3:/home/aniketh05/my_ros2_ws/install/turtle_control:/home/aniketh05/my_ros2_ws/install/my_services:/home/aniketh05/my_ros2_ws/install/my_pkg_prac:/home/aniketh05/my_ros2_ws/install/my_pkg_01:/opt/ros/humble:/home/aniketh05/ros2_ws/install/my_robot:/home/aniketh05/ros2_ws/install/my_ddrobot:/home/aniketh05/my_ros2_ws/install/my_msg_srv:/home/aniketh05/my_ros2_ws/install/my_dd_robot /usr/bin/cmake --build /home/aniketh05/ros2_ws/build/my_gesture_arm -- -j12 -l12
[52.753s] Invoking command in '/home/aniketh05/ros2_ws/build/my_gesture_arm': CMAKE_PREFIX_PATH=/home/aniketh05/ros2_ws/install/navigation_tb3:/home/aniketh05/my_ros2_ws/install/turtle_control:/home/aniketh05/my_ros2_ws/install/my_services:/home/aniketh05/my_ros2_ws/install/my_pkg_prac:/home/aniketh05/my_ros2_ws/install/my_pkg_01:/opt/ros/humble:/home/aniketh05/ros2_ws/install/my_robot:/home/aniketh05/ros2_ws/install/my_ddrobot:/home/aniketh05/my_ros2_ws/install/my_msg_srv:/home/aniketh05/my_ros2_ws/install/my_dd_robot /usr/bin/cmake --install /home/aniketh05/ros2_ws/build/my_gesture_arm
[52.758s] -- Install configuration: ""
[52.758s] -- Execute custom install script
[52.759s] -- Symlinking: /home/aniketh05/ros2_ws/install/my_gesture_arm/share/my_gesture_arm/launch/autonomous_robot.launch.py
[52.767s] -- Symlinking: /home/aniketh05/ros2_ws/install/my_gesture_arm/share/my_gesture_arm/launch/dd_robot.launch.py
[52.776s] [33mCMake Warning (dev) at ament_cmake_symlink_install/ament_cmake_symlink_install.cmake:62 (file):
[52.776s]   Policy CMP0009 is not set: FILE GLOB_RECURSE calls should not follow
[52.776s]   symlinks by default.  Run "cmake --help-policy CMP0009" for policy details.
[52.776s]   Use the cmake_policy command to set the policy and suppress this warning.
[52.776s] Call Stack (most recent call first):
[52.776s]   ament_cmake_symlink_install/ament_cmake_symlink_install.cmake:314 (ament_cmake_symlink_install_directory)
[52.777s]   cmake_install.cmake:46 (include)
[52.777s] This warning is for project developers.  Use -Wno-dev to suppress it.
[52.777s] [0m
[52.777s] -- Symlinking: /home/aniketh05/ros2_ws/install/my_gesture_arm/share/my_gesture_arm/model/build/.built_by
[52.784s] -- Symlinking: /home/aniketh05/ros2_ws/install/my_gesture_arm/share/my_gesture_arm/model/build/COLCON_IGNORE
[52.794s] -- Symlinking: /home/aniketh05/ros2_ws/install/my_gesture_arm/share/my_gesture_arm/model/empty_world.world
[52.801s] -- Symlinking: /home/aniketh05/ros2_ws/install/my_gesture_arm/share/my_gesture_arm/model/gesture_arm.gazebo
[52.810s] -- Symlinking: /home/aniketh05/ros2_ws/install/my_gesture_arm/share/my_gesture_arm/model/gesture_arm.urdf
[52.822s] -- Symlinking: /home/aniketh05/ros2_ws/install/my_gesture_arm/share/my_gesture_arm/model/install/.colcon_install_layout
[52.831s] -- Symlinking: /home/aniketh05/ros2_ws/install/my_gesture_arm/share/my_gesture_arm/model/install/COLCON_IGNORE
[52.847s] -- Symlinking: /home/aniketh05/ros2_ws/install/my_gesture_arm/share/my_gesture_arm/model/install/_local_setup_util_ps1.py
[52.857s] -- Symlinking: /home/aniketh05/ros2_ws/install/my_gesture_arm/share/my_gesture_arm/model/install/_local_setup_util_sh.py
[52.873s] -- Symlinking: /home/aniketh05/ros2_ws/install/my_gesture_arm/share/my_gesture_arm/model/install/local_setup.bash
[52.902s] -- Symlinking: /home/aniketh05/ros2_ws/install/my_gesture_arm/share/my_gesture_arm/model/install/local_setup.ps1
[52.913s] -- Symlinking: /home/aniketh05/ros2_ws/install/my_gesture_arm/share/my_gesture_arm/model/install/local_setup.sh
[52.924s] -- Symlinking: /home/aniketh05/ros2_ws/install/my_gesture_arm/share/my_gesture_arm/model/install/local_setup.zsh
[52.936s] -- Symlinking: /home/aniketh05/ros2_ws/install/my_gesture_arm/share/my_gesture_arm/model/install/setup.bash
[52.944s] -- Symlinking: /home/aniketh05/ros2_ws/install/my_gesture_arm/share/my_gesture_arm/model/install/setup.ps1
[52.951s] -- Symlinking: /home/aniketh05/ros2_ws/install/my_gesture_arm/share/my_gesture_arm/model/install/setup.sh
[52.960s] -- Symlinking: /home/aniketh05/ros2_ws/install/my_gesture_arm/share/my_gesture_arm/model/install/setup.zsh
[52.969s] -- Symlinking: /home/aniketh05/ros2_ws/install/my_gesture_arm/share/my_gesture_arm/model/log/COLCON_IGNORE
[52.976s] -- Symlinking: /home/aniketh05/ros2_ws/install/my_gesture_arm/share/my_gesture_arm/model/log/build_2025-04-07_01-31-33/events.log
[52.984s] -- Symlinking: /home/aniketh05/ros2_ws/install/my_gesture_arm/share/my_gesture_arm/model/log/build_2025-04-07_01-31-33/logger_all.log
[52.991s] -- Symlinking: /home/aniketh05/ros2_ws/install/my_gesture_arm/share/my_gesture_arm/model/log/latest/events.log
[52.998s] -- Symlinking: /home/aniketh05/ros2_ws/install/my_gesture_arm/share/my_gesture_arm/model/log/latest/logger_all.log
[53.008s] -- Symlinking: /home/aniketh05/ros2_ws/install/my_gesture_arm/share/my_gesture_arm/model/log/latest_build/events.log
[53.015s] -- Symlinking: /home/aniketh05/ros2_ws/install/my_gesture_arm/share/my_gesture_arm/model/log/latest_build/logger_all.log
[53.025s] -- Symlinking: /home/aniketh05/ros2_ws/install/my_gesture_arm/share/my_gesture_arm/model/my_gesture_arm.xacro
[53.034s] -- Symlinking: /home/aniketh05/ros2_ws/install/my_gesture_arm/share/my_gesture_arm/model/task_world.world
[53.042s] -- Symlinking: /home/aniketh05/ros2_ws/install/my_gesture_arm/lib/my_gesture_arm/teleop_controller.py
[53.049s] -- Symlinking: /home/aniketh05/ros2_ws/install/my_gesture_arm/lib/my_gesture_arm/autonomous_robot_controller.py
[53.057s] -- Symlinking: /home/aniketh05/ros2_ws/install/my_gesture_arm/share/ament_index/resource_index/package_run_dependencies/my_gesture_arm
[53.064s] -- Symlinking: /home/aniketh05/ros2_ws/install/my_gesture_arm/share/ament_index/resource_index/parent_prefix_path/my_gesture_arm
[53.072s] -- Symlinking: /home/aniketh05/ros2_ws/install/my_gesture_arm/share/my_gesture_arm/environment/ament_prefix_path.sh
[53.080s] -- Symlinking: /home/aniketh05/ros2_ws/install/my_gesture_arm/share/my_gesture_arm/environment/ament_prefix_path.dsv
[53.088s] -- Symlinking: /home/aniketh05/ros2_ws/install/my_gesture_arm/share/my_gesture_arm/environment/path.sh
[53.095s] -- Symlinking: /home/aniketh05/ros2_ws/install/my_gesture_arm/share/my_gesture_arm/environment/path.dsv
[53.104s] -- Symlinking: /home/aniketh05/ros2_ws/install/my_gesture_arm/share/my_gesture_arm/local_setup.bash
[53.115s] -- Symlinking: /home/aniketh05/ros2_ws/install/my_gesture_arm/share/my_gesture_arm/local_setup.sh
[53.123s] -- Symlinking: /home/aniketh05/ros2_ws/install/my_gesture_arm/share/my_gesture_arm/local_setup.zsh
[53.131s] -- Symlinking: /home/aniketh05/ros2_ws/install/my_gesture_arm/share/my_gesture_arm/local_setup.dsv
[53.140s] -- Symlinking: /home/aniketh05/ros2_ws/install/my_gesture_arm/share/my_gesture_arm/package.dsv
[53.147s] -- Symlinking: /home/aniketh05/ros2_ws/install/my_gesture_arm/share/ament_index/resource_index/packages/my_gesture_arm
[53.155s] -- Symlinking: /home/aniketh05/ros2_ws/install/my_gesture_arm/share/my_gesture_arm/cmake/my_gesture_armConfig.cmake
[53.162s] -- Symlinking: /home/aniketh05/ros2_ws/install/my_gesture_arm/share/my_gesture_arm/cmake/my_gesture_armConfig-version.cmake
[53.170s] -- Symlinking: /home/aniketh05/ros2_ws/install/my_gesture_arm/share/my_gesture_arm/package.xml
[53.179s] Invoked command in '/home/aniketh05/ros2_ws/build/my_gesture_arm' returned '0': CMAKE_PREFIX_PATH=/home/aniketh05/ros2_ws/install/navigation_tb3:/home/aniketh05/my_ros2_ws/install/turtle_control:/home/aniketh05/my_ros2_ws/install/my_services:/home/aniketh05/my_ros2_ws/install/my_pkg_prac:/home/aniketh05/my_ros2_ws/install/my_pkg_01:/opt/ros/humble:/home/aniketh05/ros2_ws/install/my_robot:/home/aniketh05/ros2_ws/install/my_ddrobot:/home/aniketh05/my_ros2_ws/install/my_msg_srv:/home/aniketh05/my_ros2_ws/install/my_dd_robot /usr/bin/cmake --install /home/aniketh05/ros2_ws/build/my_gesture_arm
