[0.051s] Invoking command in '/home/aniketh05/ros2_ws/build/my_gesture_arm': CMAKE_PREFIX_PATH=${CMAKE_PREFIX_PATH}:/home/aniketh05/my_ros2_ws/install/turtle_control:/home/aniketh05/my_ros2_ws/install/my_services:/home/aniketh05/my_ros2_ws/install/my_pkg_prac:/home/aniketh05/my_ros2_ws/install/my_pkg_01:/opt/ros/humble /usr/bin/cmake /home/aniketh05/ros2_ws/src/my_gesture_arm -DCMAKE_INSTALL_PREFIX=/home/aniketh05/ros2_ws/install/my_gesture_arm
[0.214s] -- The C compiler identification is GNU 11.4.0
[1.445s] -- The CXX compiler identification is GNU 11.4.0
[2.372s] -- Detecting C compiler ABI info
[2.560s] -- Detecting C compiler ABI info - done
[2.567s] -- Check for working C compiler: /usr/bin/cc - skipped
[2.567s] -- Detecting C compile features
[2.567s] -- Detecting C compile features - done
[2.570s] -- Detecting CXX compiler ABI info
[2.754s] -- Detecting CXX compiler ABI info - done
[2.760s] -- Check for working CXX compiler: /usr/bin/c++ - skipped
[2.760s] -- Detecting CXX compile features
[2.761s] -- Detecting CXX compile features - done
[2.764s] -- Found ament_cmake: 1.3.11 (/opt/ros/humble/share/ament_cmake/cmake)
[2.941s] -- Found Python3: /usr/bin/python3 (found version "3.10.12") found components: Interpreter 
[3.061s] -- Found rclpy: 3.3.16 (/opt/ros/humble/share/rclpy/cmake)
[3.064s] -- Found geometry_msgs: 4.8.0 (/opt/ros/humble/share/geometry_msgs/cmake)
[3.254s] -- Found rosidl_generator_c: 3.1.6 (/opt/ros/humble/share/rosidl_generator_c/cmake)
[3.258s] -- Found rosidl_adapter: 3.1.6 (/opt/ros/humble/share/rosidl_adapter/cmake)
[3.267s] -- Found rosidl_generator_cpp: 3.1.6 (/opt/ros/humble/share/rosidl_generator_cpp/cmake)
[3.279s] -- Using all available rosidl_typesupport_c: rosidl_typesupport_fastrtps_c;rosidl_typesupport_introspection_c
[3.295s] -- Using all available rosidl_typesupport_cpp: rosidl_typesupport_fastrtps_cpp;rosidl_typesupport_introspection_cpp
[3.334s] -- Found sensor_msgs: 4.8.0 (/opt/ros/humble/share/sensor_msgs/cmake)
[3.351s] -- Found nav_msgs: 4.8.0 (/opt/ros/humble/share/nav_msgs/cmake)
[3.367s] -- Found visualization_msgs: 4.8.0 (/opt/ros/humble/share/visualization_msgs/cmake)
[3.386s] -- Found moveit_msgs: 2.2.1 (/opt/ros/humble/share/moveit_msgs/cmake)
[3.508s] -- Found tf2_ros: 0.25.12 (/opt/ros/humble/share/tf2_ros/cmake)
[3.600s] -- Found rmw_implementation_cmake: 6.1.2 (/opt/ros/humble/share/rmw_implementation_cmake/cmake)
[3.601s] -- Found rmw_fastrtps_cpp: 6.2.7 (/opt/ros/humble/share/rmw_fastrtps_cpp/cmake)
[4.698s] -- Found OpenSSL: /usr/lib/x86_64-linux-gnu/libcrypto.so (found version "3.0.2")  
[6.919s] -- Found FastRTPS: /opt/ros/humble/include  
[10.645s] -- Using RMW implementation 'rmw_fastrtps_cpp' as default
[10.656s] -- Looking for pthread.h
[10.884s] -- Looking for pthread.h - found
[10.885s] -- Performing Test CMAKE_HAVE_LIBC_PTHREAD
[11.078s] -- Performing Test CMAKE_HAVE_LIBC_PTHREAD - Success
[11.079s] -- Found Threads: TRUE  
[11.175s] -- Found gazebo_ros: 3.9.0 (/opt/ros/humble/share/gazebo_ros/cmake)
[11.186s] -- Found PkgConfig: /usr/bin/pkg-config (found version "0.29.2") 
[11.186s] -- Checking for module 'bullet>=2.82'
[11.199s] --   Found bullet, version 3.05
[11.354s] -- Found fcl: /usr/include (found suitable version "0.7.0", minimum required is "0.5.0") 
[11.400s] -- Found assimp: /usr/include (found version "5.2.0") 
[11.419s] -- Found DART: /usr/include (Required is at least version "6.6") found components: dart 
[11.456s] -- Found Boost: /usr/lib/x86_64-linux-gnu/cmake/Boost-1.74.0/BoostConfig.cmake (found suitable version "1.74.0", minimum required is "1.40.0") found components: thread system filesystem program_options regex iostreams date_time 
[11.959s] -- Found Protobuf: /usr/lib/x86_64-linux-gnu/libprotobuf.so (found version "3.12.4") 
[11.968s] -- Looking for ignition-math6 -- found version 6.15.1
[11.977s] -- Searching for dependencies of ignition-math6
[11.980s] -- Looking for OGRE...
[11.981s] -- OGRE_PREFIX_WATCH changed.
[11.987s] -- Checking for module 'OGRE'
[12.002s] --   Found OGRE, version 1.9.0
[12.034s] -- Found Ogre Ghadamon (1.9.0)
[12.465s] -- Found OGRE: optimized;/usr/lib/x86_64-linux-gnu/libOgreMain.so;debug;/usr/lib/x86_64-linux-gnu/libOgreMain.so
[12.477s] -- Looking for OGRE_Paging...
[12.885s] -- Found OGRE_Paging: optimized;/usr/lib/x86_64-linux-gnu/libOgrePaging.so;debug;/usr/lib/x86_64-linux-gnu/libOgrePaging.so
[12.886s] -- Looking for OGRE_Terrain...
[13.288s] -- Found OGRE_Terrain: optimized;/usr/lib/x86_64-linux-gnu/libOgreTerrain.so;debug;/usr/lib/x86_64-linux-gnu/libOgreTerrain.so
[13.288s] -- Looking for OGRE_Property...
[13.707s] -- Found OGRE_Property: optimized;/usr/lib/x86_64-linux-gnu/libOgreProperty.so;debug;/usr/lib/x86_64-linux-gnu/libOgreProperty.so
[13.707s] -- Looking for OGRE_RTShaderSystem...
[14.124s] -- Found OGRE_RTShaderSystem: optimized;/usr/lib/x86_64-linux-gnu/libOgreRTShaderSystem.so;debug;/usr/lib/x86_64-linux-gnu/libOgreRTShaderSystem.so
[14.124s] -- Looking for OGRE_Volume...
[14.574s] -- Found OGRE_Volume: optimized;/usr/lib/x86_64-linux-gnu/libOgreVolume.so;debug;/usr/lib/x86_64-linux-gnu/libOgreVolume.so
[14.574s] -- Looking for OGRE_Overlay...
[14.977s] -- Found OGRE_Overlay: optimized;/usr/lib/x86_64-linux-gnu/libOgreOverlay.so;debug;/usr/lib/x86_64-linux-gnu/libOgreOverlay.so
[38.109s] -- Looking for ignition-math6 -- found version 6.15.1
[38.112s] -- Looking for ignition-transport8 -- found version 8.2.1
[38.113s] -- Searching for dependencies of ignition-transport8
[39.765s] -- Found Protobuf: /usr/lib/x86_64-linux-gnu/libprotobuf.so (found suitable version "3.12.4", minimum required is "3") 
[41.263s] -- Config-file not installed for ZeroMQ -- checking for pkg-config
[41.269s] -- Checking for module 'libzmq >= 4'
[41.284s] --   Found libzmq , version 4.3.4
[41.323s] -- Found ZeroMQ: TRUE (Required is at least version "4") 
[41.368s] -- Checking for module 'uuid'
[41.380s] --   Found uuid, version 2.37.2
[41.413s] -- Found UUID: TRUE  
[41.416s] -- Looking for ignition-msgs5 -- found version 5.8.1
[41.417s] -- Searching for dependencies of ignition-msgs5
[42.870s] -- Looking for ignition-math6 -- found version 6.15.1
[42.876s] -- Checking for module 'tinyxml2'
[42.887s] --   Found tinyxml2, version 9.0.0
[42.921s] -- Looking for ignition-msgs5 -- found version 5.8.1
[42.924s] -- Looking for ignition-common3 -- found version 3.14.0
[42.924s] -- Searching for dependencies of ignition-common3
[42.973s] -- Looking for dlfcn.h - found
[43.020s] -- Looking for libdl - found
[43.021s] -- Found DL: TRUE  
[43.122s] -- Found tinyobjloader: /usr/lib/x86_64-linux-gnu/cmake/tinyobjloader/tinyobjloader-config.cmake (found version "2.0.0") 
[43.124s] -- Searching for <ignition-common3> component [graphics]
[43.126s] -- Looking for ignition-common3-graphics -- found version 3.14.0
[43.127s] -- Searching for dependencies of ignition-common3-graphics
[43.127s] -- Looking for ignition-math6 -- found version 6.15.1
[43.133s] -- Looking for ignition-fuel_tools4 -- found version 4.4.0
[43.134s] -- Searching for dependencies of ignition-fuel_tools4
[44.809s] -- Found CURL: /usr/lib/x86_64-linux-gnu/libcurl.so (found version "7.81.0")  
[44.822s] -- Checking for module 'jsoncpp'
[44.835s] --   Found jsoncpp, version 1.9.5
[44.863s] -- Found JSONCPP: TRUE  
[44.870s] -- Checking for module 'libzip'
[44.883s] --   Found libzip, version 1.7.3
[44.915s] -- Found ZIP: TRUE  
[44.916s] -- Looking for ignition-common3 -- found version 3.14.0
[44.917s] -- Looking for ignition-math6 -- found version 6.15.1
[44.918s] -- Looking for ignition-msgs5 -- found version 5.8.1
[44.923s] -- Gazebo version: 11.10
[44.923s] -- Checking for module 'tbb'
[44.936s] --   Found tbb, version 2021.5.0
[44.967s] -- Found gazebo_ros2_control: 0.4.10 (/opt/ros/humble/share/gazebo_ros2_control/cmake)
[46.824s] -- Found robot_state_publisher: 3.0.3 (/opt/ros/humble/share/robot_state_publisher/cmake)
[46.870s] -- Found eigen3_cmake_module: 0.1.1 (/opt/ros/humble/share/eigen3_cmake_module/cmake)
[46.871s] -- Found Eigen3: TRUE (found version "3.4.0") 
[46.871s] -- Ensuring Eigen3 include directory is part of orocos-kdl CMake target
[48.321s] [31mCMake Error at CMakeLists.txt:21 (find_package):
[48.321s]   By not providing "Findjoint_state_publisher.cmake" in CMAKE_MODULE_PATH
[48.321s]   this project has asked CMake to find a package configuration file provided
[48.321s]   by "joint_state_publisher", but CMake did not find one.
[48.321s] 
[48.321s]   Could not find a package configuration file provided by
[48.322s]   "joint_state_publisher" with any of the following names:
[48.322s] 
[48.322s]     joint_state_publisherConfig.cmake
[48.322s]     joint_state_publisher-config.cmake
[48.322s] 
[48.322s]   Add the installation prefix of "joint_state_publisher" to CMAKE_PREFIX_PATH
[48.322s]   or set "joint_state_publisher_DIR" to a directory containing one of the
[48.322s]   above files.  If "joint_state_publisher" provides a separate development
[48.322s]   package or SDK, be sure it has been installed.
[48.322s] 
[48.322s] [0m
[48.322s] -- Configuring incomplete, errors occurred!
[48.322s] See also "/home/aniketh05/ros2_ws/build/my_gesture_arm/CMakeFiles/CMakeOutput.log".
[48.341s] Invoked command in '/home/aniketh05/ros2_ws/build/my_gesture_arm' returned '1': CMAKE_PREFIX_PATH=${CMAKE_PREFIX_PATH}:/home/aniketh05/my_ros2_ws/install/turtle_control:/home/aniketh05/my_ros2_ws/install/my_services:/home/aniketh05/my_ros2_ws/install/my_pkg_prac:/home/aniketh05/my_ros2_ws/install/my_pkg_01:/opt/ros/humble /usr/bin/cmake /home/aniketh05/ros2_ws/src/my_gesture_arm -DCMAKE_INSTALL_PREFIX=/home/aniketh05/ros2_ws/install/my_gesture_arm
