[0.009s] Invoking command in '/home/aniketh05/ros2_ws/build/my_robot': /usr/bin/cmake /home/aniketh05/ros2_ws/src/my_robot -DCATKIN_INSTALL_INTO_PREFIX_ROOT=0 -DCATKIN_SYMLINK_INSTALL=ON -DCMAKE_INSTALL_PREFIX=/home/aniketh05/ros2_ws/install/my_robot
[0.029s] -- Found ament_cmake: 1.3.11 (/opt/ros/humble/share/ament_cmake/cmake)
[0.138s] -- Override CMake install command with custom implementation using symlinks instead of copying resources
[0.210s] -- Configuring done
[0.220s] -- Generating done
[0.221s] [33mCMake Warning:
[0.221s]   Manually-specified variables were not used by the project:
[0.221s] 
[0.221s]     CATKIN_INSTALL_INTO_PREFIX_ROOT
[0.221s]     CATKIN_SYMLINK_INSTALL
[0.221s] 
[0.221s] [0m
[0.221s] -- Build files have been written to: /home/aniketh05/ros2_ws/build/my_robot
[0.223s] Invoked command in '/home/aniketh05/ros2_ws/build/my_robot' returned '0': /usr/bin/cmake /home/aniketh05/ros2_ws/src/my_robot -DCATKIN_INSTALL_INTO_PREFIX_ROOT=0 -DCATKIN_SYMLINK_INSTALL=ON -DCMAKE_INSTALL_PREFIX=/home/aniketh05/ros2_ws/install/my_robot
[0.224s] Invoking command in '/home/aniketh05/ros2_ws/build/my_robot': /usr/bin/cmake --build /home/aniketh05/ros2_ws/build/my_robot -- -j12 -l12
[0.251s] Invoked command in '/home/aniketh05/ros2_ws/build/my_robot' returned '0': /usr/bin/cmake --build /home/aniketh05/ros2_ws/build/my_robot -- -j12 -l12
[0.258s] Invoking command in '/home/aniketh05/ros2_ws/build/my_robot': /usr/bin/cmake --install /home/aniketh05/ros2_ws/build/my_robot
[0.264s] -- Install configuration: ""
[0.264s] -- Execute custom install script
[0.264s] -- Up-to-date symlink: /home/aniketh05/ros2_ws/install/my_robot/share/my_robot/launch/gazebo_sim.launch.py
[0.264s] -- Up-to-date symlink: /home/aniketh05/ros2_ws/install/my_robot/share/my_robot/launch/nav2.launch.py
[0.265s] -- Symlinking: /home/aniketh05/ros2_ws/install/my_robot/share/my_robot/launch/slam_rviz.launch.py
[0.271s] -- Symlinking: /home/aniketh05/ros2_ws/install/my_robot/share/my_robot/launch/teleop.launch.py
[0.277s] -- Up-to-date symlink: /home/aniketh05/ros2_ws/install/my_robot/share/my_robot/config/nav2_params.yaml
[0.277s] -- Up-to-date symlink: /home/aniketh05/ros2_ws/install/my_robot/share/my_robot/config/slam_toolbox.yaml
[0.277s] -- Up-to-date symlink: /home/aniketh05/ros2_ws/install/my_robot/share/my_robot/config/slam_view.rviz
[0.277s] -- Up-to-date symlink: /home/aniketh05/ros2_ws/install/my_robot/share/my_robot/urdf/my_robot.urdf.xacro
[0.277s] -- Up-to-date symlink: /home/aniketh05/ros2_ws/install/my_robot/share/my_robot/world/my_world.world
[0.277s] -- Up-to-date symlink: /home/aniketh05/ros2_ws/install/my_robot/share/ament_index/resource_index/package_run_dependencies/my_robot
[0.277s] -- Up-to-date symlink: /home/aniketh05/ros2_ws/install/my_robot/share/ament_index/resource_index/parent_prefix_path/my_robot
[0.278s] -- Up-to-date symlink: /home/aniketh05/ros2_ws/install/my_robot/share/my_robot/environment/ament_prefix_path.sh
[0.278s] -- Up-to-date symlink: /home/aniketh05/ros2_ws/install/my_robot/share/my_robot/environment/ament_prefix_path.dsv
[0.278s] -- Up-to-date symlink: /home/aniketh05/ros2_ws/install/my_robot/share/my_robot/environment/path.sh
[0.278s] -- Up-to-date symlink: /home/aniketh05/ros2_ws/install/my_robot/share/my_robot/environment/path.dsv
[0.278s] -- Up-to-date symlink: /home/aniketh05/ros2_ws/install/my_robot/share/my_robot/local_setup.bash
[0.278s] -- Up-to-date symlink: /home/aniketh05/ros2_ws/install/my_robot/share/my_robot/local_setup.sh
[0.278s] -- Up-to-date symlink: /home/aniketh05/ros2_ws/install/my_robot/share/my_robot/local_setup.zsh
[0.278s] -- Up-to-date symlink: /home/aniketh05/ros2_ws/install/my_robot/share/my_robot/local_setup.dsv
[0.278s] -- Symlinking: /home/aniketh05/ros2_ws/install/my_robot/share/my_robot/package.dsv
[0.284s] -- Up-to-date symlink: /home/aniketh05/ros2_ws/install/my_robot/share/ament_index/resource_index/packages/my_robot
[0.284s] -- Up-to-date symlink: /home/aniketh05/ros2_ws/install/my_robot/share/my_robot/cmake/my_robotConfig.cmake
[0.284s] -- Up-to-date symlink: /home/aniketh05/ros2_ws/install/my_robot/share/my_robot/cmake/my_robotConfig-version.cmake
[0.284s] -- Up-to-date symlink: /home/aniketh05/ros2_ws/install/my_robot/share/my_robot/package.xml
[0.286s] Invoked command in '/home/aniketh05/ros2_ws/build/my_robot' returned '0': /usr/bin/cmake --install /home/aniketh05/ros2_ws/build/my_robot
