[0.012s] Invoking command in '/home/aniketh05/ros2_ws/build/my_robot': CMAKE_PREFIX_PATH=${CMAKE_PREFIX_PATH}:/home/aniketh05/my_ros2_ws/install/turtle_control:/home/aniketh05/my_ros2_ws/install/my_services:/home/aniketh05/my_ros2_ws/install/my_pkg_prac:/home/aniketh05/my_ros2_ws/install/my_pkg_01:/opt/ros/humble /usr/bin/cmake --build /home/aniketh05/ros2_ws/build/my_robot -- -j12 -l12
[0.039s] Invoked command in '/home/aniketh05/ros2_ws/build/my_robot' returned '0': CMAKE_PREFIX_PATH=${CMAKE_PREFIX_PATH}:/home/aniketh05/my_ros2_ws/install/turtle_control:/home/aniketh05/my_ros2_ws/install/my_services:/home/aniketh05/my_ros2_ws/install/my_pkg_prac:/home/aniketh05/my_ros2_ws/install/my_pkg_01:/opt/ros/humble /usr/bin/cmake --build /home/aniketh05/ros2_ws/build/my_robot -- -j12 -l12
[0.047s] Invoking command in '/home/aniketh05/ros2_ws/build/my_robot': CMAKE_PREFIX_PATH=${CMAKE_PREFIX_PATH}:/home/aniketh05/my_ros2_ws/install/turtle_control:/home/aniketh05/my_ros2_ws/install/my_services:/home/aniketh05/my_ros2_ws/install/my_pkg_prac:/home/aniketh05/my_ros2_ws/install/my_pkg_01:/opt/ros/humble /usr/bin/cmake --install /home/aniketh05/ros2_ws/build/my_robot
[0.052s] -- Install configuration: ""
[0.052s] -- Execute custom install script
[0.052s] -- Up-to-date symlink: /home/aniketh05/ros2_ws/install/my_robot/share/ament_index/resource_index/package_run_dependencies/my_robot
[0.052s] -- Up-to-date symlink: /home/aniketh05/ros2_ws/install/my_robot/share/ament_index/resource_index/parent_prefix_path/my_robot
[0.052s] -- Up-to-date symlink: /home/aniketh05/ros2_ws/install/my_robot/share/my_robot/environment/ament_prefix_path.sh
[0.053s] -- Up-to-date symlink: /home/aniketh05/ros2_ws/install/my_robot/share/my_robot/environment/ament_prefix_path.dsv
[0.053s] -- Up-to-date symlink: /home/aniketh05/ros2_ws/install/my_robot/share/my_robot/environment/path.sh
[0.053s] -- Up-to-date symlink: /home/aniketh05/ros2_ws/install/my_robot/share/my_robot/environment/path.dsv
[0.053s] -- Up-to-date symlink: /home/aniketh05/ros2_ws/install/my_robot/share/my_robot/local_setup.bash
[0.053s] -- Up-to-date symlink: /home/aniketh05/ros2_ws/install/my_robot/share/my_robot/local_setup.sh
[0.053s] -- Up-to-date symlink: /home/aniketh05/ros2_ws/install/my_robot/share/my_robot/local_setup.zsh
[0.053s] -- Up-to-date symlink: /home/aniketh05/ros2_ws/install/my_robot/share/my_robot/local_setup.dsv
[0.053s] -- Symlinking: /home/aniketh05/ros2_ws/install/my_robot/share/my_robot/package.dsv
[0.060s] -- Up-to-date symlink: /home/aniketh05/ros2_ws/install/my_robot/share/ament_index/resource_index/packages/my_robot
[0.060s] -- Up-to-date symlink: /home/aniketh05/ros2_ws/install/my_robot/share/my_robot/cmake/my_robotConfig.cmake
[0.060s] -- Up-to-date symlink: /home/aniketh05/ros2_ws/install/my_robot/share/my_robot/cmake/my_robotConfig-version.cmake
[0.060s] -- Up-to-date symlink: /home/aniketh05/ros2_ws/install/my_robot/share/my_robot/package.xml
[0.062s] Invoked command in '/home/aniketh05/ros2_ws/build/my_robot' returned '0': CMAKE_PREFIX_PATH=${CMAKE_PREFIX_PATH}:/home/aniketh05/my_ros2_ws/install/turtle_control:/home/aniketh05/my_ros2_ws/install/my_services:/home/aniketh05/my_ros2_ws/install/my_pkg_prac:/home/aniketh05/my_ros2_ws/install/my_pkg_01:/opt/ros/humble /usr/bin/cmake --install /home/aniketh05/ros2_ws/build/my_robot
