[0.015s] Invoking command in '/home/aniketh05/ros2_ws/build/my_dd_robot': CMAKE_PREFIX_PATH=${CMAKE_PREFIX_PATH}:/home/aniketh05/my_ros2_ws/install/turtle_control:/home/aniketh05/my_ros2_ws/install/my_services:/home/aniketh05/my_ros2_ws/install/my_pkg_prac:/home/aniketh05/my_ros2_ws/install/my_pkg_01:/opt/ros/humble /usr/bin/cmake /home/aniketh05/ros2_ws/src/my_dd_robot -DCMAKE_INSTALL_PREFIX=/home/aniketh05/ros2_ws/install/my_dd_robot
[0.190s] -- The C compiler identification is GNU 11.4.0
[0.686s] -- The CXX compiler identification is GNU 11.4.0
[1.063s] -- Detecting C compiler ABI info
[1.197s] -- Detecting C compiler ABI info - done
[1.202s] -- Check for working C compiler: /usr/bin/cc - skipped
[1.202s] -- Detecting C compile features
[1.203s] -- Detecting C compile features - done
[1.207s] -- Detecting CXX compiler ABI info
[1.332s] -- Detecting CXX compiler ABI info - done
[1.336s] -- Check for working CXX compiler: /usr/bin/c++ - skipped
[1.337s] -- Detecting CXX compile features
[1.337s] -- Detecting CXX compile features - done
[1.348s] -- Found ament_cmake: 1.3.11 (/opt/ros/humble/share/ament_cmake/cmake)
[1.465s] -- Found Python3: /usr/bin/python3 (found version "3.10.12") found components: Interpreter 
[1.559s] -- Found ament_lint_auto: 0.12.12 (/opt/ros/humble/share/ament_lint_auto/cmake)
[1.630s] -- Added test 'flake8' to check Python code syntax and style conventions
[1.630s] -- Added test 'lint_cmake' to check CMake code style
[1.631s] -- Added test 'pep257' to check Python code against some of the docstring style conventions in PEP 257
[1.633s] -- Added test 'xmllint' to check XML markup files
[1.634s] -- Configuring done
[1.636s] -- Generating done
[1.637s] -- Build files have been written to: /home/aniketh05/ros2_ws/build/my_dd_robot
[1.642s] Invoked command in '/home/aniketh05/ros2_ws/build/my_dd_robot' returned '0': CMAKE_PREFIX_PATH=${CMAKE_PREFIX_PATH}:/home/aniketh05/my_ros2_ws/install/turtle_control:/home/aniketh05/my_ros2_ws/install/my_services:/home/aniketh05/my_ros2_ws/install/my_pkg_prac:/home/aniketh05/my_ros2_ws/install/my_pkg_01:/opt/ros/humble /usr/bin/cmake /home/aniketh05/ros2_ws/src/my_dd_robot -DCMAKE_INSTALL_PREFIX=/home/aniketh05/ros2_ws/install/my_dd_robot
[1.642s] Invoking command in '/home/aniketh05/ros2_ws/build/my_dd_robot': CMAKE_PREFIX_PATH=${CMAKE_PREFIX_PATH}:/home/aniketh05/my_ros2_ws/install/turtle_control:/home/aniketh05/my_ros2_ws/install/my_services:/home/aniketh05/my_ros2_ws/install/my_pkg_prac:/home/aniketh05/my_ros2_ws/install/my_pkg_01:/opt/ros/humble /usr/bin/cmake --build /home/aniketh05/ros2_ws/build/my_dd_robot -- -j12 -l12
[1.666s] Invoked command in '/home/aniketh05/ros2_ws/build/my_dd_robot' returned '0': CMAKE_PREFIX_PATH=${CMAKE_PREFIX_PATH}:/home/aniketh05/my_ros2_ws/install/turtle_control:/home/aniketh05/my_ros2_ws/install/my_services:/home/aniketh05/my_ros2_ws/install/my_pkg_prac:/home/aniketh05/my_ros2_ws/install/my_pkg_01:/opt/ros/humble /usr/bin/cmake --build /home/aniketh05/ros2_ws/build/my_dd_robot -- -j12 -l12
[1.672s] Invoking command in '/home/aniketh05/ros2_ws/build/my_dd_robot': CMAKE_PREFIX_PATH=${CMAKE_PREFIX_PATH}:/home/aniketh05/my_ros2_ws/install/turtle_control:/home/aniketh05/my_ros2_ws/install/my_services:/home/aniketh05/my_ros2_ws/install/my_pkg_prac:/home/aniketh05/my_ros2_ws/install/my_pkg_01:/opt/ros/humble /usr/bin/cmake --install /home/aniketh05/ros2_ws/build/my_dd_robot
[1.676s] -- Install configuration: ""
[1.676s] -- Installing: /home/aniketh05/ros2_ws/install/my_dd_robot/share/my_dd_robot/launch
[1.677s] -- Installing: /home/aniketh05/ros2_ws/install/my_dd_robot/share/my_dd_robot/launch/dd_robot.launch.py
[1.677s] -- Installing: /home/aniketh05/ros2_ws/install/my_dd_robot/share/my_dd_robot/model
[1.677s] -- Installing: /home/aniketh05/ros2_ws/install/my_dd_robot/share/my_dd_robot/model/my_dd_robot_model.xacro
[1.677s] -- Installing: /home/aniketh05/ros2_ws/install/my_dd_robot/share/my_dd_robot/model/my_robot.urdf
[1.677s] -- Installing: /home/aniketh05/ros2_ws/install/my_dd_robot/share/my_dd_robot/model/my_dd_robot.gazebo
[1.677s] -- Installing: /home/aniketh05/ros2_ws/install/my_dd_robot/share/ament_index/resource_index/package_run_dependencies/my_dd_robot
[1.678s] -- Installing: /home/aniketh05/ros2_ws/install/my_dd_robot/share/ament_index/resource_index/parent_prefix_path/my_dd_robot
[1.678s] -- Installing: /home/aniketh05/ros2_ws/install/my_dd_robot/share/my_dd_robot/environment/ament_prefix_path.sh
[1.678s] -- Installing: /home/aniketh05/ros2_ws/install/my_dd_robot/share/my_dd_robot/environment/ament_prefix_path.dsv
[1.678s] -- Installing: /home/aniketh05/ros2_ws/install/my_dd_robot/share/my_dd_robot/environment/path.sh
[1.678s] -- Installing: /home/aniketh05/ros2_ws/install/my_dd_robot/share/my_dd_robot/environment/path.dsv
[1.678s] -- Installing: /home/aniketh05/ros2_ws/install/my_dd_robot/share/my_dd_robot/local_setup.bash
[1.678s] -- Installing: /home/aniketh05/ros2_ws/install/my_dd_robot/share/my_dd_robot/local_setup.sh
[1.678s] -- Installing: /home/aniketh05/ros2_ws/install/my_dd_robot/share/my_dd_robot/local_setup.zsh
[1.679s] -- Installing: /home/aniketh05/ros2_ws/install/my_dd_robot/share/my_dd_robot/local_setup.dsv
[1.679s] -- Installing: /home/aniketh05/ros2_ws/install/my_dd_robot/share/my_dd_robot/package.dsv
[1.679s] -- Installing: /home/aniketh05/ros2_ws/install/my_dd_robot/share/ament_index/resource_index/packages/my_dd_robot
[1.679s] -- Installing: /home/aniketh05/ros2_ws/install/my_dd_robot/share/my_dd_robot/cmake/my_dd_robotConfig.cmake
[1.679s] -- Installing: /home/aniketh05/ros2_ws/install/my_dd_robot/share/my_dd_robot/cmake/my_dd_robotConfig-version.cmake
[1.680s] -- Installing: /home/aniketh05/ros2_ws/install/my_dd_robot/share/my_dd_robot/package.xml
[1.682s] Invoked command in '/home/aniketh05/ros2_ws/build/my_dd_robot' returned '0': CMAKE_PREFIX_PATH=${CMAKE_PREFIX_PATH}:/home/aniketh05/my_ros2_ws/install/turtle_control:/home/aniketh05/my_ros2_ws/install/my_services:/home/aniketh05/my_ros2_ws/install/my_pkg_prac:/home/aniketh05/my_ros2_ws/install/my_pkg_01:/opt/ros/humble /usr/bin/cmake --install /home/aniketh05/ros2_ws/build/my_dd_robot
