[0.021s] Invoking command in '/home/aniketh05/ros2_ws/build/my_gesture_arm': CMAKE_PREFIX_PATH=${CMAKE_PREFIX_PATH}:/home/aniketh05/my_ros2_ws/install/turtle_control:/home/aniketh05/my_ros2_ws/install/my_services:/home/aniketh05/my_ros2_ws/install/my_pkg_prac:/home/aniketh05/my_ros2_ws/install/my_pkg_01:/opt/ros/humble /usr/bin/cmake --build /home/aniketh05/ros2_ws/build/my_gesture_arm -- -j12 -l12
[0.099s] -- Found ament_cmake: 1.3.11 (/opt/ros/humble/share/ament_cmake/cmake)
[0.270s] -- Found rclpy: 3.3.16 (/opt/ros/humble/share/rclpy/cmake)
[0.270s] -- Found geometry_msgs: 4.8.0 (/opt/ros/humble/share/geometry_msgs/cmake)
[0.412s] -- Found rosidl_generator_c: 3.1.6 (/opt/ros/humble/share/rosidl_generator_c/cmake)
[0.416s] -- Found rosidl_adapter: 3.1.6 (/opt/ros/humble/share/rosidl_adapter/cmake)
[0.424s] -- Found rosidl_generator_cpp: 3.1.6 (/opt/ros/humble/share/rosidl_generator_cpp/cmake)
[0.437s] -- Using all available rosidl_typesupport_c: rosidl_typesupport_fastrtps_c;rosidl_typesupport_introspection_c
[0.451s] -- Using all available rosidl_typesupport_cpp: rosidl_typesupport_fastrtps_cpp;rosidl_typesupport_introspection_cpp
[0.491s] -- Found sensor_msgs: 4.8.0 (/opt/ros/humble/share/sensor_msgs/cmake)
[0.510s] -- Found gazebo_ros: 3.9.0 (/opt/ros/humble/share/gazebo_ros/cmake)
[0.546s] -- Found rmw_implementation_cmake: 6.1.2 (/opt/ros/humble/share/rmw_implementation_cmake/cmake)
[0.549s] -- Found rmw_fastrtps_cpp: 6.2.7 (/opt/ros/humble/share/rmw_fastrtps_cpp/cmake)
[3.866s] -- Using RMW implementation 'rmw_fastrtps_cpp' as default
[4.015s] -- Found DART: /usr/include (Required is at least version "6.6") found components: dart 
[4.038s] -- Found Boost: /usr/lib/x86_64-linux-gnu/cmake/Boost-1.74.0/BoostConfig.cmake (found suitable version "1.74.0", minimum required is "1.40.0") found components: thread system filesystem program_options regex iostreams date_time 
[4.060s] -- Found Protobuf: /usr/lib/x86_64-linux-gnu/libprotobuf.so (found version "3.12.4") 
[4.069s] -- Looking for ignition-math6 -- found version 6.15.1
[4.076s] -- Searching for dependencies of ignition-math6
[4.079s] -- Looking for OGRE...
[4.084s] -- Found Ogre Ghadamon (1.9.0)
[4.085s] -- Found OGRE: optimized;/usr/lib/x86_64-linux-gnu/libOgreMain.so;debug;/usr/lib/x86_64-linux-gnu/libOgreMain.so
[4.093s] -- Looking for OGRE_Paging...
[4.093s] -- Found OGRE_Paging: optimized;/usr/lib/x86_64-linux-gnu/libOgrePaging.so;debug;/usr/lib/x86_64-linux-gnu/libOgrePaging.so
[4.093s] -- Looking for OGRE_Terrain...
[4.093s] -- Found OGRE_Terrain: optimized;/usr/lib/x86_64-linux-gnu/libOgreTerrain.so;debug;/usr/lib/x86_64-linux-gnu/libOgreTerrain.so
[4.093s] -- Looking for OGRE_Property...
[4.093s] -- Found OGRE_Property: optimized;/usr/lib/x86_64-linux-gnu/libOgreProperty.so;debug;/usr/lib/x86_64-linux-gnu/libOgreProperty.so
[4.093s] -- Looking for OGRE_RTShaderSystem...
[4.094s] -- Found OGRE_RTShaderSystem: optimized;/usr/lib/x86_64-linux-gnu/libOgreRTShaderSystem.so;debug;/usr/lib/x86_64-linux-gnu/libOgreRTShaderSystem.so
[4.094s] -- Looking for OGRE_Volume...
[4.094s] -- Found OGRE_Volume: optimized;/usr/lib/x86_64-linux-gnu/libOgreVolume.so;debug;/usr/lib/x86_64-linux-gnu/libOgreVolume.so
[4.094s] -- Looking for OGRE_Overlay...
[4.094s] -- Found OGRE_Overlay: optimized;/usr/lib/x86_64-linux-gnu/libOgreOverlay.so;debug;/usr/lib/x86_64-linux-gnu/libOgreOverlay.so
[18.475s] -- Looking for ignition-math6 -- found version 6.15.1
[18.476s] -- Looking for ignition-transport8 -- found version 8.2.1
[18.477s] -- Searching for dependencies of ignition-transport8
[21.192s] -- Found Protobuf: /usr/lib/x86_64-linux-gnu/libprotobuf.so (found suitable version "3.12.4", minimum required is "3") 
[22.280s] -- Config-file not installed for ZeroMQ -- checking for pkg-config
[22.284s] -- Checking for module 'libzmq >= 4'
[22.324s] --   Found libzmq , version 4.3.4
[22.355s] -- Checking for module 'uuid'
[22.364s] --   Found uuid, version 2.37.2
[22.385s] -- Looking for ignition-msgs5 -- found version 5.8.1
[22.385s] -- Searching for dependencies of ignition-msgs5
[23.861s] -- Looking for ignition-math6 -- found version 6.15.1
[23.874s] -- Checking for module 'tinyxml2'
[23.884s] --   Found tinyxml2, version 9.0.0
[23.912s] -- Looking for ignition-msgs5 -- found version 5.8.1
[23.914s] -- Looking for ignition-common3 -- found version 3.14.0
[23.914s] -- Searching for dependencies of ignition-common3
[23.915s] -- Looking for dlfcn.h - found
[23.915s] -- Looking for libdl - found
[23.994s] -- Searching for <ignition-common3> component [graphics]
[23.995s] -- Looking for ignition-common3-graphics -- found version 3.14.0
[23.995s] -- Searching for dependencies of ignition-common3-graphics
[23.996s] -- Looking for ignition-math6 -- found version 6.15.1
[23.999s] -- Looking for ignition-fuel_tools4 -- found version 4.4.0
[23.999s] -- Searching for dependencies of ignition-fuel_tools4
[26.774s] -- Checking for module 'jsoncpp'
[26.783s] --   Found jsoncpp, version 1.9.5
[26.809s] -- Checking for module 'libzip'
[26.822s] --   Found libzip, version 1.7.3
[26.844s] -- Looking for ignition-common3 -- found version 3.14.0
[26.844s] -- Looking for ignition-math6 -- found version 6.15.1
[26.844s] -- Looking for ignition-msgs5 -- found version 5.8.1
[26.848s] -- Gazebo version: 11.10
[26.849s] -- Found robot_state_publisher: 3.0.3 (/opt/ros/humble/share/robot_state_publisher/cmake)
[26.856s] -- Found eigen3_cmake_module: 0.1.1 (/opt/ros/humble/share/eigen3_cmake_module/cmake)
[26.857s] -- Ensuring Eigen3 include directory is part of orocos-kdl CMake target
[27.984s] -- Found rviz2: 11.2.17 (/opt/ros/humble/share/rviz2/cmake)
[27.985s] -- Found controller_manager: 2.50.0 (/opt/ros/humble/share/controller_manager/cmake)
[28.142s] -- Found ros2_control: 2.50.0 (/opt/ros/humble/share/ros2_control/cmake)
[28.143s] -- Found position_controllers: 2.45.0 (/opt/ros/humble/share/position_controllers/cmake)
[28.180s] -- Found joint_state_broadcaster: 2.45.0 (/opt/ros/humble/share/joint_state_broadcaster/cmake)
[28.191s] -- Found ament_lint_auto: 0.12.12 (/opt/ros/humble/share/ament_lint_auto/cmake)
[28.270s] -- Added test 'flake8' to check Python code syntax and style conventions
[28.270s] -- Added test 'lint_cmake' to check CMake code style
[28.271s] -- Added test 'pep257' to check Python code against some of the docstring style conventions in PEP 257
[28.273s] -- Added test 'xmllint' to check XML markup files
[28.277s] -- Configuring done
[28.290s] -- Generating done
[28.294s] -- Build files have been written to: /home/aniketh05/ros2_ws/build/my_gesture_arm
[28.321s] Invoked command in '/home/aniketh05/ros2_ws/build/my_gesture_arm' returned '0': CMAKE_PREFIX_PATH=${CMAKE_PREFIX_PATH}:/home/aniketh05/my_ros2_ws/install/turtle_control:/home/aniketh05/my_ros2_ws/install/my_services:/home/aniketh05/my_ros2_ws/install/my_pkg_prac:/home/aniketh05/my_ros2_ws/install/my_pkg_01:/opt/ros/humble /usr/bin/cmake --build /home/aniketh05/ros2_ws/build/my_gesture_arm -- -j12 -l12
[28.323s] Invoking command in '/home/aniketh05/ros2_ws/build/my_gesture_arm': CMAKE_PREFIX_PATH=${CMAKE_PREFIX_PATH}:/home/aniketh05/my_ros2_ws/install/turtle_control:/home/aniketh05/my_ros2_ws/install/my_services:/home/aniketh05/my_ros2_ws/install/my_pkg_prac:/home/aniketh05/my_ros2_ws/install/my_pkg_01:/opt/ros/humble /usr/bin/cmake --install /home/aniketh05/ros2_ws/build/my_gesture_arm
[28.328s] -- Install configuration: ""
[28.328s] -- Up-to-date: /home/aniketh05/ros2_ws/install/my_gesture_arm/share/my_gesture_arm/launch
[28.329s] -- Installing: /home/aniketh05/ros2_ws/install/my_gesture_arm/share/my_gesture_arm/launch/move_group.launch.py
[28.330s] -- Installing: /home/aniketh05/ros2_ws/install/my_gesture_arm/share/my_gesture_arm/launch/rsp.launch.py
[28.330s] -- Installing: /home/aniketh05/ros2_ws/install/my_gesture_arm/share/my_gesture_arm/launch/warehouse_db.launch.py
[28.331s] -- Installing: /home/aniketh05/ros2_ws/install/my_gesture_arm/share/my_gesture_arm/launch/spawn_controllers.launch.py
[28.331s] -- Installing: /home/aniketh05/ros2_ws/install/my_gesture_arm/share/my_gesture_arm/launch/setup_assistant.launch.py
[28.332s] -- Installing: /home/aniketh05/ros2_ws/install/my_gesture_arm/share/my_gesture_arm/launch/moveit_rviz.launch.py
[28.332s] -- Installing: /home/aniketh05/ros2_ws/install/my_gesture_arm/share/my_gesture_arm/launch/static_virtual_joint_tfs.launch.py
[28.333s] -- Up-to-date: /home/aniketh05/ros2_ws/install/my_gesture_arm/share/my_gesture_arm/launch/moveit.launch.py
[28.333s] -- Up-to-date: /home/aniketh05/ros2_ws/install/my_gesture_arm/share/my_gesture_arm/launch/autonomous_robot.launch.py
[28.333s] -- Up-to-date: /home/aniketh05/ros2_ws/install/my_gesture_arm/share/my_gesture_arm/launch/dd_robot.launch.py
[28.333s] -- Installing: /home/aniketh05/ros2_ws/install/my_gesture_arm/share/my_gesture_arm/launch/demo.launch.py
[28.333s] -- Up-to-date: /home/aniketh05/ros2_ws/install/my_gesture_arm/share/my_gesture_arm/model
[28.334s] -- Up-to-date: /home/aniketh05/ros2_ws/install/my_gesture_arm/share/my_gesture_arm/model/gesture_arm.gazebo
[28.334s] -- Up-to-date: /home/aniketh05/ros2_ws/install/my_gesture_arm/share/my_gesture_arm/model/my_gesture_arm.xacro
[28.334s] -- Up-to-date: /home/aniketh05/ros2_ws/install/my_gesture_arm/share/my_gesture_arm/model/log
[28.335s] -- Up-to-date: /home/aniketh05/ros2_ws/install/my_gesture_arm/share/my_gesture_arm/model/log/latest
[28.335s] -- Up-to-date: /home/aniketh05/ros2_ws/install/my_gesture_arm/share/my_gesture_arm/model/log/build_2025-04-07_01-31-33
[28.335s] -- Up-to-date: /home/aniketh05/ros2_ws/install/my_gesture_arm/share/my_gesture_arm/model/log/build_2025-04-07_01-31-33/events.log
[28.335s] -- Up-to-date: /home/aniketh05/ros2_ws/install/my_gesture_arm/share/my_gesture_arm/model/log/build_2025-04-07_01-31-33/logger_all.log
[28.335s] -- Up-to-date: /home/aniketh05/ros2_ws/install/my_gesture_arm/share/my_gesture_arm/model/log/latest_build
[28.335s] -- Up-to-date: /home/aniketh05/ros2_ws/install/my_gesture_arm/share/my_gesture_arm/model/log/COLCON_IGNORE
[28.336s] -- Up-to-date: /home/aniketh05/ros2_ws/install/my_gesture_arm/share/my_gesture_arm/model/empty_world.world
[28.336s] -- Up-to-date: /home/aniketh05/ros2_ws/install/my_gesture_arm/share/my_gesture_arm/model/gesture_arm.urdf
[28.336s] -- Up-to-date: /home/aniketh05/ros2_ws/install/my_gesture_arm/share/my_gesture_arm/model/task_world.world
[28.336s] -- Up-to-date: /home/aniketh05/ros2_ws/install/my_gesture_arm/share/my_gesture_arm/model/build
[28.336s] -- Up-to-date: /home/aniketh05/ros2_ws/install/my_gesture_arm/share/my_gesture_arm/model/build/.built_by
[28.336s] -- Up-to-date: /home/aniketh05/ros2_ws/install/my_gesture_arm/share/my_gesture_arm/model/build/COLCON_IGNORE
[28.336s] -- Up-to-date: /home/aniketh05/ros2_ws/install/my_gesture_arm/share/my_gesture_arm/model/install
[28.336s] -- Up-to-date: /home/aniketh05/ros2_ws/install/my_gesture_arm/share/my_gesture_arm/model/install/_local_setup_util_ps1.py
[28.337s] -- Up-to-date: /home/aniketh05/ros2_ws/install/my_gesture_arm/share/my_gesture_arm/model/install/setup.zsh
[28.337s] -- Up-to-date: /home/aniketh05/ros2_ws/install/my_gesture_arm/share/my_gesture_arm/model/install/.colcon_install_layout
[28.337s] -- Up-to-date: /home/aniketh05/ros2_ws/install/my_gesture_arm/share/my_gesture_arm/model/install/_local_setup_util_sh.py
[28.337s] -- Up-to-date: /home/aniketh05/ros2_ws/install/my_gesture_arm/share/my_gesture_arm/model/install/local_setup.sh
[28.337s] -- Up-to-date: /home/aniketh05/ros2_ws/install/my_gesture_arm/share/my_gesture_arm/model/install/local_setup.bash
[28.337s] -- Up-to-date: /home/aniketh05/ros2_ws/install/my_gesture_arm/share/my_gesture_arm/model/install/local_setup.zsh
[28.337s] -- Up-to-date: /home/aniketh05/ros2_ws/install/my_gesture_arm/share/my_gesture_arm/model/install/local_setup.ps1
[28.338s] -- Up-to-date: /home/aniketh05/ros2_ws/install/my_gesture_arm/share/my_gesture_arm/model/install/setup.sh
[28.338s] -- Up-to-date: /home/aniketh05/ros2_ws/install/my_gesture_arm/share/my_gesture_arm/model/install/setup.ps1
[28.338s] -- Up-to-date: /home/aniketh05/ros2_ws/install/my_gesture_arm/share/my_gesture_arm/model/install/COLCON_IGNORE
[28.338s] -- Up-to-date: /home/aniketh05/ros2_ws/install/my_gesture_arm/share/my_gesture_arm/model/install/setup.bash
[28.338s] -- Up-to-date: /home/aniketh05/ros2_ws/install/my_gesture_arm/lib/my_gesture_arm/teleop_controller.py
[28.338s] -- Up-to-date: /home/aniketh05/ros2_ws/install/my_gesture_arm/share/ament_index/resource_index/package_run_dependencies/my_gesture_arm
[28.338s] -- Installing: /home/aniketh05/ros2_ws/install/my_gesture_arm/share/ament_index/resource_index/parent_prefix_path/my_gesture_arm
[28.339s] -- Up-to-date: /home/aniketh05/ros2_ws/install/my_gesture_arm/share/my_gesture_arm/environment/ament_prefix_path.sh
[28.339s] -- Installing: /home/aniketh05/ros2_ws/install/my_gesture_arm/share/my_gesture_arm/environment/ament_prefix_path.dsv
[28.339s] -- Up-to-date: /home/aniketh05/ros2_ws/install/my_gesture_arm/share/my_gesture_arm/environment/path.sh
[28.339s] -- Installing: /home/aniketh05/ros2_ws/install/my_gesture_arm/share/my_gesture_arm/environment/path.dsv
[28.339s] -- Up-to-date: /home/aniketh05/ros2_ws/install/my_gesture_arm/share/my_gesture_arm/local_setup.bash
[28.340s] -- Up-to-date: /home/aniketh05/ros2_ws/install/my_gesture_arm/share/my_gesture_arm/local_setup.sh
[28.340s] -- Up-to-date: /home/aniketh05/ros2_ws/install/my_gesture_arm/share/my_gesture_arm/local_setup.zsh
[28.340s] -- Installing: /home/aniketh05/ros2_ws/install/my_gesture_arm/share/my_gesture_arm/local_setup.dsv
[28.340s] -- Installing: /home/aniketh05/ros2_ws/install/my_gesture_arm/share/my_gesture_arm/package.dsv
[28.341s] -- Up-to-date: /home/aniketh05/ros2_ws/install/my_gesture_arm/share/ament_index/resource_index/packages/my_gesture_arm
[28.341s] -- Up-to-date: /home/aniketh05/ros2_ws/install/my_gesture_arm/share/my_gesture_arm/cmake/my_gesture_armConfig.cmake
[28.341s] -- Up-to-date: /home/aniketh05/ros2_ws/install/my_gesture_arm/share/my_gesture_arm/cmake/my_gesture_armConfig-version.cmake
[28.341s] -- Installing: /home/aniketh05/ros2_ws/install/my_gesture_arm/share/my_gesture_arm/package.xml
[28.344s] Invoked command in '/home/aniketh05/ros2_ws/build/my_gesture_arm' returned '0': CMAKE_PREFIX_PATH=${CMAKE_PREFIX_PATH}:/home/aniketh05/my_ros2_ws/install/turtle_control:/home/aniketh05/my_ros2_ws/install/my_services:/home/aniketh05/my_ros2_ws/install/my_pkg_prac:/home/aniketh05/my_ros2_ws/install/my_pkg_01:/opt/ros/humble /usr/bin/cmake --install /home/aniketh05/ros2_ws/build/my_gesture_arm
