[0.012s] Invoking command in '/home/aniketh05/ros2_ws/build/my_gesture_arm': CMAKE_PREFIX_PATH=${CMAKE_PREFIX_PATH}:/home/aniketh05/my_ros2_ws/install/turtle_control:/home/aniketh05/my_ros2_ws/install/my_services:/home/aniketh05/my_ros2_ws/install/my_pkg_prac:/home/aniketh05/my_ros2_ws/install/my_pkg_01:/opt/ros/humble /usr/bin/cmake --build /home/aniketh05/ros2_ws/build/my_gesture_arm -- -j12 -l12
[0.076s] -- Found ament_cmake: 1.3.11 (/opt/ros/humble/share/ament_cmake/cmake)
[0.259s] -- Found rclcpp: 16.0.12 (/opt/ros/humble/share/rclcpp/cmake)
[0.459s] -- Found rosidl_generator_c: 3.1.6 (/opt/ros/humble/share/rosidl_generator_c/cmake)
[0.463s] -- Found rosidl_adapter: 3.1.6 (/opt/ros/humble/share/rosidl_adapter/cmake)
[0.471s] -- Found rosidl_generator_cpp: 3.1.6 (/opt/ros/humble/share/rosidl_generator_cpp/cmake)
[0.483s] -- Using all available rosidl_typesupport_c: rosidl_typesupport_fastrtps_c;rosidl_typesupport_introspection_c
[0.502s] -- Using all available rosidl_typesupport_cpp: rosidl_typesupport_fastrtps_cpp;rosidl_typesupport_introspection_cpp
[0.554s] -- Found rmw_implementation_cmake: 6.1.2 (/opt/ros/humble/share/rmw_implementation_cmake/cmake)
[0.559s] -- Found rmw_fastrtps_cpp: 6.2.7 (/opt/ros/humble/share/rmw_fastrtps_cpp/cmake)
[4.833s] -- Using RMW implementation 'rmw_fastrtps_cpp' as default
[4.889s] -- Found rclpy: 3.3.16 (/opt/ros/humble/share/rclpy/cmake)
[4.890s] -- Found geometry_msgs: 4.8.0 (/opt/ros/humble/share/geometry_msgs/cmake)
[4.902s] -- Found sensor_msgs: 4.8.0 (/opt/ros/humble/share/sensor_msgs/cmake)
[4.923s] -- Found nav_msgs: 4.8.0 (/opt/ros/humble/share/nav_msgs/cmake)
[4.939s] -- Found visualization_msgs: 4.8.0 (/opt/ros/humble/share/visualization_msgs/cmake)
[4.955s] -- Found moveit_msgs: 2.2.1 (/opt/ros/humble/share/moveit_msgs/cmake)
[5.096s] -- Found tf2_ros: 0.25.12 (/opt/ros/humble/share/tf2_ros/cmake)
[5.173s] -- Found gazebo_ros: 3.9.0 (/opt/ros/humble/share/gazebo_ros/cmake)
[5.208s] -- Found DART: /usr/include (Required is at least version "6.6") found components: dart 
[5.230s] -- Found Boost: /usr/lib/x86_64-linux-gnu/cmake/Boost-1.74.0/BoostConfig.cmake (found suitable version "1.74.0", minimum required is "1.40.0") found components: thread system filesystem program_options regex iostreams date_time 
[5.249s] -- Found Protobuf: /usr/lib/x86_64-linux-gnu/libprotobuf.so (found version "3.12.4") 
[5.251s] -- Looking for ignition-math6 -- found version 6.15.1
[5.258s] -- Searching for dependencies of ignition-math6
[5.261s] -- Looking for OGRE...
[5.265s] -- Found Ogre Ghadamon (1.9.0)
[5.266s] -- Found OGRE: optimized;/usr/lib/x86_64-linux-gnu/libOgreMain.so;debug;/usr/lib/x86_64-linux-gnu/libOgreMain.so
[5.273s] -- Looking for OGRE_Paging...
[5.273s] -- Found OGRE_Paging: optimized;/usr/lib/x86_64-linux-gnu/libOgrePaging.so;debug;/usr/lib/x86_64-linux-gnu/libOgrePaging.so
[5.273s] -- Looking for OGRE_Terrain...
[5.273s] -- Found OGRE_Terrain: optimized;/usr/lib/x86_64-linux-gnu/libOgreTerrain.so;debug;/usr/lib/x86_64-linux-gnu/libOgreTerrain.so
[5.273s] -- Looking for OGRE_Property...
[5.273s] -- Found OGRE_Property: optimized;/usr/lib/x86_64-linux-gnu/libOgreProperty.so;debug;/usr/lib/x86_64-linux-gnu/libOgreProperty.so
[5.274s] -- Looking for OGRE_RTShaderSystem...
[5.274s] -- Found OGRE_RTShaderSystem: optimized;/usr/lib/x86_64-linux-gnu/libOgreRTShaderSystem.so;debug;/usr/lib/x86_64-linux-gnu/libOgreRTShaderSystem.so
[5.274s] -- Looking for OGRE_Volume...
[5.274s] -- Found OGRE_Volume: optimized;/usr/lib/x86_64-linux-gnu/libOgreVolume.so;debug;/usr/lib/x86_64-linux-gnu/libOgreVolume.so
[5.274s] -- Looking for OGRE_Overlay...
[5.274s] -- Found OGRE_Overlay: optimized;/usr/lib/x86_64-linux-gnu/libOgreOverlay.so;debug;/usr/lib/x86_64-linux-gnu/libOgreOverlay.so
[18.826s] -- Looking for ignition-math6 -- found version 6.15.1
[18.845s] -- Looking for ignition-transport8 -- found version 8.2.1
[18.845s] -- Searching for dependencies of ignition-transport8
[19.547s] -- Found Protobuf: /usr/lib/x86_64-linux-gnu/libprotobuf.so (found suitable version "3.12.4", minimum required is "3") 
[20.207s] -- Config-file not installed for ZeroMQ -- checking for pkg-config
[20.211s] -- Checking for module 'libzmq >= 4'
[20.241s] --   Found libzmq , version 4.3.4
[20.279s] -- Checking for module 'uuid'
[20.293s] --   Found uuid, version 2.37.2
[20.321s] -- Looking for ignition-msgs5 -- found version 5.8.1
[20.322s] -- Searching for dependencies of ignition-msgs5
[21.437s] -- Looking for ignition-math6 -- found version 6.15.1
[21.464s] -- Checking for module 'tinyxml2'
[21.481s] --   Found tinyxml2, version 9.0.0
[21.512s] -- Looking for ignition-msgs5 -- found version 5.8.1
[21.514s] -- Looking for ignition-common3 -- found version 3.14.0
[21.514s] -- Searching for dependencies of ignition-common3
[21.515s] -- Looking for dlfcn.h - found
[21.515s] -- Looking for libdl - found
[21.574s] -- Searching for <ignition-common3> component [graphics]
[21.575s] -- Looking for ignition-common3-graphics -- found version 3.14.0
[21.575s] -- Searching for dependencies of ignition-common3-graphics
[21.576s] -- Looking for ignition-math6 -- found version 6.15.1
[21.579s] -- Looking for ignition-fuel_tools4 -- found version 4.4.0
[21.579s] -- Searching for dependencies of ignition-fuel_tools4
[22.282s] -- Checking for module 'jsoncpp'
[22.289s] --   Found jsoncpp, version 1.9.5
[22.309s] -- Checking for module 'libzip'
[22.316s] --   Found libzip, version 1.7.3
[22.336s] -- Looking for ignition-common3 -- found version 3.14.0
[22.336s] -- Looking for ignition-math6 -- found version 6.15.1
[22.336s] -- Looking for ignition-msgs5 -- found version 5.8.1
[22.340s] -- Gazebo version: 11.10
[22.345s] -- Found gazebo_ros2_control: 0.4.10 (/opt/ros/humble/share/gazebo_ros2_control/cmake)
[23.210s] -- Found robot_state_publisher: 3.0.3 (/opt/ros/humble/share/robot_state_publisher/cmake)
[23.216s] -- Found eigen3_cmake_module: 0.1.1 (/opt/ros/humble/share/eigen3_cmake_module/cmake)
[23.217s] -- Ensuring Eigen3 include directory is part of orocos-kdl CMake target
[23.862s] [31mCMake Error at CMakeLists.txt:22 (find_package):
[23.862s]   By not providing "Findjoint_state_publisher.cmake" in CMAKE_MODULE_PATH
[23.863s]   this project has asked CMake to find a package configuration file provided
[23.863s]   by "joint_state_publisher", but CMake did not find one.
[23.863s] 
[23.863s]   Could not find a package configuration file provided by
[23.863s]   "joint_state_publisher" with any of the following names:
[23.863s] 
[23.863s]     joint_state_publisherConfig.cmake
[23.863s]     joint_state_publisher-config.cmake
[23.863s] 
[23.863s]   Add the installation prefix of "joint_state_publisher" to CMAKE_PREFIX_PATH
[23.863s]   or set "joint_state_publisher_DIR" to a directory containing one of the
[23.863s]   above files.  If "joint_state_publisher" provides a separate development
[23.863s]   package or SDK, be sure it has been installed.
[23.863s] 
[23.863s] [0m
[23.886s] -- Configuring incomplete, errors occurred!
[23.886s] See also "/home/aniketh05/ros2_ws/build/my_gesture_arm/CMakeFiles/CMakeOutput.log".
[23.896s] gmake: *** [Makefile:226: cmake_check_build_system] Error 1
[23.898s] Invoked command in '/home/aniketh05/ros2_ws/build/my_gesture_arm' returned '2': CMAKE_PREFIX_PATH=${CMAKE_PREFIX_PATH}:/home/aniketh05/my_ros2_ws/install/turtle_control:/home/aniketh05/my_ros2_ws/install/my_services:/home/aniketh05/my_ros2_ws/install/my_pkg_prac:/home/aniketh05/my_ros2_ws/install/my_pkg_01:/opt/ros/humble /usr/bin/cmake --build /home/aniketh05/ros2_ws/build/my_gesture_arm -- -j12 -l12
