[0.379s] DEBUG:colcon:Command line arguments: ['/usr/bin/colcon', 'build']
[0.379s] DEBUG:colcon:Parsed command line arguments: Namespace(log_base=None, log_level=None, verb_name='build', build_base='build', install_base='install', merge_install=False, symlink_install=False, test_result_base=None, continue_on_error=False, executor='parallel', parallel_workers=12, event_handlers=None, ignore_user_meta=False, metas=['./colcon.meta'], base_paths=['.'], packages_ignore=None, packages_ignore_regex=None, paths=None, packages_up_to=None, packages_up_to_regex=None, packages_above=None, packages_above_and_dependencies=None, packages_above_depth=None, packages_select_by_dep=None, packages_skip_by_dep=None, packages_skip_up_to=None, packages_select_build_failed=False, packages_skip_build_finished=False, packages_select_test_failures=False, packages_skip_test_passed=False, packages_select=None, packages_skip=None, packages_select_regex=None, packages_skip_regex=None, packages_start=None, packages_end=None, allow_overriding=[], cmake_args=None, cmake_target=None, cmake_target_skip_unavailable=False, cmake_clean_cache=False, cmake_clean_first=False, cmake_force_configure=False, ament_cmake_args=None, catkin_cmake_args=None, catkin_skip_building_tests=False, mixin_files=None, mixin=None, verb_parser=<colcon_mixin.mixin.mixin_argument.MixinArgumentDecorator object at 0x7fdf59423bb0>, verb_extension=<colcon_core.verb.build.BuildVerb object at 0x7fdf595f4bb0>, main=<bound method BuildVerb.main of <colcon_core.verb.build.BuildVerb object at 0x7fdf595f4bb0>>, mixin_verb=('build',))
[0.799s] Level 1:colcon.colcon_core.package_discovery:discover_packages(colcon_meta) check parameters
[0.799s] Level 1:colcon.colcon_core.package_discovery:discover_packages(recursive) check parameters
[0.799s] Level 1:colcon.colcon_core.package_discovery:discover_packages(ignore) check parameters
[0.799s] Level 1:colcon.colcon_core.package_discovery:discover_packages(path) check parameters
[0.799s] Level 1:colcon.colcon_core.package_discovery:discover_packages(colcon_meta) discover
[0.799s] Level 1:colcon.colcon_core.package_discovery:discover_packages(recursive) discover
[0.799s] INFO:colcon.colcon_core.package_discovery:Crawling recursively for packages in '/home/aniketh05/ros2_ws'
[0.800s] Level 1:colcon.colcon_core.package_identification:_identify(.) by extensions ['ignore', 'ignore_ament_install']
[0.800s] Level 1:colcon.colcon_core.package_identification:_identify(.) by extension 'ignore'
[0.800s] Level 1:colcon.colcon_core.package_identification:_identify(.) by extension 'ignore_ament_install'
[0.800s] Level 1:colcon.colcon_core.package_identification:_identify(.) by extensions ['colcon_pkg']
[0.800s] Level 1:colcon.colcon_core.package_identification:_identify(.) by extension 'colcon_pkg'
[0.800s] Level 1:colcon.colcon_core.package_identification:_identify(.) by extensions ['colcon_meta']
[0.800s] Level 1:colcon.colcon_core.package_identification:_identify(.) by extension 'colcon_meta'
[0.800s] Level 1:colcon.colcon_core.package_identification:_identify(.) by extensions ['ros']
[0.800s] Level 1:colcon.colcon_core.package_identification:_identify(.) by extension 'ros'
[0.838s] Level 1:colcon.colcon_core.package_identification:_identify(.) by extensions ['cmake', 'python']
[0.839s] Level 1:colcon.colcon_core.package_identification:_identify(.) by extension 'cmake'
[0.839s] Level 1:colcon.colcon_core.package_identification:_identify(.) by extension 'python'
[0.839s] Level 1:colcon.colcon_core.package_identification:_identify(.) by extensions ['python_setup_py']
[0.839s] Level 1:colcon.colcon_core.package_identification:_identify(.) by extension 'python_setup_py'
[0.839s] Level 1:colcon.colcon_core.package_identification:_identify(build) by extensions ['ignore', 'ignore_ament_install']
[0.839s] Level 1:colcon.colcon_core.package_identification:_identify(build) by extension 'ignore'
[0.839s] Level 1:colcon.colcon_core.package_identification:_identify(build) ignored
[0.839s] Level 1:colcon.colcon_core.package_identification:_identify(install) by extensions ['ignore', 'ignore_ament_install']
[0.840s] Level 1:colcon.colcon_core.package_identification:_identify(install) by extension 'ignore'
[0.840s] Level 1:colcon.colcon_core.package_identification:_identify(install) ignored
[0.840s] Level 1:colcon.colcon_core.package_identification:_identify(log) by extensions ['ignore', 'ignore_ament_install']
[0.841s] Level 1:colcon.colcon_core.package_identification:_identify(log) by extension 'ignore'
[0.841s] Level 1:colcon.colcon_core.package_identification:_identify(log) ignored
[0.842s] Level 1:colcon.colcon_core.package_identification:_identify(src) by extensions ['ignore', 'ignore_ament_install']
[0.842s] Level 1:colcon.colcon_core.package_identification:_identify(src) by extension 'ignore'
[0.843s] Level 1:colcon.colcon_core.package_identification:_identify(src) by extension 'ignore_ament_install'
[0.843s] Level 1:colcon.colcon_core.package_identification:_identify(src) by extensions ['colcon_pkg']
[0.843s] Level 1:colcon.colcon_core.package_identification:_identify(src) by extension 'colcon_pkg'
[0.843s] Level 1:colcon.colcon_core.package_identification:_identify(src) by extensions ['colcon_meta']
[0.843s] Level 1:colcon.colcon_core.package_identification:_identify(src) by extension 'colcon_meta'
[0.843s] Level 1:colcon.colcon_core.package_identification:_identify(src) by extensions ['ros']
[0.843s] Level 1:colcon.colcon_core.package_identification:_identify(src) by extension 'ros'
[0.843s] Level 1:colcon.colcon_core.package_identification:_identify(src) by extensions ['cmake', 'python']
[0.843s] Level 1:colcon.colcon_core.package_identification:_identify(src) by extension 'cmake'
[0.844s] Level 1:colcon.colcon_core.package_identification:_identify(src) by extension 'python'
[0.844s] Level 1:colcon.colcon_core.package_identification:_identify(src) by extensions ['python_setup_py']
[0.844s] Level 1:colcon.colcon_core.package_identification:_identify(src) by extension 'python_setup_py'
[0.846s] Level 1:colcon.colcon_core.package_identification:_identify(src/my_dd_robot) by extensions ['ignore', 'ignore_ament_install']
[0.846s] Level 1:colcon.colcon_core.package_identification:_identify(src/my_dd_robot) by extension 'ignore'
[0.846s] Level 1:colcon.colcon_core.package_identification:_identify(src/my_dd_robot) by extension 'ignore_ament_install'
[0.846s] Level 1:colcon.colcon_core.package_identification:_identify(src/my_dd_robot) by extensions ['colcon_pkg']
[0.846s] Level 1:colcon.colcon_core.package_identification:_identify(src/my_dd_robot) by extension 'colcon_pkg'
[0.846s] Level 1:colcon.colcon_core.package_identification:_identify(src/my_dd_robot) by extensions ['colcon_meta']
[0.846s] Level 1:colcon.colcon_core.package_identification:_identify(src/my_dd_robot) by extension 'colcon_meta'
[0.846s] Level 1:colcon.colcon_core.package_identification:_identify(src/my_dd_robot) by extensions ['ros']
[0.847s] Level 1:colcon.colcon_core.package_identification:_identify(src/my_dd_robot) by extension 'ros'
[0.855s] DEBUG:colcon.colcon_core.package_identification:Package 'src/my_dd_robot' with type 'ros.ament_cmake' and name 'my_dd_robot'
[0.855s] Level 1:colcon.colcon_core.package_discovery:discover_packages(recursive) using defaults
[0.855s] Level 1:colcon.colcon_core.package_discovery:discover_packages(ignore) discover
[0.855s] Level 1:colcon.colcon_core.package_discovery:discover_packages(ignore) using defaults
[0.855s] Level 1:colcon.colcon_core.package_discovery:discover_packages(path) discover
[0.855s] Level 1:colcon.colcon_core.package_discovery:discover_packages(path) using defaults
[0.915s] Level 1:colcon.colcon_core.package_discovery:discover_packages(prefix_path) check parameters
[0.915s] Level 1:colcon.colcon_core.package_discovery:discover_packages(prefix_path) discover
[0.925s] DEBUG:colcon.colcon_installed_package_information.package_discovery:Found 7 installed packages in /home/aniketh05/my_ros2_ws/install
[0.927s] DEBUG:colcon.colcon_installed_package_information.package_discovery:Found 359 installed packages in /opt/ros/humble
[0.931s] Level 1:colcon.colcon_core.package_discovery:discover_packages(prefix_path) using defaults
[1.059s] Level 5:colcon.colcon_core.verb:set package 'my_dd_robot' build argument 'cmake_args' from command line to 'None'
[1.059s] Level 5:colcon.colcon_core.verb:set package 'my_dd_robot' build argument 'cmake_target' from command line to 'None'
[1.059s] Level 5:colcon.colcon_core.verb:set package 'my_dd_robot' build argument 'cmake_target_skip_unavailable' from command line to 'False'
[1.059s] Level 5:colcon.colcon_core.verb:set package 'my_dd_robot' build argument 'cmake_clean_cache' from command line to 'False'
[1.060s] Level 5:colcon.colcon_core.verb:set package 'my_dd_robot' build argument 'cmake_clean_first' from command line to 'False'
[1.060s] Level 5:colcon.colcon_core.verb:set package 'my_dd_robot' build argument 'cmake_force_configure' from command line to 'False'
[1.060s] Level 5:colcon.colcon_core.verb:set package 'my_dd_robot' build argument 'ament_cmake_args' from command line to 'None'
[1.060s] Level 5:colcon.colcon_core.verb:set package 'my_dd_robot' build argument 'catkin_cmake_args' from command line to 'None'
[1.060s] Level 5:colcon.colcon_core.verb:set package 'my_dd_robot' build argument 'catkin_skip_building_tests' from command line to 'False'
[1.060s] DEBUG:colcon.colcon_core.verb:Building package 'my_dd_robot' with the following arguments: {'ament_cmake_args': None, 'build_base': '/home/aniketh05/ros2_ws/build/my_dd_robot', 'catkin_cmake_args': None, 'catkin_skip_building_tests': False, 'cmake_args': None, 'cmake_clean_cache': False, 'cmake_clean_first': False, 'cmake_force_configure': False, 'cmake_target': None, 'cmake_target_skip_unavailable': False, 'install_base': '/home/aniketh05/ros2_ws/install/my_dd_robot', 'merge_install': False, 'path': '/home/aniketh05/ros2_ws/src/my_dd_robot', 'symlink_install': False, 'test_result_base': None}
[1.061s] INFO:colcon.colcon_core.executor:Executing jobs using 'parallel' executor
[1.065s] DEBUG:colcon.colcon_parallel_executor.executor.parallel:run_until_complete
[1.068s] INFO:colcon.colcon_ros.task.ament_cmake.build:Building ROS package in '/home/aniketh05/ros2_ws/src/my_dd_robot' with build type 'ament_cmake'
[1.068s] INFO:colcon.colcon_cmake.task.cmake.build:Building CMake package in '/home/aniketh05/ros2_ws/src/my_dd_robot'
[1.088s] INFO:colcon.colcon_core.plugin_system:Skipping extension 'colcon_core.shell.bat': Not used on non-Windows systems
[1.089s] INFO:colcon.colcon_core.shell:Skip shell extension 'powershell' for command environment: Not usable outside of PowerShell
[1.089s] DEBUG:colcon.colcon_core.shell:Skip shell extension 'dsv' for command environment
[1.125s] DEBUG:colcon.colcon_core.event_handler.log_command:Invoking command in '/home/aniketh05/ros2_ws/build/my_dd_robot': CMAKE_PREFIX_PATH=${CMAKE_PREFIX_PATH}:/home/aniketh05/my_ros2_ws/install/turtle_control:/home/aniketh05/my_ros2_ws/install/my_services:/home/aniketh05/my_ros2_ws/install/my_pkg_prac:/home/aniketh05/my_ros2_ws/install/my_pkg_01:/opt/ros/humble /usr/bin/cmake --build /home/aniketh05/ros2_ws/build/my_dd_robot -- -j12 -l12
[1.292s] DEBUG:colcon.colcon_core.event_handler.log_command:Invoked command in '/home/aniketh05/ros2_ws/build/my_dd_robot' returned '0': CMAKE_PREFIX_PATH=${CMAKE_PREFIX_PATH}:/home/aniketh05/my_ros2_ws/install/turtle_control:/home/aniketh05/my_ros2_ws/install/my_services:/home/aniketh05/my_ros2_ws/install/my_pkg_prac:/home/aniketh05/my_ros2_ws/install/my_pkg_01:/opt/ros/humble /usr/bin/cmake --build /home/aniketh05/ros2_ws/build/my_dd_robot -- -j12 -l12
[1.309s] DEBUG:colcon.colcon_core.event_handler.log_command:Invoking command in '/home/aniketh05/ros2_ws/build/my_dd_robot': CMAKE_PREFIX_PATH=${CMAKE_PREFIX_PATH}:/home/aniketh05/my_ros2_ws/install/turtle_control:/home/aniketh05/my_ros2_ws/install/my_services:/home/aniketh05/my_ros2_ws/install/my_pkg_prac:/home/aniketh05/my_ros2_ws/install/my_pkg_01:/opt/ros/humble /usr/bin/cmake --install /home/aniketh05/ros2_ws/build/my_dd_robot
[1.338s] Level 1:colcon.colcon_core.environment:create_environment_scripts_only(my_dd_robot)
[1.340s] DEBUG:colcon.colcon_core.event_handler.log_command:Invoked command in '/home/aniketh05/ros2_ws/build/my_dd_robot' returned '0': CMAKE_PREFIX_PATH=${CMAKE_PREFIX_PATH}:/home/aniketh05/my_ros2_ws/install/turtle_control:/home/aniketh05/my_ros2_ws/install/my_services:/home/aniketh05/my_ros2_ws/install/my_pkg_prac:/home/aniketh05/my_ros2_ws/install/my_pkg_01:/opt/ros/humble /usr/bin/cmake --install /home/aniketh05/ros2_ws/build/my_dd_robot
[1.361s] Level 1:colcon.colcon_core.environment:checking '/home/aniketh05/ros2_ws/install/my_dd_robot' for CMake module files
[1.362s] Level 1:colcon.colcon_core.environment:checking '/home/aniketh05/ros2_ws/install/my_dd_robot' for CMake config files
[1.367s] Level 1:colcon.colcon_core.shell:create_environment_hook('my_dd_robot', 'cmake_prefix_path')
[1.367s] INFO:colcon.colcon_core.shell:Creating environment hook '/home/aniketh05/ros2_ws/install/my_dd_robot/share/my_dd_robot/hook/cmake_prefix_path.ps1'
[1.372s] INFO:colcon.colcon_core.shell:Creating environment descriptor '/home/aniketh05/ros2_ws/install/my_dd_robot/share/my_dd_robot/hook/cmake_prefix_path.dsv'
[1.378s] INFO:colcon.colcon_core.shell:Creating environment hook '/home/aniketh05/ros2_ws/install/my_dd_robot/share/my_dd_robot/hook/cmake_prefix_path.sh'
[1.380s] Level 1:colcon.colcon_core.environment:checking '/home/aniketh05/ros2_ws/install/my_dd_robot/bin'
[1.381s] Level 1:colcon.colcon_core.environment:checking '/home/aniketh05/ros2_ws/install/my_dd_robot/lib/pkgconfig/my_dd_robot.pc'
[1.381s] Level 1:colcon.colcon_core.environment:checking '/home/aniketh05/ros2_ws/install/my_dd_robot/lib/python3.10/site-packages'
[1.381s] Level 1:colcon.colcon_core.environment:checking '/home/aniketh05/ros2_ws/install/my_dd_robot/bin'
[1.382s] INFO:colcon.colcon_core.shell:Creating package script '/home/aniketh05/ros2_ws/install/my_dd_robot/share/my_dd_robot/package.ps1'
[1.387s] INFO:colcon.colcon_core.shell:Creating package descriptor '/home/aniketh05/ros2_ws/install/my_dd_robot/share/my_dd_robot/package.dsv'
[1.391s] INFO:colcon.colcon_core.shell:Creating package script '/home/aniketh05/ros2_ws/install/my_dd_robot/share/my_dd_robot/package.sh'
[1.393s] INFO:colcon.colcon_core.shell:Creating package script '/home/aniketh05/ros2_ws/install/my_dd_robot/share/my_dd_robot/package.bash'
[1.397s] INFO:colcon.colcon_core.shell:Creating package script '/home/aniketh05/ros2_ws/install/my_dd_robot/share/my_dd_robot/package.zsh'
[1.400s] Level 1:colcon.colcon_core.environment:create_file_with_runtime_dependencies(/home/aniketh05/ros2_ws/install/my_dd_robot/share/colcon-core/packages/my_dd_robot)
[1.402s] Level 1:colcon.colcon_core.environment:create_environment_scripts_only(my_dd_robot)
[1.402s] Level 1:colcon.colcon_core.environment:checking '/home/aniketh05/ros2_ws/install/my_dd_robot' for CMake module files
[1.403s] Level 1:colcon.colcon_core.environment:checking '/home/aniketh05/ros2_ws/install/my_dd_robot' for CMake config files
[1.404s] Level 1:colcon.colcon_core.shell:create_environment_hook('my_dd_robot', 'cmake_prefix_path')
[1.413s] INFO:colcon.colcon_core.shell:Creating environment hook '/home/aniketh05/ros2_ws/install/my_dd_robot/share/my_dd_robot/hook/cmake_prefix_path.ps1'
[1.414s] INFO:colcon.colcon_core.shell:Creating environment descriptor '/home/aniketh05/ros2_ws/install/my_dd_robot/share/my_dd_robot/hook/cmake_prefix_path.dsv'
[1.415s] INFO:colcon.colcon_core.shell:Creating environment hook '/home/aniketh05/ros2_ws/install/my_dd_robot/share/my_dd_robot/hook/cmake_prefix_path.sh'
[1.416s] Level 1:colcon.colcon_core.environment:checking '/home/aniketh05/ros2_ws/install/my_dd_robot/bin'
[1.416s] Level 1:colcon.colcon_core.environment:checking '/home/aniketh05/ros2_ws/install/my_dd_robot/lib/pkgconfig/my_dd_robot.pc'
[1.417s] Level 1:colcon.colcon_core.environment:checking '/home/aniketh05/ros2_ws/install/my_dd_robot/lib/python3.10/site-packages'
[1.417s] Level 1:colcon.colcon_core.environment:checking '/home/aniketh05/ros2_ws/install/my_dd_robot/bin'
[1.417s] INFO:colcon.colcon_core.shell:Creating package script '/home/aniketh05/ros2_ws/install/my_dd_robot/share/my_dd_robot/package.ps1'
[1.418s] INFO:colcon.colcon_core.shell:Creating package descriptor '/home/aniketh05/ros2_ws/install/my_dd_robot/share/my_dd_robot/package.dsv'
[1.419s] INFO:colcon.colcon_core.shell:Creating package script '/home/aniketh05/ros2_ws/install/my_dd_robot/share/my_dd_robot/package.sh'
[1.420s] INFO:colcon.colcon_core.shell:Creating package script '/home/aniketh05/ros2_ws/install/my_dd_robot/share/my_dd_robot/package.bash'
[1.421s] INFO:colcon.colcon_core.shell:Creating package script '/home/aniketh05/ros2_ws/install/my_dd_robot/share/my_dd_robot/package.zsh'
[1.422s] Level 1:colcon.colcon_core.environment:create_file_with_runtime_dependencies(/home/aniketh05/ros2_ws/install/my_dd_robot/share/colcon-core/packages/my_dd_robot)
[1.422s] DEBUG:colcon.colcon_parallel_executor.executor.parallel:closing loop
[1.423s] DEBUG:colcon.colcon_parallel_executor.executor.parallel:loop closed
[1.423s] DEBUG:colcon.colcon_parallel_executor.executor.parallel:run_until_complete finished with '0'
[1.423s] DEBUG:colcon.colcon_core.event_reactor:joining thread
[1.448s] INFO:colcon.colcon_core.plugin_system:Skipping extension 'colcon_notification.desktop_notification.terminal_notifier': Not used on non-Darwin systems
[1.448s] INFO:colcon.colcon_core.plugin_system:Skipping extension 'colcon_notification.desktop_notification.win32': Not used on non-Windows systems
[1.448s] INFO:colcon.colcon_notification.desktop_notification:Sending desktop notification using 'notify2'
[1.450s] DEBUG:colcon.colcon_notification.desktop_notification.notify2:Failed to initialize notify2: org.freedesktop.DBus.Error.ServiceUnknown: The name org.freedesktop.Notifications was not provided by any .service files
[1.450s] DEBUG:colcon.colcon_core.event_reactor:joined thread
[1.451s] INFO:colcon.colcon_core.shell:Creating prefix script '/home/aniketh05/ros2_ws/install/local_setup.ps1'
[1.454s] INFO:colcon.colcon_core.shell:Creating prefix util module '/home/aniketh05/ros2_ws/install/_local_setup_util_ps1.py'
[1.457s] INFO:colcon.colcon_core.shell:Creating prefix chain script '/home/aniketh05/ros2_ws/install/setup.ps1'
[1.461s] INFO:colcon.colcon_core.shell:Creating prefix script '/home/aniketh05/ros2_ws/install/local_setup.sh'
[1.471s] INFO:colcon.colcon_core.shell:Creating prefix util module '/home/aniketh05/ros2_ws/install/_local_setup_util_sh.py'
[1.472s] INFO:colcon.colcon_core.shell:Creating prefix chain script '/home/aniketh05/ros2_ws/install/setup.sh'
[1.476s] INFO:colcon.colcon_core.shell:Creating prefix script '/home/aniketh05/ros2_ws/install/local_setup.bash'
[1.488s] INFO:colcon.colcon_core.shell:Creating prefix chain script '/home/aniketh05/ros2_ws/install/setup.bash'
[1.491s] INFO:colcon.colcon_core.shell:Creating prefix script '/home/aniketh05/ros2_ws/install/local_setup.zsh'
[1.493s] INFO:colcon.colcon_core.shell:Creating prefix chain script '/home/aniketh05/ros2_ws/install/setup.zsh'
