-- Install configuration: ""
-- Up-to-date: /home/aniketh05/ros2_ws/install/my_dd_robot/share/my_dd_robot/launch
-- Up-to-date: /home/aniketh05/ros2_ws/install/my_dd_robot/share/my_dd_robot/launch/dd_robot.launch.py
-- Up-to-date: /home/aniketh05/ros2_ws/install/my_dd_robot/share/my_dd_robot/model
-- Up-to-date: /home/aniketh05/ros2_ws/install/my_dd_robot/share/my_dd_robot/model/my_dd_robot_model.xacro
-- Installing: /home/aniketh05/ros2_ws/install/my_dd_robot/share/my_dd_robot/model/log
-- Installing: /home/aniketh05/ros2_ws/install/my_dd_robot/share/my_dd_robot/model/log/latest
-- Installing: /home/aniketh05/ros2_ws/install/my_dd_robot/share/my_dd_robot/model/log/build_2025-04-07_01-31-33
-- Installing: /home/aniketh05/ros2_ws/install/my_dd_robot/share/my_dd_robot/model/log/build_2025-04-07_01-31-33/events.log
-- Installing: /home/aniketh05/ros2_ws/install/my_dd_robot/share/my_dd_robot/model/log/build_2025-04-07_01-31-33/logger_all.log
-- Installing: /home/aniketh05/ros2_ws/install/my_dd_robot/share/my_dd_robot/model/log/latest_build
-- Installing: /home/aniketh05/ros2_ws/install/my_dd_robot/share/my_dd_robot/model/log/COLCON_IGNORE
-- Installing: /home/aniketh05/ros2_ws/install/my_dd_robot/share/my_dd_robot/model/gesture_arm.urdf
-- Installing: /home/aniketh05/ros2_ws/install/my_dd_robot/share/my_dd_robot/model/build
-- Installing: /home/aniketh05/ros2_ws/install/my_dd_robot/share/my_dd_robot/model/build/.built_by
-- Installing: /home/aniketh05/ros2_ws/install/my_dd_robot/share/my_dd_robot/model/build/COLCON_IGNORE
-- Up-to-date: /home/aniketh05/ros2_ws/install/my_dd_robot/share/my_dd_robot/model/my_dd_robot.gazebo
-- Installing: /home/aniketh05/ros2_ws/install/my_dd_robot/share/my_dd_robot/model/install
-- Installing: /home/aniketh05/ros2_ws/install/my_dd_robot/share/my_dd_robot/model/install/_local_setup_util_ps1.py
-- Installing: /home/aniketh05/ros2_ws/install/my_dd_robot/share/my_dd_robot/model/install/setup.zsh
-- Installing: /home/aniketh05/ros2_ws/install/my_dd_robot/share/my_dd_robot/model/install/.colcon_install_layout
-- Installing: /home/aniketh05/ros2_ws/install/my_dd_robot/share/my_dd_robot/model/install/_local_setup_util_sh.py
-- Installing: /home/aniketh05/ros2_ws/install/my_dd_robot/share/my_dd_robot/model/install/local_setup.sh
-- Installing: /home/aniketh05/ros2_ws/install/my_dd_robot/share/my_dd_robot/model/install/local_setup.bash
-- Installing: /home/aniketh05/ros2_ws/install/my_dd_robot/share/my_dd_robot/model/install/local_setup.zsh
-- Installing: /home/aniketh05/ros2_ws/install/my_dd_robot/share/my_dd_robot/model/install/local_setup.ps1
-- Installing: /home/aniketh05/ros2_ws/install/my_dd_robot/share/my_dd_robot/model/install/setup.sh
-- Installing: /home/aniketh05/ros2_ws/install/my_dd_robot/share/my_dd_robot/model/install/setup.ps1
-- Installing: /home/aniketh05/ros2_ws/install/my_dd_robot/share/my_dd_robot/model/install/COLCON_IGNORE
-- Installing: /home/aniketh05/ros2_ws/install/my_dd_robot/share/my_dd_robot/model/install/setup.bash
-- Up-to-date: /home/aniketh05/ros2_ws/install/my_dd_robot/share/ament_index/resource_index/package_run_dependencies/my_dd_robot
-- Up-to-date: /home/aniketh05/ros2_ws/install/my_dd_robot/share/ament_index/resource_index/parent_prefix_path/my_dd_robot
-- Up-to-date: /home/aniketh05/ros2_ws/install/my_dd_robot/share/my_dd_robot/environment/ament_prefix_path.sh
-- Up-to-date: /home/aniketh05/ros2_ws/install/my_dd_robot/share/my_dd_robot/environment/ament_prefix_path.dsv
-- Up-to-date: /home/aniketh05/ros2_ws/install/my_dd_robot/share/my_dd_robot/environment/path.sh
-- Up-to-date: /home/aniketh05/ros2_ws/install/my_dd_robot/share/my_dd_robot/environment/path.dsv
-- Up-to-date: /home/aniketh05/ros2_ws/install/my_dd_robot/share/my_dd_robot/local_setup.bash
-- Up-to-date: /home/aniketh05/ros2_ws/install/my_dd_robot/share/my_dd_robot/local_setup.sh
-- Up-to-date: /home/aniketh05/ros2_ws/install/my_dd_robot/share/my_dd_robot/local_setup.zsh
-- Up-to-date: /home/aniketh05/ros2_ws/install/my_dd_robot/share/my_dd_robot/local_setup.dsv
-- Installing: /home/aniketh05/ros2_ws/install/my_dd_robot/share/my_dd_robot/package.dsv
-- Up-to-date: /home/aniketh05/ros2_ws/install/my_dd_robot/share/ament_index/resource_index/packages/my_dd_robot
-- Up-to-date: /home/aniketh05/ros2_ws/install/my_dd_robot/share/my_dd_robot/cmake/my_dd_robotConfig.cmake
-- Up-to-date: /home/aniketh05/ros2_ws/install/my_dd_robot/share/my_dd_robot/cmake/my_dd_robotConfig-version.cmake
-- Up-to-date: /home/aniketh05/ros2_ws/install/my_dd_robot/share/my_dd_robot/package.xml
