running develop
Removing /home/aniketh05/ros2_ws/install/new_diffbot_slam/lib/python3.10/site-packages/new-diffbot-slam.egg-link (link to .)
running egg_info
writing ../../build/new_diffbot_slam/new_diffbot_slam.egg-info/PKG-INFO
writing dependency_links to ../../build/new_diffbot_slam/new_diffbot_slam.egg-info/dependency_links.txt
writing entry points to ../../build/new_diffbot_slam/new_diffbot_slam.egg-info/entry_points.txt
writing requirements to ../../build/new_diffbot_slam/new_diffbot_slam.egg-info/requires.txt
writing top-level names to ../../build/new_diffbot_slam/new_diffbot_slam.egg-info/top_level.txt
reading manifest file '../../build/new_diffbot_slam/new_diffbot_slam.egg-info/SOURCES.txt'
writing manifest file '../../build/new_diffbot_slam/new_diffbot_slam.egg-info/SOURCES.txt'
running build
running build_py
creating /home/aniketh05/ros2_ws/build/new_diffbot_slam/build
creating /home/aniketh05/ros2_ws/build/new_diffbot_slam/build/lib
creating /home/aniketh05/ros2_ws/build/new_diffbot_slam/build/lib/new_diffbot_slam
copying new_diffbot_slam/__init__.py -> /home/aniketh05/ros2_ws/build/new_diffbot_slam/build/lib/new_diffbot_slam
copying new_diffbot_slam/obstacle_avoidance.py -> /home/aniketh05/ros2_ws/build/new_diffbot_slam/build/lib/new_diffbot_slam
running install
running install_lib
creating /home/aniketh05/ros2_ws/install/new_diffbot_slam/lib/python3.10/site-packages/new_diffbot_slam
copying /home/aniketh05/ros2_ws/build/new_diffbot_slam/build/lib/new_diffbot_slam/__init__.py -> /home/aniketh05/ros2_ws/install/new_diffbot_slam/lib/python3.10/site-packages/new_diffbot_slam
copying /home/aniketh05/ros2_ws/build/new_diffbot_slam/build/lib/new_diffbot_slam/obstacle_avoidance.py -> /home/aniketh05/ros2_ws/install/new_diffbot_slam/lib/python3.10/site-packages/new_diffbot_slam
byte-compiling /home/aniketh05/ros2_ws/install/new_diffbot_slam/lib/python3.10/site-packages/new_diffbot_slam/__init__.py to __init__.cpython-310.pyc
byte-compiling /home/aniketh05/ros2_ws/install/new_diffbot_slam/lib/python3.10/site-packages/new_diffbot_slam/obstacle_avoidance.py to obstacle_avoidance.cpython-310.pyc
running install_data
copying resource/new_diffbot_slam -> /home/aniketh05/ros2_ws/install/new_diffbot_slam/share/ament_index/resource_index/packages
copying package.xml -> /home/aniketh05/ros2_ws/install/new_diffbot_slam/share/new_diffbot_slam
copying launch/sim.launch.py -> /home/aniketh05/ros2_ws/install/new_diffbot_slam/share/new_diffbot_slam/launch
copying urdf/diffbot.urdf.xacro -> /home/aniketh05/ros2_ws/install/new_diffbot_slam/share/new_diffbot_slam/urdf
copying worlds/world.world -> /home/aniketh05/ros2_ws/install/new_diffbot_slam/share/new_diffbot_slam/worlds
copying rviz/slam.rviz -> /home/aniketh05/ros2_ws/install/new_diffbot_slam/share/new_diffbot_slam/rviz
running install_egg_info
Copying ../../build/new_diffbot_slam/new_diffbot_slam.egg-info to /home/aniketh05/ros2_ws/install/new_diffbot_slam/lib/python3.10/site-packages/new_diffbot_slam-0.0.0-py3.10.egg-info
running install_scripts
Installing obstacle_avoidance script to /home/aniketh05/ros2_ws/install/new_diffbot_slam/lib/new_diffbot_slam
writing list of installed files to '/home/aniketh05/ros2_ws/build/new_diffbot_slam/install.log'
