[0.046s] Invoking command in '/home/aniketh05/ros2_ws/build/kimera_multi': /usr/bin/cmake /home/aniketh05/ros2_ws/src/Kimera-Multi -DCATKIN_INSTALL_INTO_PREFIX_ROOT=0 -DCMAKE_INSTALL_PREFIX=/home/aniketh05/ros2_ws/install/kimera_multi
[3.557s] [31mCMake Error at CMakeLists.txt:6 (find_package):
[3.557s]   By not providing "Findcatkin.cmake" in CMAKE_MODULE_PATH this project has
[3.557s]   asked CMake to find a package configuration file provided by "catkin", but
[3.558s]   CMake did not find one.
[3.558s] 
[3.558s]   Could not find a package configuration file provided by "catkin" with any
[3.558s]   of the following names:
[3.558s] 
[3.558s]     catkinConfig.cmake
[3.558s]     catkin-config.cmake
[3.558s] 
[3.559s]   Add the installation prefix of "catkin" to CMAKE_PREFIX_PATH or set
[3.559s]   "catkin_DIR" to a directory containing one of the above files.  If "catkin"
[3.559s]   provides a separate development package or SDK, be sure it has been
[3.559s]   installed.
[3.560s] 
[3.560s] [0m
[3.561s] -- Configuring incomplete, errors occurred!
[3.561s] See also "/home/aniketh05/ros2_ws/build/kimera_multi/CMakeFiles/CMakeOutput.log".
[3.563s] Invoked command in '/home/aniketh05/ros2_ws/build/kimera_multi' returned '1': /usr/bin/cmake /home/aniketh05/ros2_ws/src/Kimera-Multi -DCATKIN_INSTALL_INTO_PREFIX_ROOT=0 -DCMAKE_INSTALL_PREFIX=/home/aniketh05/ros2_ws/install/kimera_multi
