[0.009s] Invoking command in '/home/aniketh05/ros2_ws/build/my_ddrobot': CMAKE_PREFIX_PATH=${CMAKE_PREFIX_PATH}:/home/aniketh05/my_ros2_ws/install/turtle_control:/home/aniketh05/my_ros2_ws/install/my_services:/home/aniketh05/my_ros2_ws/install/my_pkg_prac:/home/aniketh05/my_ros2_ws/install/my_pkg_01:/opt/ros/humble /usr/bin/cmake /home/aniketh05/ros2_ws/src/my_ddrobot -DCMAKE_INSTALL_PREFIX=/home/aniketh05/ros2_ws/install/my_ddrobot
[0.192s] -- The C compiler identification is GNU 11.4.0
[0.484s] -- The CXX compiler identification is GNU 11.4.0
[0.682s] -- Detecting C compiler ABI info
[0.763s] -- Detecting C compiler ABI info - done
[0.768s] -- Check for working C compiler: /usr/bin/cc - skipped
[0.769s] -- Detecting C compile features
[0.770s] -- Detecting C compile features - done
[0.773s] -- Detecting CXX compiler ABI info
[0.886s] -- Detecting CXX compiler ABI info - done
[0.891s] -- Check for working CXX compiler: /usr/bin/c++ - skipped
[0.891s] -- Detecting CXX compile features
[0.892s] -- Detecting CXX compile features - done
[0.897s] -- Found ament_cmake: 1.3.11 (/opt/ros/humble/share/ament_cmake/cmake)
[1.009s] -- Found Python3: /usr/bin/python3 (found version "3.10.12") found components: Interpreter 
[1.091s] -- Found ament_lint_auto: 0.12.12 (/opt/ros/humble/share/ament_lint_auto/cmake)
[1.152s] -- Added test 'flake8' to check Python code syntax and style conventions
[1.152s] -- Added test 'lint_cmake' to check CMake code style
[1.153s] -- Added test 'pep257' to check Python code against some of the docstring style conventions in PEP 257
[1.154s] -- Added test 'xmllint' to check XML markup files
[1.156s] -- Configuring done
[1.158s] -- Generating done
[1.159s] -- Build files have been written to: /home/aniketh05/ros2_ws/build/my_ddrobot
[1.162s] Invoked command in '/home/aniketh05/ros2_ws/build/my_ddrobot' returned '0': CMAKE_PREFIX_PATH=${CMAKE_PREFIX_PATH}:/home/aniketh05/my_ros2_ws/install/turtle_control:/home/aniketh05/my_ros2_ws/install/my_services:/home/aniketh05/my_ros2_ws/install/my_pkg_prac:/home/aniketh05/my_ros2_ws/install/my_pkg_01:/opt/ros/humble /usr/bin/cmake /home/aniketh05/ros2_ws/src/my_ddrobot -DCMAKE_INSTALL_PREFIX=/home/aniketh05/ros2_ws/install/my_ddrobot
[1.163s] Invoking command in '/home/aniketh05/ros2_ws/build/my_ddrobot': CMAKE_PREFIX_PATH=${CMAKE_PREFIX_PATH}:/home/aniketh05/my_ros2_ws/install/turtle_control:/home/aniketh05/my_ros2_ws/install/my_services:/home/aniketh05/my_ros2_ws/install/my_pkg_prac:/home/aniketh05/my_ros2_ws/install/my_pkg_01:/opt/ros/humble /usr/bin/cmake --build /home/aniketh05/ros2_ws/build/my_ddrobot -- -j12 -l12
[1.184s] Invoked command in '/home/aniketh05/ros2_ws/build/my_ddrobot' returned '0': CMAKE_PREFIX_PATH=${CMAKE_PREFIX_PATH}:/home/aniketh05/my_ros2_ws/install/turtle_control:/home/aniketh05/my_ros2_ws/install/my_services:/home/aniketh05/my_ros2_ws/install/my_pkg_prac:/home/aniketh05/my_ros2_ws/install/my_pkg_01:/opt/ros/humble /usr/bin/cmake --build /home/aniketh05/ros2_ws/build/my_ddrobot -- -j12 -l12
[1.189s] Invoking command in '/home/aniketh05/ros2_ws/build/my_ddrobot': CMAKE_PREFIX_PATH=${CMAKE_PREFIX_PATH}:/home/aniketh05/my_ros2_ws/install/turtle_control:/home/aniketh05/my_ros2_ws/install/my_services:/home/aniketh05/my_ros2_ws/install/my_pkg_prac:/home/aniketh05/my_ros2_ws/install/my_pkg_01:/opt/ros/humble /usr/bin/cmake --install /home/aniketh05/ros2_ws/build/my_ddrobot
[1.193s] -- Install configuration: ""
[1.193s] -- Installing: /home/aniketh05/ros2_ws/install/my_ddrobot/share/my_ddrobot/launch
[1.194s] -- Installing: /home/aniketh05/ros2_ws/install/my_ddrobot/share/my_ddrobot/launch/dd_robot.launch.py
[1.194s] -- Installing: /home/aniketh05/ros2_ws/install/my_ddrobot/share/my_ddrobot/model
[1.194s] -- Installing: /home/aniketh05/ros2_ws/install/my_ddrobot/share/my_ddrobot/model/my_dd_robot_model.xacro
[1.195s] -- Installing: /home/aniketh05/ros2_ws/install/my_ddrobot/share/my_ddrobot/model/my_robot.urdf
[1.195s] -- Installing: /home/aniketh05/ros2_ws/install/my_ddrobot/share/my_ddrobot/model/my_dd_robot.gazebo
[1.195s] -- Installing: /home/aniketh05/ros2_ws/install/my_ddrobot/share/ament_index/resource_index/package_run_dependencies/my_ddrobot
[1.196s] -- Installing: /home/aniketh05/ros2_ws/install/my_ddrobot/share/ament_index/resource_index/parent_prefix_path/my_ddrobot
[1.196s] -- Installing: /home/aniketh05/ros2_ws/install/my_ddrobot/share/my_ddrobot/environment/ament_prefix_path.sh
[1.196s] -- Installing: /home/aniketh05/ros2_ws/install/my_ddrobot/share/my_ddrobot/environment/ament_prefix_path.dsv
[1.196s] -- Installing: /home/aniketh05/ros2_ws/install/my_ddrobot/share/my_ddrobot/environment/path.sh
[1.196s] -- Installing: /home/aniketh05/ros2_ws/install/my_ddrobot/share/my_ddrobot/environment/path.dsv
[1.196s] -- Installing: /home/aniketh05/ros2_ws/install/my_ddrobot/share/my_ddrobot/local_setup.bash
[1.196s] -- Installing: /home/aniketh05/ros2_ws/install/my_ddrobot/share/my_ddrobot/local_setup.sh
[1.196s] -- Installing: /home/aniketh05/ros2_ws/install/my_ddrobot/share/my_ddrobot/local_setup.zsh
[1.196s] -- Installing: /home/aniketh05/ros2_ws/install/my_ddrobot/share/my_ddrobot/local_setup.dsv
[1.196s] -- Installing: /home/aniketh05/ros2_ws/install/my_ddrobot/share/my_ddrobot/package.dsv
[1.197s] -- Installing: /home/aniketh05/ros2_ws/install/my_ddrobot/share/ament_index/resource_index/packages/my_ddrobot
[1.197s] -- Installing: /home/aniketh05/ros2_ws/install/my_ddrobot/share/my_ddrobot/cmake/my_ddrobotConfig.cmake
[1.197s] -- Installing: /home/aniketh05/ros2_ws/install/my_ddrobot/share/my_ddrobot/cmake/my_ddrobotConfig-version.cmake
[1.197s] -- Installing: /home/aniketh05/ros2_ws/install/my_ddrobot/share/my_ddrobot/package.xml
[1.198s] Invoked command in '/home/aniketh05/ros2_ws/build/my_ddrobot' returned '0': CMAKE_PREFIX_PATH=${CMAKE_PREFIX_PATH}:/home/aniketh05/my_ros2_ws/install/turtle_control:/home/aniketh05/my_ros2_ws/install/my_services:/home/aniketh05/my_ros2_ws/install/my_pkg_prac:/home/aniketh05/my_ros2_ws/install/my_pkg_01:/opt/ros/humble /usr/bin/cmake --install /home/aniketh05/ros2_ws/build/my_ddrobot
