-- Install configuration: ""
-- Execute custom install script
-- Up-to-date symlink: /home/aniketh05/ros2_ws/install/my_gesture_arm/share/my_gesture_arm/launch/autonomous_robot.launch.py
-- Up-to-date symlink: /home/aniketh05/ros2_ws/install/my_gesture_arm/share/my_gesture_arm/launch/dd_robot.launch.py
[33mCMake Warning (dev) at ament_cmake_symlink_install/ament_cmake_symlink_install.cmake:62 (file):
  Policy CMP0009 is not set: FILE GLOB_RECURSE calls should not follow
  symlinks by default.  Run "cmake --help-policy CMP0009" for policy details.
  Use the cmake_policy command to set the policy and suppress this warning.
Call Stack (most recent call first):
  ament_cmake_symlink_install/ament_cmake_symlink_install.cmake:314 (ament_cmake_symlink_install_directory)
  cmake_install.cmake:46 (include)
This warning is for project developers.  Use -Wno-dev to suppress it.
[0m
-- Up-to-date symlink: /home/aniketh05/ros2_ws/install/my_gesture_arm/share/my_gesture_arm/model/build/.built_by
-- Up-to-date symlink: /home/aniketh05/ros2_ws/install/my_gesture_arm/share/my_gesture_arm/model/build/COLCON_IGNORE
-- Up-to-date symlink: /home/aniketh05/ros2_ws/install/my_gesture_arm/share/my_gesture_arm/model/empty_world.world
-- Up-to-date symlink: /home/aniketh05/ros2_ws/install/my_gesture_arm/share/my_gesture_arm/model/gesture_arm.gazebo
-- Up-to-date symlink: /home/aniketh05/ros2_ws/install/my_gesture_arm/share/my_gesture_arm/model/gesture_arm.urdf
-- Up-to-date symlink: /home/aniketh05/ros2_ws/install/my_gesture_arm/share/my_gesture_arm/model/install/.colcon_install_layout
-- Up-to-date symlink: /home/aniketh05/ros2_ws/install/my_gesture_arm/share/my_gesture_arm/model/install/COLCON_IGNORE
-- Up-to-date symlink: /home/aniketh05/ros2_ws/install/my_gesture_arm/share/my_gesture_arm/model/install/_local_setup_util_ps1.py
-- Up-to-date symlink: /home/aniketh05/ros2_ws/install/my_gesture_arm/share/my_gesture_arm/model/install/_local_setup_util_sh.py
-- Up-to-date symlink: /home/aniketh05/ros2_ws/install/my_gesture_arm/share/my_gesture_arm/model/install/local_setup.bash
-- Up-to-date symlink: /home/aniketh05/ros2_ws/install/my_gesture_arm/share/my_gesture_arm/model/install/local_setup.ps1
-- Up-to-date symlink: /home/aniketh05/ros2_ws/install/my_gesture_arm/share/my_gesture_arm/model/install/local_setup.sh
-- Up-to-date symlink: /home/aniketh05/ros2_ws/install/my_gesture_arm/share/my_gesture_arm/model/install/local_setup.zsh
-- Up-to-date symlink: /home/aniketh05/ros2_ws/install/my_gesture_arm/share/my_gesture_arm/model/install/setup.bash
-- Up-to-date symlink: /home/aniketh05/ros2_ws/install/my_gesture_arm/share/my_gesture_arm/model/install/setup.ps1
-- Up-to-date symlink: /home/aniketh05/ros2_ws/install/my_gesture_arm/share/my_gesture_arm/model/install/setup.sh
-- Up-to-date symlink: /home/aniketh05/ros2_ws/install/my_gesture_arm/share/my_gesture_arm/model/install/setup.zsh
-- Up-to-date symlink: /home/aniketh05/ros2_ws/install/my_gesture_arm/share/my_gesture_arm/model/log/COLCON_IGNORE
-- Up-to-date symlink: /home/aniketh05/ros2_ws/install/my_gesture_arm/share/my_gesture_arm/model/log/build_2025-04-07_01-31-33/events.log
-- Up-to-date symlink: /home/aniketh05/ros2_ws/install/my_gesture_arm/share/my_gesture_arm/model/log/build_2025-04-07_01-31-33/logger_all.log
-- Up-to-date symlink: /home/aniketh05/ros2_ws/install/my_gesture_arm/share/my_gesture_arm/model/log/latest/events.log
-- Up-to-date symlink: /home/aniketh05/ros2_ws/install/my_gesture_arm/share/my_gesture_arm/model/log/latest/logger_all.log
-- Up-to-date symlink: /home/aniketh05/ros2_ws/install/my_gesture_arm/share/my_gesture_arm/model/log/latest_build/events.log
-- Up-to-date symlink: /home/aniketh05/ros2_ws/install/my_gesture_arm/share/my_gesture_arm/model/log/latest_build/logger_all.log
-- Up-to-date symlink: /home/aniketh05/ros2_ws/install/my_gesture_arm/share/my_gesture_arm/model/my_gesture_arm.xacro
-- Up-to-date symlink: /home/aniketh05/ros2_ws/install/my_gesture_arm/share/my_gesture_arm/model/task_world.world
-- Up-to-date symlink: /home/aniketh05/ros2_ws/install/my_gesture_arm/lib/my_gesture_arm/teleop_controller.py
-- Up-to-date symlink: /home/aniketh05/ros2_ws/install/my_gesture_arm/lib/my_gesture_arm/autonomous_robot_controller.py
-- Up-to-date symlink: /home/aniketh05/ros2_ws/install/my_gesture_arm/share/ament_index/resource_index/package_run_dependencies/my_gesture_arm
-- Up-to-date symlink: /home/aniketh05/ros2_ws/install/my_gesture_arm/share/ament_index/resource_index/parent_prefix_path/my_gesture_arm
-- Up-to-date symlink: /home/aniketh05/ros2_ws/install/my_gesture_arm/share/my_gesture_arm/environment/ament_prefix_path.sh
-- Up-to-date symlink: /home/aniketh05/ros2_ws/install/my_gesture_arm/share/my_gesture_arm/environment/ament_prefix_path.dsv
-- Up-to-date symlink: /home/aniketh05/ros2_ws/install/my_gesture_arm/share/my_gesture_arm/environment/path.sh
-- Up-to-date symlink: /home/aniketh05/ros2_ws/install/my_gesture_arm/share/my_gesture_arm/environment/path.dsv
-- Up-to-date symlink: /home/aniketh05/ros2_ws/install/my_gesture_arm/share/my_gesture_arm/local_setup.bash
-- Up-to-date symlink: /home/aniketh05/ros2_ws/install/my_gesture_arm/share/my_gesture_arm/local_setup.sh
-- Up-to-date symlink: /home/aniketh05/ros2_ws/install/my_gesture_arm/share/my_gesture_arm/local_setup.zsh
-- Up-to-date symlink: /home/aniketh05/ros2_ws/install/my_gesture_arm/share/my_gesture_arm/local_setup.dsv
-- Symlinking: /home/aniketh05/ros2_ws/install/my_gesture_arm/share/my_gesture_arm/package.dsv
-- Up-to-date symlink: /home/aniketh05/ros2_ws/install/my_gesture_arm/share/ament_index/resource_index/packages/my_gesture_arm
-- Up-to-date symlink: /home/aniketh05/ros2_ws/install/my_gesture_arm/share/my_gesture_arm/cmake/my_gesture_armConfig.cmake
-- Up-to-date symlink: /home/aniketh05/ros2_ws/install/my_gesture_arm/share/my_gesture_arm/cmake/my_gesture_armConfig-version.cmake
-- Up-to-date symlink: /home/aniketh05/ros2_ws/install/my_gesture_arm/share/my_gesture_arm/package.xml
