[0.027s] Invoking command in '/home/aniketh05/ros2_ws/build/my_ddrobot': CMAKE_PREFIX_PATH=${CMAKE_PREFIX_PATH}:/home/aniketh05/my_ros2_ws/install/turtle_control:/home/aniketh05/my_ros2_ws/install/my_services:/home/aniketh05/my_ros2_ws/install/my_pkg_prac:/home/aniketh05/my_ros2_ws/install/my_pkg_01:/opt/ros/humble /usr/bin/cmake --build /home/aniketh05/ros2_ws/build/my_ddrobot -- -j12 -l12
[0.068s] Invoked command in '/home/aniketh05/ros2_ws/build/my_ddrobot' returned '0': CMAKE_PREFIX_PATH=${CMAKE_PREFIX_PATH}:/home/aniketh05/my_ros2_ws/install/turtle_control:/home/aniketh05/my_ros2_ws/install/my_services:/home/aniketh05/my_ros2_ws/install/my_pkg_prac:/home/aniketh05/my_ros2_ws/install/my_pkg_01:/opt/ros/humble /usr/bin/cmake --build /home/aniketh05/ros2_ws/build/my_ddrobot -- -j12 -l12
[0.080s] Invoking command in '/home/aniketh05/ros2_ws/build/my_ddrobot': CMAKE_PREFIX_PATH=${CMAKE_PREFIX_PATH}:/home/aniketh05/my_ros2_ws/install/turtle_control:/home/aniketh05/my_ros2_ws/install/my_services:/home/aniketh05/my_ros2_ws/install/my_pkg_prac:/home/aniketh05/my_ros2_ws/install/my_pkg_01:/opt/ros/humble /usr/bin/cmake --install /home/aniketh05/ros2_ws/build/my_ddrobot
[0.088s] -- Install configuration: ""
[0.089s] -- Up-to-date: /home/aniketh05/ros2_ws/install/my_ddrobot/share/my_ddrobot/launch
[0.089s] -- Up-to-date: /home/aniketh05/ros2_ws/install/my_ddrobot/share/my_ddrobot/launch/dd_robot.launch.py
[0.090s] -- Up-to-date: /home/aniketh05/ros2_ws/install/my_ddrobot/share/my_ddrobot/model
[0.091s] -- Up-to-date: /home/aniketh05/ros2_ws/install/my_ddrobot/share/my_ddrobot/model/my_dd_robot_model.xacro
[0.091s] -- Up-to-date: /home/aniketh05/ros2_ws/install/my_ddrobot/share/my_ddrobot/model/my_robot.urdf
[0.093s] -- Up-to-date: /home/aniketh05/ros2_ws/install/my_ddrobot/share/my_ddrobot/model/my_dd_robot.gazebo
[0.094s] -- Up-to-date: /home/aniketh05/ros2_ws/install/my_ddrobot/share/my_ddrobot/model/robot_box.urdf
[0.094s] -- Up-to-date: /home/aniketh05/ros2_ws/install/my_ddrobot/share/ament_index/resource_index/package_run_dependencies/my_ddrobot
[0.095s] -- Up-to-date: /home/aniketh05/ros2_ws/install/my_ddrobot/share/ament_index/resource_index/parent_prefix_path/my_ddrobot
[0.095s] -- Up-to-date: /home/aniketh05/ros2_ws/install/my_ddrobot/share/my_ddrobot/environment/ament_prefix_path.sh
[0.096s] -- Up-to-date: /home/aniketh05/ros2_ws/install/my_ddrobot/share/my_ddrobot/environment/ament_prefix_path.dsv
[0.097s] -- Up-to-date: /home/aniketh05/ros2_ws/install/my_ddrobot/share/my_ddrobot/environment/path.sh
[0.098s] -- Up-to-date: /home/aniketh05/ros2_ws/install/my_ddrobot/share/my_ddrobot/environment/path.dsv
[0.104s] -- Up-to-date: /home/aniketh05/ros2_ws/install/my_ddrobot/share/my_ddrobot/local_setup.bash
[0.105s] -- Up-to-date: /home/aniketh05/ros2_ws/install/my_ddrobot/share/my_ddrobot/local_setup.sh
[0.106s] -- Up-to-date: /home/aniketh05/ros2_ws/install/my_ddrobot/share/my_ddrobot/local_setup.zsh
[0.106s] -- Up-to-date: /home/aniketh05/ros2_ws/install/my_ddrobot/share/my_ddrobot/local_setup.dsv
[0.107s] -- Installing: /home/aniketh05/ros2_ws/install/my_ddrobot/share/my_ddrobot/package.dsv
[0.107s] -- Up-to-date: /home/aniketh05/ros2_ws/install/my_ddrobot/share/ament_index/resource_index/packages/my_ddrobot
[0.108s] -- Up-to-date: /home/aniketh05/ros2_ws/install/my_ddrobot/share/my_ddrobot/cmake/my_ddrobotConfig.cmake
[0.111s] -- Up-to-date: /home/aniketh05/ros2_ws/install/my_ddrobot/share/my_ddrobot/cmake/my_ddrobotConfig-version.cmake
[0.112s] -- Up-to-date: /home/aniketh05/ros2_ws/install/my_ddrobot/share/my_ddrobot/package.xml
[0.113s] Invoked command in '/home/aniketh05/ros2_ws/build/my_ddrobot' returned '0': CMAKE_PREFIX_PATH=${CMAKE_PREFIX_PATH}:/home/aniketh05/my_ros2_ws/install/turtle_control:/home/aniketh05/my_ros2_ws/install/my_services:/home/aniketh05/my_ros2_ws/install/my_pkg_prac:/home/aniketh05/my_ros2_ws/install/my_pkg_01:/opt/ros/humble /usr/bin/cmake --install /home/aniketh05/ros2_ws/build/my_ddrobot
