[0.018s] Invoking command in '/home/aniketh05/ros2_ws/build/my_gesture_arm': CMAKE_PREFIX_PATH=${CMAKE_PREFIX_PATH}:/home/aniketh05/my_ros2_ws/install/turtle_control:/home/aniketh05/my_ros2_ws/install/my_services:/home/aniketh05/my_ros2_ws/install/my_pkg_prac:/home/aniketh05/my_ros2_ws/install/my_pkg_01:/opt/ros/humble /usr/bin/cmake --build /home/aniketh05/ros2_ws/build/my_gesture_arm -- -j12 -l12
[0.058s] -- Found ament_cmake: 1.3.11 (/opt/ros/humble/share/ament_cmake/cmake)
[0.199s] -- Found rclpy: 3.3.16 (/opt/ros/humble/share/rclpy/cmake)
[0.200s] -- Found geometry_msgs: 4.8.0 (/opt/ros/humble/share/geometry_msgs/cmake)
[0.349s] -- Found rosidl_generator_c: 3.1.6 (/opt/ros/humble/share/rosidl_generator_c/cmake)
[0.352s] -- Found rosidl_adapter: 3.1.6 (/opt/ros/humble/share/rosidl_adapter/cmake)
[0.360s] -- Found rosidl_generator_cpp: 3.1.6 (/opt/ros/humble/share/rosidl_generator_cpp/cmake)
[0.371s] -- Using all available rosidl_typesupport_c: rosidl_typesupport_fastrtps_c;rosidl_typesupport_introspection_c
[0.383s] -- Using all available rosidl_typesupport_cpp: rosidl_typesupport_fastrtps_cpp;rosidl_typesupport_introspection_cpp
[0.424s] -- Found sensor_msgs: 4.8.0 (/opt/ros/humble/share/sensor_msgs/cmake)
[0.439s] -- Found gazebo_ros: 3.9.0 (/opt/ros/humble/share/gazebo_ros/cmake)
[0.475s] -- Found rmw_implementation_cmake: 6.1.2 (/opt/ros/humble/share/rmw_implementation_cmake/cmake)
[0.478s] -- Found rmw_fastrtps_cpp: 6.2.7 (/opt/ros/humble/share/rmw_fastrtps_cpp/cmake)
[5.226s] -- Using RMW implementation 'rmw_fastrtps_cpp' as default
[5.304s] -- Found DART: /usr/include (Required is at least version "6.6") found components: dart 
[5.348s] -- Found Protobuf: /usr/lib/x86_64-linux-gnu/libprotobuf.so (found version "3.12.4") 
[5.351s] -- Looking for ignition-math6 -- found version 6.15.1
[5.360s] -- Searching for dependencies of ignition-math6
[5.363s] -- Looking for OGRE...
[5.368s] -- Found Ogre Ghadamon (1.9.0)
[5.368s] -- Found OGRE: optimized;/usr/lib/x86_64-linux-gnu/libOgreMain.so;debug;/usr/lib/x86_64-linux-gnu/libOgreMain.so
[5.378s] -- Looking for OGRE_Paging...
[5.378s] -- Found OGRE_Paging: optimized;/usr/lib/x86_64-linux-gnu/libOgrePaging.so;debug;/usr/lib/x86_64-linux-gnu/libOgrePaging.so
[5.378s] -- Looking for OGRE_Terrain...
[5.378s] -- Found OGRE_Terrain: optimized;/usr/lib/x86_64-linux-gnu/libOgreTerrain.so;debug;/usr/lib/x86_64-linux-gnu/libOgreTerrain.so
[5.378s] -- Looking for OGRE_Property...
[5.378s] -- Found OGRE_Property: optimized;/usr/lib/x86_64-linux-gnu/libOgreProperty.so;debug;/usr/lib/x86_64-linux-gnu/libOgreProperty.so
[5.378s] -- Looking for OGRE_RTShaderSystem...
[5.378s] -- Found OGRE_RTShaderSystem: optimized;/usr/lib/x86_64-linux-gnu/libOgreRTShaderSystem.so;debug;/usr/lib/x86_64-linux-gnu/libOgreRTShaderSystem.so
[5.378s] -- Looking for OGRE_Volume...
[5.378s] -- Found OGRE_Volume: optimized;/usr/lib/x86_64-linux-gnu/libOgreVolume.so;debug;/usr/lib/x86_64-linux-gnu/libOgreVolume.so
[5.378s] -- Looking for OGRE_Overlay...
[5.378s] -- Found OGRE_Overlay: optimized;/usr/lib/x86_64-linux-gnu/libOgreOverlay.so;debug;/usr/lib/x86_64-linux-gnu/libOgreOverlay.so
[25.244s] -- Looking for ignition-math6 -- found version 6.15.1
[25.245s] -- Looking for ignition-transport8 -- found version 8.2.1
[25.245s] -- Searching for dependencies of ignition-transport8
[26.578s] -- Found Protobuf: /usr/lib/x86_64-linux-gnu/libprotobuf.so (found suitable version "3.12.4", minimum required is "3") 
[27.917s] -- Config-file not installed for ZeroMQ -- checking for pkg-config
[27.920s] -- Checking for module 'libzmq >= 4'
[27.930s] --   Found libzmq , version 4.3.4
[27.955s] -- Checking for module 'uuid'
[27.963s] --   Found uuid, version 2.37.2
[27.983s] -- Looking for ignition-msgs5 -- found version 5.8.1
[27.984s] -- Searching for dependencies of ignition-msgs5
[29.241s] -- Looking for ignition-math6 -- found version 6.15.1
[29.245s] -- Checking for module 'tinyxml2'
[29.253s] --   Found tinyxml2, version 9.0.0
[29.272s] -- Looking for ignition-msgs5 -- found version 5.8.1
[29.273s] -- Looking for ignition-common3 -- found version 3.14.0
[29.273s] -- Searching for dependencies of ignition-common3
[29.273s] -- Looking for dlfcn.h - found
[29.273s] -- Looking for libdl - found
[29.349s] -- Searching for <ignition-common3> component [graphics]
[29.349s] -- Looking for ignition-common3-graphics -- found version 3.14.0
[29.350s] -- Searching for dependencies of ignition-common3-graphics
[29.350s] -- Looking for ignition-math6 -- found version 6.15.1
[29.352s] -- Looking for ignition-fuel_tools4 -- found version 4.4.0
[29.352s] -- Searching for dependencies of ignition-fuel_tools4
[30.817s] -- Checking for module 'jsoncpp'
[30.826s] --   Found jsoncpp, version 1.9.5
[30.849s] -- Checking for module 'libzip'
[30.858s] --   Found libzip, version 1.7.3
[30.878s] -- Looking for ignition-common3 -- found version 3.14.0
[30.879s] -- Looking for ignition-math6 -- found version 6.15.1
[30.879s] -- Looking for ignition-msgs5 -- found version 5.8.1
[30.881s] -- Gazebo version: 11.10
[30.883s] -- Found robot_state_publisher: 3.0.3 (/opt/ros/humble/share/robot_state_publisher/cmake)
[30.889s] -- Found eigen3_cmake_module: 0.1.1 (/opt/ros/humble/share/eigen3_cmake_module/cmake)
[30.890s] -- Ensuring Eigen3 include directory is part of orocos-kdl CMake target
[33.108s] [31mCMake Error at CMakeLists.txt:16 (find_package):
[33.108s]   By not providing "Findjoint_state_publisher_gui.cmake" in CMAKE_MODULE_PATH
[33.108s]   this project has asked CMake to find a package configuration file provided
[33.108s]   by "joint_state_publisher_gui", but CMake did not find one.
[33.108s] 
[33.108s]   Could not find a package configuration file provided by
[33.108s]   "joint_state_publisher_gui" with any of the following names:
[33.108s] 
[33.108s]     joint_state_publisher_guiConfig.cmake
[33.108s]     joint_state_publisher_gui-config.cmake
[33.108s] 
[33.108s]   Add the installation prefix of "joint_state_publisher_gui" to
[33.108s]   CMAKE_PREFIX_PATH or set "joint_state_publisher_gui_DIR" to a directory
[33.108s]   containing one of the above files.  If "joint_state_publisher_gui" provides
[33.108s]   a separate development package or SDK, be sure it has been installed.
[33.108s] 
[33.108s] [0m
[33.108s] -- Configuring incomplete, errors occurred!
[33.108s] See also "/home/aniketh05/ros2_ws/build/my_gesture_arm/CMakeFiles/CMakeOutput.log".
[33.116s] gmake: *** [Makefile:226: cmake_check_build_system] Error 1
[33.118s] Invoked command in '/home/aniketh05/ros2_ws/build/my_gesture_arm' returned '2': CMAKE_PREFIX_PATH=${CMAKE_PREFIX_PATH}:/home/aniketh05/my_ros2_ws/install/turtle_control:/home/aniketh05/my_ros2_ws/install/my_services:/home/aniketh05/my_ros2_ws/install/my_pkg_prac:/home/aniketh05/my_ros2_ws/install/my_pkg_01:/opt/ros/humble /usr/bin/cmake --build /home/aniketh05/ros2_ws/build/my_gesture_arm -- -j12 -l12
