[0.020s] Invoking command in '/home/aniketh05/ros2_ws/build/my_gesture_arm': CMAKE_PREFIX_PATH=${CMAKE_PREFIX_PATH}:/home/aniketh05/my_ros2_ws/install/turtle_control:/home/aniketh05/my_ros2_ws/install/my_services:/home/aniketh05/my_ros2_ws/install/my_pkg_prac:/home/aniketh05/my_ros2_ws/install/my_pkg_01:/opt/ros/humble /usr/bin/cmake --build /home/aniketh05/ros2_ws/build/my_gesture_arm -- -j12 -l12
[0.079s] -- Found ament_cmake: 1.3.11 (/opt/ros/humble/share/ament_cmake/cmake)
[0.283s] -- Found rclpy: 3.3.16 (/opt/ros/humble/share/rclpy/cmake)
[0.283s] -- Found geometry_msgs: 4.8.0 (/opt/ros/humble/share/geometry_msgs/cmake)
[0.432s] -- Found rosidl_generator_c: 3.1.6 (/opt/ros/humble/share/rosidl_generator_c/cmake)
[0.434s] -- Found rosidl_adapter: 3.1.6 (/opt/ros/humble/share/rosidl_adapter/cmake)
[0.442s] -- Found rosidl_generator_cpp: 3.1.6 (/opt/ros/humble/share/rosidl_generator_cpp/cmake)
[0.453s] -- Using all available rosidl_typesupport_c: rosidl_typesupport_fastrtps_c;rosidl_typesupport_introspection_c
[0.466s] -- Using all available rosidl_typesupport_cpp: rosidl_typesupport_fastrtps_cpp;rosidl_typesupport_introspection_cpp
[0.509s] -- Found sensor_msgs: 4.8.0 (/opt/ros/humble/share/sensor_msgs/cmake)
[0.524s] -- Found gazebo_ros: 3.9.0 (/opt/ros/humble/share/gazebo_ros/cmake)
[0.561s] -- Found rmw_implementation_cmake: 6.1.2 (/opt/ros/humble/share/rmw_implementation_cmake/cmake)
[0.563s] -- Found rmw_fastrtps_cpp: 6.2.7 (/opt/ros/humble/share/rmw_fastrtps_cpp/cmake)
[4.272s] -- Using RMW implementation 'rmw_fastrtps_cpp' as default
[4.386s] -- Found DART: /usr/include (Required is at least version "6.6") found components: dart 
[4.455s] -- Found Protobuf: /usr/lib/x86_64-linux-gnu/libprotobuf.so (found version "3.12.4") 
[4.460s] -- Looking for ignition-math6 -- found version 6.15.1
[4.473s] -- Searching for dependencies of ignition-math6
[4.477s] -- Looking for OGRE...
[4.482s] -- Found Ogre Ghadamon (1.9.0)
[4.483s] -- Found OGRE: optimized;/usr/lib/x86_64-linux-gnu/libOgreMain.so;debug;/usr/lib/x86_64-linux-gnu/libOgreMain.so
[4.490s] -- Looking for OGRE_Paging...
[4.490s] -- Found OGRE_Paging: optimized;/usr/lib/x86_64-linux-gnu/libOgrePaging.so;debug;/usr/lib/x86_64-linux-gnu/libOgrePaging.so
[4.490s] -- Looking for OGRE_Terrain...
[4.490s] -- Found OGRE_Terrain: optimized;/usr/lib/x86_64-linux-gnu/libOgreTerrain.so;debug;/usr/lib/x86_64-linux-gnu/libOgreTerrain.so
[4.490s] -- Looking for OGRE_Property...
[4.490s] -- Found OGRE_Property: optimized;/usr/lib/x86_64-linux-gnu/libOgreProperty.so;debug;/usr/lib/x86_64-linux-gnu/libOgreProperty.so
[4.490s] -- Looking for OGRE_RTShaderSystem...
[4.491s] -- Found OGRE_RTShaderSystem: optimized;/usr/lib/x86_64-linux-gnu/libOgreRTShaderSystem.so;debug;/usr/lib/x86_64-linux-gnu/libOgreRTShaderSystem.so
[4.491s] -- Looking for OGRE_Volume...
[4.491s] -- Found OGRE_Volume: optimized;/usr/lib/x86_64-linux-gnu/libOgreVolume.so;debug;/usr/lib/x86_64-linux-gnu/libOgreVolume.so
[4.491s] -- Looking for OGRE_Overlay...
[4.491s] -- Found OGRE_Overlay: optimized;/usr/lib/x86_64-linux-gnu/libOgreOverlay.so;debug;/usr/lib/x86_64-linux-gnu/libOgreOverlay.so
[14.200s] -- Looking for ignition-math6 -- found version 6.15.1
[14.220s] -- Looking for ignition-transport8 -- found version 8.2.1
[14.221s] -- Searching for dependencies of ignition-transport8
[14.833s] -- Found Protobuf: /usr/lib/x86_64-linux-gnu/libprotobuf.so (found suitable version "3.12.4", minimum required is "3") 
[15.436s] -- Config-file not installed for ZeroMQ -- checking for pkg-config
[15.439s] -- Checking for module 'libzmq >= 4'
[15.451s] --   Found libzmq , version 4.3.4
[15.474s] -- Checking for module 'uuid'
[15.481s] --   Found uuid, version 2.37.2
[15.500s] -- Looking for ignition-msgs5 -- found version 5.8.1
[15.500s] -- Searching for dependencies of ignition-msgs5
[16.433s] -- Looking for ignition-math6 -- found version 6.15.1
[16.437s] -- Checking for module 'tinyxml2'
[16.444s] --   Found tinyxml2, version 9.0.0
[16.465s] -- Looking for ignition-msgs5 -- found version 5.8.1
[16.466s] -- Looking for ignition-common3 -- found version 3.14.0
[16.467s] -- Searching for dependencies of ignition-common3
[16.469s] -- Looking for dlfcn.h - found
[16.469s] -- Looking for libdl - found
[16.513s] -- Searching for <ignition-common3> component [graphics]
[16.514s] -- Looking for ignition-common3-graphics -- found version 3.14.0
[16.514s] -- Searching for dependencies of ignition-common3-graphics
[16.514s] -- Looking for ignition-math6 -- found version 6.15.1
[16.516s] -- Looking for ignition-fuel_tools4 -- found version 4.4.0
[16.517s] -- Searching for dependencies of ignition-fuel_tools4
[17.287s] -- Checking for module 'jsoncpp'
[17.294s] --   Found jsoncpp, version 1.9.5
[17.314s] -- Checking for module 'libzip'
[17.321s] --   Found libzip, version 1.7.3
[17.338s] -- Looking for ignition-common3 -- found version 3.14.0
[17.338s] -- Looking for ignition-math6 -- found version 6.15.1
[17.339s] -- Looking for ignition-msgs5 -- found version 5.8.1
[17.342s] -- Gazebo version: 11.10
[17.343s] -- Found robot_state_publisher: 3.0.3 (/opt/ros/humble/share/robot_state_publisher/cmake)
[17.350s] -- Found eigen3_cmake_module: 0.1.1 (/opt/ros/humble/share/eigen3_cmake_module/cmake)
[17.351s] -- Ensuring Eigen3 include directory is part of orocos-kdl CMake target
[19.027s] -- Found rviz2: 11.2.16 (/opt/ros/humble/share/rviz2/cmake)
[19.029s] -- Found controller_manager: 2.49.0 (/opt/ros/humble/share/controller_manager/cmake)
[19.162s] -- Found ros2_control: 2.49.0 (/opt/ros/humble/share/ros2_control/cmake)
[19.163s] -- Found position_controllers: 2.43.0 (/opt/ros/humble/share/position_controllers/cmake)
[19.200s] -- Found joint_state_broadcaster: 2.43.0 (/opt/ros/humble/share/joint_state_broadcaster/cmake)
[19.212s] -- Found moveit_ros_move_group: 2.5.9 (/opt/ros/humble/share/moveit_ros_move_group/cmake)
[19.216s] -- Found Boost: /usr/lib/x86_64-linux-gnu/cmake/Boost-1.74.0/BoostConfig.cmake (found version "1.74.0") found components: system filesystem date_time program_options thread 
[19.252s] -- Found Boost: /usr/lib/x86_64-linux-gnu/cmake/Boost-1.74.0/BoostConfig.cmake (found version "1.74.0") found components: chrono date_time filesystem iostreams program_options regex serialization system thread 
[19.899s] -- Found Boost: /usr/lib/x86_64-linux-gnu/cmake/Boost-1.74.0/BoostConfig.cmake (found version "1.74.0") found components: filesystem 
[21.359s] -- library: /usr/lib/x86_64-linux-gnu/libcurl.so
[21.554s] -- Found Boost: /usr/lib/x86_64-linux-gnu/cmake/Boost-1.74.0/BoostConfig.cmake (found version "1.74.0") found components: system filesystem date_time program_options thread chrono 
[21.570s] -- Found ament_lint_auto: 0.12.12 (/opt/ros/humble/share/ament_lint_auto/cmake)
[21.645s] -- Added test 'flake8' to check Python code syntax and style conventions
[21.646s] -- Added test 'lint_cmake' to check CMake code style
[21.646s] -- Added test 'pep257' to check Python code against some of the docstring style conventions in PEP 257
[21.648s] -- Added test 'xmllint' to check XML markup files
[21.652s] -- Configuring done
[21.666s] -- Generating done
[21.671s] -- Build files have been written to: /home/aniketh05/ros2_ws/build/my_gesture_arm
[21.690s] Invoked command in '/home/aniketh05/ros2_ws/build/my_gesture_arm' returned '0': CMAKE_PREFIX_PATH=${CMAKE_PREFIX_PATH}:/home/aniketh05/my_ros2_ws/install/turtle_control:/home/aniketh05/my_ros2_ws/install/my_services:/home/aniketh05/my_ros2_ws/install/my_pkg_prac:/home/aniketh05/my_ros2_ws/install/my_pkg_01:/opt/ros/humble /usr/bin/cmake --build /home/aniketh05/ros2_ws/build/my_gesture_arm -- -j12 -l12
[21.692s] Invoking command in '/home/aniketh05/ros2_ws/build/my_gesture_arm': CMAKE_PREFIX_PATH=${CMAKE_PREFIX_PATH}:/home/aniketh05/my_ros2_ws/install/turtle_control:/home/aniketh05/my_ros2_ws/install/my_services:/home/aniketh05/my_ros2_ws/install/my_pkg_prac:/home/aniketh05/my_ros2_ws/install/my_pkg_01:/opt/ros/humble /usr/bin/cmake --install /home/aniketh05/ros2_ws/build/my_gesture_arm
[21.696s] -- Install configuration: ""
[21.696s] -- Up-to-date: /home/aniketh05/ros2_ws/install/my_gesture_arm/share/my_gesture_arm/launch
[21.697s] -- Up-to-date: /home/aniketh05/ros2_ws/install/my_gesture_arm/share/my_gesture_arm/launch/autonomous_robot.launch.py
[21.697s] -- Up-to-date: /home/aniketh05/ros2_ws/install/my_gesture_arm/share/my_gesture_arm/launch/dd_robot.launch.py
[21.698s] -- Up-to-date: /home/aniketh05/ros2_ws/install/my_gesture_arm/share/my_gesture_arm/model
[21.698s] -- Up-to-date: /home/aniketh05/ros2_ws/install/my_gesture_arm/share/my_gesture_arm/model/gesture_arm.gazebo
[21.698s] -- Up-to-date: /home/aniketh05/ros2_ws/install/my_gesture_arm/share/my_gesture_arm/model/my_gesture_arm.xacro
[21.699s] -- Up-to-date: /home/aniketh05/ros2_ws/install/my_gesture_arm/share/my_gesture_arm/model/log
[21.699s] -- Up-to-date: /home/aniketh05/ros2_ws/install/my_gesture_arm/share/my_gesture_arm/model/log/latest
[21.699s] -- Up-to-date: /home/aniketh05/ros2_ws/install/my_gesture_arm/share/my_gesture_arm/model/log/build_2025-04-07_01-31-33
[21.699s] -- Up-to-date: /home/aniketh05/ros2_ws/install/my_gesture_arm/share/my_gesture_arm/model/log/build_2025-04-07_01-31-33/events.log
[21.699s] -- Up-to-date: /home/aniketh05/ros2_ws/install/my_gesture_arm/share/my_gesture_arm/model/log/build_2025-04-07_01-31-33/logger_all.log
[21.699s] -- Up-to-date: /home/aniketh05/ros2_ws/install/my_gesture_arm/share/my_gesture_arm/model/log/latest_build
[21.699s] -- Up-to-date: /home/aniketh05/ros2_ws/install/my_gesture_arm/share/my_gesture_arm/model/log/COLCON_IGNORE
[21.700s] -- Up-to-date: /home/aniketh05/ros2_ws/install/my_gesture_arm/share/my_gesture_arm/model/empty_world.world
[21.700s] -- Up-to-date: /home/aniketh05/ros2_ws/install/my_gesture_arm/share/my_gesture_arm/model/gesture_arm.urdf
[21.700s] -- Up-to-date: /home/aniketh05/ros2_ws/install/my_gesture_arm/share/my_gesture_arm/model/task_world.world
[21.700s] -- Up-to-date: /home/aniketh05/ros2_ws/install/my_gesture_arm/share/my_gesture_arm/model/build
[21.700s] -- Up-to-date: /home/aniketh05/ros2_ws/install/my_gesture_arm/share/my_gesture_arm/model/build/.built_by
[21.700s] -- Up-to-date: /home/aniketh05/ros2_ws/install/my_gesture_arm/share/my_gesture_arm/model/build/COLCON_IGNORE
[21.700s] -- Up-to-date: /home/aniketh05/ros2_ws/install/my_gesture_arm/share/my_gesture_arm/model/install
[21.700s] -- Up-to-date: /home/aniketh05/ros2_ws/install/my_gesture_arm/share/my_gesture_arm/model/install/_local_setup_util_ps1.py
[21.700s] -- Up-to-date: /home/aniketh05/ros2_ws/install/my_gesture_arm/share/my_gesture_arm/model/install/setup.zsh
[21.700s] -- Up-to-date: /home/aniketh05/ros2_ws/install/my_gesture_arm/share/my_gesture_arm/model/install/.colcon_install_layout
[21.700s] -- Up-to-date: /home/aniketh05/ros2_ws/install/my_gesture_arm/share/my_gesture_arm/model/install/_local_setup_util_sh.py
[21.700s] -- Up-to-date: /home/aniketh05/ros2_ws/install/my_gesture_arm/share/my_gesture_arm/model/install/local_setup.sh
[21.700s] -- Up-to-date: /home/aniketh05/ros2_ws/install/my_gesture_arm/share/my_gesture_arm/model/install/local_setup.bash
[21.700s] -- Up-to-date: /home/aniketh05/ros2_ws/install/my_gesture_arm/share/my_gesture_arm/model/install/local_setup.zsh
[21.700s] -- Up-to-date: /home/aniketh05/ros2_ws/install/my_gesture_arm/share/my_gesture_arm/model/install/local_setup.ps1
[21.700s] -- Up-to-date: /home/aniketh05/ros2_ws/install/my_gesture_arm/share/my_gesture_arm/model/install/setup.sh
[21.700s] -- Up-to-date: /home/aniketh05/ros2_ws/install/my_gesture_arm/share/my_gesture_arm/model/install/setup.ps1
[21.700s] -- Up-to-date: /home/aniketh05/ros2_ws/install/my_gesture_arm/share/my_gesture_arm/model/install/COLCON_IGNORE
[21.700s] -- Up-to-date: /home/aniketh05/ros2_ws/install/my_gesture_arm/share/my_gesture_arm/model/install/setup.bash
[21.700s] -- Up-to-date: /home/aniketh05/ros2_ws/install/my_gesture_arm/lib/my_gesture_arm/teleop_controller.py
[21.701s] -- Up-to-date: /home/aniketh05/ros2_ws/install/my_gesture_arm/lib/my_gesture_arm/autonomous_robot.py
[21.701s] -- Up-to-date: /home/aniketh05/ros2_ws/install/my_gesture_arm/share/ament_index/resource_index/package_run_dependencies/my_gesture_arm
[21.701s] -- Up-to-date: /home/aniketh05/ros2_ws/install/my_gesture_arm/share/ament_index/resource_index/parent_prefix_path/my_gesture_arm
[21.701s] -- Up-to-date: /home/aniketh05/ros2_ws/install/my_gesture_arm/share/my_gesture_arm/environment/ament_prefix_path.sh
[21.701s] -- Installing: /home/aniketh05/ros2_ws/install/my_gesture_arm/share/my_gesture_arm/environment/ament_prefix_path.dsv
[21.701s] -- Up-to-date: /home/aniketh05/ros2_ws/install/my_gesture_arm/share/my_gesture_arm/environment/path.sh
[21.701s] -- Installing: /home/aniketh05/ros2_ws/install/my_gesture_arm/share/my_gesture_arm/environment/path.dsv
[21.702s] -- Up-to-date: /home/aniketh05/ros2_ws/install/my_gesture_arm/share/my_gesture_arm/local_setup.bash
[21.702s] -- Up-to-date: /home/aniketh05/ros2_ws/install/my_gesture_arm/share/my_gesture_arm/local_setup.sh
[21.702s] -- Up-to-date: /home/aniketh05/ros2_ws/install/my_gesture_arm/share/my_gesture_arm/local_setup.zsh
[21.702s] -- Installing: /home/aniketh05/ros2_ws/install/my_gesture_arm/share/my_gesture_arm/local_setup.dsv
[21.703s] -- Installing: /home/aniketh05/ros2_ws/install/my_gesture_arm/share/my_gesture_arm/package.dsv
[21.703s] -- Up-to-date: /home/aniketh05/ros2_ws/install/my_gesture_arm/share/ament_index/resource_index/packages/my_gesture_arm
[21.703s] -- Up-to-date: /home/aniketh05/ros2_ws/install/my_gesture_arm/share/my_gesture_arm/cmake/my_gesture_armConfig.cmake
[21.703s] -- Up-to-date: /home/aniketh05/ros2_ws/install/my_gesture_arm/share/my_gesture_arm/cmake/my_gesture_armConfig-version.cmake
[21.703s] -- Installing: /home/aniketh05/ros2_ws/install/my_gesture_arm/share/my_gesture_arm/package.xml
[21.706s] Invoked command in '/home/aniketh05/ros2_ws/build/my_gesture_arm' returned '0': CMAKE_PREFIX_PATH=${CMAKE_PREFIX_PATH}:/home/aniketh05/my_ros2_ws/install/turtle_control:/home/aniketh05/my_ros2_ws/install/my_services:/home/aniketh05/my_ros2_ws/install/my_pkg_prac:/home/aniketh05/my_ros2_ws/install/my_pkg_01:/opt/ros/humble /usr/bin/cmake --install /home/aniketh05/ros2_ws/build/my_gesture_arm
