[0.026s] Invoking command in '/home/aniketh05/ros2_ws/build/config': /usr/bin/cmake /home/aniketh05/ros2_ws/~/ros2_ws/src/my_gesture_arm/config -DCMAKE_INSTALL_PREFIX=/home/aniketh05/ros2_ws/install/config
[0.044s] -- Found ament_cmake: 1.3.11 (/opt/ros/humble/share/ament_cmake/cmake)
[0.270s] Error parsing '/home/aniketh05/ros2_ws/~/ros2_ws/src/my_gesture_arm/config/package.xml':
[0.324s] Traceback (most recent call last):
[0.325s]   File "/opt/ros/humble/share/ament_cmake_core/cmake/core/package_xml_2_cmake.py", line 150, in <module>
[0.325s]     main()
[0.325s]   File "/opt/ros/humble/share/ament_cmake_core/cmake/core/package_xml_2_cmake.py", line 53, in main
[0.325s]     raise e
[0.325s]   File "/opt/ros/humble/share/ament_cmake_core/cmake/core/package_xml_2_cmake.py", line 49, in main
[0.325s]     package = parse_package_string(
[0.326s]   File "/usr/lib/python3/dist-packages/catkin_pkg/package.py", line 788, in parse_package_string
[0.326s]     pkg.validate(warnings=warnings)
[0.326s]   File "/usr/lib/python3/dist-packages/catkin_pkg/package.py", line 330, in validate
[0.326s]     raise InvalidPackage('\n'.join(errors), self.filename)
[0.326s] catkin_pkg.package.InvalidPackage: Error(s) in package '/home/aniketh05/ros2_ws/~/ros2_ws/src/my_gesture_arm/config/package.xml':
[0.326s] Invalid email "" for person ""
[0.326s] Maintainers must have an email address
[0.326s] Invalid email "" for person ""
[0.343s] [31mCMake Error at /opt/ros/humble/share/ament_cmake_core/cmake/core/ament_package_xml.cmake:95 (message):
[0.343s]   execute_process(/usr/bin/python3
[0.343s]   /opt/ros/humble/share/ament_cmake_core/cmake/core/package_xml_2_cmake.py
[0.343s]   /home/aniketh05/ros2_ws/~/ros2_ws/src/my_gesture_arm/config/package.xml
[0.343s]   /home/aniketh05/ros2_ws/build/config/ament_cmake_core/package.cmake)
[0.343s]   returned error code 1
[0.343s] Call Stack (most recent call first):
[0.343s]   /opt/ros/humble/share/ament_cmake_core/cmake/core/ament_package_xml.cmake:49 (_ament_package_xml)
[0.343s]   /opt/ros/humble/share/ament_cmake_core/cmake/core/ament_package.cmake:63 (ament_package_xml)
[0.343s]   CMakeLists.txt:6 (ament_package)
[0.343s] 
[0.343s] [0m
[0.343s] -- Configuring incomplete, errors occurred!
[0.343s] See also "/home/aniketh05/ros2_ws/build/config/CMakeFiles/CMakeOutput.log".
[0.346s] Invoked command in '/home/aniketh05/ros2_ws/build/config' returned '1': /usr/bin/cmake /home/aniketh05/ros2_ws/~/ros2_ws/src/my_gesture_arm/config -DCMAKE_INSTALL_PREFIX=/home/aniketh05/ros2_ws/install/config
